[0.053s] Invoking command in '/home/ake/A.Ke/A.Ke_project/detector_opencv/src/detector_learn/build/detector_learn': CMAKE_PREFIX_PATH=/opt/ros/humble /usr/bin/cmake /home/ake/A.Ke/A.Ke_project/detector_opencv/src/detector_learn -DCMAKE_INSTALL_PREFIX=/home/ake/A.Ke/A.Ke_project/detector_opencv/src/detector_learn/install/detector_learn
[1.581s] -- The C compiler identification is GNU 11.4.0
[2.320s] -- The CXX compiler identification is GNU 11.4.0
[2.574s] -- Detecting C compiler ABI info
[2.984s] -- Detecting C compiler ABI info - done
[2.999s] -- Check for working C compiler: /usr/bin/cc - skipped
[3.001s] -- Detecting C compile features
[3.031s] -- Detecting C compile features - done
[3.103s] -- Detecting CXX compiler ABI info
[3.384s] -- Detecting CXX compiler ABI info - done
[3.400s] -- Check for working CXX compiler: /usr/bin/c++ - skipped
[3.400s] -- Detecting CXX compile features
[3.402s] -- Detecting CXX compile features - done
[3.646s] -- Found ament_cmake: 1.3.9 (/opt/ros/humble/share/ament_cmake/cmake)
[4.218s] -- Found Python3: /usr/bin/python3 (found version "3.10.12") found components: Interpreter 
[5.244s] -- Found OpenCV: /usr/local (found version "4.10.0") 
[5.313s] -- Found rclcpp: 16.0.9 (/opt/ros/humble/share/rclcpp/cmake)
[5.910s] -- Found rosidl_generator_c: 3.1.5 (/opt/ros/humble/share/rosidl_generator_c/cmake)
[5.948s] -- Found rosidl_adapter: 3.1.5 (/opt/ros/humble/share/rosidl_adapter/cmake)
[6.043s] -- Found rosidl_generator_cpp: 3.1.5 (/opt/ros/humble/share/rosidl_generator_cpp/cmake)
[6.212s] -- Using all available rosidl_typesupport_c: rosidl_typesupport_fastrtps_c;rosidl_typesupport_introspection_c
[6.387s] -- Using all available rosidl_typesupport_cpp: rosidl_typesupport_fastrtps_cpp;rosidl_typesupport_introspection_cpp
[7.020s] -- Found rmw_implementation_cmake: 6.1.2 (/opt/ros/humble/share/rmw_implementation_cmake/cmake)
[7.068s] -- Found rmw_fastrtps_cpp: 6.2.6 (/opt/ros/humble/share/rmw_fastrtps_cpp/cmake)
[7.877s] -- Found OpenSSL: /usr/lib/x86_64-linux-gnu/libcrypto.so (found version "3.0.2")  
[7.979s] -- Found FastRTPS: /opt/ros/humble/include  
[8.089s] -- Using RMW implementation 'rmw_fastrtps_cpp' as default
[8.287s] -- Looking for pthread.h
[8.684s] -- Looking for pthread.h - found
[8.684s] -- Performing Test CMAKE_HAVE_LIBC_PTHREAD
[8.883s] -- Performing Test CMAKE_HAVE_LIBC_PTHREAD - Success
[8.885s] -- Found Threads: TRUE  
[9.696s] -- Found ament_lint_auto: 0.12.11 (/opt/ros/humble/share/ament_lint_auto/cmake)
[10.101s] -- Added test 'cppcheck' to perform static code analysis on C / C++ code
[10.101s] -- Configured cppcheck include dirs: 
[10.101s] -- Configured cppcheck exclude dirs and/or files: 
[10.111s] -- Added test 'lint_cmake' to check CMake code style
[10.133s] -- Added test 'uncrustify' to check C / C++ code style
[10.134s] -- Configured uncrustify additional arguments: 
[10.135s] -- Added test 'xmllint' to check XML markup files
[10.190s] -- Configuring done
[10.314s] -- Generating done
[10.318s] -- Build files have been written to: /home/ake/A.Ke/A.Ke_project/detector_opencv/src/detector_learn/build/detector_learn
[10.335s] Invoked command in '/home/ake/A.Ke/A.Ke_project/detector_opencv/src/detector_learn/build/detector_learn' returned '0': CMAKE_PREFIX_PATH=/opt/ros/humble /usr/bin/cmake /home/ake/A.Ke/A.Ke_project/detector_opencv/src/detector_learn -DCMAKE_INSTALL_PREFIX=/home/ake/A.Ke/A.Ke_project/detector_opencv/src/detector_learn/install/detector_learn
[10.341s] Invoking command in '/home/ake/A.Ke/A.Ke_project/detector_opencv/src/detector_learn/build/detector_learn': CMAKE_PREFIX_PATH=/opt/ros/humble /usr/bin/cmake --build /home/ake/A.Ke/A.Ke_project/detector_opencv/src/detector_learn/build/detector_learn -- -j2 -l2
[10.447s] [ 50%] [32mBuilding CXX object CMakeFiles/detector_learn.dir/src/detector_learn.cpp.o[0m
[21.875s] [100%] [32m[1mLinking CXX executable detector_learn[0m
[23.830s] [100%] Built target detector_learn
[23.851s] Invoked command in '/home/ake/A.Ke/A.Ke_project/detector_opencv/src/detector_learn/build/detector_learn' returned '0': CMAKE_PREFIX_PATH=/opt/ros/humble /usr/bin/cmake --build /home/ake/A.Ke/A.Ke_project/detector_opencv/src/detector_learn/build/detector_learn -- -j2 -l2
[23.934s] Invoking command in '/home/ake/A.Ke/A.Ke_project/detector_opencv/src/detector_learn/build/detector_learn': CMAKE_PREFIX_PATH=/opt/ros/humble /usr/bin/cmake --install /home/ake/A.Ke/A.Ke_project/detector_opencv/src/detector_learn/build/detector_learn
[23.941s] -- Install configuration: ""
[23.943s] -- Installing: /home/ake/A.Ke/A.Ke_project/detector_opencv/src/detector_learn/install/detector_learn/share/ament_index/resource_index/package_run_dependencies/detector_learn
[23.944s] -- Installing: /home/ake/A.Ke/A.Ke_project/detector_opencv/src/detector_learn/install/detector_learn/share/ament_index/resource_index/parent_prefix_path/detector_learn
[23.944s] -- Installing: /home/ake/A.Ke/A.Ke_project/detector_opencv/src/detector_learn/install/detector_learn/share/detector_learn/environment/ament_prefix_path.sh
[23.944s] -- Installing: /home/ake/A.Ke/A.Ke_project/detector_opencv/src/detector_learn/install/detector_learn/share/detector_learn/environment/ament_prefix_path.dsv
[23.945s] -- Installing: /home/ake/A.Ke/A.Ke_project/detector_opencv/src/detector_learn/install/detector_learn/share/detector_learn/environment/path.sh
[23.945s] -- Installing: /home/ake/A.Ke/A.Ke_project/detector_opencv/src/detector_learn/install/detector_learn/share/detector_learn/environment/path.dsv
[23.946s] -- Installing: /home/ake/A.Ke/A.Ke_project/detector_opencv/src/detector_learn/install/detector_learn/share/detector_learn/local_setup.bash
[23.947s] -- Installing: /home/ake/A.Ke/A.Ke_project/detector_opencv/src/detector_learn/install/detector_learn/share/detector_learn/local_setup.sh
[23.947s] -- Installing: /home/ake/A.Ke/A.Ke_project/detector_opencv/src/detector_learn/install/detector_learn/share/detector_learn/local_setup.zsh
[23.947s] -- Installing: /home/ake/A.Ke/A.Ke_project/detector_opencv/src/detector_learn/install/detector_learn/share/detector_learn/local_setup.dsv
[23.948s] -- Installing: /home/ake/A.Ke/A.Ke_project/detector_opencv/src/detector_learn/install/detector_learn/share/detector_learn/package.dsv
[23.948s] -- Installing: /home/ake/A.Ke/A.Ke_project/detector_opencv/src/detector_learn/install/detector_learn/share/ament_index/resource_index/packages/detector_learn
[23.949s] -- Installing: /home/ake/A.Ke/A.Ke_project/detector_opencv/src/detector_learn/install/detector_learn/share/detector_learn/cmake/detector_learnConfig.cmake
[23.949s] -- Installing: /home/ake/A.Ke/A.Ke_project/detector_opencv/src/detector_learn/install/detector_learn/share/detector_learn/cmake/detector_learnConfig-version.cmake
[23.950s] -- Installing: /home/ake/A.Ke/A.Ke_project/detector_opencv/src/detector_learn/install/detector_learn/share/detector_learn/package.xml
[23.952s] Invoked command in '/home/ake/A.Ke/A.Ke_project/detector_opencv/src/detector_learn/build/detector_learn' returned '0': CMAKE_PREFIX_PATH=/opt/ros/humble /usr/bin/cmake --install /home/ake/A.Ke/A.Ke_project/detector_opencv/src/detector_learn/build/detector_learn
