[0.102s] Invoking command in '/home/ake/桌面/ros2_ws/build/learning_tf2_cpp': CMAKE_PREFIX_PATH=/opt/ros/humble /usr/bin/cmake --build /home/ake/桌面/ros2_ws/build/learning_tf2_cpp -- -j2 -l2
[2.212s] -- Found ament_cmake: 1.3.9 (/opt/ros/humble/share/ament_cmake/cmake)
[2.923s] -- Found geometry_msgs: 4.2.4 (/opt/ros/humble/share/geometry_msgs/cmake)
[3.106s] -- Found rosidl_generator_c: 3.1.5 (/opt/ros/humble/share/rosidl_generator_c/cmake)
[3.126s] -- Found rosidl_adapter: 3.1.5 (/opt/ros/humble/share/rosidl_adapter/cmake)
[3.175s] -- Found rosidl_generator_cpp: 3.1.5 (/opt/ros/humble/share/rosidl_generator_cpp/cmake)
[3.251s] -- Using all available rosidl_typesupport_c: rosidl_typesupport_fastrtps_c;rosidl_typesupport_introspection_c
[3.311s] -- Using all available rosidl_typesupport_cpp: rosidl_typesupport_fastrtps_cpp;rosidl_typesupport_introspection_cpp
[3.623s] -- Found rclcpp: 16.0.9 (/opt/ros/humble/share/rclcpp/cmake)
[3.817s] -- Found rmw_implementation_cmake: 6.1.2 (/opt/ros/humble/share/rmw_implementation_cmake/cmake)
[3.848s] -- Found rmw_fastrtps_cpp: 6.2.6 (/opt/ros/humble/share/rmw_fastrtps_cpp/cmake)
[4.193s] -- Using RMW implementation 'rmw_fastrtps_cpp' as default
[4.594s] -- Found tf2: 0.25.7 (/opt/ros/humble/share/tf2/cmake)
[4.646s] -- Found tf2_ros: 0.25.7 (/opt/ros/humble/share/tf2_ros/cmake)
[5.219s] -- Found turtlesim: 1.4.2 (/opt/ros/humble/share/turtlesim/cmake)
[5.303s] -- Found ament_lint_auto: 0.12.11 (/opt/ros/humble/share/ament_lint_auto/cmake)
[5.664s] -- Added test 'cppcheck' to perform static code analysis on C / C++ code
[5.665s] -- Configured cppcheck include dirs: 
[5.665s] -- Configured cppcheck exclude dirs and/or files: 
[5.693s] -- Added test 'flake8' to check Python code syntax and style conventions
[5.693s] -- Added test 'lint_cmake' to check CMake code style
[5.694s] -- Added test 'pep257' to check Python code against some of the docstring style conventions in PEP 257
[5.699s] -- Added test 'uncrustify' to check C / C++ code style
[5.699s] -- Configured uncrustify additional arguments: 
[5.700s] -- Added test 'xmllint' to check XML markup files
[5.767s] -- Configuring done
[6.016s] -- Generating done
[6.016s] -- Build files have been written to: /home/ake/桌面/ros2_ws/build/learning_tf2_cpp
[6.103s] [35m[1mConsolidate compiler generated dependencies of target static_turtle_tf2_broadcaster[0m
[6.124s] [ 25%] [32mBuilding CXX object CMakeFiles/turtle_tf2_broadcaster.dir/src/turtle_tf2_broadcaster.cpp.o[0m
[7.847s] [ 75%] Built target static_turtle_tf2_broadcaster
[32.791s] [100%] [32m[1mLinking CXX executable turtle_tf2_broadcaster[0m
[37.248s] [100%] Built target turtle_tf2_broadcaster
[37.282s] Invoked command in '/home/ake/桌面/ros2_ws/build/learning_tf2_cpp' returned '0': CMAKE_PREFIX_PATH=/opt/ros/humble /usr/bin/cmake --build /home/ake/桌面/ros2_ws/build/learning_tf2_cpp -- -j2 -l2
[37.430s] Invoking command in '/home/ake/桌面/ros2_ws/build/learning_tf2_cpp': CMAKE_PREFIX_PATH=/opt/ros/humble /usr/bin/cmake --install /home/ake/桌面/ros2_ws/build/learning_tf2_cpp
[37.444s] -- Install configuration: ""
[37.445s] -- Installing: /home/ake/桌面/ros2_ws/install/learning_tf2_cpp/lib/learning_tf2_cpp/turtle_tf2_broadcaster
[37.455s] -- Set runtime path of "/home/ake/桌面/ros2_ws/install/learning_tf2_cpp/lib/learning_tf2_cpp/turtle_tf2_broadcaster" to ""
[37.455s] -- Installing: /home/ake/桌面/ros2_ws/install/learning_tf2_cpp/share/learning_tf2_cpp/launch
[37.456s] -- Installing: /home/ake/桌面/ros2_ws/install/learning_tf2_cpp/share/learning_tf2_cpp/launch/turtle_tf2_demo_launch.py
[37.549s] -- Up-to-date: /home/ake/桌面/ros2_ws/install/learning_tf2_cpp/lib/learning_tf2_cpp/static_turtle_tf2_broadcaster
[37.550s] -- Installing: /home/ake/桌面/ros2_ws/install/learning_tf2_cpp/share/ament_index/resource_index/package_run_dependencies/learning_tf2_cpp
[37.550s] -- Up-to-date: /home/ake/桌面/ros2_ws/install/learning_tf2_cpp/share/ament_index/resource_index/parent_prefix_path/learning_tf2_cpp
[37.551s] -- Up-to-date: /home/ake/桌面/ros2_ws/install/learning_tf2_cpp/share/learning_tf2_cpp/environment/ament_prefix_path.sh
[37.551s] -- Installing: /home/ake/桌面/ros2_ws/install/learning_tf2_cpp/share/learning_tf2_cpp/environment/ament_prefix_path.dsv
[37.553s] -- Up-to-date: /home/ake/桌面/ros2_ws/install/learning_tf2_cpp/share/learning_tf2_cpp/environment/path.sh
[37.553s] -- Installing: /home/ake/桌面/ros2_ws/install/learning_tf2_cpp/share/learning_tf2_cpp/environment/path.dsv
[37.555s] -- Up-to-date: /home/ake/桌面/ros2_ws/install/learning_tf2_cpp/share/learning_tf2_cpp/local_setup.bash
[37.555s] -- Up-to-date: /home/ake/桌面/ros2_ws/install/learning_tf2_cpp/share/learning_tf2_cpp/local_setup.sh
[37.556s] -- Up-to-date: /home/ake/桌面/ros2_ws/install/learning_tf2_cpp/share/learning_tf2_cpp/local_setup.zsh
[37.556s] -- Installing: /home/ake/桌面/ros2_ws/install/learning_tf2_cpp/share/learning_tf2_cpp/local_setup.dsv
[37.558s] -- Installing: /home/ake/桌面/ros2_ws/install/learning_tf2_cpp/share/learning_tf2_cpp/package.dsv
[37.558s] -- Up-to-date: /home/ake/桌面/ros2_ws/install/learning_tf2_cpp/share/ament_index/resource_index/packages/learning_tf2_cpp
[37.559s] -- Up-to-date: /home/ake/桌面/ros2_ws/install/learning_tf2_cpp/share/learning_tf2_cpp/cmake/learning_tf2_cppConfig.cmake
[37.559s] -- Up-to-date: /home/ake/桌面/ros2_ws/install/learning_tf2_cpp/share/learning_tf2_cpp/cmake/learning_tf2_cppConfig-version.cmake
[37.559s] -- Installing: /home/ake/桌面/ros2_ws/install/learning_tf2_cpp/share/learning_tf2_cpp/package.xml
[37.565s] Invoked command in '/home/ake/桌面/ros2_ws/build/learning_tf2_cpp' returned '0': CMAKE_PREFIX_PATH=/opt/ros/humble /usr/bin/cmake --install /home/ake/桌面/ros2_ws/build/learning_tf2_cpp
