[0.021s] Invoking command in '/home/ake/A.Ke/A.Ke_project/armor_yolov8/src/yolov8_learn/build/yolov8_learn': CMAKE_PREFIX_PATH=${CMAKE_PREFIX_PATH}:/opt/ros/humble CONDA_PROMPT_MODIFIER=(base) /usr/bin/cmake --build /home/ake/A.Ke/A.Ke_project/armor_yolov8/src/yolov8_learn/build/yolov8_learn -- -j2 -l2
[0.125s] [35m[1mConsolidate compiler generated dependencies of target yolov8_learn[0m
[0.160s] [100%] Built target yolov8_learn
[0.184s] Invoked command in '/home/ake/A.Ke/A.Ke_project/armor_yolov8/src/yolov8_learn/build/yolov8_learn' returned '0': CMAKE_PREFIX_PATH=${CMAKE_PREFIX_PATH}:/opt/ros/humble CONDA_PROMPT_MODIFIER=(base) /usr/bin/cmake --build /home/ake/A.Ke/A.Ke_project/armor_yolov8/src/yolov8_learn/build/yolov8_learn -- -j2 -l2
[0.308s] Invoking command in '/home/ake/A.Ke/A.Ke_project/armor_yolov8/src/yolov8_learn/build/yolov8_learn': CMAKE_PREFIX_PATH=${CMAKE_PREFIX_PATH}:/opt/ros/humble CONDA_PROMPT_MODIFIER=(base) /usr/bin/cmake --install /home/ake/A.Ke/A.Ke_project/armor_yolov8/src/yolov8_learn/build/yolov8_learn
[0.326s] -- Install configuration: ""
[0.328s] -- Up-to-date: /home/ake/A.Ke/A.Ke_project/armor_yolov8/src/yolov8_learn/install/yolov8_learn/lib/yolov8_learn/yolov8_learn
[0.328s] -- Up-to-date: /home/ake/A.Ke/A.Ke_project/armor_yolov8/src/yolov8_learn/install/yolov8_learn/share/ament_index/resource_index/package_run_dependencies/yolov8_learn
[0.328s] -- Up-to-date: /home/ake/A.Ke/A.Ke_project/armor_yolov8/src/yolov8_learn/install/yolov8_learn/share/ament_index/resource_index/parent_prefix_path/yolov8_learn
[0.328s] -- Up-to-date: /home/ake/A.Ke/A.Ke_project/armor_yolov8/src/yolov8_learn/install/yolov8_learn/share/yolov8_learn/environment/ament_prefix_path.sh
[0.328s] -- Up-to-date: /home/ake/A.Ke/A.Ke_project/armor_yolov8/src/yolov8_learn/install/yolov8_learn/share/yolov8_learn/environment/ament_prefix_path.dsv
[0.328s] -- Up-to-date: /home/ake/A.Ke/A.Ke_project/armor_yolov8/src/yolov8_learn/install/yolov8_learn/share/yolov8_learn/environment/path.sh
[0.329s] -- Up-to-date: /home/ake/A.Ke/A.Ke_project/armor_yolov8/src/yolov8_learn/install/yolov8_learn/share/yolov8_learn/environment/path.dsv
[0.329s] -- Up-to-date: /home/ake/A.Ke/A.Ke_project/armor_yolov8/src/yolov8_learn/install/yolov8_learn/share/yolov8_learn/local_setup.bash
[0.329s] -- Up-to-date: /home/ake/A.Ke/A.Ke_project/armor_yolov8/src/yolov8_learn/install/yolov8_learn/share/yolov8_learn/local_setup.sh
[0.330s] -- Up-to-date: /home/ake/A.Ke/A.Ke_project/armor_yolov8/src/yolov8_learn/install/yolov8_learn/share/yolov8_learn/local_setup.zsh
[0.330s] -- Up-to-date: /home/ake/A.Ke/A.Ke_project/armor_yolov8/src/yolov8_learn/install/yolov8_learn/share/yolov8_learn/local_setup.dsv
[0.330s] -- Installing: /home/ake/A.Ke/A.Ke_project/armor_yolov8/src/yolov8_learn/install/yolov8_learn/share/yolov8_learn/package.dsv
[0.330s] -- Up-to-date: /home/ake/A.Ke/A.Ke_project/armor_yolov8/src/yolov8_learn/install/yolov8_learn/share/ament_index/resource_index/packages/yolov8_learn
[0.330s] -- Up-to-date: /home/ake/A.Ke/A.Ke_project/armor_yolov8/src/yolov8_learn/install/yolov8_learn/share/yolov8_learn/cmake/yolov8_learnConfig.cmake
[0.330s] -- Up-to-date: /home/ake/A.Ke/A.Ke_project/armor_yolov8/src/yolov8_learn/install/yolov8_learn/share/yolov8_learn/cmake/yolov8_learnConfig-version.cmake
[0.330s] -- Up-to-date: /home/ake/A.Ke/A.Ke_project/armor_yolov8/src/yolov8_learn/install/yolov8_learn/share/yolov8_learn/package.xml
[0.333s] Invoked command in '/home/ake/A.Ke/A.Ke_project/armor_yolov8/src/yolov8_learn/build/yolov8_learn' returned '0': CMAKE_PREFIX_PATH=${CMAKE_PREFIX_PATH}:/opt/ros/humble CONDA_PROMPT_MODIFIER=(base) /usr/bin/cmake --install /home/ake/A.Ke/A.Ke_project/armor_yolov8/src/yolov8_learn/build/yolov8_learn
