[0.099s] Invoking command in '/home/ake/A.Ke/A.Ke_project/camera_calibration/src/camera_learn/build/camera_learn': CMAKE_PREFIX_PATH=/opt/ros/humble /usr/bin/cmake --build /home/ake/A.Ke/A.Ke_project/camera_calibration/src/camera_learn/build/camera_learn -- -j2 -l2
[0.983s] [35m[1mConsolidate compiler generated dependencies of target camera_learn[0m
[1.179s] [ 50%] [32mBuilding CXX object CMakeFiles/camera_learn.dir/src/camera_learn.cpp.o[0m
[13.183s] [100%] [32m[1mLinking CXX executable camera_learn[0m
[15.279s] [100%] Built target camera_learn
[15.301s] Invoked command in '/home/ake/A.Ke/A.Ke_project/camera_calibration/src/camera_learn/build/camera_learn' returned '0': CMAKE_PREFIX_PATH=/opt/ros/humble /usr/bin/cmake --build /home/ake/A.Ke/A.Ke_project/camera_calibration/src/camera_learn/build/camera_learn -- -j2 -l2
[15.387s] Invoking command in '/home/ake/A.Ke/A.Ke_project/camera_calibration/src/camera_learn/build/camera_learn': CMAKE_PREFIX_PATH=/opt/ros/humble /usr/bin/cmake --install /home/ake/A.Ke/A.Ke_project/camera_calibration/src/camera_learn/build/camera_learn
[15.435s] -- Install configuration: ""
[15.485s] -- Installing: /home/ake/A.Ke/A.Ke_project/camera_calibration/src/camera_learn/install/camera_learn/lib/camera_learn/camera_learn
[15.485s] -- Set runtime path of "/home/ake/A.Ke/A.Ke_project/camera_calibration/src/camera_learn/install/camera_learn/lib/camera_learn/camera_learn" to ""
[15.485s] -- Up-to-date: /home/ake/A.Ke/A.Ke_project/camera_calibration/src/camera_learn/install/camera_learn/share/ament_index/resource_index/package_run_dependencies/camera_learn
[15.485s] -- Up-to-date: /home/ake/A.Ke/A.Ke_project/camera_calibration/src/camera_learn/install/camera_learn/share/ament_index/resource_index/parent_prefix_path/camera_learn
[15.485s] -- Up-to-date: /home/ake/A.Ke/A.Ke_project/camera_calibration/src/camera_learn/install/camera_learn/share/camera_learn/environment/ament_prefix_path.sh
[15.485s] -- Up-to-date: /home/ake/A.Ke/A.Ke_project/camera_calibration/src/camera_learn/install/camera_learn/share/camera_learn/environment/ament_prefix_path.dsv
[15.485s] -- Up-to-date: /home/ake/A.Ke/A.Ke_project/camera_calibration/src/camera_learn/install/camera_learn/share/camera_learn/environment/path.sh
[15.485s] -- Up-to-date: /home/ake/A.Ke/A.Ke_project/camera_calibration/src/camera_learn/install/camera_learn/share/camera_learn/environment/path.dsv
[15.485s] -- Up-to-date: /home/ake/A.Ke/A.Ke_project/camera_calibration/src/camera_learn/install/camera_learn/share/camera_learn/local_setup.bash
[15.485s] -- Up-to-date: /home/ake/A.Ke/A.Ke_project/camera_calibration/src/camera_learn/install/camera_learn/share/camera_learn/local_setup.sh
[15.485s] -- Up-to-date: /home/ake/A.Ke/A.Ke_project/camera_calibration/src/camera_learn/install/camera_learn/share/camera_learn/local_setup.zsh
[15.485s] -- Up-to-date: /home/ake/A.Ke/A.Ke_project/camera_calibration/src/camera_learn/install/camera_learn/share/camera_learn/local_setup.dsv
[15.485s] -- Installing: /home/ake/A.Ke/A.Ke_project/camera_calibration/src/camera_learn/install/camera_learn/share/camera_learn/package.dsv
[15.502s] -- Up-to-date: /home/ake/A.Ke/A.Ke_project/camera_calibration/src/camera_learn/install/camera_learn/share/ament_index/resource_index/packages/camera_learn
[15.503s] -- Up-to-date: /home/ake/A.Ke/A.Ke_project/camera_calibration/src/camera_learn/install/camera_learn/share/camera_learn/cmake/camera_learnConfig.cmake
[15.503s] -- Up-to-date: /home/ake/A.Ke/A.Ke_project/camera_calibration/src/camera_learn/install/camera_learn/share/camera_learn/cmake/camera_learnConfig-version.cmake
[15.503s] -- Up-to-date: /home/ake/A.Ke/A.Ke_project/camera_calibration/src/camera_learn/install/camera_learn/share/camera_learn/package.xml
[15.506s] Invoked command in '/home/ake/A.Ke/A.Ke_project/camera_calibration/src/camera_learn/build/camera_learn' returned '0': CMAKE_PREFIX_PATH=/opt/ros/humble /usr/bin/cmake --install /home/ake/A.Ke/A.Ke_project/camera_calibration/src/camera_learn/build/camera_learn
