-- The C compiler identification is GNU 11.4.0
-- The CXX compiler identification is GNU 11.4.0
-- Detecting C compiler ABI info
-- Detecting C compiler ABI info - done
-- Check for working C compiler: /usr/bin/cc - skipped
-- Detecting C compile features
-- Detecting C compile features - done
-- Detecting CXX compiler ABI info
-- Detecting CXX compiler ABI info - done
-- Check for working CXX compiler: /usr/bin/c++ - skipped
-- Detecting CXX compile features
-- Detecting CXX compile features - done
-- Found ament_cmake: 1.3.9 (/opt/ros/humble/share/ament_cmake/cmake)
-- Found Python3: /usr/bin/python3 (found version "3.10.12") found components: Interpreter 
-- Found rclcpp: 16.0.9 (/opt/ros/humble/share/rclcpp/cmake)
-- Found rosidl_generator_c: 3.1.5 (/opt/ros/humble/share/rosidl_generator_c/cmake)
-- Found rosidl_adapter: 3.1.5 (/opt/ros/humble/share/rosidl_adapter/cmake)
-- Found rosidl_generator_cpp: 3.1.5 (/opt/ros/humble/share/rosidl_generator_cpp/cmake)
-- Using all available rosidl_typesupport_c: rosidl_typesupport_fastrtps_c;rosidl_typesupport_introspection_c
-- Using all available rosidl_typesupport_cpp: rosidl_typesupport_fastrtps_cpp;rosidl_typesupport_introspection_cpp
-- Found rmw_implementation_cmake: 6.1.2 (/opt/ros/humble/share/rmw_implementation_cmake/cmake)
-- Found rmw_fastrtps_cpp: 6.2.6 (/opt/ros/humble/share/rmw_fastrtps_cpp/cmake)
-- Found OpenSSL: /usr/lib/x86_64-linux-gnu/libcrypto.so (found version "3.0.2")  
-- Found FastRTPS: /opt/ros/humble/include  
-- Using RMW implementation 'rmw_fastrtps_cpp' as default
-- Looking for pthread.h
-- Looking for pthread.h - found
-- Performing Test CMAKE_HAVE_LIBC_PTHREAD
-- Performing Test CMAKE_HAVE_LIBC_PTHREAD - Success
-- Found Threads: TRUE  
-- Found OpenCV: /usr/local (found version "4.10.0") 
-- Found ament_lint_auto: 0.12.11 (/opt/ros/humble/share/ament_lint_auto/cmake)
-- Added test 'cppcheck' to perform static code analysis on C / C++ code
-- Configured cppcheck include dirs: 
-- Configured cppcheck exclude dirs and/or files: 
-- Added test 'lint_cmake' to check CMake code style
-- Added test 'uncrustify' to check C / C++ code style
-- Configured uncrustify additional arguments: 
-- Added test 'xmllint' to check XML markup files
-- Configuring done
-- Generating done
-- Build files have been written to: /home/ake/A.Ke/A.Ke_project/image_change/src/image_learn/build/image_learn
[ 50%] [32mBuilding CXX object CMakeFiles/image_change.dir/src/image_change.cpp.o[0m
[100%] [32m[1mLinking CXX executable image_change[0m
[100%] Built target image_change
-- Install configuration: ""
-- Installing: /home/ake/A.Ke/A.Ke_project/image_change/src/image_learn/install/image_learn/lib/image_learn/image_change
-- Set runtime path of "/home/ake/A.Ke/A.Ke_project/image_change/src/image_learn/install/image_learn/lib/image_learn/image_change" to ""
-- Installing: /home/ake/A.Ke/A.Ke_project/image_change/src/image_learn/install/image_learn/share/ament_index/resource_index/package_run_dependencies/image_learn
-- Installing: /home/ake/A.Ke/A.Ke_project/image_change/src/image_learn/install/image_learn/share/ament_index/resource_index/parent_prefix_path/image_learn
-- Installing: /home/ake/A.Ke/A.Ke_project/image_change/src/image_learn/install/image_learn/share/image_learn/environment/ament_prefix_path.sh
-- Installing: /home/ake/A.Ke/A.Ke_project/image_change/src/image_learn/install/image_learn/share/image_learn/environment/ament_prefix_path.dsv
-- Installing: /home/ake/A.Ke/A.Ke_project/image_change/src/image_learn/install/image_learn/share/image_learn/environment/path.sh
-- Installing: /home/ake/A.Ke/A.Ke_project/image_change/src/image_learn/install/image_learn/share/image_learn/environment/path.dsv
-- Installing: /home/ake/A.Ke/A.Ke_project/image_change/src/image_learn/install/image_learn/share/image_learn/local_setup.bash
-- Installing: /home/ake/A.Ke/A.Ke_project/image_change/src/image_learn/install/image_learn/share/image_learn/local_setup.sh
-- Installing: /home/ake/A.Ke/A.Ke_project/image_change/src/image_learn/install/image_learn/share/image_learn/local_setup.zsh
-- Installing: /home/ake/A.Ke/A.Ke_project/image_change/src/image_learn/install/image_learn/share/image_learn/local_setup.dsv
-- Installing: /home/ake/A.Ke/A.Ke_project/image_change/src/image_learn/install/image_learn/share/image_learn/package.dsv
-- Installing: /home/ake/A.Ke/A.Ke_project/image_change/src/image_learn/install/image_learn/share/ament_index/resource_index/packages/image_learn
-- Installing: /home/ake/A.Ke/A.Ke_project/image_change/src/image_learn/install/image_learn/share/image_learn/cmake/image_learnConfig.cmake
-- Installing: /home/ake/A.Ke/A.Ke_project/image_change/src/image_learn/install/image_learn/share/image_learn/cmake/image_learnConfig-version.cmake
-- Installing: /home/ake/A.Ke/A.Ke_project/image_change/src/image_learn/install/image_learn/share/image_learn/package.xml
