[1.106s] DEBUG:colcon:Command line arguments: ['/usr/bin/colcon', 'build', '--packages-select', 'learning_tf2_cpp']
[1.106s] DEBUG:colcon:Parsed command line arguments: Namespace(log_base=None, log_level=None, verb_name='build', build_base='build', install_base='install', merge_install=False, symlink_install=False, test_result_base=None, continue_on_error=False, executor='parallel', parallel_workers=2, event_handlers=None, ignore_user_meta=False, metas=['./colcon.meta'], base_paths=['.'], packages_ignore=None, packages_ignore_regex=None, paths=None, packages_up_to=None, packages_up_to_regex=None, packages_above=None, packages_above_and_dependencies=None, packages_above_depth=None, packages_select_by_dep=None, packages_skip_by_dep=None, packages_skip_up_to=None, packages_select_build_failed=False, packages_skip_build_finished=False, packages_select_test_failures=False, packages_skip_test_passed=False, packages_select=['learning_tf2_cpp'], packages_skip=None, packages_select_regex=None, packages_skip_regex=None, packages_start=None, packages_end=None, allow_overriding=[], cmake_args=None, cmake_target=None, cmake_target_skip_unavailable=False, cmake_clean_cache=False, cmake_clean_first=False, cmake_force_configure=False, ament_cmake_args=None, catkin_cmake_args=None, catkin_skip_building_tests=False, verb_parser=<colcon_defaults.argument_parser.defaults.DefaultArgumentsDecorator object at 0x7f5c085ebf70>, verb_extension=<colcon_core.verb.build.BuildVerb object at 0x7f5c085eba60>, main=<bound method BuildVerb.main of <colcon_core.verb.build.BuildVerb object at 0x7f5c085eba60>>)
[3.281s] Level 1:colcon.colcon_core.package_discovery:discover_packages(colcon_meta) check parameters
[3.281s] Level 1:colcon.colcon_core.package_discovery:discover_packages(recursive) check parameters
[3.282s] Level 1:colcon.colcon_core.package_discovery:discover_packages(ignore) check parameters
[3.282s] Level 1:colcon.colcon_core.package_discovery:discover_packages(path) check parameters
[3.282s] Level 1:colcon.colcon_core.package_discovery:discover_packages(colcon_meta) discover
[3.282s] Level 1:colcon.colcon_core.package_discovery:discover_packages(recursive) discover
[3.282s] INFO:colcon.colcon_core.package_discovery:Crawling recursively for packages in '/home/ake/桌面/ros2_ws'
[3.282s] Level 1:colcon.colcon_core.package_identification:_identify(.) by extensions ['ignore', 'ignore_ament_install']
[3.282s] Level 1:colcon.colcon_core.package_identification:_identify(.) by extension 'ignore'
[3.282s] Level 1:colcon.colcon_core.package_identification:_identify(.) by extension 'ignore_ament_install'
[3.282s] Level 1:colcon.colcon_core.package_identification:_identify(.) by extensions ['colcon_pkg']
[3.283s] Level 1:colcon.colcon_core.package_identification:_identify(.) by extension 'colcon_pkg'
[3.283s] Level 1:colcon.colcon_core.package_identification:_identify(.) by extensions ['colcon_meta']
[3.283s] Level 1:colcon.colcon_core.package_identification:_identify(.) by extension 'colcon_meta'
[3.283s] Level 1:colcon.colcon_core.package_identification:_identify(.) by extensions ['ros']
[3.283s] Level 1:colcon.colcon_core.package_identification:_identify(.) by extension 'ros'
[3.292s] Level 1:colcon.colcon_core.package_identification:_identify(.) by extensions ['cmake', 'python']
[3.292s] Level 1:colcon.colcon_core.package_identification:_identify(.) by extension 'cmake'
[3.292s] Level 1:colcon.colcon_core.package_identification:_identify(.) by extension 'python'
[3.292s] Level 1:colcon.colcon_core.package_identification:_identify(.) by extensions ['python_setup_py']
[3.292s] Level 1:colcon.colcon_core.package_identification:_identify(.) by extension 'python_setup_py'
[3.292s] Level 1:colcon.colcon_core.package_identification:_identify(build) by extensions ['ignore', 'ignore_ament_install']
[3.292s] Level 1:colcon.colcon_core.package_identification:_identify(build) by extension 'ignore'
[3.292s] Level 1:colcon.colcon_core.package_identification:_identify(build) ignored
[3.293s] Level 1:colcon.colcon_core.package_identification:_identify(install) by extensions ['ignore', 'ignore_ament_install']
[3.293s] Level 1:colcon.colcon_core.package_identification:_identify(install) by extension 'ignore'
[3.293s] Level 1:colcon.colcon_core.package_identification:_identify(install) ignored
[3.293s] Level 1:colcon.colcon_core.package_identification:_identify(log) by extensions ['ignore', 'ignore_ament_install']
[3.293s] Level 1:colcon.colcon_core.package_identification:_identify(log) by extension 'ignore'
[3.293s] Level 1:colcon.colcon_core.package_identification:_identify(log) ignored
[3.293s] Level 1:colcon.colcon_core.package_identification:_identify(src) by extensions ['ignore', 'ignore_ament_install']
[3.294s] Level 1:colcon.colcon_core.package_identification:_identify(src) by extension 'ignore'
[3.294s] Level 1:colcon.colcon_core.package_identification:_identify(src) by extension 'ignore_ament_install'
[3.294s] Level 1:colcon.colcon_core.package_identification:_identify(src) by extensions ['colcon_pkg']
[3.294s] Level 1:colcon.colcon_core.package_identification:_identify(src) by extension 'colcon_pkg'
[3.294s] Level 1:colcon.colcon_core.package_identification:_identify(src) by extensions ['colcon_meta']
[3.294s] Level 1:colcon.colcon_core.package_identification:_identify(src) by extension 'colcon_meta'
[3.294s] Level 1:colcon.colcon_core.package_identification:_identify(src) by extensions ['ros']
[3.294s] Level 1:colcon.colcon_core.package_identification:_identify(src) by extension 'ros'
[3.295s] Level 1:colcon.colcon_core.package_identification:_identify(src) by extensions ['cmake', 'python']
[3.295s] Level 1:colcon.colcon_core.package_identification:_identify(src) by extension 'cmake'
[3.295s] Level 1:colcon.colcon_core.package_identification:_identify(src) by extension 'python'
[3.295s] Level 1:colcon.colcon_core.package_identification:_identify(src) by extensions ['python_setup_py']
[3.295s] Level 1:colcon.colcon_core.package_identification:_identify(src) by extension 'python_setup_py'
[3.295s] Level 1:colcon.colcon_core.package_identification:_identify(src/learning_tf2_cpp) by extensions ['ignore', 'ignore_ament_install']
[3.295s] Level 1:colcon.colcon_core.package_identification:_identify(src/learning_tf2_cpp) by extension 'ignore'
[3.295s] Level 1:colcon.colcon_core.package_identification:_identify(src/learning_tf2_cpp) by extension 'ignore_ament_install'
[3.295s] Level 1:colcon.colcon_core.package_identification:_identify(src/learning_tf2_cpp) by extensions ['colcon_pkg']
[3.295s] Level 1:colcon.colcon_core.package_identification:_identify(src/learning_tf2_cpp) by extension 'colcon_pkg'
[3.296s] Level 1:colcon.colcon_core.package_identification:_identify(src/learning_tf2_cpp) by extensions ['colcon_meta']
[3.296s] Level 1:colcon.colcon_core.package_identification:_identify(src/learning_tf2_cpp) by extension 'colcon_meta'
[3.296s] Level 1:colcon.colcon_core.package_identification:_identify(src/learning_tf2_cpp) by extensions ['ros']
[3.296s] Level 1:colcon.colcon_core.package_identification:_identify(src/learning_tf2_cpp) by extension 'ros'
[3.298s] DEBUG:colcon.colcon_core.package_identification:Package 'src/learning_tf2_cpp' with type 'ros.ament_cmake' and name 'learning_tf2_cpp'
[3.298s] Level 1:colcon.colcon_core.package_discovery:discover_packages(recursive) using defaults
[3.298s] Level 1:colcon.colcon_core.package_discovery:discover_packages(ignore) discover
[3.298s] Level 1:colcon.colcon_core.package_discovery:discover_packages(ignore) using defaults
[3.298s] Level 1:colcon.colcon_core.package_discovery:discover_packages(path) discover
[3.298s] Level 1:colcon.colcon_core.package_discovery:discover_packages(path) using defaults
[4.173s] Level 1:colcon.colcon_core.package_discovery:discover_packages(prefix_path) check parameters
[4.173s] Level 1:colcon.colcon_core.package_discovery:discover_packages(prefix_path) discover
[4.273s] DEBUG:colcon.colcon_installed_package_information.package_discovery:Found 328 installed packages in /opt/ros/humble
[4.275s] Level 1:colcon.colcon_core.package_discovery:discover_packages(prefix_path) using defaults
[4.455s] Level 5:colcon.colcon_core.verb:set package 'learning_tf2_cpp' build argument 'cmake_args' from command line to 'None'
[4.455s] Level 5:colcon.colcon_core.verb:set package 'learning_tf2_cpp' build argument 'cmake_target' from command line to 'None'
[4.455s] Level 5:colcon.colcon_core.verb:set package 'learning_tf2_cpp' build argument 'cmake_target_skip_unavailable' from command line to 'False'
[4.455s] Level 5:colcon.colcon_core.verb:set package 'learning_tf2_cpp' build argument 'cmake_clean_cache' from command line to 'False'
[4.455s] Level 5:colcon.colcon_core.verb:set package 'learning_tf2_cpp' build argument 'cmake_clean_first' from command line to 'False'
[4.455s] Level 5:colcon.colcon_core.verb:set package 'learning_tf2_cpp' build argument 'cmake_force_configure' from command line to 'False'
[4.455s] Level 5:colcon.colcon_core.verb:set package 'learning_tf2_cpp' build argument 'ament_cmake_args' from command line to 'None'
[4.455s] Level 5:colcon.colcon_core.verb:set package 'learning_tf2_cpp' build argument 'catkin_cmake_args' from command line to 'None'
[4.455s] Level 5:colcon.colcon_core.verb:set package 'learning_tf2_cpp' build argument 'catkin_skip_building_tests' from command line to 'False'
[4.455s] DEBUG:colcon.colcon_core.verb:Building package 'learning_tf2_cpp' with the following arguments: {'ament_cmake_args': None, 'build_base': '/home/ake/桌面/ros2_ws/build/learning_tf2_cpp', 'catkin_cmake_args': None, 'catkin_skip_building_tests': False, 'cmake_args': None, 'cmake_clean_cache': False, 'cmake_clean_first': False, 'cmake_force_configure': False, 'cmake_target': None, 'cmake_target_skip_unavailable': False, 'install_base': '/home/ake/桌面/ros2_ws/install/learning_tf2_cpp', 'merge_install': False, 'path': '/home/ake/桌面/ros2_ws/src/learning_tf2_cpp', 'symlink_install': False, 'test_result_base': None}
[4.455s] INFO:colcon.colcon_core.executor:Executing jobs using 'parallel' executor
[4.456s] DEBUG:colcon.colcon_parallel_executor.executor.parallel:run_until_complete
[4.457s] INFO:colcon.colcon_ros.task.ament_cmake.build:Building ROS package in '/home/ake/桌面/ros2_ws/src/learning_tf2_cpp' with build type 'ament_cmake'
[4.457s] INFO:colcon.colcon_cmake.task.cmake.build:Building CMake package in '/home/ake/桌面/ros2_ws/src/learning_tf2_cpp'
[4.734s] INFO:colcon.colcon_core.plugin_system:Skipping extension 'colcon_core.shell.bat': Not used on non-Windows systems
[4.734s] INFO:colcon.colcon_core.shell:Skip shell extension 'powershell' for command environment: Not usable outside of PowerShell
[4.734s] DEBUG:colcon.colcon_core.shell:Skip shell extension 'dsv' for command environment
[4.769s] DEBUG:colcon.colcon_core.event_handler.log_command:Invoking command in '/home/ake/桌面/ros2_ws/build/learning_tf2_cpp': CMAKE_PREFIX_PATH=/opt/ros/humble /usr/bin/cmake /home/ake/桌面/ros2_ws/src/learning_tf2_cpp -DCMAKE_INSTALL_PREFIX=/home/ake/桌面/ros2_ws/install/learning_tf2_cpp
[21.917s] DEBUG:colcon.colcon_core.event_handler.log_command:Invoked command in '/home/ake/桌面/ros2_ws/build/learning_tf2_cpp' returned '0': CMAKE_PREFIX_PATH=/opt/ros/humble /usr/bin/cmake /home/ake/桌面/ros2_ws/src/learning_tf2_cpp -DCMAKE_INSTALL_PREFIX=/home/ake/桌面/ros2_ws/install/learning_tf2_cpp
[21.918s] DEBUG:colcon.colcon_core.event_handler.log_command:Invoking command in '/home/ake/桌面/ros2_ws/build/learning_tf2_cpp': CMAKE_PREFIX_PATH=/opt/ros/humble /usr/bin/cmake --build /home/ake/桌面/ros2_ws/build/learning_tf2_cpp -- -j2 -l2
[22.004s] DEBUG:colcon.colcon_core.event_handler.log_command:Invoked command in '/home/ake/桌面/ros2_ws/build/learning_tf2_cpp' returned '0': CMAKE_PREFIX_PATH=/opt/ros/humble /usr/bin/cmake --build /home/ake/桌面/ros2_ws/build/learning_tf2_cpp -- -j2 -l2
[22.093s] DEBUG:colcon.colcon_core.event_handler.log_command:Invoking command in '/home/ake/桌面/ros2_ws/build/learning_tf2_cpp': CMAKE_PREFIX_PATH=/opt/ros/humble /usr/bin/cmake --install /home/ake/桌面/ros2_ws/build/learning_tf2_cpp
[22.155s] Level 1:colcon.colcon_core.environment:create_environment_scripts_only(learning_tf2_cpp)
[22.156s] DEBUG:colcon.colcon_core.event_handler.log_command:Invoked command in '/home/ake/桌面/ros2_ws/build/learning_tf2_cpp' returned '0': CMAKE_PREFIX_PATH=/opt/ros/humble /usr/bin/cmake --install /home/ake/桌面/ros2_ws/build/learning_tf2_cpp
[22.968s] Level 1:colcon.colcon_core.environment:checking '/home/ake/桌面/ros2_ws/install/learning_tf2_cpp' for CMake module files
[22.969s] Level 1:colcon.colcon_core.environment:checking '/home/ake/桌面/ros2_ws/install/learning_tf2_cpp' for CMake config files
[22.969s] Level 1:colcon.colcon_core.shell:create_environment_hook('learning_tf2_cpp', 'cmake_prefix_path')
[22.970s] INFO:colcon.colcon_core.shell:Creating environment hook '/home/ake/桌面/ros2_ws/install/learning_tf2_cpp/share/learning_tf2_cpp/hook/cmake_prefix_path.ps1'
[23.002s] INFO:colcon.colcon_core.shell:Creating environment descriptor '/home/ake/桌面/ros2_ws/install/learning_tf2_cpp/share/learning_tf2_cpp/hook/cmake_prefix_path.dsv'
[23.033s] INFO:colcon.colcon_core.shell:Creating environment hook '/home/ake/桌面/ros2_ws/install/learning_tf2_cpp/share/learning_tf2_cpp/hook/cmake_prefix_path.sh'
[23.039s] Level 1:colcon.colcon_core.environment:checking '/home/ake/桌面/ros2_ws/install/learning_tf2_cpp/bin'
[23.039s] Level 1:colcon.colcon_core.environment:checking '/home/ake/桌面/ros2_ws/install/learning_tf2_cpp/lib/pkgconfig/learning_tf2_cpp.pc'
[23.039s] Level 1:colcon.colcon_core.environment:checking '/home/ake/桌面/ros2_ws/install/learning_tf2_cpp/lib/python3.10/site-packages'
[23.039s] Level 1:colcon.colcon_core.environment:checking '/home/ake/桌面/ros2_ws/install/learning_tf2_cpp/bin'
[23.040s] INFO:colcon.colcon_core.shell:Creating package script '/home/ake/桌面/ros2_ws/install/learning_tf2_cpp/share/learning_tf2_cpp/package.ps1'
[23.042s] INFO:colcon.colcon_core.shell:Creating package descriptor '/home/ake/桌面/ros2_ws/install/learning_tf2_cpp/share/learning_tf2_cpp/package.dsv'
[23.062s] INFO:colcon.colcon_core.shell:Creating package script '/home/ake/桌面/ros2_ws/install/learning_tf2_cpp/share/learning_tf2_cpp/package.sh'
[23.075s] INFO:colcon.colcon_core.shell:Creating package script '/home/ake/桌面/ros2_ws/install/learning_tf2_cpp/share/learning_tf2_cpp/package.bash'
[23.186s] INFO:colcon.colcon_core.shell:Creating package script '/home/ake/桌面/ros2_ws/install/learning_tf2_cpp/share/learning_tf2_cpp/package.zsh'
[23.259s] Level 1:colcon.colcon_core.environment:create_file_with_runtime_dependencies(/home/ake/桌面/ros2_ws/install/learning_tf2_cpp/share/colcon-core/packages/learning_tf2_cpp)
[23.332s] Level 1:colcon.colcon_core.environment:create_environment_scripts_only(learning_tf2_cpp)
[23.333s] Level 1:colcon.colcon_core.environment:checking '/home/ake/桌面/ros2_ws/install/learning_tf2_cpp' for CMake module files
[23.334s] Level 1:colcon.colcon_core.environment:checking '/home/ake/桌面/ros2_ws/install/learning_tf2_cpp' for CMake config files
[23.334s] Level 1:colcon.colcon_core.shell:create_environment_hook('learning_tf2_cpp', 'cmake_prefix_path')
[23.335s] INFO:colcon.colcon_core.shell:Creating environment hook '/home/ake/桌面/ros2_ws/install/learning_tf2_cpp/share/learning_tf2_cpp/hook/cmake_prefix_path.ps1'
[23.338s] INFO:colcon.colcon_core.shell:Creating environment descriptor '/home/ake/桌面/ros2_ws/install/learning_tf2_cpp/share/learning_tf2_cpp/hook/cmake_prefix_path.dsv'
[23.339s] INFO:colcon.colcon_core.shell:Creating environment hook '/home/ake/桌面/ros2_ws/install/learning_tf2_cpp/share/learning_tf2_cpp/hook/cmake_prefix_path.sh'
[23.340s] Level 1:colcon.colcon_core.environment:checking '/home/ake/桌面/ros2_ws/install/learning_tf2_cpp/bin'
[23.341s] Level 1:colcon.colcon_core.environment:checking '/home/ake/桌面/ros2_ws/install/learning_tf2_cpp/lib/pkgconfig/learning_tf2_cpp.pc'
[23.341s] Level 1:colcon.colcon_core.environment:checking '/home/ake/桌面/ros2_ws/install/learning_tf2_cpp/lib/python3.10/site-packages'
[23.342s] Level 1:colcon.colcon_core.environment:checking '/home/ake/桌面/ros2_ws/install/learning_tf2_cpp/bin'
[23.342s] INFO:colcon.colcon_core.shell:Creating package script '/home/ake/桌面/ros2_ws/install/learning_tf2_cpp/share/learning_tf2_cpp/package.ps1'
[23.344s] INFO:colcon.colcon_core.shell:Creating package descriptor '/home/ake/桌面/ros2_ws/install/learning_tf2_cpp/share/learning_tf2_cpp/package.dsv'
[23.352s] INFO:colcon.colcon_core.shell:Creating package script '/home/ake/桌面/ros2_ws/install/learning_tf2_cpp/share/learning_tf2_cpp/package.sh'
[23.353s] INFO:colcon.colcon_core.shell:Creating package script '/home/ake/桌面/ros2_ws/install/learning_tf2_cpp/share/learning_tf2_cpp/package.bash'
[23.354s] INFO:colcon.colcon_core.shell:Creating package script '/home/ake/桌面/ros2_ws/install/learning_tf2_cpp/share/learning_tf2_cpp/package.zsh'
[23.355s] Level 1:colcon.colcon_core.environment:create_file_with_runtime_dependencies(/home/ake/桌面/ros2_ws/install/learning_tf2_cpp/share/colcon-core/packages/learning_tf2_cpp)
[23.355s] DEBUG:colcon.colcon_parallel_executor.executor.parallel:closing loop
[23.355s] DEBUG:colcon.colcon_parallel_executor.executor.parallel:loop closed
[23.357s] DEBUG:colcon.colcon_parallel_executor.executor.parallel:run_until_complete finished with '0'
[23.357s] DEBUG:colcon.colcon_core.event_reactor:joining thread
[23.870s] INFO:colcon.colcon_core.plugin_system:Skipping extension 'colcon_notification.desktop_notification.terminal_notifier': Not used on non-Darwin systems
[23.870s] INFO:colcon.colcon_core.plugin_system:Skipping extension 'colcon_notification.desktop_notification.win32': Not used on non-Windows systems
[23.870s] INFO:colcon.colcon_notification.desktop_notification:Sending desktop notification using 'notify2'
[24.533s] DEBUG:colcon.colcon_core.event_reactor:joined thread
[24.533s] INFO:colcon.colcon_core.shell:Creating prefix script '/home/ake/桌面/ros2_ws/install/local_setup.ps1'
[24.569s] INFO:colcon.colcon_core.shell:Creating prefix util module '/home/ake/桌面/ros2_ws/install/_local_setup_util_ps1.py'
[24.614s] INFO:colcon.colcon_core.shell:Creating prefix chain script '/home/ake/桌面/ros2_ws/install/setup.ps1'
[24.625s] INFO:colcon.colcon_core.shell:Creating prefix script '/home/ake/桌面/ros2_ws/install/local_setup.sh'
[24.641s] INFO:colcon.colcon_core.shell:Creating prefix util module '/home/ake/桌面/ros2_ws/install/_local_setup_util_sh.py'
[24.641s] INFO:colcon.colcon_core.shell:Creating prefix chain script '/home/ake/桌面/ros2_ws/install/setup.sh'
[24.662s] INFO:colcon.colcon_core.shell:Creating prefix script '/home/ake/桌面/ros2_ws/install/local_setup.bash'
[24.708s] INFO:colcon.colcon_core.shell:Creating prefix chain script '/home/ake/桌面/ros2_ws/install/setup.bash'
[24.733s] INFO:colcon.colcon_core.shell:Creating prefix script '/home/ake/桌面/ros2_ws/install/local_setup.zsh'
[24.793s] INFO:colcon.colcon_core.shell:Creating prefix chain script '/home/ake/桌面/ros2_ws/install/setup.zsh'
