[0.078s] Invoking command in '/home/ake/A.Ke/A.Ke_project/final_project/src/basketball_final/build/basketball_final': CMAKE_PREFIX_PATH=/opt/ros/humble CONDA_PROMPT_MODIFIER=(base) /usr/bin/cmake /home/ake/A.Ke/A.Ke_project/final_project/src/basketball_final -DCMAKE_INSTALL_PREFIX=/home/ake/A.Ke/A.Ke_project/final_project/src/basketball_final/install/basketball_final
[1.068s] -- The C compiler identification is GNU 11.4.0
[1.436s] -- The CXX compiler identification is GNU 11.4.0
[1.713s] -- Detecting C compiler ABI info
[1.930s] -- Detecting C compiler ABI info - done
[1.935s] -- Check for working C compiler: /usr/bin/cc - skipped
[1.936s] -- Detecting C compile features
[1.967s] -- Detecting C compile features - done
[2.007s] -- Detecting CXX compiler ABI info
[2.143s] -- Detecting CXX compiler ABI info - done
[2.148s] -- Check for working CXX compiler: /usr/bin/c++ - skipped
[2.149s] -- Detecting CXX compile features
[2.151s] -- Detecting CXX compile features - done
[2.251s] -- Found ament_cmake: 1.3.10 (/opt/ros/humble/share/ament_cmake/cmake)
[4.516s] -- Found Python3: /home/ake/miniconda3/bin/python3 (found version "3.12.4") found components: Interpreter 
[4.951s] -- Found rclcpp: 16.0.10 (/opt/ros/humble/share/rclcpp/cmake)
[5.274s] -- Found rosidl_generator_c: 3.1.5 (/opt/ros/humble/share/rosidl_generator_c/cmake)
[5.315s] -- Found rosidl_adapter: 3.1.5 (/opt/ros/humble/share/rosidl_adapter/cmake)
[5.359s] -- Found rosidl_generator_cpp: 3.1.5 (/opt/ros/humble/share/rosidl_generator_cpp/cmake)
[5.455s] -- Using all available rosidl_typesupport_c: rosidl_typesupport_fastrtps_c;rosidl_typesupport_introspection_c
[5.519s] -- Using all available rosidl_typesupport_cpp: rosidl_typesupport_fastrtps_cpp;rosidl_typesupport_introspection_cpp
[5.786s] -- Found rmw_implementation_cmake: 6.1.2 (/opt/ros/humble/share/rmw_implementation_cmake/cmake)
[5.814s] -- Found rmw_fastrtps_cpp: 6.2.7 (/opt/ros/humble/share/rmw_fastrtps_cpp/cmake)
[6.288s] -- Found OpenSSL: /usr/lib/x86_64-linux-gnu/libcrypto.so (found version "3.0.2")  
[6.354s] -- Found FastRTPS: /opt/ros/humble/include  
[6.400s] -- Using RMW implementation 'rmw_fastrtps_cpp' as default
[6.506s] -- Looking for pthread.h
[6.619s] -- Looking for pthread.h - found
[6.620s] -- Performing Test CMAKE_HAVE_LIBC_PTHREAD
[6.719s] -- Performing Test CMAKE_HAVE_LIBC_PTHREAD - Success
[6.720s] -- Found Threads: TRUE  
[6.973s] -- Found OpenCV: /usr/local (found version "4.10.0") 
[6.974s] [31mCMake Error at CMakeLists.txt:17 (install):
[6.974s]   install TARGETS given target "pnp_learn" which does not exist.
[6.974s] 
[6.974s] [0m
[7.011s] -- Found ament_lint_auto: 0.12.11 (/opt/ros/humble/share/ament_lint_auto/cmake)
[7.518s] -- Added test 'cppcheck' to perform static code analysis on C / C++ code
[7.519s] -- Configured cppcheck include dirs: 
[7.519s] -- Configured cppcheck exclude dirs and/or files: 
[7.521s] -- Added test 'lint_cmake' to check CMake code style
[7.527s] -- Added test 'uncrustify' to check C / C++ code style
[7.528s] -- Configured uncrustify additional arguments: 
[7.528s] -- Added test 'xmllint' to check XML markup files
[7.534s] -- Configuring incomplete, errors occurred!
[7.534s] See also "/home/ake/A.Ke/A.Ke_project/final_project/src/basketball_final/build/basketball_final/CMakeFiles/CMakeOutput.log".
[7.540s] Invoked command in '/home/ake/A.Ke/A.Ke_project/final_project/src/basketball_final/build/basketball_final' returned '1': CMAKE_PREFIX_PATH=/opt/ros/humble CONDA_PROMPT_MODIFIER=(base) /usr/bin/cmake /home/ake/A.Ke/A.Ke_project/final_project/src/basketball_final -DCMAKE_INSTALL_PREFIX=/home/ake/A.Ke/A.Ke_project/final_project/src/basketball_final/install/basketball_final
