-- Found ament_cmake: 1.3.10 (/opt/ros/humble/share/ament_cmake/cmake)
-- Found rclcpp: 16.0.10 (/opt/ros/humble/share/rclcpp/cmake)
-- Found rosidl_generator_c: 3.1.5 (/opt/ros/humble/share/rosidl_generator_c/cmake)
-- Found rosidl_adapter: 3.1.5 (/opt/ros/humble/share/rosidl_adapter/cmake)
-- Found rosidl_generator_cpp: 3.1.5 (/opt/ros/humble/share/rosidl_generator_cpp/cmake)
-- Using all available rosidl_typesupport_c: rosidl_typesupport_fastrtps_c;rosidl_typesupport_introspection_c
-- Using all available rosidl_typesupport_cpp: rosidl_typesupport_fastrtps_cpp;rosidl_typesupport_introspection_cpp
-- Found rmw_implementation_cmake: 6.1.2 (/opt/ros/humble/share/rmw_implementation_cmake/cmake)
-- Found rmw_fastrtps_cpp: 6.2.7 (/opt/ros/humble/share/rmw_fastrtps_cpp/cmake)
-- Using RMW implementation 'rmw_fastrtps_cpp' as default
-- Found tf2: 0.25.7 (/opt/ros/humble/share/tf2/cmake)
-- Found tf2_ros: 0.25.7 (/opt/ros/humble/share/tf2_ros/cmake)
-- Found ament_lint_auto: 0.12.11 (/opt/ros/humble/share/ament_lint_auto/cmake)
-- Added test 'cppcheck' to perform static code analysis on C / C++ code
-- Configured cppcheck include dirs: 
-- Configured cppcheck exclude dirs and/or files: 
-- Added test 'flake8' to check Python code syntax and style conventions
-- Added test 'lint_cmake' to check CMake code style
-- Added test 'pep257' to check Python code against some of the docstring style conventions in PEP 257
-- Added test 'uncrustify' to check C / C++ code style
-- Configured uncrustify additional arguments: 
-- Added test 'xmllint' to check XML markup files
-- Configuring done
-- Generating done
-- Build files have been written to: /home/ake/A.Ke/A.Ke_project/armor_yolov8/src/armor_pnp_learn/build/armor_pnp_learn
[35m[1mConsolidate compiler generated dependencies of target armor_pnp_learn[0m
[ 33%] [32m[1mLinking CXX executable armor_pnp_learn[0m
[100%] Built target armor_pnp_learn
-- Install configuration: ""
-- Installing: /home/ake/A.Ke/A.Ke_project/armor_yolov8/src/armor_pnp_learn/install/armor_pnp_learn/lib/armor_pnp_learn/armor_pnp_learn
-- Set runtime path of "/home/ake/A.Ke/A.Ke_project/armor_yolov8/src/armor_pnp_learn/install/armor_pnp_learn/lib/armor_pnp_learn/armor_pnp_learn" to ""
-- Installing: /home/ake/A.Ke/A.Ke_project/armor_yolov8/src/armor_pnp_learn/install/armor_pnp_learn/share/ament_index/resource_index/package_run_dependencies/armor_pnp_learn
-- Installing: /home/ake/A.Ke/A.Ke_project/armor_yolov8/src/armor_pnp_learn/install/armor_pnp_learn/share/ament_index/resource_index/parent_prefix_path/armor_pnp_learn
-- Installing: /home/ake/A.Ke/A.Ke_project/armor_yolov8/src/armor_pnp_learn/install/armor_pnp_learn/share/armor_pnp_learn/environment/ament_prefix_path.sh
-- Installing: /home/ake/A.Ke/A.Ke_project/armor_yolov8/src/armor_pnp_learn/install/armor_pnp_learn/share/armor_pnp_learn/environment/ament_prefix_path.dsv
-- Installing: /home/ake/A.Ke/A.Ke_project/armor_yolov8/src/armor_pnp_learn/install/armor_pnp_learn/share/armor_pnp_learn/environment/path.sh
-- Installing: /home/ake/A.Ke/A.Ke_project/armor_yolov8/src/armor_pnp_learn/install/armor_pnp_learn/share/armor_pnp_learn/environment/path.dsv
-- Installing: /home/ake/A.Ke/A.Ke_project/armor_yolov8/src/armor_pnp_learn/install/armor_pnp_learn/share/armor_pnp_learn/local_setup.bash
-- Installing: /home/ake/A.Ke/A.Ke_project/armor_yolov8/src/armor_pnp_learn/install/armor_pnp_learn/share/armor_pnp_learn/local_setup.sh
-- Installing: /home/ake/A.Ke/A.Ke_project/armor_yolov8/src/armor_pnp_learn/install/armor_pnp_learn/share/armor_pnp_learn/local_setup.zsh
-- Installing: /home/ake/A.Ke/A.Ke_project/armor_yolov8/src/armor_pnp_learn/install/armor_pnp_learn/share/armor_pnp_learn/local_setup.dsv
-- Installing: /home/ake/A.Ke/A.Ke_project/armor_yolov8/src/armor_pnp_learn/install/armor_pnp_learn/share/armor_pnp_learn/package.dsv
-- Installing: /home/ake/A.Ke/A.Ke_project/armor_yolov8/src/armor_pnp_learn/install/armor_pnp_learn/share/ament_index/resource_index/packages/armor_pnp_learn
-- Installing: /home/ake/A.Ke/A.Ke_project/armor_yolov8/src/armor_pnp_learn/install/armor_pnp_learn/share/armor_pnp_learn/cmake/armor_pnp_learnConfig.cmake
-- Installing: /home/ake/A.Ke/A.Ke_project/armor_yolov8/src/armor_pnp_learn/install/armor_pnp_learn/share/armor_pnp_learn/cmake/armor_pnp_learnConfig-version.cmake
-- Installing: /home/ake/A.Ke/A.Ke_project/armor_yolov8/src/armor_pnp_learn/install/armor_pnp_learn/share/armor_pnp_learn/package.xml
