[0.250s] DEBUG:colcon:Command line arguments: ['/usr/bin/colcon', 'build']
[0.250s] DEBUG:colcon:Parsed command line arguments: Namespace(log_base=None, log_level=None, verb_name='build', build_base='build', install_base='install', merge_install=False, symlink_install=False, test_result_base=None, continue_on_error=False, executor='parallel', parallel_workers=2, event_handlers=None, ignore_user_meta=False, metas=['./colcon.meta'], base_paths=['.'], packages_ignore=None, packages_ignore_regex=None, paths=None, packages_up_to=None, packages_up_to_regex=None, packages_above=None, packages_above_and_dependencies=None, packages_above_depth=None, packages_select_by_dep=None, packages_skip_by_dep=None, packages_skip_up_to=None, packages_select_build_failed=False, packages_skip_build_finished=False, packages_select_test_failures=False, packages_skip_test_passed=False, packages_select=None, packages_skip=None, packages_select_regex=None, packages_skip_regex=None, packages_start=None, packages_end=None, allow_overriding=[], cmake_args=None, cmake_target=None, cmake_target_skip_unavailable=False, cmake_clean_cache=False, cmake_clean_first=False, cmake_force_configure=False, ament_cmake_args=None, catkin_cmake_args=None, catkin_skip_building_tests=False, verb_parser=<colcon_defaults.argument_parser.defaults.DefaultArgumentsDecorator object at 0x7548e550bee0>, verb_extension=<colcon_core.verb.build.BuildVerb object at 0x7548e550b9d0>, main=<bound method BuildVerb.main of <colcon_core.verb.build.BuildVerb object at 0x7548e550b9d0>>)
[0.479s] Level 1:colcon.colcon_core.package_discovery:discover_packages(colcon_meta) check parameters
[0.479s] Level 1:colcon.colcon_core.package_discovery:discover_packages(recursive) check parameters
[0.479s] Level 1:colcon.colcon_core.package_discovery:discover_packages(ignore) check parameters
[0.480s] Level 1:colcon.colcon_core.package_discovery:discover_packages(path) check parameters
[0.480s] Level 1:colcon.colcon_core.package_discovery:discover_packages(colcon_meta) discover
[0.480s] Level 1:colcon.colcon_core.package_discovery:discover_packages(recursive) discover
[0.480s] INFO:colcon.colcon_core.package_discovery:Crawling recursively for packages in '/home/ake/A.Ke/A.Ke_project/image_change/src/image_learn'
[0.480s] Level 1:colcon.colcon_core.package_identification:_identify(.) by extensions ['ignore', 'ignore_ament_install']
[0.480s] Level 1:colcon.colcon_core.package_identification:_identify(.) by extension 'ignore'
[0.480s] Level 1:colcon.colcon_core.package_identification:_identify(.) by extension 'ignore_ament_install'
[0.480s] Level 1:colcon.colcon_core.package_identification:_identify(.) by extensions ['colcon_pkg']
[0.480s] Level 1:colcon.colcon_core.package_identification:_identify(.) by extension 'colcon_pkg'
[0.481s] Level 1:colcon.colcon_core.package_identification:_identify(.) by extensions ['colcon_meta']
[0.481s] Level 1:colcon.colcon_core.package_identification:_identify(.) by extension 'colcon_meta'
[0.481s] Level 1:colcon.colcon_core.package_identification:_identify(.) by extensions ['ros']
[0.481s] Level 1:colcon.colcon_core.package_identification:_identify(.) by extension 'ros'
[0.499s] DEBUG:colcon.colcon_core.package_identification:Package '.' with type 'ros.ament_cmake' and name 'image_learn'
[0.499s] Level 1:colcon.colcon_core.package_discovery:discover_packages(recursive) using defaults
[0.499s] Level 1:colcon.colcon_core.package_discovery:discover_packages(ignore) discover
[0.499s] Level 1:colcon.colcon_core.package_discovery:discover_packages(ignore) using defaults
[0.499s] Level 1:colcon.colcon_core.package_discovery:discover_packages(path) discover
[0.499s] Level 1:colcon.colcon_core.package_discovery:discover_packages(path) using defaults
[0.555s] Level 1:colcon.colcon_core.package_discovery:discover_packages(prefix_path) check parameters
[0.555s] Level 1:colcon.colcon_core.package_discovery:discover_packages(prefix_path) discover
[0.556s] DEBUG:colcon.colcon_installed_package_information.package_discovery:Found 1 installed packages in /home/ake/A.Ke/A.Ke_project/image_change/src/image_learn/install
[0.558s] DEBUG:colcon.colcon_installed_package_information.package_discovery:Found 328 installed packages in /opt/ros/humble
[0.559s] Level 1:colcon.colcon_core.package_discovery:discover_packages(prefix_path) using defaults
[0.625s] Level 5:colcon.colcon_core.verb:set package 'image_learn' build argument 'cmake_args' from command line to 'None'
[0.625s] Level 5:colcon.colcon_core.verb:set package 'image_learn' build argument 'cmake_target' from command line to 'None'
[0.626s] Level 5:colcon.colcon_core.verb:set package 'image_learn' build argument 'cmake_target_skip_unavailable' from command line to 'False'
[0.626s] Level 5:colcon.colcon_core.verb:set package 'image_learn' build argument 'cmake_clean_cache' from command line to 'False'
[0.626s] Level 5:colcon.colcon_core.verb:set package 'image_learn' build argument 'cmake_clean_first' from command line to 'False'
[0.626s] Level 5:colcon.colcon_core.verb:set package 'image_learn' build argument 'cmake_force_configure' from command line to 'False'
[0.626s] Level 5:colcon.colcon_core.verb:set package 'image_learn' build argument 'ament_cmake_args' from command line to 'None'
[0.626s] Level 5:colcon.colcon_core.verb:set package 'image_learn' build argument 'catkin_cmake_args' from command line to 'None'
[0.626s] Level 5:colcon.colcon_core.verb:set package 'image_learn' build argument 'catkin_skip_building_tests' from command line to 'False'
[0.626s] DEBUG:colcon.colcon_core.verb:Building package 'image_learn' with the following arguments: {'ament_cmake_args': None, 'build_base': '/home/ake/A.Ke/A.Ke_project/image_change/src/image_learn/build/image_learn', 'catkin_cmake_args': None, 'catkin_skip_building_tests': False, 'cmake_args': None, 'cmake_clean_cache': False, 'cmake_clean_first': False, 'cmake_force_configure': False, 'cmake_target': None, 'cmake_target_skip_unavailable': False, 'install_base': '/home/ake/A.Ke/A.Ke_project/image_change/src/image_learn/install/image_learn', 'merge_install': False, 'path': '/home/ake/A.Ke/A.Ke_project/image_change/src/image_learn', 'symlink_install': False, 'test_result_base': None}
[0.626s] INFO:colcon.colcon_core.executor:Executing jobs using 'parallel' executor
[0.632s] DEBUG:colcon.colcon_parallel_executor.executor.parallel:run_until_complete
[0.632s] INFO:colcon.colcon_ros.task.ament_cmake.build:Building ROS package in '/home/ake/A.Ke/A.Ke_project/image_change/src/image_learn' with build type 'ament_cmake'
[0.633s] INFO:colcon.colcon_cmake.task.cmake.build:Building CMake package in '/home/ake/A.Ke/A.Ke_project/image_change/src/image_learn'
[0.637s] INFO:colcon.colcon_core.plugin_system:Skipping extension 'colcon_core.shell.bat': Not used on non-Windows systems
[0.637s] INFO:colcon.colcon_core.shell:Skip shell extension 'powershell' for command environment: Not usable outside of PowerShell
[0.637s] DEBUG:colcon.colcon_core.shell:Skip shell extension 'dsv' for command environment
[0.672s] DEBUG:colcon.colcon_core.event_handler.log_command:Invoking command in '/home/ake/A.Ke/A.Ke_project/image_change/src/image_learn/build/image_learn': CMAKE_PREFIX_PATH=${CMAKE_PREFIX_PATH}:/opt/ros/humble /usr/bin/cmake --build /home/ake/A.Ke/A.Ke_project/image_change/src/image_learn/build/image_learn -- -j2 -l2
[8.274s] DEBUG:colcon.colcon_core.event_handler.log_command:Invoked command in '/home/ake/A.Ke/A.Ke_project/image_change/src/image_learn/build/image_learn' returned '0': CMAKE_PREFIX_PATH=${CMAKE_PREFIX_PATH}:/opt/ros/humble /usr/bin/cmake --build /home/ake/A.Ke/A.Ke_project/image_change/src/image_learn/build/image_learn -- -j2 -l2
[8.395s] DEBUG:colcon.colcon_core.event_handler.log_command:Invoking command in '/home/ake/A.Ke/A.Ke_project/image_change/src/image_learn/build/image_learn': CMAKE_PREFIX_PATH=${CMAKE_PREFIX_PATH}:/opt/ros/humble /usr/bin/cmake --install /home/ake/A.Ke/A.Ke_project/image_change/src/image_learn/build/image_learn
[8.418s] Level 1:colcon.colcon_core.environment:create_environment_scripts_only(image_learn)
[8.420s] DEBUG:colcon.colcon_core.event_handler.log_command:Invoked command in '/home/ake/A.Ke/A.Ke_project/image_change/src/image_learn/build/image_learn' returned '0': CMAKE_PREFIX_PATH=${CMAKE_PREFIX_PATH}:/opt/ros/humble /usr/bin/cmake --install /home/ake/A.Ke/A.Ke_project/image_change/src/image_learn/build/image_learn
[8.423s] Level 1:colcon.colcon_core.environment:checking '/home/ake/A.Ke/A.Ke_project/image_change/src/image_learn/install/image_learn' for CMake module files
[8.424s] Level 1:colcon.colcon_core.environment:checking '/home/ake/A.Ke/A.Ke_project/image_change/src/image_learn/install/image_learn' for CMake config files
[8.424s] Level 1:colcon.colcon_core.shell:create_environment_hook('image_learn', 'cmake_prefix_path')
[8.425s] INFO:colcon.colcon_core.shell:Creating environment hook '/home/ake/A.Ke/A.Ke_project/image_change/src/image_learn/install/image_learn/share/image_learn/hook/cmake_prefix_path.ps1'
[8.426s] INFO:colcon.colcon_core.shell:Creating environment descriptor '/home/ake/A.Ke/A.Ke_project/image_change/src/image_learn/install/image_learn/share/image_learn/hook/cmake_prefix_path.dsv'
[8.426s] INFO:colcon.colcon_core.shell:Creating environment hook '/home/ake/A.Ke/A.Ke_project/image_change/src/image_learn/install/image_learn/share/image_learn/hook/cmake_prefix_path.sh'
[8.428s] Level 1:colcon.colcon_core.environment:checking '/home/ake/A.Ke/A.Ke_project/image_change/src/image_learn/install/image_learn/lib'
[8.428s] Level 1:colcon.colcon_core.environment:checking '/home/ake/A.Ke/A.Ke_project/image_change/src/image_learn/install/image_learn/bin'
[8.428s] Level 1:colcon.colcon_core.environment:checking '/home/ake/A.Ke/A.Ke_project/image_change/src/image_learn/install/image_learn/lib/pkgconfig/image_learn.pc'
[8.429s] Level 1:colcon.colcon_core.environment:checking '/home/ake/A.Ke/A.Ke_project/image_change/src/image_learn/install/image_learn/lib/python3.10/site-packages'
[8.429s] Level 1:colcon.colcon_core.environment:checking '/home/ake/A.Ke/A.Ke_project/image_change/src/image_learn/install/image_learn/bin'
[8.430s] INFO:colcon.colcon_core.shell:Creating package script '/home/ake/A.Ke/A.Ke_project/image_change/src/image_learn/install/image_learn/share/image_learn/package.ps1'
[8.431s] INFO:colcon.colcon_core.shell:Creating package descriptor '/home/ake/A.Ke/A.Ke_project/image_change/src/image_learn/install/image_learn/share/image_learn/package.dsv'
[8.432s] INFO:colcon.colcon_core.shell:Creating package script '/home/ake/A.Ke/A.Ke_project/image_change/src/image_learn/install/image_learn/share/image_learn/package.sh'
[8.433s] INFO:colcon.colcon_core.shell:Creating package script '/home/ake/A.Ke/A.Ke_project/image_change/src/image_learn/install/image_learn/share/image_learn/package.bash'
[8.434s] INFO:colcon.colcon_core.shell:Creating package script '/home/ake/A.Ke/A.Ke_project/image_change/src/image_learn/install/image_learn/share/image_learn/package.zsh'
[8.435s] Level 1:colcon.colcon_core.environment:create_file_with_runtime_dependencies(/home/ake/A.Ke/A.Ke_project/image_change/src/image_learn/install/image_learn/share/colcon-core/packages/image_learn)
[8.494s] Level 1:colcon.colcon_core.environment:create_environment_scripts_only(image_learn)
[8.494s] Level 1:colcon.colcon_core.environment:checking '/home/ake/A.Ke/A.Ke_project/image_change/src/image_learn/install/image_learn' for CMake module files
[8.495s] Level 1:colcon.colcon_core.environment:checking '/home/ake/A.Ke/A.Ke_project/image_change/src/image_learn/install/image_learn' for CMake config files
[8.496s] Level 1:colcon.colcon_core.shell:create_environment_hook('image_learn', 'cmake_prefix_path')
[8.496s] INFO:colcon.colcon_core.shell:Creating environment hook '/home/ake/A.Ke/A.Ke_project/image_change/src/image_learn/install/image_learn/share/image_learn/hook/cmake_prefix_path.ps1'
[8.498s] INFO:colcon.colcon_core.shell:Creating environment descriptor '/home/ake/A.Ke/A.Ke_project/image_change/src/image_learn/install/image_learn/share/image_learn/hook/cmake_prefix_path.dsv'
[8.498s] INFO:colcon.colcon_core.shell:Creating environment hook '/home/ake/A.Ke/A.Ke_project/image_change/src/image_learn/install/image_learn/share/image_learn/hook/cmake_prefix_path.sh'
[8.500s] Level 1:colcon.colcon_core.environment:checking '/home/ake/A.Ke/A.Ke_project/image_change/src/image_learn/install/image_learn/lib'
[8.501s] Level 1:colcon.colcon_core.environment:checking '/home/ake/A.Ke/A.Ke_project/image_change/src/image_learn/install/image_learn/bin'
[8.501s] Level 1:colcon.colcon_core.environment:checking '/home/ake/A.Ke/A.Ke_project/image_change/src/image_learn/install/image_learn/lib/pkgconfig/image_learn.pc'
[8.502s] Level 1:colcon.colcon_core.environment:checking '/home/ake/A.Ke/A.Ke_project/image_change/src/image_learn/install/image_learn/lib/python3.10/site-packages'
[8.502s] Level 1:colcon.colcon_core.environment:checking '/home/ake/A.Ke/A.Ke_project/image_change/src/image_learn/install/image_learn/bin'
[8.503s] INFO:colcon.colcon_core.shell:Creating package script '/home/ake/A.Ke/A.Ke_project/image_change/src/image_learn/install/image_learn/share/image_learn/package.ps1'
[8.504s] INFO:colcon.colcon_core.shell:Creating package descriptor '/home/ake/A.Ke/A.Ke_project/image_change/src/image_learn/install/image_learn/share/image_learn/package.dsv'
[8.504s] INFO:colcon.colcon_core.shell:Creating package script '/home/ake/A.Ke/A.Ke_project/image_change/src/image_learn/install/image_learn/share/image_learn/package.sh'
[8.505s] INFO:colcon.colcon_core.shell:Creating package script '/home/ake/A.Ke/A.Ke_project/image_change/src/image_learn/install/image_learn/share/image_learn/package.bash'
[8.507s] INFO:colcon.colcon_core.shell:Creating package script '/home/ake/A.Ke/A.Ke_project/image_change/src/image_learn/install/image_learn/share/image_learn/package.zsh'
[8.507s] Level 1:colcon.colcon_core.environment:create_file_with_runtime_dependencies(/home/ake/A.Ke/A.Ke_project/image_change/src/image_learn/install/image_learn/share/colcon-core/packages/image_learn)
[8.509s] DEBUG:colcon.colcon_parallel_executor.executor.parallel:closing loop
[8.509s] DEBUG:colcon.colcon_parallel_executor.executor.parallel:loop closed
[8.509s] DEBUG:colcon.colcon_parallel_executor.executor.parallel:run_until_complete finished with '0'
[8.510s] DEBUG:colcon.colcon_core.event_reactor:joining thread
[8.575s] INFO:colcon.colcon_core.plugin_system:Skipping extension 'colcon_notification.desktop_notification.terminal_notifier': Not used on non-Darwin systems
[8.575s] INFO:colcon.colcon_core.plugin_system:Skipping extension 'colcon_notification.desktop_notification.win32': Not used on non-Windows systems
[8.575s] INFO:colcon.colcon_notification.desktop_notification:Sending desktop notification using 'notify2'
[8.693s] DEBUG:colcon.colcon_core.event_reactor:joined thread
[8.694s] INFO:colcon.colcon_core.shell:Creating prefix script '/home/ake/A.Ke/A.Ke_project/image_change/src/image_learn/install/local_setup.ps1'
[8.697s] INFO:colcon.colcon_core.shell:Creating prefix util module '/home/ake/A.Ke/A.Ke_project/image_change/src/image_learn/install/_local_setup_util_ps1.py'
[8.699s] INFO:colcon.colcon_core.shell:Creating prefix chain script '/home/ake/A.Ke/A.Ke_project/image_change/src/image_learn/install/setup.ps1'
[8.703s] INFO:colcon.colcon_core.shell:Creating prefix script '/home/ake/A.Ke/A.Ke_project/image_change/src/image_learn/install/local_setup.sh'
[8.706s] INFO:colcon.colcon_core.shell:Creating prefix util module '/home/ake/A.Ke/A.Ke_project/image_change/src/image_learn/install/_local_setup_util_sh.py'
[8.707s] INFO:colcon.colcon_core.shell:Creating prefix chain script '/home/ake/A.Ke/A.Ke_project/image_change/src/image_learn/install/setup.sh'
[8.713s] INFO:colcon.colcon_core.shell:Creating prefix script '/home/ake/A.Ke/A.Ke_project/image_change/src/image_learn/install/local_setup.bash'
[8.714s] INFO:colcon.colcon_core.shell:Creating prefix chain script '/home/ake/A.Ke/A.Ke_project/image_change/src/image_learn/install/setup.bash'
[8.717s] INFO:colcon.colcon_core.shell:Creating prefix script '/home/ake/A.Ke/A.Ke_project/image_change/src/image_learn/install/local_setup.zsh'
[8.719s] INFO:colcon.colcon_core.shell:Creating prefix chain script '/home/ake/A.Ke/A.Ke_project/image_change/src/image_learn/install/setup.zsh'
