[0.120s] Invoking command in '/home/ake/A.Ke/A.Ke_project/image_change/src/image_learn/build/image_learn': CMAKE_PREFIX_PATH=/opt/ros/humble /usr/bin/cmake --build /home/ake/A.Ke/A.Ke_project/image_change/src/image_learn/build/image_learn -- -j2 -l2
[0.402s] [35m[1mConsolidate compiler generated dependencies of target image_change[0m
[0.875s] [100%] Built target image_change
[0.886s] Invoked command in '/home/ake/A.Ke/A.Ke_project/image_change/src/image_learn/build/image_learn' returned '0': CMAKE_PREFIX_PATH=/opt/ros/humble /usr/bin/cmake --build /home/ake/A.Ke/A.Ke_project/image_change/src/image_learn/build/image_learn -- -j2 -l2
[0.951s] Invoking command in '/home/ake/A.Ke/A.Ke_project/image_change/src/image_learn/build/image_learn': CMAKE_PREFIX_PATH=/opt/ros/humble /usr/bin/cmake --install /home/ake/A.Ke/A.Ke_project/image_change/src/image_learn/build/image_learn
[0.974s] -- Install configuration: ""
[0.996s] -- Up-to-date: /home/ake/A.Ke/A.Ke_project/image_change/src/image_learn/install/image_learn/lib/image_learn/image_change
[0.996s] -- Up-to-date: /home/ake/A.Ke/A.Ke_project/image_change/src/image_learn/install/image_learn/share/ament_index/resource_index/package_run_dependencies/image_learn
[0.997s] -- Up-to-date: /home/ake/A.Ke/A.Ke_project/image_change/src/image_learn/install/image_learn/share/ament_index/resource_index/parent_prefix_path/image_learn
[0.997s] -- Up-to-date: /home/ake/A.Ke/A.Ke_project/image_change/src/image_learn/install/image_learn/share/image_learn/environment/ament_prefix_path.sh
[0.997s] -- Up-to-date: /home/ake/A.Ke/A.Ke_project/image_change/src/image_learn/install/image_learn/share/image_learn/environment/ament_prefix_path.dsv
[0.997s] -- Up-to-date: /home/ake/A.Ke/A.Ke_project/image_change/src/image_learn/install/image_learn/share/image_learn/environment/path.sh
[0.997s] -- Up-to-date: /home/ake/A.Ke/A.Ke_project/image_change/src/image_learn/install/image_learn/share/image_learn/environment/path.dsv
[0.997s] -- Up-to-date: /home/ake/A.Ke/A.Ke_project/image_change/src/image_learn/install/image_learn/share/image_learn/local_setup.bash
[0.997s] -- Up-to-date: /home/ake/A.Ke/A.Ke_project/image_change/src/image_learn/install/image_learn/share/image_learn/local_setup.sh
[0.997s] -- Up-to-date: /home/ake/A.Ke/A.Ke_project/image_change/src/image_learn/install/image_learn/share/image_learn/local_setup.zsh
[0.997s] -- Up-to-date: /home/ake/A.Ke/A.Ke_project/image_change/src/image_learn/install/image_learn/share/image_learn/local_setup.dsv
[0.997s] -- Installing: /home/ake/A.Ke/A.Ke_project/image_change/src/image_learn/install/image_learn/share/image_learn/package.dsv
[1.005s] -- Up-to-date: /home/ake/A.Ke/A.Ke_project/image_change/src/image_learn/install/image_learn/share/ament_index/resource_index/packages/image_learn
[1.005s] -- Up-to-date: /home/ake/A.Ke/A.Ke_project/image_change/src/image_learn/install/image_learn/share/image_learn/cmake/image_learnConfig.cmake
[1.005s] -- Up-to-date: /home/ake/A.Ke/A.Ke_project/image_change/src/image_learn/install/image_learn/share/image_learn/cmake/image_learnConfig-version.cmake
[1.005s] -- Up-to-date: /home/ake/A.Ke/A.Ke_project/image_change/src/image_learn/install/image_learn/share/image_learn/package.xml
[1.008s] Invoked command in '/home/ake/A.Ke/A.Ke_project/image_change/src/image_learn/build/image_learn' returned '0': CMAKE_PREFIX_PATH=/opt/ros/humble /usr/bin/cmake --install /home/ake/A.Ke/A.Ke_project/image_change/src/image_learn/build/image_learn
