[0.024s] Invoking command in '/home/ake/桌面/ros2_ws/build/learning_tf2_cpp': CMAKE_PREFIX_PATH=/opt/ros/humble /usr/bin/cmake --build /home/ake/桌面/ros2_ws/build/learning_tf2_cpp -- -j2 -l2
[0.234s] -- Found ament_cmake: 1.3.9 (/opt/ros/humble/share/ament_cmake/cmake)
[0.407s] -- Found geometry_msgs: 4.2.4 (/opt/ros/humble/share/geometry_msgs/cmake)
[0.464s] -- Found rosidl_generator_c: 3.1.5 (/opt/ros/humble/share/rosidl_generator_c/cmake)
[0.464s] -- Found rosidl_adapter: 3.1.5 (/opt/ros/humble/share/rosidl_adapter/cmake)
[0.476s] -- Found rosidl_generator_cpp: 3.1.5 (/opt/ros/humble/share/rosidl_generator_cpp/cmake)
[0.499s] -- Using all available rosidl_typesupport_c: rosidl_typesupport_fastrtps_c;rosidl_typesupport_introspection_c
[0.522s] -- Using all available rosidl_typesupport_cpp: rosidl_typesupport_fastrtps_cpp;rosidl_typesupport_introspection_cpp
[0.683s] -- Found rclcpp: 16.0.9 (/opt/ros/humble/share/rclcpp/cmake)
[0.748s] -- Found rmw_implementation_cmake: 6.1.2 (/opt/ros/humble/share/rmw_implementation_cmake/cmake)
[0.750s] -- Found rmw_fastrtps_cpp: 6.2.6 (/opt/ros/humble/share/rmw_fastrtps_cpp/cmake)
[0.920s] -- Using RMW implementation 'rmw_fastrtps_cpp' as default
[1.088s] -- Found tf2: 0.25.7 (/opt/ros/humble/share/tf2/cmake)
[1.092s] -- Found tf2_ros: 0.25.7 (/opt/ros/humble/share/tf2_ros/cmake)
[1.544s] -- Found turtlesim: 1.4.2 (/opt/ros/humble/share/turtlesim/cmake)
[1.617s] -- Found ament_lint_auto: 0.12.11 (/opt/ros/humble/share/ament_lint_auto/cmake)
[1.744s] -- Added test 'cppcheck' to perform static code analysis on C / C++ code
[1.744s] -- Configured cppcheck include dirs: 
[1.745s] -- Configured cppcheck exclude dirs and/or files: 
[1.745s] -- Added test 'lint_cmake' to check CMake code style
[1.745s] -- Added test 'uncrustify' to check C / C++ code style
[1.745s] -- Configured uncrustify additional arguments: 
[1.747s] -- Added test 'xmllint' to check XML markup files
[1.752s] -- Configuring done
[1.774s] -- Generating done
[1.812s] -- Build files have been written to: /home/ake/桌面/ros2_ws/build/learning_tf2_cpp
[1.883s] [ 50%] [32mBuilding CXX object CMakeFiles/static_turtle_tf2_broadcaster.dir/src/static_turtle_tf2_broadcaster.cpp.o[0m
[15.316s] [100%] [32m[1mLinking CXX executable static_turtle_tf2_broadcaster[0m
[17.124s] [100%] Built target static_turtle_tf2_broadcaster
[17.148s] Invoked command in '/home/ake/桌面/ros2_ws/build/learning_tf2_cpp' returned '0': CMAKE_PREFIX_PATH=/opt/ros/humble /usr/bin/cmake --build /home/ake/桌面/ros2_ws/build/learning_tf2_cpp -- -j2 -l2
[17.271s] Invoking command in '/home/ake/桌面/ros2_ws/build/learning_tf2_cpp': CMAKE_PREFIX_PATH=/opt/ros/humble /usr/bin/cmake --install /home/ake/桌面/ros2_ws/build/learning_tf2_cpp
[17.289s] -- Install configuration: ""
[17.289s] -- Installing: /home/ake/桌面/ros2_ws/install/learning_tf2_cpp/lib/learning_tf2_cpp/static_turtle_tf2_broadcaster
[17.291s] -- Set runtime path of "/home/ake/桌面/ros2_ws/install/learning_tf2_cpp/lib/learning_tf2_cpp/static_turtle_tf2_broadcaster" to ""
[17.291s] -- Up-to-date: /home/ake/桌面/ros2_ws/install/learning_tf2_cpp/share/ament_index/resource_index/package_run_dependencies/learning_tf2_cpp
[17.292s] -- Up-to-date: /home/ake/桌面/ros2_ws/install/learning_tf2_cpp/share/ament_index/resource_index/parent_prefix_path/learning_tf2_cpp
[17.294s] -- Up-to-date: /home/ake/桌面/ros2_ws/install/learning_tf2_cpp/share/learning_tf2_cpp/environment/ament_prefix_path.sh
[17.294s] -- Installing: /home/ake/桌面/ros2_ws/install/learning_tf2_cpp/share/learning_tf2_cpp/environment/ament_prefix_path.dsv
[17.294s] -- Up-to-date: /home/ake/桌面/ros2_ws/install/learning_tf2_cpp/share/learning_tf2_cpp/environment/path.sh
[17.295s] -- Installing: /home/ake/桌面/ros2_ws/install/learning_tf2_cpp/share/learning_tf2_cpp/environment/path.dsv
[17.295s] -- Up-to-date: /home/ake/桌面/ros2_ws/install/learning_tf2_cpp/share/learning_tf2_cpp/local_setup.bash
[17.295s] -- Up-to-date: /home/ake/桌面/ros2_ws/install/learning_tf2_cpp/share/learning_tf2_cpp/local_setup.sh
[17.295s] -- Up-to-date: /home/ake/桌面/ros2_ws/install/learning_tf2_cpp/share/learning_tf2_cpp/local_setup.zsh
[17.295s] -- Installing: /home/ake/桌面/ros2_ws/install/learning_tf2_cpp/share/learning_tf2_cpp/local_setup.dsv
[17.295s] -- Installing: /home/ake/桌面/ros2_ws/install/learning_tf2_cpp/share/learning_tf2_cpp/package.dsv
[17.295s] -- Up-to-date: /home/ake/桌面/ros2_ws/install/learning_tf2_cpp/share/ament_index/resource_index/packages/learning_tf2_cpp
[17.295s] -- Up-to-date: /home/ake/桌面/ros2_ws/install/learning_tf2_cpp/share/learning_tf2_cpp/cmake/learning_tf2_cppConfig.cmake
[17.295s] -- Up-to-date: /home/ake/桌面/ros2_ws/install/learning_tf2_cpp/share/learning_tf2_cpp/cmake/learning_tf2_cppConfig-version.cmake
[17.296s] -- Up-to-date: /home/ake/桌面/ros2_ws/install/learning_tf2_cpp/share/learning_tf2_cpp/package.xml
[17.304s] Invoked command in '/home/ake/桌面/ros2_ws/build/learning_tf2_cpp' returned '0': CMAKE_PREFIX_PATH=/opt/ros/humble /usr/bin/cmake --install /home/ake/桌面/ros2_ws/build/learning_tf2_cpp
