[3.080s] DEBUG:colcon:Command line arguments: ['/usr/bin/colcon', 'build']
[3.080s] DEBUG:colcon:Parsed command line arguments: Namespace(log_base=None, log_level=None, verb_name='build', build_base='build', install_base='install', merge_install=False, symlink_install=False, test_result_base=None, continue_on_error=False, executor='parallel', parallel_workers=2, event_handlers=None, ignore_user_meta=False, metas=['./colcon.meta'], base_paths=['.'], packages_ignore=None, packages_ignore_regex=None, paths=None, packages_up_to=None, packages_up_to_regex=None, packages_above=None, packages_above_and_dependencies=None, packages_above_depth=None, packages_select_by_dep=None, packages_skip_by_dep=None, packages_skip_up_to=None, packages_select_build_failed=False, packages_skip_build_finished=False, packages_select_test_failures=False, packages_skip_test_passed=False, packages_select=None, packages_skip=None, packages_select_regex=None, packages_skip_regex=None, packages_start=None, packages_end=None, allow_overriding=[], cmake_args=None, cmake_target=None, cmake_target_skip_unavailable=False, cmake_clean_cache=False, cmake_clean_first=False, cmake_force_configure=False, ament_cmake_args=None, catkin_cmake_args=None, catkin_skip_building_tests=False, verb_parser=<colcon_defaults.argument_parser.defaults.DefaultArgumentsDecorator object at 0x7ff27cb54910>, verb_extension=<colcon_core.verb.build.BuildVerb object at 0x7ff27cb54370>, main=<bound method BuildVerb.main of <colcon_core.verb.build.BuildVerb object at 0x7ff27cb54370>>)
[7.646s] Level 1:colcon.colcon_core.package_discovery:discover_packages(colcon_meta) check parameters
[7.647s] Level 1:colcon.colcon_core.package_discovery:discover_packages(recursive) check parameters
[7.647s] Level 1:colcon.colcon_core.package_discovery:discover_packages(ignore) check parameters
[7.647s] Level 1:colcon.colcon_core.package_discovery:discover_packages(path) check parameters
[7.647s] Level 1:colcon.colcon_core.package_discovery:discover_packages(colcon_meta) discover
[7.647s] Level 1:colcon.colcon_core.package_discovery:discover_packages(recursive) discover
[7.647s] INFO:colcon.colcon_core.package_discovery:Crawling recursively for packages in '/home/ake/A.Ke/A.Ke_project/final_project/src/basketball_final'
[7.647s] Level 1:colcon.colcon_core.package_identification:_identify(.) by extensions ['ignore', 'ignore_ament_install']
[7.647s] Level 1:colcon.colcon_core.package_identification:_identify(.) by extension 'ignore'
[7.647s] Level 1:colcon.colcon_core.package_identification:_identify(.) by extension 'ignore_ament_install'
[7.647s] Level 1:colcon.colcon_core.package_identification:_identify(.) by extensions ['colcon_pkg']
[7.647s] Level 1:colcon.colcon_core.package_identification:_identify(.) by extension 'colcon_pkg'
[7.648s] Level 1:colcon.colcon_core.package_identification:_identify(.) by extensions ['colcon_meta']
[7.648s] Level 1:colcon.colcon_core.package_identification:_identify(.) by extension 'colcon_meta'
[7.648s] Level 1:colcon.colcon_core.package_identification:_identify(.) by extensions ['ros']
[7.648s] Level 1:colcon.colcon_core.package_identification:_identify(.) by extension 'ros'
[7.822s] DEBUG:colcon.colcon_core.package_identification:Package '.' with type 'ros.ament_cmake' and name 'basketball_final'
[7.823s] Level 1:colcon.colcon_core.package_discovery:discover_packages(recursive) using defaults
[7.823s] Level 1:colcon.colcon_core.package_discovery:discover_packages(ignore) discover
[7.824s] Level 1:colcon.colcon_core.package_discovery:discover_packages(ignore) using defaults
[7.824s] Level 1:colcon.colcon_core.package_discovery:discover_packages(path) discover
[7.824s] Level 1:colcon.colcon_core.package_discovery:discover_packages(path) using defaults
[8.263s] Level 1:colcon.colcon_core.package_discovery:discover_packages(prefix_path) check parameters
[8.263s] Level 1:colcon.colcon_core.package_discovery:discover_packages(prefix_path) discover
[8.303s] DEBUG:colcon.colcon_installed_package_information.package_discovery:Found 313 installed packages in /opt/ros/humble
[8.306s] Level 1:colcon.colcon_core.package_discovery:discover_packages(prefix_path) using defaults
[8.444s] Level 5:colcon.colcon_core.verb:set package 'basketball_final' build argument 'cmake_args' from command line to 'None'
[8.444s] Level 5:colcon.colcon_core.verb:set package 'basketball_final' build argument 'cmake_target' from command line to 'None'
[8.444s] Level 5:colcon.colcon_core.verb:set package 'basketball_final' build argument 'cmake_target_skip_unavailable' from command line to 'False'
[8.444s] Level 5:colcon.colcon_core.verb:set package 'basketball_final' build argument 'cmake_clean_cache' from command line to 'False'
[8.444s] Level 5:colcon.colcon_core.verb:set package 'basketball_final' build argument 'cmake_clean_first' from command line to 'False'
[8.444s] Level 5:colcon.colcon_core.verb:set package 'basketball_final' build argument 'cmake_force_configure' from command line to 'False'
[8.445s] Level 5:colcon.colcon_core.verb:set package 'basketball_final' build argument 'ament_cmake_args' from command line to 'None'
[8.445s] Level 5:colcon.colcon_core.verb:set package 'basketball_final' build argument 'catkin_cmake_args' from command line to 'None'
[8.445s] Level 5:colcon.colcon_core.verb:set package 'basketball_final' build argument 'catkin_skip_building_tests' from command line to 'False'
[8.445s] DEBUG:colcon.colcon_core.verb:Building package 'basketball_final' with the following arguments: {'ament_cmake_args': None, 'build_base': '/home/ake/A.Ke/A.Ke_project/final_project/src/basketball_final/build/basketball_final', 'catkin_cmake_args': None, 'catkin_skip_building_tests': False, 'cmake_args': None, 'cmake_clean_cache': False, 'cmake_clean_first': False, 'cmake_force_configure': False, 'cmake_target': None, 'cmake_target_skip_unavailable': False, 'install_base': '/home/ake/A.Ke/A.Ke_project/final_project/src/basketball_final/install/basketball_final', 'merge_install': False, 'path': '/home/ake/A.Ke/A.Ke_project/final_project/src/basketball_final', 'symlink_install': False, 'test_result_base': None}
[8.445s] INFO:colcon.colcon_core.executor:Executing jobs using 'parallel' executor
[8.447s] DEBUG:colcon.colcon_parallel_executor.executor.parallel:run_until_complete
[8.448s] INFO:colcon.colcon_ros.task.ament_cmake.build:Building ROS package in '/home/ake/A.Ke/A.Ke_project/final_project/src/basketball_final' with build type 'ament_cmake'
[8.448s] INFO:colcon.colcon_cmake.task.cmake.build:Building CMake package in '/home/ake/A.Ke/A.Ke_project/final_project/src/basketball_final'
[8.468s] INFO:colcon.colcon_core.plugin_system:Skipping extension 'colcon_core.shell.bat': Not used on non-Windows systems
[8.468s] INFO:colcon.colcon_core.shell:Skip shell extension 'powershell' for command environment: Not usable outside of PowerShell
[8.469s] DEBUG:colcon.colcon_core.shell:Skip shell extension 'dsv' for command environment
[8.531s] DEBUG:colcon.colcon_core.event_handler.log_command:Invoking command in '/home/ake/A.Ke/A.Ke_project/final_project/src/basketball_final/build/basketball_final': CMAKE_PREFIX_PATH=/opt/ros/humble CONDA_PROMPT_MODIFIER=(base) /usr/bin/cmake --build /home/ake/A.Ke/A.Ke_project/final_project/src/basketball_final/build/basketball_final -- -j2 -l2
[24.424s] DEBUG:colcon.colcon_core.event_handler.log_command:Invoked command in '/home/ake/A.Ke/A.Ke_project/final_project/src/basketball_final/build/basketball_final' returned '0': CMAKE_PREFIX_PATH=/opt/ros/humble CONDA_PROMPT_MODIFIER=(base) /usr/bin/cmake --build /home/ake/A.Ke/A.Ke_project/final_project/src/basketball_final/build/basketball_final -- -j2 -l2
[24.549s] DEBUG:colcon.colcon_core.event_handler.log_command:Invoking command in '/home/ake/A.Ke/A.Ke_project/final_project/src/basketball_final/build/basketball_final': CMAKE_PREFIX_PATH=/opt/ros/humble CONDA_PROMPT_MODIFIER=(base) /usr/bin/cmake --install /home/ake/A.Ke/A.Ke_project/final_project/src/basketball_final/build/basketball_final
[24.691s] Level 1:colcon.colcon_core.environment:create_environment_scripts_only(basketball_final)
[24.692s] DEBUG:colcon.colcon_core.event_handler.log_command:Invoked command in '/home/ake/A.Ke/A.Ke_project/final_project/src/basketball_final/build/basketball_final' returned '0': CMAKE_PREFIX_PATH=/opt/ros/humble CONDA_PROMPT_MODIFIER=(base) /usr/bin/cmake --install /home/ake/A.Ke/A.Ke_project/final_project/src/basketball_final/build/basketball_final
[24.781s] Level 1:colcon.colcon_core.environment:checking '/home/ake/A.Ke/A.Ke_project/final_project/src/basketball_final/install/basketball_final' for CMake module files
[24.782s] Level 1:colcon.colcon_core.environment:checking '/home/ake/A.Ke/A.Ke_project/final_project/src/basketball_final/install/basketball_final' for CMake config files
[24.782s] Level 1:colcon.colcon_core.shell:create_environment_hook('basketball_final', 'cmake_prefix_path')
[24.782s] INFO:colcon.colcon_core.shell:Creating environment hook '/home/ake/A.Ke/A.Ke_project/final_project/src/basketball_final/install/basketball_final/share/basketball_final/hook/cmake_prefix_path.ps1'
[24.800s] INFO:colcon.colcon_core.shell:Creating environment descriptor '/home/ake/A.Ke/A.Ke_project/final_project/src/basketball_final/install/basketball_final/share/basketball_final/hook/cmake_prefix_path.dsv'
[24.808s] INFO:colcon.colcon_core.shell:Creating environment hook '/home/ake/A.Ke/A.Ke_project/final_project/src/basketball_final/install/basketball_final/share/basketball_final/hook/cmake_prefix_path.sh'
[24.811s] Level 1:colcon.colcon_core.environment:checking '/home/ake/A.Ke/A.Ke_project/final_project/src/basketball_final/install/basketball_final/lib'
[24.811s] Level 1:colcon.colcon_core.environment:checking '/home/ake/A.Ke/A.Ke_project/final_project/src/basketball_final/install/basketball_final/bin'
[24.811s] Level 1:colcon.colcon_core.environment:checking '/home/ake/A.Ke/A.Ke_project/final_project/src/basketball_final/install/basketball_final/lib/pkgconfig/basketball_final.pc'
[24.812s] Level 1:colcon.colcon_core.environment:checking '/home/ake/A.Ke/A.Ke_project/final_project/src/basketball_final/install/basketball_final/lib/python3.10/site-packages'
[24.813s] Level 1:colcon.colcon_core.environment:checking '/home/ake/A.Ke/A.Ke_project/final_project/src/basketball_final/install/basketball_final/bin'
[24.813s] INFO:colcon.colcon_core.shell:Creating package script '/home/ake/A.Ke/A.Ke_project/final_project/src/basketball_final/install/basketball_final/share/basketball_final/package.ps1'
[24.816s] INFO:colcon.colcon_core.shell:Creating package descriptor '/home/ake/A.Ke/A.Ke_project/final_project/src/basketball_final/install/basketball_final/share/basketball_final/package.dsv'
[24.818s] INFO:colcon.colcon_core.shell:Creating package script '/home/ake/A.Ke/A.Ke_project/final_project/src/basketball_final/install/basketball_final/share/basketball_final/package.sh'
[24.820s] INFO:colcon.colcon_core.shell:Creating package script '/home/ake/A.Ke/A.Ke_project/final_project/src/basketball_final/install/basketball_final/share/basketball_final/package.bash'
[24.840s] INFO:colcon.colcon_core.shell:Creating package script '/home/ake/A.Ke/A.Ke_project/final_project/src/basketball_final/install/basketball_final/share/basketball_final/package.zsh'
[24.848s] Level 1:colcon.colcon_core.environment:create_file_with_runtime_dependencies(/home/ake/A.Ke/A.Ke_project/final_project/src/basketball_final/install/basketball_final/share/colcon-core/packages/basketball_final)
[24.974s] Level 1:colcon.colcon_core.environment:create_environment_scripts_only(basketball_final)
[24.974s] Level 1:colcon.colcon_core.environment:checking '/home/ake/A.Ke/A.Ke_project/final_project/src/basketball_final/install/basketball_final' for CMake module files
[24.977s] Level 1:colcon.colcon_core.environment:checking '/home/ake/A.Ke/A.Ke_project/final_project/src/basketball_final/install/basketball_final' for CMake config files
[24.978s] Level 1:colcon.colcon_core.shell:create_environment_hook('basketball_final', 'cmake_prefix_path')
[24.978s] INFO:colcon.colcon_core.shell:Creating environment hook '/home/ake/A.Ke/A.Ke_project/final_project/src/basketball_final/install/basketball_final/share/basketball_final/hook/cmake_prefix_path.ps1'
[24.979s] INFO:colcon.colcon_core.shell:Creating environment descriptor '/home/ake/A.Ke/A.Ke_project/final_project/src/basketball_final/install/basketball_final/share/basketball_final/hook/cmake_prefix_path.dsv'
[24.980s] INFO:colcon.colcon_core.shell:Creating environment hook '/home/ake/A.Ke/A.Ke_project/final_project/src/basketball_final/install/basketball_final/share/basketball_final/hook/cmake_prefix_path.sh'
[24.983s] Level 1:colcon.colcon_core.environment:checking '/home/ake/A.Ke/A.Ke_project/final_project/src/basketball_final/install/basketball_final/lib'
[24.983s] Level 1:colcon.colcon_core.environment:checking '/home/ake/A.Ke/A.Ke_project/final_project/src/basketball_final/install/basketball_final/bin'
[24.983s] Level 1:colcon.colcon_core.environment:checking '/home/ake/A.Ke/A.Ke_project/final_project/src/basketball_final/install/basketball_final/lib/pkgconfig/basketball_final.pc'
[24.983s] Level 1:colcon.colcon_core.environment:checking '/home/ake/A.Ke/A.Ke_project/final_project/src/basketball_final/install/basketball_final/lib/python3.10/site-packages'
[24.985s] Level 1:colcon.colcon_core.environment:checking '/home/ake/A.Ke/A.Ke_project/final_project/src/basketball_final/install/basketball_final/bin'
[24.985s] INFO:colcon.colcon_core.shell:Creating package script '/home/ake/A.Ke/A.Ke_project/final_project/src/basketball_final/install/basketball_final/share/basketball_final/package.ps1'
[24.987s] INFO:colcon.colcon_core.shell:Creating package descriptor '/home/ake/A.Ke/A.Ke_project/final_project/src/basketball_final/install/basketball_final/share/basketball_final/package.dsv'
[24.989s] INFO:colcon.colcon_core.shell:Creating package script '/home/ake/A.Ke/A.Ke_project/final_project/src/basketball_final/install/basketball_final/share/basketball_final/package.sh'
[24.990s] INFO:colcon.colcon_core.shell:Creating package script '/home/ake/A.Ke/A.Ke_project/final_project/src/basketball_final/install/basketball_final/share/basketball_final/package.bash'
[24.991s] INFO:colcon.colcon_core.shell:Creating package script '/home/ake/A.Ke/A.Ke_project/final_project/src/basketball_final/install/basketball_final/share/basketball_final/package.zsh'
[24.992s] Level 1:colcon.colcon_core.environment:create_file_with_runtime_dependencies(/home/ake/A.Ke/A.Ke_project/final_project/src/basketball_final/install/basketball_final/share/colcon-core/packages/basketball_final)
[24.993s] DEBUG:colcon.colcon_parallel_executor.executor.parallel:closing loop
[24.995s] DEBUG:colcon.colcon_parallel_executor.executor.parallel:loop closed
[24.995s] DEBUG:colcon.colcon_parallel_executor.executor.parallel:run_until_complete finished with '0'
[24.995s] DEBUG:colcon.colcon_core.event_reactor:joining thread
[25.046s] INFO:colcon.colcon_core.plugin_system:Skipping extension 'colcon_notification.desktop_notification.terminal_notifier': Not used on non-Darwin systems
[25.046s] INFO:colcon.colcon_core.plugin_system:Skipping extension 'colcon_notification.desktop_notification.win32': Not used on non-Windows systems
[25.046s] INFO:colcon.colcon_notification.desktop_notification:Sending desktop notification using 'notify2'
[25.288s] DEBUG:colcon.colcon_core.event_reactor:joined thread
[25.289s] INFO:colcon.colcon_core.shell:Creating prefix script '/home/ake/A.Ke/A.Ke_project/final_project/src/basketball_final/install/local_setup.ps1'
[25.305s] INFO:colcon.colcon_core.shell:Creating prefix util module '/home/ake/A.Ke/A.Ke_project/final_project/src/basketball_final/install/_local_setup_util_ps1.py'
[25.331s] INFO:colcon.colcon_core.shell:Creating prefix chain script '/home/ake/A.Ke/A.Ke_project/final_project/src/basketball_final/install/setup.ps1'
[25.334s] INFO:colcon.colcon_core.shell:Creating prefix script '/home/ake/A.Ke/A.Ke_project/final_project/src/basketball_final/install/local_setup.sh'
[25.338s] INFO:colcon.colcon_core.shell:Creating prefix util module '/home/ake/A.Ke/A.Ke_project/final_project/src/basketball_final/install/_local_setup_util_sh.py'
[25.339s] INFO:colcon.colcon_core.shell:Creating prefix chain script '/home/ake/A.Ke/A.Ke_project/final_project/src/basketball_final/install/setup.sh'
[25.342s] INFO:colcon.colcon_core.shell:Creating prefix script '/home/ake/A.Ke/A.Ke_project/final_project/src/basketball_final/install/local_setup.bash'
[25.360s] INFO:colcon.colcon_core.shell:Creating prefix chain script '/home/ake/A.Ke/A.Ke_project/final_project/src/basketball_final/install/setup.bash'
[25.365s] INFO:colcon.colcon_core.shell:Creating prefix script '/home/ake/A.Ke/A.Ke_project/final_project/src/basketball_final/install/local_setup.zsh'
[25.384s] INFO:colcon.colcon_core.shell:Creating prefix chain script '/home/ake/A.Ke/A.Ke_project/final_project/src/basketball_final/install/setup.zsh'
