[0.134s] DEBUG:colcon:Command line arguments: ['/usr/bin/colcon', 'build']
[0.134s] DEBUG:colcon:Parsed command line arguments: Namespace(log_base=None, log_level=None, verb_name='build', build_base='build', install_base='install', merge_install=False, symlink_install=False, test_result_base=None, continue_on_error=False, executor='parallel', parallel_workers=2, event_handlers=None, ignore_user_meta=False, metas=['./colcon.meta'], base_paths=['.'], packages_ignore=None, packages_ignore_regex=None, paths=None, packages_up_to=None, packages_up_to_regex=None, packages_above=None, packages_above_and_dependencies=None, packages_above_depth=None, packages_select_by_dep=None, packages_skip_by_dep=None, packages_skip_up_to=None, packages_select_build_failed=False, packages_skip_build_finished=False, packages_select_test_failures=False, packages_skip_test_passed=False, packages_select=None, packages_skip=None, packages_select_regex=None, packages_skip_regex=None, packages_start=None, packages_end=None, allow_overriding=[], cmake_args=None, cmake_target=None, cmake_target_skip_unavailable=False, cmake_clean_cache=False, cmake_clean_first=False, cmake_force_configure=False, ament_cmake_args=None, catkin_cmake_args=None, catkin_skip_building_tests=False, verb_parser=<colcon_defaults.argument_parser.defaults.DefaultArgumentsDecorator object at 0x7b39a5be48e0>, verb_extension=<colcon_core.verb.build.BuildVerb object at 0x7b39a5be4340>, main=<bound method BuildVerb.main of <colcon_core.verb.build.BuildVerb object at 0x7b39a5be4340>>)
[0.387s] Level 1:colcon.colcon_core.package_discovery:discover_packages(colcon_meta) check parameters
[0.387s] Level 1:colcon.colcon_core.package_discovery:discover_packages(recursive) check parameters
[0.387s] Level 1:colcon.colcon_core.package_discovery:discover_packages(ignore) check parameters
[0.387s] Level 1:colcon.colcon_core.package_discovery:discover_packages(path) check parameters
[0.387s] Level 1:colcon.colcon_core.package_discovery:discover_packages(colcon_meta) discover
[0.387s] Level 1:colcon.colcon_core.package_discovery:discover_packages(recursive) discover
[0.388s] INFO:colcon.colcon_core.package_discovery:Crawling recursively for packages in '/home/ake/A.Ke/A.Ke_project/final_project/src/basketball_final'
[0.388s] Level 1:colcon.colcon_core.package_identification:_identify(.) by extensions ['ignore', 'ignore_ament_install']
[0.388s] Level 1:colcon.colcon_core.package_identification:_identify(.) by extension 'ignore'
[0.388s] Level 1:colcon.colcon_core.package_identification:_identify(.) by extension 'ignore_ament_install'
[0.388s] Level 1:colcon.colcon_core.package_identification:_identify(.) by extensions ['colcon_pkg']
[0.388s] Level 1:colcon.colcon_core.package_identification:_identify(.) by extension 'colcon_pkg'
[0.388s] Level 1:colcon.colcon_core.package_identification:_identify(.) by extensions ['colcon_meta']
[0.388s] Level 1:colcon.colcon_core.package_identification:_identify(.) by extension 'colcon_meta'
[0.388s] Level 1:colcon.colcon_core.package_identification:_identify(.) by extensions ['ros']
[0.388s] Level 1:colcon.colcon_core.package_identification:_identify(.) by extension 'ros'
[0.406s] DEBUG:colcon.colcon_core.package_identification:Package '.' with type 'ros.ament_cmake' and name 'basketball_final'
[0.407s] Level 1:colcon.colcon_core.package_discovery:discover_packages(recursive) using defaults
[0.407s] Level 1:colcon.colcon_core.package_discovery:discover_packages(ignore) discover
[0.407s] Level 1:colcon.colcon_core.package_discovery:discover_packages(ignore) using defaults
[0.407s] Level 1:colcon.colcon_core.package_discovery:discover_packages(path) discover
[0.407s] Level 1:colcon.colcon_core.package_discovery:discover_packages(path) using defaults
[0.431s] Level 1:colcon.colcon_core.package_discovery:discover_packages(prefix_path) check parameters
[0.431s] Level 1:colcon.colcon_core.package_discovery:discover_packages(prefix_path) discover
[0.434s] DEBUG:colcon.colcon_installed_package_information.package_discovery:Found 1 installed packages in /home/ake/A.Ke/A.Ke_project/final_project/src/basketball_final/install
[0.437s] DEBUG:colcon.colcon_installed_package_information.package_discovery:Found 313 installed packages in /opt/ros/humble
[0.440s] Level 1:colcon.colcon_core.package_discovery:discover_packages(prefix_path) using defaults
[0.511s] Level 5:colcon.colcon_core.verb:set package 'basketball_final' build argument 'cmake_args' from command line to 'None'
[0.511s] Level 5:colcon.colcon_core.verb:set package 'basketball_final' build argument 'cmake_target' from command line to 'None'
[0.511s] Level 5:colcon.colcon_core.verb:set package 'basketball_final' build argument 'cmake_target_skip_unavailable' from command line to 'False'
[0.511s] Level 5:colcon.colcon_core.verb:set package 'basketball_final' build argument 'cmake_clean_cache' from command line to 'False'
[0.511s] Level 5:colcon.colcon_core.verb:set package 'basketball_final' build argument 'cmake_clean_first' from command line to 'False'
[0.511s] Level 5:colcon.colcon_core.verb:set package 'basketball_final' build argument 'cmake_force_configure' from command line to 'False'
[0.511s] Level 5:colcon.colcon_core.verb:set package 'basketball_final' build argument 'ament_cmake_args' from command line to 'None'
[0.512s] Level 5:colcon.colcon_core.verb:set package 'basketball_final' build argument 'catkin_cmake_args' from command line to 'None'
[0.512s] Level 5:colcon.colcon_core.verb:set package 'basketball_final' build argument 'catkin_skip_building_tests' from command line to 'False'
[0.512s] DEBUG:colcon.colcon_core.verb:Building package 'basketball_final' with the following arguments: {'ament_cmake_args': None, 'build_base': '/home/ake/A.Ke/A.Ke_project/final_project/src/basketball_final/build/basketball_final', 'catkin_cmake_args': None, 'catkin_skip_building_tests': False, 'cmake_args': None, 'cmake_clean_cache': False, 'cmake_clean_first': False, 'cmake_force_configure': False, 'cmake_target': None, 'cmake_target_skip_unavailable': False, 'install_base': '/home/ake/A.Ke/A.Ke_project/final_project/src/basketball_final/install/basketball_final', 'merge_install': False, 'path': '/home/ake/A.Ke/A.Ke_project/final_project/src/basketball_final', 'symlink_install': False, 'test_result_base': None}
[0.512s] INFO:colcon.colcon_core.executor:Executing jobs using 'parallel' executor
[0.514s] DEBUG:colcon.colcon_parallel_executor.executor.parallel:run_until_complete
[0.515s] INFO:colcon.colcon_ros.task.ament_cmake.build:Building ROS package in '/home/ake/A.Ke/A.Ke_project/final_project/src/basketball_final' with build type 'ament_cmake'
[0.515s] INFO:colcon.colcon_cmake.task.cmake.build:Building CMake package in '/home/ake/A.Ke/A.Ke_project/final_project/src/basketball_final'
[0.518s] INFO:colcon.colcon_core.plugin_system:Skipping extension 'colcon_core.shell.bat': Not used on non-Windows systems
[0.518s] INFO:colcon.colcon_core.shell:Skip shell extension 'powershell' for command environment: Not usable outside of PowerShell
[0.518s] DEBUG:colcon.colcon_core.shell:Skip shell extension 'dsv' for command environment
[0.540s] DEBUG:colcon.colcon_core.event_handler.log_command:Invoking command in '/home/ake/A.Ke/A.Ke_project/final_project/src/basketball_final/build/basketball_final': CMAKE_PREFIX_PATH=${CMAKE_PREFIX_PATH}:/opt/ros/humble CONDA_PROMPT_MODIFIER=(base) /usr/bin/cmake --build /home/ake/A.Ke/A.Ke_project/final_project/src/basketball_final/build/basketball_final -- -j2 -l2
[2.838s] DEBUG:colcon.colcon_core.event_handler.log_command:Invoked command in '/home/ake/A.Ke/A.Ke_project/final_project/src/basketball_final/build/basketball_final' returned '0': CMAKE_PREFIX_PATH=${CMAKE_PREFIX_PATH}:/opt/ros/humble CONDA_PROMPT_MODIFIER=(base) /usr/bin/cmake --build /home/ake/A.Ke/A.Ke_project/final_project/src/basketball_final/build/basketball_final -- -j2 -l2
[2.966s] DEBUG:colcon.colcon_core.event_handler.log_command:Invoking command in '/home/ake/A.Ke/A.Ke_project/final_project/src/basketball_final/build/basketball_final': CMAKE_PREFIX_PATH=${CMAKE_PREFIX_PATH}:/opt/ros/humble CONDA_PROMPT_MODIFIER=(base) /usr/bin/cmake --install /home/ake/A.Ke/A.Ke_project/final_project/src/basketball_final/build/basketball_final
[2.995s] Level 1:colcon.colcon_core.environment:create_environment_scripts_only(basketball_final)
[2.996s] DEBUG:colcon.colcon_core.event_handler.log_command:Invoked command in '/home/ake/A.Ke/A.Ke_project/final_project/src/basketball_final/build/basketball_final' returned '0': CMAKE_PREFIX_PATH=${CMAKE_PREFIX_PATH}:/opt/ros/humble CONDA_PROMPT_MODIFIER=(base) /usr/bin/cmake --install /home/ake/A.Ke/A.Ke_project/final_project/src/basketball_final/build/basketball_final
[3.000s] Level 1:colcon.colcon_core.environment:checking '/home/ake/A.Ke/A.Ke_project/final_project/src/basketball_final/install/basketball_final' for CMake module files
[3.001s] Level 1:colcon.colcon_core.environment:checking '/home/ake/A.Ke/A.Ke_project/final_project/src/basketball_final/install/basketball_final' for CMake config files
[3.002s] Level 1:colcon.colcon_core.shell:create_environment_hook('basketball_final', 'cmake_prefix_path')
[3.002s] INFO:colcon.colcon_core.shell:Creating environment hook '/home/ake/A.Ke/A.Ke_project/final_project/src/basketball_final/install/basketball_final/share/basketball_final/hook/cmake_prefix_path.ps1'
[3.003s] INFO:colcon.colcon_core.shell:Creating environment descriptor '/home/ake/A.Ke/A.Ke_project/final_project/src/basketball_final/install/basketball_final/share/basketball_final/hook/cmake_prefix_path.dsv'
[3.004s] INFO:colcon.colcon_core.shell:Creating environment hook '/home/ake/A.Ke/A.Ke_project/final_project/src/basketball_final/install/basketball_final/share/basketball_final/hook/cmake_prefix_path.sh'
[3.006s] Level 1:colcon.colcon_core.environment:checking '/home/ake/A.Ke/A.Ke_project/final_project/src/basketball_final/install/basketball_final/lib'
[3.006s] Level 1:colcon.colcon_core.environment:checking '/home/ake/A.Ke/A.Ke_project/final_project/src/basketball_final/install/basketball_final/bin'
[3.006s] Level 1:colcon.colcon_core.environment:checking '/home/ake/A.Ke/A.Ke_project/final_project/src/basketball_final/install/basketball_final/lib/pkgconfig/basketball_final.pc'
[3.007s] Level 1:colcon.colcon_core.environment:checking '/home/ake/A.Ke/A.Ke_project/final_project/src/basketball_final/install/basketball_final/lib/python3.10/site-packages'
[3.007s] Level 1:colcon.colcon_core.environment:checking '/home/ake/A.Ke/A.Ke_project/final_project/src/basketball_final/install/basketball_final/bin'
[3.008s] INFO:colcon.colcon_core.shell:Creating package script '/home/ake/A.Ke/A.Ke_project/final_project/src/basketball_final/install/basketball_final/share/basketball_final/package.ps1'
[3.009s] INFO:colcon.colcon_core.shell:Creating package descriptor '/home/ake/A.Ke/A.Ke_project/final_project/src/basketball_final/install/basketball_final/share/basketball_final/package.dsv'
[3.011s] INFO:colcon.colcon_core.shell:Creating package script '/home/ake/A.Ke/A.Ke_project/final_project/src/basketball_final/install/basketball_final/share/basketball_final/package.sh'
[3.012s] INFO:colcon.colcon_core.shell:Creating package script '/home/ake/A.Ke/A.Ke_project/final_project/src/basketball_final/install/basketball_final/share/basketball_final/package.bash'
[3.013s] INFO:colcon.colcon_core.shell:Creating package script '/home/ake/A.Ke/A.Ke_project/final_project/src/basketball_final/install/basketball_final/share/basketball_final/package.zsh'
[3.014s] Level 1:colcon.colcon_core.environment:create_file_with_runtime_dependencies(/home/ake/A.Ke/A.Ke_project/final_project/src/basketball_final/install/basketball_final/share/colcon-core/packages/basketball_final)
[3.099s] Level 1:colcon.colcon_core.environment:create_environment_scripts_only(basketball_final)
[3.099s] Level 1:colcon.colcon_core.environment:checking '/home/ake/A.Ke/A.Ke_project/final_project/src/basketball_final/install/basketball_final' for CMake module files
[3.100s] Level 1:colcon.colcon_core.environment:checking '/home/ake/A.Ke/A.Ke_project/final_project/src/basketball_final/install/basketball_final' for CMake config files
[3.100s] Level 1:colcon.colcon_core.shell:create_environment_hook('basketball_final', 'cmake_prefix_path')
[3.100s] INFO:colcon.colcon_core.shell:Creating environment hook '/home/ake/A.Ke/A.Ke_project/final_project/src/basketball_final/install/basketball_final/share/basketball_final/hook/cmake_prefix_path.ps1'
[3.101s] INFO:colcon.colcon_core.shell:Creating environment descriptor '/home/ake/A.Ke/A.Ke_project/final_project/src/basketball_final/install/basketball_final/share/basketball_final/hook/cmake_prefix_path.dsv'
[3.102s] INFO:colcon.colcon_core.shell:Creating environment hook '/home/ake/A.Ke/A.Ke_project/final_project/src/basketball_final/install/basketball_final/share/basketball_final/hook/cmake_prefix_path.sh'
[3.103s] Level 1:colcon.colcon_core.environment:checking '/home/ake/A.Ke/A.Ke_project/final_project/src/basketball_final/install/basketball_final/lib'
[3.103s] Level 1:colcon.colcon_core.environment:checking '/home/ake/A.Ke/A.Ke_project/final_project/src/basketball_final/install/basketball_final/bin'
[3.103s] Level 1:colcon.colcon_core.environment:checking '/home/ake/A.Ke/A.Ke_project/final_project/src/basketball_final/install/basketball_final/lib/pkgconfig/basketball_final.pc'
[3.103s] Level 1:colcon.colcon_core.environment:checking '/home/ake/A.Ke/A.Ke_project/final_project/src/basketball_final/install/basketball_final/lib/python3.10/site-packages'
[3.103s] Level 1:colcon.colcon_core.environment:checking '/home/ake/A.Ke/A.Ke_project/final_project/src/basketball_final/install/basketball_final/bin'
[3.104s] INFO:colcon.colcon_core.shell:Creating package script '/home/ake/A.Ke/A.Ke_project/final_project/src/basketball_final/install/basketball_final/share/basketball_final/package.ps1'
[3.105s] INFO:colcon.colcon_core.shell:Creating package descriptor '/home/ake/A.Ke/A.Ke_project/final_project/src/basketball_final/install/basketball_final/share/basketball_final/package.dsv'
[3.105s] INFO:colcon.colcon_core.shell:Creating package script '/home/ake/A.Ke/A.Ke_project/final_project/src/basketball_final/install/basketball_final/share/basketball_final/package.sh'
[3.106s] INFO:colcon.colcon_core.shell:Creating package script '/home/ake/A.Ke/A.Ke_project/final_project/src/basketball_final/install/basketball_final/share/basketball_final/package.bash'
[3.107s] INFO:colcon.colcon_core.shell:Creating package script '/home/ake/A.Ke/A.Ke_project/final_project/src/basketball_final/install/basketball_final/share/basketball_final/package.zsh'
[3.107s] Level 1:colcon.colcon_core.environment:create_file_with_runtime_dependencies(/home/ake/A.Ke/A.Ke_project/final_project/src/basketball_final/install/basketball_final/share/colcon-core/packages/basketball_final)
[3.108s] DEBUG:colcon.colcon_parallel_executor.executor.parallel:closing loop
[3.109s] DEBUG:colcon.colcon_parallel_executor.executor.parallel:loop closed
[3.109s] DEBUG:colcon.colcon_parallel_executor.executor.parallel:run_until_complete finished with '0'
[3.109s] DEBUG:colcon.colcon_core.event_reactor:joining thread
[3.117s] INFO:colcon.colcon_core.plugin_system:Skipping extension 'colcon_notification.desktop_notification.terminal_notifier': Not used on non-Darwin systems
[3.117s] INFO:colcon.colcon_core.plugin_system:Skipping extension 'colcon_notification.desktop_notification.win32': Not used on non-Windows systems
[3.117s] INFO:colcon.colcon_notification.desktop_notification:Sending desktop notification using 'notify2'
[3.159s] DEBUG:colcon.colcon_core.event_reactor:joined thread
[3.159s] INFO:colcon.colcon_core.shell:Creating prefix script '/home/ake/A.Ke/A.Ke_project/final_project/src/basketball_final/install/local_setup.ps1'
[3.162s] INFO:colcon.colcon_core.shell:Creating prefix util module '/home/ake/A.Ke/A.Ke_project/final_project/src/basketball_final/install/_local_setup_util_ps1.py'
[3.164s] INFO:colcon.colcon_core.shell:Creating prefix chain script '/home/ake/A.Ke/A.Ke_project/final_project/src/basketball_final/install/setup.ps1'
[3.167s] INFO:colcon.colcon_core.shell:Creating prefix script '/home/ake/A.Ke/A.Ke_project/final_project/src/basketball_final/install/local_setup.sh'
[3.167s] INFO:colcon.colcon_core.shell:Creating prefix util module '/home/ake/A.Ke/A.Ke_project/final_project/src/basketball_final/install/_local_setup_util_sh.py'
[3.168s] INFO:colcon.colcon_core.shell:Creating prefix chain script '/home/ake/A.Ke/A.Ke_project/final_project/src/basketball_final/install/setup.sh'
[3.172s] INFO:colcon.colcon_core.shell:Creating prefix script '/home/ake/A.Ke/A.Ke_project/final_project/src/basketball_final/install/local_setup.bash'
[3.173s] INFO:colcon.colcon_core.shell:Creating prefix chain script '/home/ake/A.Ke/A.Ke_project/final_project/src/basketball_final/install/setup.bash'
[3.175s] INFO:colcon.colcon_core.shell:Creating prefix script '/home/ake/A.Ke/A.Ke_project/final_project/src/basketball_final/install/local_setup.zsh'
[3.176s] INFO:colcon.colcon_core.shell:Creating prefix chain script '/home/ake/A.Ke/A.Ke_project/final_project/src/basketball_final/install/setup.zsh'
