[0.148s] DEBUG:colcon:Command line arguments: ['/usr/bin/colcon', 'build']
[0.148s] DEBUG:colcon:Parsed command line arguments: Namespace(log_base=None, log_level=None, verb_name='build', build_base='build', install_base='install', merge_install=False, symlink_install=False, test_result_base=None, continue_on_error=False, executor='parallel', parallel_workers=2, event_handlers=None, ignore_user_meta=False, metas=['./colcon.meta'], base_paths=['.'], packages_ignore=None, packages_ignore_regex=None, paths=None, packages_up_to=None, packages_up_to_regex=None, packages_above=None, packages_above_and_dependencies=None, packages_above_depth=None, packages_select_by_dep=None, packages_skip_by_dep=None, packages_skip_up_to=None, packages_select_build_failed=False, packages_skip_build_finished=False, packages_select_test_failures=False, packages_skip_test_passed=False, packages_select=None, packages_skip=None, packages_select_regex=None, packages_skip_regex=None, packages_start=None, packages_end=None, allow_overriding=[], cmake_args=None, cmake_target=None, cmake_target_skip_unavailable=False, cmake_clean_cache=False, cmake_clean_first=False, cmake_force_configure=False, ament_cmake_args=None, catkin_cmake_args=None, catkin_skip_building_tests=False, verb_parser=<colcon_defaults.argument_parser.defaults.DefaultArgumentsDecorator object at 0x7d8dcb24c820>, verb_extension=<colcon_core.verb.build.BuildVerb object at 0x7d8dcb24c280>, main=<bound method BuildVerb.main of <colcon_core.verb.build.BuildVerb object at 0x7d8dcb24c280>>)
[0.388s] Level 1:colcon.colcon_core.package_discovery:discover_packages(colcon_meta) check parameters
[0.389s] Level 1:colcon.colcon_core.package_discovery:discover_packages(recursive) check parameters
[0.389s] Level 1:colcon.colcon_core.package_discovery:discover_packages(ignore) check parameters
[0.389s] Level 1:colcon.colcon_core.package_discovery:discover_packages(path) check parameters
[0.389s] Level 1:colcon.colcon_core.package_discovery:discover_packages(colcon_meta) discover
[0.389s] Level 1:colcon.colcon_core.package_discovery:discover_packages(recursive) discover
[0.389s] INFO:colcon.colcon_core.package_discovery:Crawling recursively for packages in '/home/ake/A.Ke/A.Ke_project/cam_PnP/src/pnp_learn'
[0.390s] Level 1:colcon.colcon_core.package_identification:_identify(.) by extensions ['ignore', 'ignore_ament_install']
[0.390s] Level 1:colcon.colcon_core.package_identification:_identify(.) by extension 'ignore'
[0.390s] Level 1:colcon.colcon_core.package_identification:_identify(.) by extension 'ignore_ament_install'
[0.390s] Level 1:colcon.colcon_core.package_identification:_identify(.) by extensions ['colcon_pkg']
[0.390s] Level 1:colcon.colcon_core.package_identification:_identify(.) by extension 'colcon_pkg'
[0.390s] Level 1:colcon.colcon_core.package_identification:_identify(.) by extensions ['colcon_meta']
[0.390s] Level 1:colcon.colcon_core.package_identification:_identify(.) by extension 'colcon_meta'
[0.390s] Level 1:colcon.colcon_core.package_identification:_identify(.) by extensions ['ros']
[0.391s] Level 1:colcon.colcon_core.package_identification:_identify(.) by extension 'ros'
[0.410s] DEBUG:colcon.colcon_core.package_identification:Package '.' with type 'ros.ament_cmake' and name 'pnp_learn'
[0.411s] Level 1:colcon.colcon_core.package_discovery:discover_packages(recursive) using defaults
[0.411s] Level 1:colcon.colcon_core.package_discovery:discover_packages(ignore) discover
[0.411s] Level 1:colcon.colcon_core.package_discovery:discover_packages(ignore) using defaults
[0.411s] Level 1:colcon.colcon_core.package_discovery:discover_packages(path) discover
[0.411s] Level 1:colcon.colcon_core.package_discovery:discover_packages(path) using defaults
[0.438s] Level 1:colcon.colcon_core.package_discovery:discover_packages(prefix_path) check parameters
[0.438s] Level 1:colcon.colcon_core.package_discovery:discover_packages(prefix_path) discover
[0.440s] DEBUG:colcon.colcon_installed_package_information.package_discovery:Found 1 installed packages in /home/ake/A.Ke/A.Ke_project/cam_PnP/src/pnp_learn/install
[0.444s] DEBUG:colcon.colcon_installed_package_information.package_discovery:Found 313 installed packages in /opt/ros/humble
[0.447s] Level 1:colcon.colcon_core.package_discovery:discover_packages(prefix_path) using defaults
[0.522s] Level 5:colcon.colcon_core.verb:set package 'pnp_learn' build argument 'cmake_args' from command line to 'None'
[0.523s] Level 5:colcon.colcon_core.verb:set package 'pnp_learn' build argument 'cmake_target' from command line to 'None'
[0.523s] Level 5:colcon.colcon_core.verb:set package 'pnp_learn' build argument 'cmake_target_skip_unavailable' from command line to 'False'
[0.523s] Level 5:colcon.colcon_core.verb:set package 'pnp_learn' build argument 'cmake_clean_cache' from command line to 'False'
[0.523s] Level 5:colcon.colcon_core.verb:set package 'pnp_learn' build argument 'cmake_clean_first' from command line to 'False'
[0.523s] Level 5:colcon.colcon_core.verb:set package 'pnp_learn' build argument 'cmake_force_configure' from command line to 'False'
[0.523s] Level 5:colcon.colcon_core.verb:set package 'pnp_learn' build argument 'ament_cmake_args' from command line to 'None'
[0.523s] Level 5:colcon.colcon_core.verb:set package 'pnp_learn' build argument 'catkin_cmake_args' from command line to 'None'
[0.524s] Level 5:colcon.colcon_core.verb:set package 'pnp_learn' build argument 'catkin_skip_building_tests' from command line to 'False'
[0.524s] DEBUG:colcon.colcon_core.verb:Building package 'pnp_learn' with the following arguments: {'ament_cmake_args': None, 'build_base': '/home/ake/A.Ke/A.Ke_project/cam_PnP/src/pnp_learn/build/pnp_learn', 'catkin_cmake_args': None, 'catkin_skip_building_tests': False, 'cmake_args': None, 'cmake_clean_cache': False, 'cmake_clean_first': False, 'cmake_force_configure': False, 'cmake_target': None, 'cmake_target_skip_unavailable': False, 'install_base': '/home/ake/A.Ke/A.Ke_project/cam_PnP/src/pnp_learn/install/pnp_learn', 'merge_install': False, 'path': '/home/ake/A.Ke/A.Ke_project/cam_PnP/src/pnp_learn', 'symlink_install': False, 'test_result_base': None}
[0.524s] INFO:colcon.colcon_core.executor:Executing jobs using 'parallel' executor
[0.527s] DEBUG:colcon.colcon_parallel_executor.executor.parallel:run_until_complete
[0.527s] INFO:colcon.colcon_ros.task.ament_cmake.build:Building ROS package in '/home/ake/A.Ke/A.Ke_project/cam_PnP/src/pnp_learn' with build type 'ament_cmake'
[0.527s] INFO:colcon.colcon_cmake.task.cmake.build:Building CMake package in '/home/ake/A.Ke/A.Ke_project/cam_PnP/src/pnp_learn'
[0.531s] INFO:colcon.colcon_core.plugin_system:Skipping extension 'colcon_core.shell.bat': Not used on non-Windows systems
[0.531s] INFO:colcon.colcon_core.shell:Skip shell extension 'powershell' for command environment: Not usable outside of PowerShell
[0.531s] DEBUG:colcon.colcon_core.shell:Skip shell extension 'dsv' for command environment
[0.557s] DEBUG:colcon.colcon_core.event_handler.log_command:Invoking command in '/home/ake/A.Ke/A.Ke_project/cam_PnP/src/pnp_learn/build/pnp_learn': CMAKE_PREFIX_PATH=${CMAKE_PREFIX_PATH}:/opt/ros/humble CONDA_PROMPT_MODIFIER=(base) /usr/bin/cmake --build /home/ake/A.Ke/A.Ke_project/cam_PnP/src/pnp_learn/build/pnp_learn -- -j2 -l2
[11.901s] DEBUG:colcon.colcon_core.event_handler.log_command:Invoked command in '/home/ake/A.Ke/A.Ke_project/cam_PnP/src/pnp_learn/build/pnp_learn' returned '0': CMAKE_PREFIX_PATH=${CMAKE_PREFIX_PATH}:/opt/ros/humble CONDA_PROMPT_MODIFIER=(base) /usr/bin/cmake --build /home/ake/A.Ke/A.Ke_project/cam_PnP/src/pnp_learn/build/pnp_learn -- -j2 -l2
[12.006s] DEBUG:colcon.colcon_core.event_handler.log_command:Invoking command in '/home/ake/A.Ke/A.Ke_project/cam_PnP/src/pnp_learn/build/pnp_learn': CMAKE_PREFIX_PATH=${CMAKE_PREFIX_PATH}:/opt/ros/humble CONDA_PROMPT_MODIFIER=(base) /usr/bin/cmake --install /home/ake/A.Ke/A.Ke_project/cam_PnP/src/pnp_learn/build/pnp_learn
[12.031s] Level 1:colcon.colcon_core.environment:create_environment_scripts_only(pnp_learn)
[12.033s] DEBUG:colcon.colcon_core.event_handler.log_command:Invoked command in '/home/ake/A.Ke/A.Ke_project/cam_PnP/src/pnp_learn/build/pnp_learn' returned '0': CMAKE_PREFIX_PATH=${CMAKE_PREFIX_PATH}:/opt/ros/humble CONDA_PROMPT_MODIFIER=(base) /usr/bin/cmake --install /home/ake/A.Ke/A.Ke_project/cam_PnP/src/pnp_learn/build/pnp_learn
[12.036s] Level 1:colcon.colcon_core.environment:checking '/home/ake/A.Ke/A.Ke_project/cam_PnP/src/pnp_learn/install/pnp_learn' for CMake module files
[12.037s] Level 1:colcon.colcon_core.environment:checking '/home/ake/A.Ke/A.Ke_project/cam_PnP/src/pnp_learn/install/pnp_learn' for CMake config files
[12.037s] Level 1:colcon.colcon_core.shell:create_environment_hook('pnp_learn', 'cmake_prefix_path')
[12.038s] INFO:colcon.colcon_core.shell:Creating environment hook '/home/ake/A.Ke/A.Ke_project/cam_PnP/src/pnp_learn/install/pnp_learn/share/pnp_learn/hook/cmake_prefix_path.ps1'
[12.039s] INFO:colcon.colcon_core.shell:Creating environment descriptor '/home/ake/A.Ke/A.Ke_project/cam_PnP/src/pnp_learn/install/pnp_learn/share/pnp_learn/hook/cmake_prefix_path.dsv'
[12.039s] INFO:colcon.colcon_core.shell:Creating environment hook '/home/ake/A.Ke/A.Ke_project/cam_PnP/src/pnp_learn/install/pnp_learn/share/pnp_learn/hook/cmake_prefix_path.sh'
[12.041s] Level 1:colcon.colcon_core.environment:checking '/home/ake/A.Ke/A.Ke_project/cam_PnP/src/pnp_learn/install/pnp_learn/lib'
[12.041s] Level 1:colcon.colcon_core.environment:checking '/home/ake/A.Ke/A.Ke_project/cam_PnP/src/pnp_learn/install/pnp_learn/bin'
[12.042s] Level 1:colcon.colcon_core.environment:checking '/home/ake/A.Ke/A.Ke_project/cam_PnP/src/pnp_learn/install/pnp_learn/lib/pkgconfig/pnp_learn.pc'
[12.042s] Level 1:colcon.colcon_core.environment:checking '/home/ake/A.Ke/A.Ke_project/cam_PnP/src/pnp_learn/install/pnp_learn/lib/python3.10/site-packages'
[12.042s] Level 1:colcon.colcon_core.environment:checking '/home/ake/A.Ke/A.Ke_project/cam_PnP/src/pnp_learn/install/pnp_learn/bin'
[12.042s] INFO:colcon.colcon_core.shell:Creating package script '/home/ake/A.Ke/A.Ke_project/cam_PnP/src/pnp_learn/install/pnp_learn/share/pnp_learn/package.ps1'
[12.044s] INFO:colcon.colcon_core.shell:Creating package descriptor '/home/ake/A.Ke/A.Ke_project/cam_PnP/src/pnp_learn/install/pnp_learn/share/pnp_learn/package.dsv'
[12.044s] INFO:colcon.colcon_core.shell:Creating package script '/home/ake/A.Ke/A.Ke_project/cam_PnP/src/pnp_learn/install/pnp_learn/share/pnp_learn/package.sh'
[12.045s] INFO:colcon.colcon_core.shell:Creating package script '/home/ake/A.Ke/A.Ke_project/cam_PnP/src/pnp_learn/install/pnp_learn/share/pnp_learn/package.bash'
[12.046s] INFO:colcon.colcon_core.shell:Creating package script '/home/ake/A.Ke/A.Ke_project/cam_PnP/src/pnp_learn/install/pnp_learn/share/pnp_learn/package.zsh'
[12.049s] Level 1:colcon.colcon_core.environment:create_file_with_runtime_dependencies(/home/ake/A.Ke/A.Ke_project/cam_PnP/src/pnp_learn/install/pnp_learn/share/colcon-core/packages/pnp_learn)
[12.308s] Level 1:colcon.colcon_core.environment:create_environment_scripts_only(pnp_learn)
[12.308s] Level 1:colcon.colcon_core.environment:checking '/home/ake/A.Ke/A.Ke_project/cam_PnP/src/pnp_learn/install/pnp_learn' for CMake module files
[12.308s] Level 1:colcon.colcon_core.environment:checking '/home/ake/A.Ke/A.Ke_project/cam_PnP/src/pnp_learn/install/pnp_learn' for CMake config files
[12.309s] Level 1:colcon.colcon_core.shell:create_environment_hook('pnp_learn', 'cmake_prefix_path')
[12.309s] INFO:colcon.colcon_core.shell:Creating environment hook '/home/ake/A.Ke/A.Ke_project/cam_PnP/src/pnp_learn/install/pnp_learn/share/pnp_learn/hook/cmake_prefix_path.ps1'
[12.309s] INFO:colcon.colcon_core.shell:Creating environment descriptor '/home/ake/A.Ke/A.Ke_project/cam_PnP/src/pnp_learn/install/pnp_learn/share/pnp_learn/hook/cmake_prefix_path.dsv'
[12.310s] INFO:colcon.colcon_core.shell:Creating environment hook '/home/ake/A.Ke/A.Ke_project/cam_PnP/src/pnp_learn/install/pnp_learn/share/pnp_learn/hook/cmake_prefix_path.sh'
[12.310s] Level 1:colcon.colcon_core.environment:checking '/home/ake/A.Ke/A.Ke_project/cam_PnP/src/pnp_learn/install/pnp_learn/lib'
[12.310s] Level 1:colcon.colcon_core.environment:checking '/home/ake/A.Ke/A.Ke_project/cam_PnP/src/pnp_learn/install/pnp_learn/bin'
[12.310s] Level 1:colcon.colcon_core.environment:checking '/home/ake/A.Ke/A.Ke_project/cam_PnP/src/pnp_learn/install/pnp_learn/lib/pkgconfig/pnp_learn.pc'
[12.311s] Level 1:colcon.colcon_core.environment:checking '/home/ake/A.Ke/A.Ke_project/cam_PnP/src/pnp_learn/install/pnp_learn/lib/python3.10/site-packages'
[12.311s] Level 1:colcon.colcon_core.environment:checking '/home/ake/A.Ke/A.Ke_project/cam_PnP/src/pnp_learn/install/pnp_learn/bin'
[12.311s] INFO:colcon.colcon_core.shell:Creating package script '/home/ake/A.Ke/A.Ke_project/cam_PnP/src/pnp_learn/install/pnp_learn/share/pnp_learn/package.ps1'
[12.321s] INFO:colcon.colcon_core.shell:Creating package descriptor '/home/ake/A.Ke/A.Ke_project/cam_PnP/src/pnp_learn/install/pnp_learn/share/pnp_learn/package.dsv'
[12.321s] INFO:colcon.colcon_core.shell:Creating package script '/home/ake/A.Ke/A.Ke_project/cam_PnP/src/pnp_learn/install/pnp_learn/share/pnp_learn/package.sh'
[12.323s] INFO:colcon.colcon_core.shell:Creating package script '/home/ake/A.Ke/A.Ke_project/cam_PnP/src/pnp_learn/install/pnp_learn/share/pnp_learn/package.bash'
[12.323s] INFO:colcon.colcon_core.shell:Creating package script '/home/ake/A.Ke/A.Ke_project/cam_PnP/src/pnp_learn/install/pnp_learn/share/pnp_learn/package.zsh'
[12.324s] Level 1:colcon.colcon_core.environment:create_file_with_runtime_dependencies(/home/ake/A.Ke/A.Ke_project/cam_PnP/src/pnp_learn/install/pnp_learn/share/colcon-core/packages/pnp_learn)
[12.324s] DEBUG:colcon.colcon_parallel_executor.executor.parallel:closing loop
[12.324s] DEBUG:colcon.colcon_parallel_executor.executor.parallel:loop closed
[12.325s] DEBUG:colcon.colcon_parallel_executor.executor.parallel:run_until_complete finished with '0'
[12.325s] DEBUG:colcon.colcon_core.event_reactor:joining thread
[12.395s] INFO:colcon.colcon_core.plugin_system:Skipping extension 'colcon_notification.desktop_notification.terminal_notifier': Not used on non-Darwin systems
[12.395s] INFO:colcon.colcon_core.plugin_system:Skipping extension 'colcon_notification.desktop_notification.win32': Not used on non-Windows systems
[12.395s] INFO:colcon.colcon_notification.desktop_notification:Sending desktop notification using 'notify2'
[12.431s] DEBUG:colcon.colcon_core.event_reactor:joined thread
[12.432s] INFO:colcon.colcon_core.shell:Creating prefix script '/home/ake/A.Ke/A.Ke_project/cam_PnP/src/pnp_learn/install/local_setup.ps1'
[12.437s] INFO:colcon.colcon_core.shell:Creating prefix util module '/home/ake/A.Ke/A.Ke_project/cam_PnP/src/pnp_learn/install/_local_setup_util_ps1.py'
[12.439s] INFO:colcon.colcon_core.shell:Creating prefix chain script '/home/ake/A.Ke/A.Ke_project/cam_PnP/src/pnp_learn/install/setup.ps1'
[12.440s] INFO:colcon.colcon_core.shell:Creating prefix script '/home/ake/A.Ke/A.Ke_project/cam_PnP/src/pnp_learn/install/local_setup.sh'
[12.442s] INFO:colcon.colcon_core.shell:Creating prefix util module '/home/ake/A.Ke/A.Ke_project/cam_PnP/src/pnp_learn/install/_local_setup_util_sh.py'
[12.443s] INFO:colcon.colcon_core.shell:Creating prefix chain script '/home/ake/A.Ke/A.Ke_project/cam_PnP/src/pnp_learn/install/setup.sh'
[12.447s] INFO:colcon.colcon_core.shell:Creating prefix script '/home/ake/A.Ke/A.Ke_project/cam_PnP/src/pnp_learn/install/local_setup.bash'
[12.449s] INFO:colcon.colcon_core.shell:Creating prefix chain script '/home/ake/A.Ke/A.Ke_project/cam_PnP/src/pnp_learn/install/setup.bash'
[12.451s] INFO:colcon.colcon_core.shell:Creating prefix script '/home/ake/A.Ke/A.Ke_project/cam_PnP/src/pnp_learn/install/local_setup.zsh'
[12.453s] INFO:colcon.colcon_core.shell:Creating prefix chain script '/home/ake/A.Ke/A.Ke_project/cam_PnP/src/pnp_learn/install/setup.zsh'
