[0.103s] Invoking command in '/home/ake/A.Ke/A.Ke_project/camera_calibration/src/camera_learn/build/camera_learn': CMAKE_PREFIX_PATH=/opt/ros/humble /usr/bin/cmake --build /home/ake/A.Ke/A.Ke_project/camera_calibration/src/camera_learn/build/camera_learn -- -j2 -l2
[1.105s] [35m[1mConsolidate compiler generated dependencies of target camera_learn[0m
[1.141s] [ 50%] [32mBuilding CXX object CMakeFiles/camera_learn.dir/src/camera_learn.cpp.o[0m
[11.416s] [100%] [32m[1mLinking CXX executable camera_learn[0m
[12.081s] [100%] Built target camera_learn
[12.093s] Invoked command in '/home/ake/A.Ke/A.Ke_project/camera_calibration/src/camera_learn/build/camera_learn' returned '0': CMAKE_PREFIX_PATH=/opt/ros/humble /usr/bin/cmake --build /home/ake/A.Ke/A.Ke_project/camera_calibration/src/camera_learn/build/camera_learn -- -j2 -l2
[12.193s] Invoking command in '/home/ake/A.Ke/A.Ke_project/camera_calibration/src/camera_learn/build/camera_learn': CMAKE_PREFIX_PATH=/opt/ros/humble /usr/bin/cmake --install /home/ake/A.Ke/A.Ke_project/camera_calibration/src/camera_learn/build/camera_learn
[12.215s] -- Install configuration: ""
[12.215s] -- Installing: /home/ake/A.Ke/A.Ke_project/camera_calibration/src/camera_learn/install/camera_learn/lib/camera_learn/camera_learn
[12.217s] -- Set runtime path of "/home/ake/A.Ke/A.Ke_project/camera_calibration/src/camera_learn/install/camera_learn/lib/camera_learn/camera_learn" to ""
[12.217s] -- Up-to-date: /home/ake/A.Ke/A.Ke_project/camera_calibration/src/camera_learn/install/camera_learn/share/ament_index/resource_index/package_run_dependencies/camera_learn
[12.217s] -- Up-to-date: /home/ake/A.Ke/A.Ke_project/camera_calibration/src/camera_learn/install/camera_learn/share/ament_index/resource_index/parent_prefix_path/camera_learn
[12.217s] -- Up-to-date: /home/ake/A.Ke/A.Ke_project/camera_calibration/src/camera_learn/install/camera_learn/share/camera_learn/environment/ament_prefix_path.sh
[12.217s] -- Up-to-date: /home/ake/A.Ke/A.Ke_project/camera_calibration/src/camera_learn/install/camera_learn/share/camera_learn/environment/ament_prefix_path.dsv
[12.217s] -- Up-to-date: /home/ake/A.Ke/A.Ke_project/camera_calibration/src/camera_learn/install/camera_learn/share/camera_learn/environment/path.sh
[12.217s] -- Up-to-date: /home/ake/A.Ke/A.Ke_project/camera_calibration/src/camera_learn/install/camera_learn/share/camera_learn/environment/path.dsv
[12.217s] -- Up-to-date: /home/ake/A.Ke/A.Ke_project/camera_calibration/src/camera_learn/install/camera_learn/share/camera_learn/local_setup.bash
[12.217s] -- Up-to-date: /home/ake/A.Ke/A.Ke_project/camera_calibration/src/camera_learn/install/camera_learn/share/camera_learn/local_setup.sh
[12.217s] -- Up-to-date: /home/ake/A.Ke/A.Ke_project/camera_calibration/src/camera_learn/install/camera_learn/share/camera_learn/local_setup.zsh
[12.217s] -- Up-to-date: /home/ake/A.Ke/A.Ke_project/camera_calibration/src/camera_learn/install/camera_learn/share/camera_learn/local_setup.dsv
[12.217s] -- Installing: /home/ake/A.Ke/A.Ke_project/camera_calibration/src/camera_learn/install/camera_learn/share/camera_learn/package.dsv
[12.223s] -- Up-to-date: /home/ake/A.Ke/A.Ke_project/camera_calibration/src/camera_learn/install/camera_learn/share/ament_index/resource_index/packages/camera_learn
[12.225s] -- Up-to-date: /home/ake/A.Ke/A.Ke_project/camera_calibration/src/camera_learn/install/camera_learn/share/camera_learn/cmake/camera_learnConfig.cmake
[12.225s] -- Up-to-date: /home/ake/A.Ke/A.Ke_project/camera_calibration/src/camera_learn/install/camera_learn/share/camera_learn/cmake/camera_learnConfig-version.cmake
[12.225s] -- Up-to-date: /home/ake/A.Ke/A.Ke_project/camera_calibration/src/camera_learn/install/camera_learn/share/camera_learn/package.xml
[12.229s] Invoked command in '/home/ake/A.Ke/A.Ke_project/camera_calibration/src/camera_learn/build/camera_learn' returned '0': CMAKE_PREFIX_PATH=/opt/ros/humble /usr/bin/cmake --install /home/ake/A.Ke/A.Ke_project/camera_calibration/src/camera_learn/build/camera_learn
