[0.163s] DEBUG:colcon:Command line arguments: ['/usr/bin/colcon', 'build']
[0.163s] DEBUG:colcon:Parsed command line arguments: Namespace(log_base=None, log_level=None, verb_name='build', build_base='build', install_base='install', merge_install=False, symlink_install=False, test_result_base=None, continue_on_error=False, executor='parallel', parallel_workers=2, event_handlers=None, ignore_user_meta=False, metas=['./colcon.meta'], base_paths=['.'], packages_ignore=None, packages_ignore_regex=None, paths=None, packages_up_to=None, packages_up_to_regex=None, packages_above=None, packages_above_and_dependencies=None, packages_above_depth=None, packages_select_by_dep=None, packages_skip_by_dep=None, packages_skip_up_to=None, packages_select_build_failed=False, packages_skip_build_finished=False, packages_select_test_failures=False, packages_skip_test_passed=False, packages_select=None, packages_skip=None, packages_select_regex=None, packages_skip_regex=None, packages_start=None, packages_end=None, allow_overriding=[], cmake_args=None, cmake_target=None, cmake_target_skip_unavailable=False, cmake_clean_cache=False, cmake_clean_first=False, cmake_force_configure=False, ament_cmake_args=None, catkin_cmake_args=None, catkin_skip_building_tests=False, verb_parser=<colcon_defaults.argument_parser.defaults.DefaultArgumentsDecorator object at 0x72122150c850>, verb_extension=<colcon_core.verb.build.BuildVerb object at 0x72122150c2b0>, main=<bound method BuildVerb.main of <colcon_core.verb.build.BuildVerb object at 0x72122150c2b0>>)
[0.448s] Level 1:colcon.colcon_core.package_discovery:discover_packages(colcon_meta) check parameters
[0.448s] Level 1:colcon.colcon_core.package_discovery:discover_packages(recursive) check parameters
[0.448s] Level 1:colcon.colcon_core.package_discovery:discover_packages(ignore) check parameters
[0.449s] Level 1:colcon.colcon_core.package_discovery:discover_packages(path) check parameters
[0.449s] Level 1:colcon.colcon_core.package_discovery:discover_packages(colcon_meta) discover
[0.449s] Level 1:colcon.colcon_core.package_discovery:discover_packages(recursive) discover
[0.449s] INFO:colcon.colcon_core.package_discovery:Crawling recursively for packages in '/home/ake/A.Ke/A.Ke_project/detector_opencv/src/detector_learn'
[0.449s] Level 1:colcon.colcon_core.package_identification:_identify(.) by extensions ['ignore', 'ignore_ament_install']
[0.449s] Level 1:colcon.colcon_core.package_identification:_identify(.) by extension 'ignore'
[0.449s] Level 1:colcon.colcon_core.package_identification:_identify(.) by extension 'ignore_ament_install'
[0.449s] Level 1:colcon.colcon_core.package_identification:_identify(.) by extensions ['colcon_pkg']
[0.449s] Level 1:colcon.colcon_core.package_identification:_identify(.) by extension 'colcon_pkg'
[0.449s] Level 1:colcon.colcon_core.package_identification:_identify(.) by extensions ['colcon_meta']
[0.449s] Level 1:colcon.colcon_core.package_identification:_identify(.) by extension 'colcon_meta'
[0.450s] Level 1:colcon.colcon_core.package_identification:_identify(.) by extensions ['ros']
[0.450s] Level 1:colcon.colcon_core.package_identification:_identify(.) by extension 'ros'
[0.473s] DEBUG:colcon.colcon_core.package_identification:Package '.' with type 'ros.ament_cmake' and name 'detector_learn'
[0.473s] Level 1:colcon.colcon_core.package_discovery:discover_packages(recursive) using defaults
[0.473s] Level 1:colcon.colcon_core.package_discovery:discover_packages(ignore) discover
[0.473s] Level 1:colcon.colcon_core.package_discovery:discover_packages(ignore) using defaults
[0.473s] Level 1:colcon.colcon_core.package_discovery:discover_packages(path) discover
[0.473s] Level 1:colcon.colcon_core.package_discovery:discover_packages(path) using defaults
[0.496s] Level 1:colcon.colcon_core.package_discovery:discover_packages(prefix_path) check parameters
[0.496s] Level 1:colcon.colcon_core.package_discovery:discover_packages(prefix_path) discover
[0.500s] DEBUG:colcon.colcon_installed_package_information.package_discovery:Found 328 installed packages in /opt/ros/humble
[0.503s] Level 1:colcon.colcon_core.package_discovery:discover_packages(prefix_path) using defaults
[0.572s] Level 5:colcon.colcon_core.verb:set package 'detector_learn' build argument 'cmake_args' from command line to 'None'
[0.573s] Level 5:colcon.colcon_core.verb:set package 'detector_learn' build argument 'cmake_target' from command line to 'None'
[0.573s] Level 5:colcon.colcon_core.verb:set package 'detector_learn' build argument 'cmake_target_skip_unavailable' from command line to 'False'
[0.573s] Level 5:colcon.colcon_core.verb:set package 'detector_learn' build argument 'cmake_clean_cache' from command line to 'False'
[0.573s] Level 5:colcon.colcon_core.verb:set package 'detector_learn' build argument 'cmake_clean_first' from command line to 'False'
[0.573s] Level 5:colcon.colcon_core.verb:set package 'detector_learn' build argument 'cmake_force_configure' from command line to 'False'
[0.573s] Level 5:colcon.colcon_core.verb:set package 'detector_learn' build argument 'ament_cmake_args' from command line to 'None'
[0.573s] Level 5:colcon.colcon_core.verb:set package 'detector_learn' build argument 'catkin_cmake_args' from command line to 'None'
[0.573s] Level 5:colcon.colcon_core.verb:set package 'detector_learn' build argument 'catkin_skip_building_tests' from command line to 'False'
[0.573s] DEBUG:colcon.colcon_core.verb:Building package 'detector_learn' with the following arguments: {'ament_cmake_args': None, 'build_base': '/home/ake/A.Ke/A.Ke_project/detector_opencv/src/detector_learn/build/detector_learn', 'catkin_cmake_args': None, 'catkin_skip_building_tests': False, 'cmake_args': None, 'cmake_clean_cache': False, 'cmake_clean_first': False, 'cmake_force_configure': False, 'cmake_target': None, 'cmake_target_skip_unavailable': False, 'install_base': '/home/ake/A.Ke/A.Ke_project/detector_opencv/src/detector_learn/install/detector_learn', 'merge_install': False, 'path': '/home/ake/A.Ke/A.Ke_project/detector_opencv/src/detector_learn', 'symlink_install': False, 'test_result_base': None}
[0.573s] INFO:colcon.colcon_core.executor:Executing jobs using 'parallel' executor
[0.575s] DEBUG:colcon.colcon_parallel_executor.executor.parallel:run_until_complete
[0.575s] INFO:colcon.colcon_ros.task.ament_cmake.build:Building ROS package in '/home/ake/A.Ke/A.Ke_project/detector_opencv/src/detector_learn' with build type 'ament_cmake'
[0.576s] INFO:colcon.colcon_cmake.task.cmake.build:Building CMake package in '/home/ake/A.Ke/A.Ke_project/detector_opencv/src/detector_learn'
[0.579s] INFO:colcon.colcon_core.plugin_system:Skipping extension 'colcon_core.shell.bat': Not used on non-Windows systems
[0.579s] INFO:colcon.colcon_core.shell:Skip shell extension 'powershell' for command environment: Not usable outside of PowerShell
[0.579s] DEBUG:colcon.colcon_core.shell:Skip shell extension 'dsv' for command environment
[0.629s] DEBUG:colcon.colcon_core.event_handler.log_command:Invoking command in '/home/ake/A.Ke/A.Ke_project/detector_opencv/src/detector_learn/build/detector_learn': CMAKE_PREFIX_PATH=/opt/ros/humble CONDA_PROMPT_MODIFIER=(base) /usr/bin/cmake --build /home/ake/A.Ke/A.Ke_project/detector_opencv/src/detector_learn/build/detector_learn -- -j2 -l2
[20.841s] DEBUG:colcon.colcon_core.event_handler.log_command:Invoked command in '/home/ake/A.Ke/A.Ke_project/detector_opencv/src/detector_learn/build/detector_learn' returned '0': CMAKE_PREFIX_PATH=/opt/ros/humble CONDA_PROMPT_MODIFIER=(base) /usr/bin/cmake --build /home/ake/A.Ke/A.Ke_project/detector_opencv/src/detector_learn/build/detector_learn -- -j2 -l2
[20.933s] DEBUG:colcon.colcon_core.event_handler.log_command:Invoking command in '/home/ake/A.Ke/A.Ke_project/detector_opencv/src/detector_learn/build/detector_learn': CMAKE_PREFIX_PATH=/opt/ros/humble CONDA_PROMPT_MODIFIER=(base) /usr/bin/cmake --install /home/ake/A.Ke/A.Ke_project/detector_opencv/src/detector_learn/build/detector_learn
[20.978s] Level 1:colcon.colcon_core.environment:create_environment_scripts_only(detector_learn)
[20.979s] DEBUG:colcon.colcon_core.event_handler.log_command:Invoked command in '/home/ake/A.Ke/A.Ke_project/detector_opencv/src/detector_learn/build/detector_learn' returned '0': CMAKE_PREFIX_PATH=/opt/ros/humble CONDA_PROMPT_MODIFIER=(base) /usr/bin/cmake --install /home/ake/A.Ke/A.Ke_project/detector_opencv/src/detector_learn/build/detector_learn
[20.997s] Level 1:colcon.colcon_core.environment:checking '/home/ake/A.Ke/A.Ke_project/detector_opencv/src/detector_learn/install/detector_learn' for CMake module files
[20.998s] Level 1:colcon.colcon_core.environment:checking '/home/ake/A.Ke/A.Ke_project/detector_opencv/src/detector_learn/install/detector_learn' for CMake config files
[20.998s] Level 1:colcon.colcon_core.shell:create_environment_hook('detector_learn', 'cmake_prefix_path')
[20.998s] INFO:colcon.colcon_core.shell:Creating environment hook '/home/ake/A.Ke/A.Ke_project/detector_opencv/src/detector_learn/install/detector_learn/share/detector_learn/hook/cmake_prefix_path.ps1'
[21.014s] INFO:colcon.colcon_core.shell:Creating environment descriptor '/home/ake/A.Ke/A.Ke_project/detector_opencv/src/detector_learn/install/detector_learn/share/detector_learn/hook/cmake_prefix_path.dsv'
[21.026s] INFO:colcon.colcon_core.shell:Creating environment hook '/home/ake/A.Ke/A.Ke_project/detector_opencv/src/detector_learn/install/detector_learn/share/detector_learn/hook/cmake_prefix_path.sh'
[21.028s] Level 1:colcon.colcon_core.environment:checking '/home/ake/A.Ke/A.Ke_project/detector_opencv/src/detector_learn/install/detector_learn/lib'
[21.028s] Level 1:colcon.colcon_core.environment:checking '/home/ake/A.Ke/A.Ke_project/detector_opencv/src/detector_learn/install/detector_learn/bin'
[21.028s] Level 1:colcon.colcon_core.environment:checking '/home/ake/A.Ke/A.Ke_project/detector_opencv/src/detector_learn/install/detector_learn/lib/pkgconfig/detector_learn.pc'
[21.028s] Level 1:colcon.colcon_core.environment:checking '/home/ake/A.Ke/A.Ke_project/detector_opencv/src/detector_learn/install/detector_learn/lib/python3.10/site-packages'
[21.028s] Level 1:colcon.colcon_core.environment:checking '/home/ake/A.Ke/A.Ke_project/detector_opencv/src/detector_learn/install/detector_learn/bin'
[21.029s] INFO:colcon.colcon_core.shell:Creating package script '/home/ake/A.Ke/A.Ke_project/detector_opencv/src/detector_learn/install/detector_learn/share/detector_learn/package.ps1'
[21.030s] INFO:colcon.colcon_core.shell:Creating package descriptor '/home/ake/A.Ke/A.Ke_project/detector_opencv/src/detector_learn/install/detector_learn/share/detector_learn/package.dsv'
[21.030s] INFO:colcon.colcon_core.shell:Creating package script '/home/ake/A.Ke/A.Ke_project/detector_opencv/src/detector_learn/install/detector_learn/share/detector_learn/package.sh'
[21.033s] INFO:colcon.colcon_core.shell:Creating package script '/home/ake/A.Ke/A.Ke_project/detector_opencv/src/detector_learn/install/detector_learn/share/detector_learn/package.bash'
[21.034s] INFO:colcon.colcon_core.shell:Creating package script '/home/ake/A.Ke/A.Ke_project/detector_opencv/src/detector_learn/install/detector_learn/share/detector_learn/package.zsh'
[21.035s] Level 1:colcon.colcon_core.environment:create_file_with_runtime_dependencies(/home/ake/A.Ke/A.Ke_project/detector_opencv/src/detector_learn/install/detector_learn/share/colcon-core/packages/detector_learn)
[21.067s] Level 1:colcon.colcon_core.environment:create_environment_scripts_only(detector_learn)
[21.068s] Level 1:colcon.colcon_core.environment:checking '/home/ake/A.Ke/A.Ke_project/detector_opencv/src/detector_learn/install/detector_learn' for CMake module files
[21.068s] Level 1:colcon.colcon_core.environment:checking '/home/ake/A.Ke/A.Ke_project/detector_opencv/src/detector_learn/install/detector_learn' for CMake config files
[21.069s] Level 1:colcon.colcon_core.shell:create_environment_hook('detector_learn', 'cmake_prefix_path')
[21.069s] INFO:colcon.colcon_core.shell:Creating environment hook '/home/ake/A.Ke/A.Ke_project/detector_opencv/src/detector_learn/install/detector_learn/share/detector_learn/hook/cmake_prefix_path.ps1'
[21.070s] INFO:colcon.colcon_core.shell:Creating environment descriptor '/home/ake/A.Ke/A.Ke_project/detector_opencv/src/detector_learn/install/detector_learn/share/detector_learn/hook/cmake_prefix_path.dsv'
[21.071s] INFO:colcon.colcon_core.shell:Creating environment hook '/home/ake/A.Ke/A.Ke_project/detector_opencv/src/detector_learn/install/detector_learn/share/detector_learn/hook/cmake_prefix_path.sh'
[21.071s] Level 1:colcon.colcon_core.environment:checking '/home/ake/A.Ke/A.Ke_project/detector_opencv/src/detector_learn/install/detector_learn/lib'
[21.072s] Level 1:colcon.colcon_core.environment:checking '/home/ake/A.Ke/A.Ke_project/detector_opencv/src/detector_learn/install/detector_learn/bin'
[21.072s] Level 1:colcon.colcon_core.environment:checking '/home/ake/A.Ke/A.Ke_project/detector_opencv/src/detector_learn/install/detector_learn/lib/pkgconfig/detector_learn.pc'
[21.072s] Level 1:colcon.colcon_core.environment:checking '/home/ake/A.Ke/A.Ke_project/detector_opencv/src/detector_learn/install/detector_learn/lib/python3.10/site-packages'
[21.072s] Level 1:colcon.colcon_core.environment:checking '/home/ake/A.Ke/A.Ke_project/detector_opencv/src/detector_learn/install/detector_learn/bin'
[21.073s] INFO:colcon.colcon_core.shell:Creating package script '/home/ake/A.Ke/A.Ke_project/detector_opencv/src/detector_learn/install/detector_learn/share/detector_learn/package.ps1'
[21.073s] INFO:colcon.colcon_core.shell:Creating package descriptor '/home/ake/A.Ke/A.Ke_project/detector_opencv/src/detector_learn/install/detector_learn/share/detector_learn/package.dsv'
[21.074s] INFO:colcon.colcon_core.shell:Creating package script '/home/ake/A.Ke/A.Ke_project/detector_opencv/src/detector_learn/install/detector_learn/share/detector_learn/package.sh'
[21.075s] INFO:colcon.colcon_core.shell:Creating package script '/home/ake/A.Ke/A.Ke_project/detector_opencv/src/detector_learn/install/detector_learn/share/detector_learn/package.bash'
[21.076s] INFO:colcon.colcon_core.shell:Creating package script '/home/ake/A.Ke/A.Ke_project/detector_opencv/src/detector_learn/install/detector_learn/share/detector_learn/package.zsh'
[21.076s] Level 1:colcon.colcon_core.environment:create_file_with_runtime_dependencies(/home/ake/A.Ke/A.Ke_project/detector_opencv/src/detector_learn/install/detector_learn/share/colcon-core/packages/detector_learn)
[21.077s] DEBUG:colcon.colcon_parallel_executor.executor.parallel:closing loop
[21.077s] DEBUG:colcon.colcon_parallel_executor.executor.parallel:loop closed
[21.077s] DEBUG:colcon.colcon_parallel_executor.executor.parallel:run_until_complete finished with '0'
[21.077s] DEBUG:colcon.colcon_core.event_reactor:joining thread
[21.098s] INFO:colcon.colcon_core.plugin_system:Skipping extension 'colcon_notification.desktop_notification.terminal_notifier': Not used on non-Darwin systems
[21.098s] INFO:colcon.colcon_core.plugin_system:Skipping extension 'colcon_notification.desktop_notification.win32': Not used on non-Windows systems
[21.098s] INFO:colcon.colcon_notification.desktop_notification:Sending desktop notification using 'notify2'
[21.193s] DEBUG:colcon.colcon_core.event_reactor:joined thread
[21.193s] INFO:colcon.colcon_core.shell:Creating prefix script '/home/ake/A.Ke/A.Ke_project/detector_opencv/src/detector_learn/install/local_setup.ps1'
[21.194s] INFO:colcon.colcon_core.shell:Creating prefix util module '/home/ake/A.Ke/A.Ke_project/detector_opencv/src/detector_learn/install/_local_setup_util_ps1.py'
[21.196s] INFO:colcon.colcon_core.shell:Creating prefix chain script '/home/ake/A.Ke/A.Ke_project/detector_opencv/src/detector_learn/install/setup.ps1'
[21.197s] INFO:colcon.colcon_core.shell:Creating prefix script '/home/ake/A.Ke/A.Ke_project/detector_opencv/src/detector_learn/install/local_setup.sh'
[21.198s] INFO:colcon.colcon_core.shell:Creating prefix util module '/home/ake/A.Ke/A.Ke_project/detector_opencv/src/detector_learn/install/_local_setup_util_sh.py'
[21.198s] INFO:colcon.colcon_core.shell:Creating prefix chain script '/home/ake/A.Ke/A.Ke_project/detector_opencv/src/detector_learn/install/setup.sh'
[21.200s] INFO:colcon.colcon_core.shell:Creating prefix script '/home/ake/A.Ke/A.Ke_project/detector_opencv/src/detector_learn/install/local_setup.bash'
[21.201s] INFO:colcon.colcon_core.shell:Creating prefix chain script '/home/ake/A.Ke/A.Ke_project/detector_opencv/src/detector_learn/install/setup.bash'
[21.202s] INFO:colcon.colcon_core.shell:Creating prefix script '/home/ake/A.Ke/A.Ke_project/detector_opencv/src/detector_learn/install/local_setup.zsh'
[21.203s] INFO:colcon.colcon_core.shell:Creating prefix chain script '/home/ake/A.Ke/A.Ke_project/detector_opencv/src/detector_learn/install/setup.zsh'
