[9.599s] DEBUG:colcon:Command line arguments: ['/usr/bin/colcon', 'build']
[9.599s] DEBUG:colcon:Parsed command line arguments: Namespace(log_base=None, log_level=None, verb_name='build', build_base='build', install_base='install', merge_install=False, symlink_install=False, test_result_base=None, continue_on_error=False, executor='parallel', parallel_workers=2, event_handlers=None, ignore_user_meta=False, metas=['./colcon.meta'], base_paths=['.'], packages_ignore=None, packages_ignore_regex=None, paths=None, packages_up_to=None, packages_up_to_regex=None, packages_above=None, packages_above_and_dependencies=None, packages_above_depth=None, packages_select_by_dep=None, packages_skip_by_dep=None, packages_skip_up_to=None, packages_select_build_failed=False, packages_skip_build_finished=False, packages_select_test_failures=False, packages_skip_test_passed=False, packages_select=None, packages_skip=None, packages_select_regex=None, packages_skip_regex=None, packages_start=None, packages_end=None, allow_overriding=[], cmake_args=None, cmake_target=None, cmake_target_skip_unavailable=False, cmake_clean_cache=False, cmake_clean_first=False, cmake_force_configure=False, ament_cmake_args=None, catkin_cmake_args=None, catkin_skip_building_tests=False, verb_parser=<colcon_defaults.argument_parser.defaults.DefaultArgumentsDecorator object at 0x7c49c17a7ee0>, verb_extension=<colcon_core.verb.build.BuildVerb object at 0x7c49c17a79d0>, main=<bound method BuildVerb.main of <colcon_core.verb.build.BuildVerb object at 0x7c49c17a79d0>>)
[15.431s] Level 1:colcon.colcon_core.package_discovery:discover_packages(colcon_meta) check parameters
[15.431s] Level 1:colcon.colcon_core.package_discovery:discover_packages(recursive) check parameters
[15.431s] Level 1:colcon.colcon_core.package_discovery:discover_packages(ignore) check parameters
[15.432s] Level 1:colcon.colcon_core.package_discovery:discover_packages(path) check parameters
[15.432s] Level 1:colcon.colcon_core.package_discovery:discover_packages(colcon_meta) discover
[15.432s] Level 1:colcon.colcon_core.package_discovery:discover_packages(recursive) discover
[15.432s] INFO:colcon.colcon_core.package_discovery:Crawling recursively for packages in '/home/ake/A.Ke/A.Ke_project/detector_opencv/src/detector_learn'
[15.432s] Level 1:colcon.colcon_core.package_identification:_identify(.) by extensions ['ignore', 'ignore_ament_install']
[15.432s] Level 1:colcon.colcon_core.package_identification:_identify(.) by extension 'ignore'
[15.432s] Level 1:colcon.colcon_core.package_identification:_identify(.) by extension 'ignore_ament_install'
[15.432s] Level 1:colcon.colcon_core.package_identification:_identify(.) by extensions ['colcon_pkg']
[15.432s] Level 1:colcon.colcon_core.package_identification:_identify(.) by extension 'colcon_pkg'
[15.432s] Level 1:colcon.colcon_core.package_identification:_identify(.) by extensions ['colcon_meta']
[15.432s] Level 1:colcon.colcon_core.package_identification:_identify(.) by extension 'colcon_meta'
[15.433s] Level 1:colcon.colcon_core.package_identification:_identify(.) by extensions ['ros']
[15.433s] Level 1:colcon.colcon_core.package_identification:_identify(.) by extension 'ros'
[15.599s] DEBUG:colcon.colcon_core.package_identification:Package '.' with type 'ros.ament_cmake' and name 'detector_learn'
[15.599s] Level 1:colcon.colcon_core.package_discovery:discover_packages(recursive) using defaults
[15.599s] Level 1:colcon.colcon_core.package_discovery:discover_packages(ignore) discover
[15.599s] Level 1:colcon.colcon_core.package_discovery:discover_packages(ignore) using defaults
[15.599s] Level 1:colcon.colcon_core.package_discovery:discover_packages(path) discover
[15.599s] Level 1:colcon.colcon_core.package_discovery:discover_packages(path) using defaults
[16.290s] Level 1:colcon.colcon_core.package_discovery:discover_packages(prefix_path) check parameters
[16.290s] Level 1:colcon.colcon_core.package_discovery:discover_packages(prefix_path) discover
[16.422s] DEBUG:colcon.colcon_installed_package_information.package_discovery:Found 1 installed packages in /home/ake/A.Ke/A.Ke_project/detector_opencv/src/detector_learn/install
[16.570s] DEBUG:colcon.colcon_installed_package_information.package_discovery:Found 328 installed packages in /opt/ros/humble
[16.572s] Level 1:colcon.colcon_core.package_discovery:discover_packages(prefix_path) using defaults
[21.614s] Level 5:colcon.colcon_core.verb:set package 'detector_learn' build argument 'cmake_args' from command line to 'None'
[21.614s] Level 5:colcon.colcon_core.verb:set package 'detector_learn' build argument 'cmake_target' from command line to 'None'
[21.614s] Level 5:colcon.colcon_core.verb:set package 'detector_learn' build argument 'cmake_target_skip_unavailable' from command line to 'False'
[21.614s] Level 5:colcon.colcon_core.verb:set package 'detector_learn' build argument 'cmake_clean_cache' from command line to 'False'
[21.614s] Level 5:colcon.colcon_core.verb:set package 'detector_learn' build argument 'cmake_clean_first' from command line to 'False'
[21.614s] Level 5:colcon.colcon_core.verb:set package 'detector_learn' build argument 'cmake_force_configure' from command line to 'False'
[21.614s] Level 5:colcon.colcon_core.verb:set package 'detector_learn' build argument 'ament_cmake_args' from command line to 'None'
[21.614s] Level 5:colcon.colcon_core.verb:set package 'detector_learn' build argument 'catkin_cmake_args' from command line to 'None'
[21.614s] Level 5:colcon.colcon_core.verb:set package 'detector_learn' build argument 'catkin_skip_building_tests' from command line to 'False'
[21.614s] DEBUG:colcon.colcon_core.verb:Building package 'detector_learn' with the following arguments: {'ament_cmake_args': None, 'build_base': '/home/ake/A.Ke/A.Ke_project/detector_opencv/src/detector_learn/build/detector_learn', 'catkin_cmake_args': None, 'catkin_skip_building_tests': False, 'cmake_args': None, 'cmake_clean_cache': False, 'cmake_clean_first': False, 'cmake_force_configure': False, 'cmake_target': None, 'cmake_target_skip_unavailable': False, 'install_base': '/home/ake/A.Ke/A.Ke_project/detector_opencv/src/detector_learn/install/detector_learn', 'merge_install': False, 'path': '/home/ake/A.Ke/A.Ke_project/detector_opencv/src/detector_learn', 'symlink_install': False, 'test_result_base': None}
[21.614s] INFO:colcon.colcon_core.executor:Executing jobs using 'parallel' executor
[21.615s] DEBUG:colcon.colcon_parallel_executor.executor.parallel:run_until_complete
[21.615s] INFO:colcon.colcon_ros.task.ament_cmake.build:Building ROS package in '/home/ake/A.Ke/A.Ke_project/detector_opencv/src/detector_learn' with build type 'ament_cmake'
[21.615s] INFO:colcon.colcon_cmake.task.cmake.build:Building CMake package in '/home/ake/A.Ke/A.Ke_project/detector_opencv/src/detector_learn'
[21.622s] INFO:colcon.colcon_core.plugin_system:Skipping extension 'colcon_core.shell.bat': Not used on non-Windows systems
[21.622s] INFO:colcon.colcon_core.shell:Skip shell extension 'powershell' for command environment: Not usable outside of PowerShell
[21.622s] DEBUG:colcon.colcon_core.shell:Skip shell extension 'dsv' for command environment
[21.730s] DEBUG:colcon.colcon_core.event_handler.log_command:Invoking command in '/home/ake/A.Ke/A.Ke_project/detector_opencv/src/detector_learn/build/detector_learn': CMAKE_PREFIX_PATH=${CMAKE_PREFIX_PATH}:/opt/ros/humble /usr/bin/cmake --build /home/ake/A.Ke/A.Ke_project/detector_opencv/src/detector_learn/build/detector_learn -- -j2 -l2
[36.456s] DEBUG:colcon.colcon_core.event_handler.log_command:Invoked command in '/home/ake/A.Ke/A.Ke_project/detector_opencv/src/detector_learn/build/detector_learn' returned '0': CMAKE_PREFIX_PATH=${CMAKE_PREFIX_PATH}:/opt/ros/humble /usr/bin/cmake --build /home/ake/A.Ke/A.Ke_project/detector_opencv/src/detector_learn/build/detector_learn -- -j2 -l2
[36.574s] DEBUG:colcon.colcon_core.event_handler.log_command:Invoking command in '/home/ake/A.Ke/A.Ke_project/detector_opencv/src/detector_learn/build/detector_learn': CMAKE_PREFIX_PATH=${CMAKE_PREFIX_PATH}:/opt/ros/humble /usr/bin/cmake --install /home/ake/A.Ke/A.Ke_project/detector_opencv/src/detector_learn/build/detector_learn
[36.692s] Level 1:colcon.colcon_core.environment:create_environment_scripts_only(detector_learn)
[36.693s] DEBUG:colcon.colcon_core.event_handler.log_command:Invoked command in '/home/ake/A.Ke/A.Ke_project/detector_opencv/src/detector_learn/build/detector_learn' returned '0': CMAKE_PREFIX_PATH=${CMAKE_PREFIX_PATH}:/opt/ros/humble /usr/bin/cmake --install /home/ake/A.Ke/A.Ke_project/detector_opencv/src/detector_learn/build/detector_learn
[36.772s] Level 1:colcon.colcon_core.environment:checking '/home/ake/A.Ke/A.Ke_project/detector_opencv/src/detector_learn/install/detector_learn' for CMake module files
[36.774s] Level 1:colcon.colcon_core.environment:checking '/home/ake/A.Ke/A.Ke_project/detector_opencv/src/detector_learn/install/detector_learn' for CMake config files
[36.775s] Level 1:colcon.colcon_core.shell:create_environment_hook('detector_learn', 'cmake_prefix_path')
[36.776s] INFO:colcon.colcon_core.shell:Creating environment hook '/home/ake/A.Ke/A.Ke_project/detector_opencv/src/detector_learn/install/detector_learn/share/detector_learn/hook/cmake_prefix_path.ps1'
[36.819s] INFO:colcon.colcon_core.shell:Creating environment descriptor '/home/ake/A.Ke/A.Ke_project/detector_opencv/src/detector_learn/install/detector_learn/share/detector_learn/hook/cmake_prefix_path.dsv'
[36.845s] INFO:colcon.colcon_core.shell:Creating environment hook '/home/ake/A.Ke/A.Ke_project/detector_opencv/src/detector_learn/install/detector_learn/share/detector_learn/hook/cmake_prefix_path.sh'
[36.847s] Level 1:colcon.colcon_core.environment:checking '/home/ake/A.Ke/A.Ke_project/detector_opencv/src/detector_learn/install/detector_learn/lib'
[36.847s] Level 1:colcon.colcon_core.environment:checking '/home/ake/A.Ke/A.Ke_project/detector_opencv/src/detector_learn/install/detector_learn/bin'
[36.847s] Level 1:colcon.colcon_core.environment:checking '/home/ake/A.Ke/A.Ke_project/detector_opencv/src/detector_learn/install/detector_learn/lib/pkgconfig/detector_learn.pc'
[36.847s] Level 1:colcon.colcon_core.environment:checking '/home/ake/A.Ke/A.Ke_project/detector_opencv/src/detector_learn/install/detector_learn/lib/python3.10/site-packages'
[36.847s] Level 1:colcon.colcon_core.environment:checking '/home/ake/A.Ke/A.Ke_project/detector_opencv/src/detector_learn/install/detector_learn/bin'
[36.848s] INFO:colcon.colcon_core.shell:Creating package script '/home/ake/A.Ke/A.Ke_project/detector_opencv/src/detector_learn/install/detector_learn/share/detector_learn/package.ps1'
[36.850s] INFO:colcon.colcon_core.shell:Creating package descriptor '/home/ake/A.Ke/A.Ke_project/detector_opencv/src/detector_learn/install/detector_learn/share/detector_learn/package.dsv'
[36.852s] INFO:colcon.colcon_core.shell:Creating package script '/home/ake/A.Ke/A.Ke_project/detector_opencv/src/detector_learn/install/detector_learn/share/detector_learn/package.sh'
[36.853s] INFO:colcon.colcon_core.shell:Creating package script '/home/ake/A.Ke/A.Ke_project/detector_opencv/src/detector_learn/install/detector_learn/share/detector_learn/package.bash'
[36.870s] INFO:colcon.colcon_core.shell:Creating package script '/home/ake/A.Ke/A.Ke_project/detector_opencv/src/detector_learn/install/detector_learn/share/detector_learn/package.zsh'
[36.872s] Level 1:colcon.colcon_core.environment:create_file_with_runtime_dependencies(/home/ake/A.Ke/A.Ke_project/detector_opencv/src/detector_learn/install/detector_learn/share/colcon-core/packages/detector_learn)
[37.003s] Level 1:colcon.colcon_core.environment:create_environment_scripts_only(detector_learn)
[37.003s] Level 1:colcon.colcon_core.environment:checking '/home/ake/A.Ke/A.Ke_project/detector_opencv/src/detector_learn/install/detector_learn' for CMake module files
[37.004s] Level 1:colcon.colcon_core.environment:checking '/home/ake/A.Ke/A.Ke_project/detector_opencv/src/detector_learn/install/detector_learn' for CMake config files
[37.005s] Level 1:colcon.colcon_core.shell:create_environment_hook('detector_learn', 'cmake_prefix_path')
[37.005s] INFO:colcon.colcon_core.shell:Creating environment hook '/home/ake/A.Ke/A.Ke_project/detector_opencv/src/detector_learn/install/detector_learn/share/detector_learn/hook/cmake_prefix_path.ps1'
[37.006s] INFO:colcon.colcon_core.shell:Creating environment descriptor '/home/ake/A.Ke/A.Ke_project/detector_opencv/src/detector_learn/install/detector_learn/share/detector_learn/hook/cmake_prefix_path.dsv'
[37.007s] INFO:colcon.colcon_core.shell:Creating environment hook '/home/ake/A.Ke/A.Ke_project/detector_opencv/src/detector_learn/install/detector_learn/share/detector_learn/hook/cmake_prefix_path.sh'
[37.010s] Level 1:colcon.colcon_core.environment:checking '/home/ake/A.Ke/A.Ke_project/detector_opencv/src/detector_learn/install/detector_learn/lib'
[37.010s] Level 1:colcon.colcon_core.environment:checking '/home/ake/A.Ke/A.Ke_project/detector_opencv/src/detector_learn/install/detector_learn/bin'
[37.010s] Level 1:colcon.colcon_core.environment:checking '/home/ake/A.Ke/A.Ke_project/detector_opencv/src/detector_learn/install/detector_learn/lib/pkgconfig/detector_learn.pc'
[37.011s] Level 1:colcon.colcon_core.environment:checking '/home/ake/A.Ke/A.Ke_project/detector_opencv/src/detector_learn/install/detector_learn/lib/python3.10/site-packages'
[37.012s] Level 1:colcon.colcon_core.environment:checking '/home/ake/A.Ke/A.Ke_project/detector_opencv/src/detector_learn/install/detector_learn/bin'
[37.013s] INFO:colcon.colcon_core.shell:Creating package script '/home/ake/A.Ke/A.Ke_project/detector_opencv/src/detector_learn/install/detector_learn/share/detector_learn/package.ps1'
[37.014s] INFO:colcon.colcon_core.shell:Creating package descriptor '/home/ake/A.Ke/A.Ke_project/detector_opencv/src/detector_learn/install/detector_learn/share/detector_learn/package.dsv'
[37.016s] INFO:colcon.colcon_core.shell:Creating package script '/home/ake/A.Ke/A.Ke_project/detector_opencv/src/detector_learn/install/detector_learn/share/detector_learn/package.sh'
[37.017s] INFO:colcon.colcon_core.shell:Creating package script '/home/ake/A.Ke/A.Ke_project/detector_opencv/src/detector_learn/install/detector_learn/share/detector_learn/package.bash'
[37.019s] INFO:colcon.colcon_core.shell:Creating package script '/home/ake/A.Ke/A.Ke_project/detector_opencv/src/detector_learn/install/detector_learn/share/detector_learn/package.zsh'
[37.020s] Level 1:colcon.colcon_core.environment:create_file_with_runtime_dependencies(/home/ake/A.Ke/A.Ke_project/detector_opencv/src/detector_learn/install/detector_learn/share/colcon-core/packages/detector_learn)
[37.022s] DEBUG:colcon.colcon_parallel_executor.executor.parallel:closing loop
[37.023s] DEBUG:colcon.colcon_parallel_executor.executor.parallel:loop closed
[37.024s] DEBUG:colcon.colcon_parallel_executor.executor.parallel:run_until_complete finished with '0'
[37.024s] DEBUG:colcon.colcon_core.event_reactor:joining thread
[37.177s] INFO:colcon.colcon_core.plugin_system:Skipping extension 'colcon_notification.desktop_notification.terminal_notifier': Not used on non-Darwin systems
[37.178s] INFO:colcon.colcon_core.plugin_system:Skipping extension 'colcon_notification.desktop_notification.win32': Not used on non-Windows systems
[37.178s] INFO:colcon.colcon_notification.desktop_notification:Sending desktop notification using 'notify2'
[37.370s] DEBUG:colcon.colcon_core.event_reactor:joined thread
[37.370s] INFO:colcon.colcon_core.shell:Creating prefix script '/home/ake/A.Ke/A.Ke_project/detector_opencv/src/detector_learn/install/local_setup.ps1'
[37.386s] INFO:colcon.colcon_core.shell:Creating prefix util module '/home/ake/A.Ke/A.Ke_project/detector_opencv/src/detector_learn/install/_local_setup_util_ps1.py'
[37.400s] INFO:colcon.colcon_core.shell:Creating prefix chain script '/home/ake/A.Ke/A.Ke_project/detector_opencv/src/detector_learn/install/setup.ps1'
[37.417s] INFO:colcon.colcon_core.shell:Creating prefix script '/home/ake/A.Ke/A.Ke_project/detector_opencv/src/detector_learn/install/local_setup.sh'
[37.420s] INFO:colcon.colcon_core.shell:Creating prefix util module '/home/ake/A.Ke/A.Ke_project/detector_opencv/src/detector_learn/install/_local_setup_util_sh.py'
[37.421s] INFO:colcon.colcon_core.shell:Creating prefix chain script '/home/ake/A.Ke/A.Ke_project/detector_opencv/src/detector_learn/install/setup.sh'
[37.425s] INFO:colcon.colcon_core.shell:Creating prefix script '/home/ake/A.Ke/A.Ke_project/detector_opencv/src/detector_learn/install/local_setup.bash'
[37.467s] INFO:colcon.colcon_core.shell:Creating prefix chain script '/home/ake/A.Ke/A.Ke_project/detector_opencv/src/detector_learn/install/setup.bash'
[37.471s] INFO:colcon.colcon_core.shell:Creating prefix script '/home/ake/A.Ke/A.Ke_project/detector_opencv/src/detector_learn/install/local_setup.zsh'
[37.473s] INFO:colcon.colcon_core.shell:Creating prefix chain script '/home/ake/A.Ke/A.Ke_project/detector_opencv/src/detector_learn/install/setup.zsh'
