[0.580s] DEBUG:colcon:Command line arguments: ['/usr/bin/colcon', 'build']
[0.580s] DEBUG:colcon:Parsed command line arguments: Namespace(log_base=None, log_level=None, verb_name='build', build_base='build', install_base='install', merge_install=False, symlink_install=False, test_result_base=None, continue_on_error=False, executor='parallel', parallel_workers=2, event_handlers=None, ignore_user_meta=False, metas=['./colcon.meta'], base_paths=['.'], packages_ignore=None, packages_ignore_regex=None, paths=None, packages_up_to=None, packages_up_to_regex=None, packages_above=None, packages_above_and_dependencies=None, packages_above_depth=None, packages_select_by_dep=None, packages_skip_by_dep=None, packages_skip_up_to=None, packages_select_build_failed=False, packages_skip_build_finished=False, packages_select_test_failures=False, packages_skip_test_passed=False, packages_select=None, packages_skip=None, packages_select_regex=None, packages_skip_regex=None, packages_start=None, packages_end=None, allow_overriding=[], cmake_args=None, cmake_target=None, cmake_target_skip_unavailable=False, cmake_clean_cache=False, cmake_clean_first=False, cmake_force_configure=False, ament_cmake_args=None, catkin_cmake_args=None, catkin_skip_building_tests=False, verb_parser=<colcon_defaults.argument_parser.defaults.DefaultArgumentsDecorator object at 0x7500795a7ee0>, verb_extension=<colcon_core.verb.build.BuildVerb object at 0x7500795a79d0>, main=<bound method BuildVerb.main of <colcon_core.verb.build.BuildVerb object at 0x7500795a79d0>>)
[3.779s] Level 1:colcon.colcon_core.package_discovery:discover_packages(colcon_meta) check parameters
[3.779s] Level 1:colcon.colcon_core.package_discovery:discover_packages(recursive) check parameters
[3.779s] Level 1:colcon.colcon_core.package_discovery:discover_packages(ignore) check parameters
[3.779s] Level 1:colcon.colcon_core.package_discovery:discover_packages(path) check parameters
[3.779s] Level 1:colcon.colcon_core.package_discovery:discover_packages(colcon_meta) discover
[3.780s] Level 1:colcon.colcon_core.package_discovery:discover_packages(recursive) discover
[3.780s] INFO:colcon.colcon_core.package_discovery:Crawling recursively for packages in '/home/ake/A.Ke/A.Ke_project/detector_opencv/src/detector_learn'
[3.780s] Level 1:colcon.colcon_core.package_identification:_identify(.) by extensions ['ignore', 'ignore_ament_install']
[3.780s] Level 1:colcon.colcon_core.package_identification:_identify(.) by extension 'ignore'
[3.780s] Level 1:colcon.colcon_core.package_identification:_identify(.) by extension 'ignore_ament_install'
[3.781s] Level 1:colcon.colcon_core.package_identification:_identify(.) by extensions ['colcon_pkg']
[3.781s] Level 1:colcon.colcon_core.package_identification:_identify(.) by extension 'colcon_pkg'
[3.781s] Level 1:colcon.colcon_core.package_identification:_identify(.) by extensions ['colcon_meta']
[3.781s] Level 1:colcon.colcon_core.package_identification:_identify(.) by extension 'colcon_meta'
[3.783s] Level 1:colcon.colcon_core.package_identification:_identify(.) by extensions ['ros']
[3.783s] Level 1:colcon.colcon_core.package_identification:_identify(.) by extension 'ros'
[3.894s] DEBUG:colcon.colcon_core.package_identification:Package '.' with type 'ros.ament_cmake' and name 'detector_learn'
[3.894s] Level 1:colcon.colcon_core.package_discovery:discover_packages(recursive) using defaults
[3.894s] Level 1:colcon.colcon_core.package_discovery:discover_packages(ignore) discover
[3.894s] Level 1:colcon.colcon_core.package_discovery:discover_packages(ignore) using defaults
[3.894s] Level 1:colcon.colcon_core.package_discovery:discover_packages(path) discover
[3.894s] Level 1:colcon.colcon_core.package_discovery:discover_packages(path) using defaults
[4.484s] Level 1:colcon.colcon_core.package_discovery:discover_packages(prefix_path) check parameters
[4.484s] Level 1:colcon.colcon_core.package_discovery:discover_packages(prefix_path) discover
[4.511s] DEBUG:colcon.colcon_installed_package_information.package_discovery:Found 1 installed packages in /home/ake/A.Ke/A.Ke_project/detector_opencv/src/detector_learn/install
[4.513s] DEBUG:colcon.colcon_installed_package_information.package_discovery:Found 328 installed packages in /opt/ros/humble
[4.514s] Level 1:colcon.colcon_core.package_discovery:discover_packages(prefix_path) using defaults
[4.630s] Level 5:colcon.colcon_core.verb:set package 'detector_learn' build argument 'cmake_args' from command line to 'None'
[4.630s] Level 5:colcon.colcon_core.verb:set package 'detector_learn' build argument 'cmake_target' from command line to 'None'
[4.630s] Level 5:colcon.colcon_core.verb:set package 'detector_learn' build argument 'cmake_target_skip_unavailable' from command line to 'False'
[4.630s] Level 5:colcon.colcon_core.verb:set package 'detector_learn' build argument 'cmake_clean_cache' from command line to 'False'
[4.630s] Level 5:colcon.colcon_core.verb:set package 'detector_learn' build argument 'cmake_clean_first' from command line to 'False'
[4.630s] Level 5:colcon.colcon_core.verb:set package 'detector_learn' build argument 'cmake_force_configure' from command line to 'False'
[4.630s] Level 5:colcon.colcon_core.verb:set package 'detector_learn' build argument 'ament_cmake_args' from command line to 'None'
[4.630s] Level 5:colcon.colcon_core.verb:set package 'detector_learn' build argument 'catkin_cmake_args' from command line to 'None'
[4.630s] Level 5:colcon.colcon_core.verb:set package 'detector_learn' build argument 'catkin_skip_building_tests' from command line to 'False'
[4.630s] DEBUG:colcon.colcon_core.verb:Building package 'detector_learn' with the following arguments: {'ament_cmake_args': None, 'build_base': '/home/ake/A.Ke/A.Ke_project/detector_opencv/src/detector_learn/build/detector_learn', 'catkin_cmake_args': None, 'catkin_skip_building_tests': False, 'cmake_args': None, 'cmake_clean_cache': False, 'cmake_clean_first': False, 'cmake_force_configure': False, 'cmake_target': None, 'cmake_target_skip_unavailable': False, 'install_base': '/home/ake/A.Ke/A.Ke_project/detector_opencv/src/detector_learn/install/detector_learn', 'merge_install': False, 'path': '/home/ake/A.Ke/A.Ke_project/detector_opencv/src/detector_learn', 'symlink_install': False, 'test_result_base': None}
[4.630s] INFO:colcon.colcon_core.executor:Executing jobs using 'parallel' executor
[4.631s] DEBUG:colcon.colcon_parallel_executor.executor.parallel:run_until_complete
[4.632s] INFO:colcon.colcon_ros.task.ament_cmake.build:Building ROS package in '/home/ake/A.Ke/A.Ke_project/detector_opencv/src/detector_learn' with build type 'ament_cmake'
[4.632s] INFO:colcon.colcon_cmake.task.cmake.build:Building CMake package in '/home/ake/A.Ke/A.Ke_project/detector_opencv/src/detector_learn'
[4.822s] INFO:colcon.colcon_core.plugin_system:Skipping extension 'colcon_core.shell.bat': Not used on non-Windows systems
[4.822s] INFO:colcon.colcon_core.shell:Skip shell extension 'powershell' for command environment: Not usable outside of PowerShell
[4.822s] DEBUG:colcon.colcon_core.shell:Skip shell extension 'dsv' for command environment
[4.832s] DEBUG:colcon.colcon_core.event_handler.log_command:Invoking command in '/home/ake/A.Ke/A.Ke_project/detector_opencv/src/detector_learn/build/detector_learn': CMAKE_PREFIX_PATH=${CMAKE_PREFIX_PATH}:/opt/ros/humble /usr/bin/cmake --build /home/ake/A.Ke/A.Ke_project/detector_opencv/src/detector_learn/build/detector_learn -- -j2 -l2
[11.705s] DEBUG:colcon.colcon_core.event_handler.log_command:Invoked command in '/home/ake/A.Ke/A.Ke_project/detector_opencv/src/detector_learn/build/detector_learn' returned '0': CMAKE_PREFIX_PATH=${CMAKE_PREFIX_PATH}:/opt/ros/humble /usr/bin/cmake --build /home/ake/A.Ke/A.Ke_project/detector_opencv/src/detector_learn/build/detector_learn -- -j2 -l2
[11.821s] DEBUG:colcon.colcon_core.event_handler.log_command:Invoking command in '/home/ake/A.Ke/A.Ke_project/detector_opencv/src/detector_learn/build/detector_learn': CMAKE_PREFIX_PATH=${CMAKE_PREFIX_PATH}:/opt/ros/humble /usr/bin/cmake --install /home/ake/A.Ke/A.Ke_project/detector_opencv/src/detector_learn/build/detector_learn
[11.849s] Level 1:colcon.colcon_core.environment:create_environment_scripts_only(detector_learn)
[11.849s] DEBUG:colcon.colcon_core.event_handler.log_command:Invoked command in '/home/ake/A.Ke/A.Ke_project/detector_opencv/src/detector_learn/build/detector_learn' returned '0': CMAKE_PREFIX_PATH=${CMAKE_PREFIX_PATH}:/opt/ros/humble /usr/bin/cmake --install /home/ake/A.Ke/A.Ke_project/detector_opencv/src/detector_learn/build/detector_learn
[11.854s] Level 1:colcon.colcon_core.environment:checking '/home/ake/A.Ke/A.Ke_project/detector_opencv/src/detector_learn/install/detector_learn' for CMake module files
[11.855s] Level 1:colcon.colcon_core.environment:checking '/home/ake/A.Ke/A.Ke_project/detector_opencv/src/detector_learn/install/detector_learn' for CMake config files
[11.856s] Level 1:colcon.colcon_core.shell:create_environment_hook('detector_learn', 'cmake_prefix_path')
[11.856s] INFO:colcon.colcon_core.shell:Creating environment hook '/home/ake/A.Ke/A.Ke_project/detector_opencv/src/detector_learn/install/detector_learn/share/detector_learn/hook/cmake_prefix_path.ps1'
[11.857s] INFO:colcon.colcon_core.shell:Creating environment descriptor '/home/ake/A.Ke/A.Ke_project/detector_opencv/src/detector_learn/install/detector_learn/share/detector_learn/hook/cmake_prefix_path.dsv'
[11.858s] INFO:colcon.colcon_core.shell:Creating environment hook '/home/ake/A.Ke/A.Ke_project/detector_opencv/src/detector_learn/install/detector_learn/share/detector_learn/hook/cmake_prefix_path.sh'
[11.860s] Level 1:colcon.colcon_core.environment:checking '/home/ake/A.Ke/A.Ke_project/detector_opencv/src/detector_learn/install/detector_learn/lib'
[11.860s] Level 1:colcon.colcon_core.environment:checking '/home/ake/A.Ke/A.Ke_project/detector_opencv/src/detector_learn/install/detector_learn/bin'
[11.861s] Level 1:colcon.colcon_core.environment:checking '/home/ake/A.Ke/A.Ke_project/detector_opencv/src/detector_learn/install/detector_learn/lib/pkgconfig/detector_learn.pc'
[11.861s] Level 1:colcon.colcon_core.environment:checking '/home/ake/A.Ke/A.Ke_project/detector_opencv/src/detector_learn/install/detector_learn/lib/python3.10/site-packages'
[11.861s] Level 1:colcon.colcon_core.environment:checking '/home/ake/A.Ke/A.Ke_project/detector_opencv/src/detector_learn/install/detector_learn/bin'
[11.862s] INFO:colcon.colcon_core.shell:Creating package script '/home/ake/A.Ke/A.Ke_project/detector_opencv/src/detector_learn/install/detector_learn/share/detector_learn/package.ps1'
[11.863s] INFO:colcon.colcon_core.shell:Creating package descriptor '/home/ake/A.Ke/A.Ke_project/detector_opencv/src/detector_learn/install/detector_learn/share/detector_learn/package.dsv'
[11.864s] INFO:colcon.colcon_core.shell:Creating package script '/home/ake/A.Ke/A.Ke_project/detector_opencv/src/detector_learn/install/detector_learn/share/detector_learn/package.sh'
[11.864s] INFO:colcon.colcon_core.shell:Creating package script '/home/ake/A.Ke/A.Ke_project/detector_opencv/src/detector_learn/install/detector_learn/share/detector_learn/package.bash'
[11.866s] INFO:colcon.colcon_core.shell:Creating package script '/home/ake/A.Ke/A.Ke_project/detector_opencv/src/detector_learn/install/detector_learn/share/detector_learn/package.zsh'
[11.866s] Level 1:colcon.colcon_core.environment:create_file_with_runtime_dependencies(/home/ake/A.Ke/A.Ke_project/detector_opencv/src/detector_learn/install/detector_learn/share/colcon-core/packages/detector_learn)
[11.995s] Level 1:colcon.colcon_core.environment:create_environment_scripts_only(detector_learn)
[11.995s] Level 1:colcon.colcon_core.environment:checking '/home/ake/A.Ke/A.Ke_project/detector_opencv/src/detector_learn/install/detector_learn' for CMake module files
[11.996s] Level 1:colcon.colcon_core.environment:checking '/home/ake/A.Ke/A.Ke_project/detector_opencv/src/detector_learn/install/detector_learn' for CMake config files
[11.997s] Level 1:colcon.colcon_core.shell:create_environment_hook('detector_learn', 'cmake_prefix_path')
[11.997s] INFO:colcon.colcon_core.shell:Creating environment hook '/home/ake/A.Ke/A.Ke_project/detector_opencv/src/detector_learn/install/detector_learn/share/detector_learn/hook/cmake_prefix_path.ps1'
[11.999s] INFO:colcon.colcon_core.shell:Creating environment descriptor '/home/ake/A.Ke/A.Ke_project/detector_opencv/src/detector_learn/install/detector_learn/share/detector_learn/hook/cmake_prefix_path.dsv'
[12.000s] INFO:colcon.colcon_core.shell:Creating environment hook '/home/ake/A.Ke/A.Ke_project/detector_opencv/src/detector_learn/install/detector_learn/share/detector_learn/hook/cmake_prefix_path.sh'
[12.002s] Level 1:colcon.colcon_core.environment:checking '/home/ake/A.Ke/A.Ke_project/detector_opencv/src/detector_learn/install/detector_learn/lib'
[12.003s] Level 1:colcon.colcon_core.environment:checking '/home/ake/A.Ke/A.Ke_project/detector_opencv/src/detector_learn/install/detector_learn/bin'
[12.003s] Level 1:colcon.colcon_core.environment:checking '/home/ake/A.Ke/A.Ke_project/detector_opencv/src/detector_learn/install/detector_learn/lib/pkgconfig/detector_learn.pc'
[12.003s] Level 1:colcon.colcon_core.environment:checking '/home/ake/A.Ke/A.Ke_project/detector_opencv/src/detector_learn/install/detector_learn/lib/python3.10/site-packages'
[12.004s] Level 1:colcon.colcon_core.environment:checking '/home/ake/A.Ke/A.Ke_project/detector_opencv/src/detector_learn/install/detector_learn/bin'
[12.005s] INFO:colcon.colcon_core.shell:Creating package script '/home/ake/A.Ke/A.Ke_project/detector_opencv/src/detector_learn/install/detector_learn/share/detector_learn/package.ps1'
[12.007s] INFO:colcon.colcon_core.shell:Creating package descriptor '/home/ake/A.Ke/A.Ke_project/detector_opencv/src/detector_learn/install/detector_learn/share/detector_learn/package.dsv'
[12.008s] INFO:colcon.colcon_core.shell:Creating package script '/home/ake/A.Ke/A.Ke_project/detector_opencv/src/detector_learn/install/detector_learn/share/detector_learn/package.sh'
[12.010s] INFO:colcon.colcon_core.shell:Creating package script '/home/ake/A.Ke/A.Ke_project/detector_opencv/src/detector_learn/install/detector_learn/share/detector_learn/package.bash'
[12.011s] INFO:colcon.colcon_core.shell:Creating package script '/home/ake/A.Ke/A.Ke_project/detector_opencv/src/detector_learn/install/detector_learn/share/detector_learn/package.zsh'
[12.011s] Level 1:colcon.colcon_core.environment:create_file_with_runtime_dependencies(/home/ake/A.Ke/A.Ke_project/detector_opencv/src/detector_learn/install/detector_learn/share/colcon-core/packages/detector_learn)
[12.012s] DEBUG:colcon.colcon_parallel_executor.executor.parallel:closing loop
[12.012s] DEBUG:colcon.colcon_parallel_executor.executor.parallel:loop closed
[12.013s] DEBUG:colcon.colcon_parallel_executor.executor.parallel:run_until_complete finished with '0'
[12.013s] DEBUG:colcon.colcon_core.event_reactor:joining thread
[12.028s] INFO:colcon.colcon_core.plugin_system:Skipping extension 'colcon_notification.desktop_notification.terminal_notifier': Not used on non-Darwin systems
[12.028s] INFO:colcon.colcon_core.plugin_system:Skipping extension 'colcon_notification.desktop_notification.win32': Not used on non-Windows systems
[12.028s] INFO:colcon.colcon_notification.desktop_notification:Sending desktop notification using 'notify2'
[12.064s] DEBUG:colcon.colcon_core.event_reactor:joined thread
[12.064s] INFO:colcon.colcon_core.shell:Creating prefix script '/home/ake/A.Ke/A.Ke_project/detector_opencv/src/detector_learn/install/local_setup.ps1'
[12.065s] INFO:colcon.colcon_core.shell:Creating prefix util module '/home/ake/A.Ke/A.Ke_project/detector_opencv/src/detector_learn/install/_local_setup_util_ps1.py'
[12.070s] INFO:colcon.colcon_core.shell:Creating prefix chain script '/home/ake/A.Ke/A.Ke_project/detector_opencv/src/detector_learn/install/setup.ps1'
[12.071s] INFO:colcon.colcon_core.shell:Creating prefix script '/home/ake/A.Ke/A.Ke_project/detector_opencv/src/detector_learn/install/local_setup.sh'
[12.073s] INFO:colcon.colcon_core.shell:Creating prefix util module '/home/ake/A.Ke/A.Ke_project/detector_opencv/src/detector_learn/install/_local_setup_util_sh.py'
[12.074s] INFO:colcon.colcon_core.shell:Creating prefix chain script '/home/ake/A.Ke/A.Ke_project/detector_opencv/src/detector_learn/install/setup.sh'
[12.077s] INFO:colcon.colcon_core.shell:Creating prefix script '/home/ake/A.Ke/A.Ke_project/detector_opencv/src/detector_learn/install/local_setup.bash'
[12.078s] INFO:colcon.colcon_core.shell:Creating prefix chain script '/home/ake/A.Ke/A.Ke_project/detector_opencv/src/detector_learn/install/setup.bash'
[12.079s] INFO:colcon.colcon_core.shell:Creating prefix script '/home/ake/A.Ke/A.Ke_project/detector_opencv/src/detector_learn/install/local_setup.zsh'
[12.080s] INFO:colcon.colcon_core.shell:Creating prefix chain script '/home/ake/A.Ke/A.Ke_project/detector_opencv/src/detector_learn/install/setup.zsh'
