[0.031s] Invoking command in '/home/ake/A.Ke/A.Ke_project/camera_calibration/src/camera_learn/build/camera_learn': CMAKE_PREFIX_PATH=/opt/ros/humble /usr/bin/cmake /home/ake/A.Ke/A.Ke_project/camera_calibration/src/camera_learn -DCMAKE_INSTALL_PREFIX=/home/ake/A.Ke/A.Ke_project/camera_calibration/src/camera_learn/install/camera_learn
[1.353s] -- The C compiler identification is GNU 11.4.0
[1.898s] -- The CXX compiler identification is GNU 11.4.0
[2.087s] -- Detecting C compiler ABI info
[2.392s] -- Detecting C compiler ABI info - done
[2.405s] -- Check for working C compiler: /usr/bin/cc - skipped
[2.406s] -- Detecting C compile features
[2.424s] -- Detecting C compile features - done
[2.491s] -- Detecting CXX compiler ABI info
[2.706s] -- Detecting CXX compiler ABI info - done
[2.710s] -- Check for working CXX compiler: /usr/bin/c++ - skipped
[2.710s] -- Detecting CXX compile features
[2.712s] -- Detecting CXX compile features - done
[2.747s] -- Found ament_cmake: 1.3.9 (/opt/ros/humble/share/ament_cmake/cmake)
[3.131s] -- Found Python3: /usr/bin/python3 (found version "3.10.12") found components: Interpreter 
[3.571s] -- Found rclcpp: 16.0.9 (/opt/ros/humble/share/rclcpp/cmake)
[3.898s] -- Found rosidl_generator_c: 3.1.5 (/opt/ros/humble/share/rosidl_generator_c/cmake)
[3.929s] -- Found rosidl_adapter: 3.1.5 (/opt/ros/humble/share/rosidl_adapter/cmake)
[3.991s] -- Found rosidl_generator_cpp: 3.1.5 (/opt/ros/humble/share/rosidl_generator_cpp/cmake)
[4.081s] -- Using all available rosidl_typesupport_c: rosidl_typesupport_fastrtps_c;rosidl_typesupport_introspection_c
[4.204s] -- Using all available rosidl_typesupport_cpp: rosidl_typesupport_fastrtps_cpp;rosidl_typesupport_introspection_cpp
[4.584s] -- Found rmw_implementation_cmake: 6.1.2 (/opt/ros/humble/share/rmw_implementation_cmake/cmake)
[4.629s] -- Found rmw_fastrtps_cpp: 6.2.6 (/opt/ros/humble/share/rmw_fastrtps_cpp/cmake)
[5.335s] -- Found OpenSSL: /usr/lib/x86_64-linux-gnu/libcrypto.so (found version "3.0.2")  
[5.404s] -- Found FastRTPS: /opt/ros/humble/include  
[5.485s] -- Using RMW implementation 'rmw_fastrtps_cpp' as default
[5.593s] -- Looking for pthread.h
[6.115s] -- Looking for pthread.h - found
[6.115s] -- Performing Test CMAKE_HAVE_LIBC_PTHREAD
[6.364s] -- Performing Test CMAKE_HAVE_LIBC_PTHREAD - Success
[6.364s] -- Found Threads: TRUE  
[7.218s] -- Found OpenCV: /usr/local (found version "4.10.0") 
[7.232s] -- Found ament_lint_auto: 0.12.11 (/opt/ros/humble/share/ament_lint_auto/cmake)
[7.643s] -- Added test 'cppcheck' to perform static code analysis on C / C++ code
[7.643s] -- Configured cppcheck include dirs: 
[7.643s] -- Configured cppcheck exclude dirs and/or files: 
[7.674s] -- Added test 'lint_cmake' to check CMake code style
[7.733s] -- Added test 'uncrustify' to check C / C++ code style
[7.733s] -- Configured uncrustify additional arguments: 
[7.760s] -- Added test 'xmllint' to check XML markup files
[7.792s] -- Configuring done
[7.797s] -- Generating done
[7.798s] -- Build files have been written to: /home/ake/A.Ke/A.Ke_project/camera_calibration/src/camera_learn/build/camera_learn
[7.812s] Invoked command in '/home/ake/A.Ke/A.Ke_project/camera_calibration/src/camera_learn/build/camera_learn' returned '0': CMAKE_PREFIX_PATH=/opt/ros/humble /usr/bin/cmake /home/ake/A.Ke/A.Ke_project/camera_calibration/src/camera_learn -DCMAKE_INSTALL_PREFIX=/home/ake/A.Ke/A.Ke_project/camera_calibration/src/camera_learn/install/camera_learn
[7.815s] Invoking command in '/home/ake/A.Ke/A.Ke_project/camera_calibration/src/camera_learn/build/camera_learn': CMAKE_PREFIX_PATH=/opt/ros/humble /usr/bin/cmake --build /home/ake/A.Ke/A.Ke_project/camera_calibration/src/camera_learn/build/camera_learn -- -j2 -l2
[7.918s] [ 50%] [32mBuilding CXX object CMakeFiles/camera_learn.dir/src/camera_learn.cpp.o[0m
[7.939s] [01m[K/home/ake/A.Ke/A.Ke_project/camera_calibration/src/camera_learn/src/camera_learn.cpp:1:10:[m[K [01;31m[Kfatal error: [m[Krclcpp/rclcpp.hpp: 没有那个文件或目录
[7.939s]     1 | #include [01;31m[K<rclcpp/rclcpp.hpp>[m[K
[7.939s]       |          [01;31m[K^~~~~~~~~~~~~~~~~~~[m[K
[7.939s] compilation terminated.
[7.944s] gmake[2]: *** [CMakeFiles/camera_learn.dir/build.make:76：CMakeFiles/camera_learn.dir/src/camera_learn.cpp.o] 错误 1
[7.944s] gmake[1]: *** [CMakeFiles/Makefile2:137：CMakeFiles/camera_learn.dir/all] 错误 2
[7.944s] gmake: *** [Makefile:146：all] 错误 2
[7.946s] Invoked command in '/home/ake/A.Ke/A.Ke_project/camera_calibration/src/camera_learn/build/camera_learn' returned '2': CMAKE_PREFIX_PATH=/opt/ros/humble /usr/bin/cmake --build /home/ake/A.Ke/A.Ke_project/camera_calibration/src/camera_learn/build/camera_learn -- -j2 -l2
