[0.017s] Invoking command in '/home/ake/A.Ke/A.Ke_project/build/armor_yolov8': CMAKE_PREFIX_PATH=/opt/ros/humble CONDA_PROMPT_MODIFIER=(base) /usr/bin/cmake /home/ake/A.Ke/A.Ke_project/armor_yolov8 -DCMAKE_INSTALL_PREFIX=/home/ake/A.Ke/A.Ke_project/install/armor_yolov8
[1.564s] -- The C compiler identification is GNU 11.4.0
[1.691s] -- The CXX compiler identification is GNU 11.4.0
[1.821s] -- Detecting C compiler ABI info
[1.955s] -- Detecting C compiler ABI info - done
[1.969s] -- Check for working C compiler: /usr/bin/cc - skipped
[1.969s] -- Detecting C compile features
[1.986s] -- Detecting C compile features - done
[1.988s] -- Detecting CXX compiler ABI info
[2.119s] -- Detecting CXX compiler ABI info - done
[2.126s] -- Check for working CXX compiler: /usr/bin/c++ - skipped
[2.127s] -- Detecting CXX compile features
[2.128s] -- Detecting CXX compile features - done
[2.162s] -- Found ament_cmake: 1.3.10 (/opt/ros/humble/share/ament_cmake/cmake)
[3.905s] -- Found Python3: /home/ake/miniconda3/bin/python3 (found version "3.12.4") found components: Interpreter 
[4.093s] -- Found ament_lint_auto: 0.12.11 (/opt/ros/humble/share/ament_lint_auto/cmake)
[4.259s] -- Added test 'cppcheck' to perform static code analysis on C / C++ code
[4.259s] -- Configured cppcheck include dirs: 
[4.259s] -- Configured cppcheck exclude dirs and/or files: 
[4.269s] -- Added test 'flake8' to check Python code syntax and style conventions
[4.277s] -- Added test 'lint_cmake' to check CMake code style
[4.281s] -- Added test 'pep257' to check Python code against some of the docstring style conventions in PEP 257
[4.310s] -- Added test 'uncrustify' to check C / C++ code style
[4.310s] -- Configured uncrustify additional arguments: 
[4.331s] -- Added test 'xmllint' to check XML markup files
[4.332s] -- Configuring done
[4.332s] -- Generating done
[4.332s] -- Build files have been written to: /home/ake/A.Ke/A.Ke_project/build/armor_yolov8
[4.342s] Invoked command in '/home/ake/A.Ke/A.Ke_project/build/armor_yolov8' returned '0': CMAKE_PREFIX_PATH=/opt/ros/humble CONDA_PROMPT_MODIFIER=(base) /usr/bin/cmake /home/ake/A.Ke/A.Ke_project/armor_yolov8 -DCMAKE_INSTALL_PREFIX=/home/ake/A.Ke/A.Ke_project/install/armor_yolov8
[4.342s] Invoking command in '/home/ake/A.Ke/A.Ke_project/build/armor_yolov8': CMAKE_PREFIX_PATH=/opt/ros/humble CONDA_PROMPT_MODIFIER=(base) /usr/bin/cmake --build /home/ake/A.Ke/A.Ke_project/build/armor_yolov8 -- -j2 -l2
[4.411s] Invoked command in '/home/ake/A.Ke/A.Ke_project/build/armor_yolov8' returned '0': CMAKE_PREFIX_PATH=/opt/ros/humble CONDA_PROMPT_MODIFIER=(base) /usr/bin/cmake --build /home/ake/A.Ke/A.Ke_project/build/armor_yolov8 -- -j2 -l2
[4.486s] Invoking command in '/home/ake/A.Ke/A.Ke_project/build/armor_yolov8': CMAKE_PREFIX_PATH=/opt/ros/humble CONDA_PROMPT_MODIFIER=(base) /usr/bin/cmake --install /home/ake/A.Ke/A.Ke_project/build/armor_yolov8
[4.513s] -- Install configuration: ""
[4.520s] -- Installing: /home/ake/A.Ke/A.Ke_project/install/armor_yolov8/share/ament_index/resource_index/package_run_dependencies/armor_yolov8
[4.520s] -- Installing: /home/ake/A.Ke/A.Ke_project/install/armor_yolov8/share/ament_index/resource_index/parent_prefix_path/armor_yolov8
[4.520s] -- Installing: /home/ake/A.Ke/A.Ke_project/install/armor_yolov8/share/armor_yolov8/environment/ament_prefix_path.sh
[4.520s] -- Installing: /home/ake/A.Ke/A.Ke_project/install/armor_yolov8/share/armor_yolov8/environment/ament_prefix_path.dsv
[4.520s] -- Installing: /home/ake/A.Ke/A.Ke_project/install/armor_yolov8/share/armor_yolov8/environment/path.sh
[4.520s] -- Installing: /home/ake/A.Ke/A.Ke_project/install/armor_yolov8/share/armor_yolov8/environment/path.dsv
[4.520s] -- Installing: /home/ake/A.Ke/A.Ke_project/install/armor_yolov8/share/armor_yolov8/local_setup.bash
[4.532s] -- Installing: /home/ake/A.Ke/A.Ke_project/install/armor_yolov8/share/armor_yolov8/local_setup.sh
[4.537s] -- Installing: /home/ake/A.Ke/A.Ke_project/install/armor_yolov8/share/armor_yolov8/local_setup.zsh
[4.537s] -- Installing: /home/ake/A.Ke/A.Ke_project/install/armor_yolov8/share/armor_yolov8/local_setup.dsv
[4.537s] -- Installing: /home/ake/A.Ke/A.Ke_project/install/armor_yolov8/share/armor_yolov8/package.dsv
[4.537s] -- Installing: /home/ake/A.Ke/A.Ke_project/install/armor_yolov8/share/ament_index/resource_index/packages/armor_yolov8
[4.537s] -- Installing: /home/ake/A.Ke/A.Ke_project/install/armor_yolov8/share/armor_yolov8/cmake/armor_yolov8Config.cmake
[4.537s] -- Installing: /home/ake/A.Ke/A.Ke_project/install/armor_yolov8/share/armor_yolov8/cmake/armor_yolov8Config-version.cmake
[4.537s] -- Installing: /home/ake/A.Ke/A.Ke_project/install/armor_yolov8/share/armor_yolov8/package.xml
[4.553s] Invoked command in '/home/ake/A.Ke/A.Ke_project/build/armor_yolov8' returned '0': CMAKE_PREFIX_PATH=/opt/ros/humble CONDA_PROMPT_MODIFIER=(base) /usr/bin/cmake --install /home/ake/A.Ke/A.Ke_project/build/armor_yolov8
