[0.311s] Invoking command in '/home/ake/桌面/ros2_ws/build/learning_tf2_cpp': CMAKE_PREFIX_PATH=/opt/ros/humble /usr/bin/cmake /home/ake/桌面/ros2_ws/src/learning_tf2_cpp -DCMAKE_INSTALL_PREFIX=/home/ake/桌面/ros2_ws/install/learning_tf2_cpp
[3.928s] -- The C compiler identification is GNU 11.4.0
[5.601s] -- The CXX compiler identification is GNU 11.4.0
[5.759s] -- Detecting C compiler ABI info
[6.978s] -- Detecting C compiler ABI info - done
[6.982s] -- Check for working C compiler: /usr/bin/cc - skipped
[7.000s] -- Detecting C compile features
[7.070s] -- Detecting C compile features - done
[7.203s] -- Detecting CXX compiler ABI info
[7.699s] -- Detecting CXX compiler ABI info - done
[7.711s] -- Check for working CXX compiler: /usr/bin/c++ - skipped
[7.711s] -- Detecting CXX compile features
[7.711s] -- Detecting CXX compile features - done
[8.108s] -- Found ament_cmake: 1.3.9 (/opt/ros/humble/share/ament_cmake/cmake)
[8.576s] -- Found Python3: /usr/bin/python3 (found version "3.10.12") found components: Interpreter 
[9.422s] -- Found geometry_msgs: 4.2.4 (/opt/ros/humble/share/geometry_msgs/cmake)
[9.802s] -- Found rosidl_generator_c: 3.1.5 (/opt/ros/humble/share/rosidl_generator_c/cmake)
[9.841s] -- Found rosidl_adapter: 3.1.5 (/opt/ros/humble/share/rosidl_adapter/cmake)
[9.881s] -- Found rosidl_generator_cpp: 3.1.5 (/opt/ros/humble/share/rosidl_generator_cpp/cmake)
[10.045s] -- Using all available rosidl_typesupport_c: rosidl_typesupport_fastrtps_c;rosidl_typesupport_introspection_c
[10.144s] -- Using all available rosidl_typesupport_cpp: rosidl_typesupport_fastrtps_cpp;rosidl_typesupport_introspection_cpp
[10.492s] -- Found rclcpp: 16.0.9 (/opt/ros/humble/share/rclcpp/cmake)
[10.848s] -- Found rmw_implementation_cmake: 6.1.2 (/opt/ros/humble/share/rmw_implementation_cmake/cmake)
[10.876s] -- Found rmw_fastrtps_cpp: 6.2.6 (/opt/ros/humble/share/rmw_fastrtps_cpp/cmake)
[11.364s] -- Found OpenSSL: /usr/lib/x86_64-linux-gnu/libcrypto.so (found version "3.0.2")  
[11.434s] -- Found FastRTPS: /opt/ros/humble/include  
[11.486s] -- Using RMW implementation 'rmw_fastrtps_cpp' as default
[11.592s] -- Looking for pthread.h
[12.256s] -- Looking for pthread.h - found
[12.256s] -- Performing Test CMAKE_HAVE_LIBC_PTHREAD
[12.500s] -- Performing Test CMAKE_HAVE_LIBC_PTHREAD - Success
[12.502s] -- Found Threads: TRUE  
[13.516s] -- Found tf2: 0.25.7 (/opt/ros/humble/share/tf2/cmake)
[13.738s] -- Found tf2_ros: 0.25.7 (/opt/ros/humble/share/tf2_ros/cmake)
[15.947s] -- Found turtlesim: 1.4.2 (/opt/ros/humble/share/turtlesim/cmake)
[16.318s] -- Found ament_lint_auto: 0.12.11 (/opt/ros/humble/share/ament_lint_auto/cmake)
[17.135s] -- Added test 'cppcheck' to perform static code analysis on C / C++ code
[17.135s] -- Configured cppcheck include dirs: 
[17.135s] -- Configured cppcheck exclude dirs and/or files: 
[17.242s] -- Added test 'lint_cmake' to check CMake code style
[17.295s] -- Added test 'uncrustify' to check C / C++ code style
[17.295s] -- Configured uncrustify additional arguments: 
[17.313s] -- Added test 'xmllint' to check XML markup files
[17.422s] -- Configuring done
[17.441s] -- Generating done
[17.444s] -- Build files have been written to: /home/ake/桌面/ros2_ws/build/learning_tf2_cpp
[17.458s] Invoked command in '/home/ake/桌面/ros2_ws/build/learning_tf2_cpp' returned '0': CMAKE_PREFIX_PATH=/opt/ros/humble /usr/bin/cmake /home/ake/桌面/ros2_ws/src/learning_tf2_cpp -DCMAKE_INSTALL_PREFIX=/home/ake/桌面/ros2_ws/install/learning_tf2_cpp
[17.460s] Invoking command in '/home/ake/桌面/ros2_ws/build/learning_tf2_cpp': CMAKE_PREFIX_PATH=/opt/ros/humble /usr/bin/cmake --build /home/ake/桌面/ros2_ws/build/learning_tf2_cpp -- -j2 -l2
[17.546s] Invoked command in '/home/ake/桌面/ros2_ws/build/learning_tf2_cpp' returned '0': CMAKE_PREFIX_PATH=/opt/ros/humble /usr/bin/cmake --build /home/ake/桌面/ros2_ws/build/learning_tf2_cpp -- -j2 -l2
[17.635s] Invoking command in '/home/ake/桌面/ros2_ws/build/learning_tf2_cpp': CMAKE_PREFIX_PATH=/opt/ros/humble /usr/bin/cmake --install /home/ake/桌面/ros2_ws/build/learning_tf2_cpp
[17.656s] -- Install configuration: ""
[17.657s] -- Installing: /home/ake/桌面/ros2_ws/install/learning_tf2_cpp/share/ament_index/resource_index/package_run_dependencies/learning_tf2_cpp
[17.657s] -- Installing: /home/ake/桌面/ros2_ws/install/learning_tf2_cpp/share/ament_index/resource_index/parent_prefix_path/learning_tf2_cpp
[17.662s] -- Installing: /home/ake/桌面/ros2_ws/install/learning_tf2_cpp/share/learning_tf2_cpp/environment/ament_prefix_path.sh
[17.663s] -- Installing: /home/ake/桌面/ros2_ws/install/learning_tf2_cpp/share/learning_tf2_cpp/environment/ament_prefix_path.dsv
[17.663s] -- Installing: /home/ake/桌面/ros2_ws/install/learning_tf2_cpp/share/learning_tf2_cpp/environment/path.sh
[17.663s] -- Installing: /home/ake/桌面/ros2_ws/install/learning_tf2_cpp/share/learning_tf2_cpp/environment/path.dsv
[17.663s] -- Installing: /home/ake/桌面/ros2_ws/install/learning_tf2_cpp/share/learning_tf2_cpp/local_setup.bash
[17.663s] -- Installing: /home/ake/桌面/ros2_ws/install/learning_tf2_cpp/share/learning_tf2_cpp/local_setup.sh
[17.669s] -- Installing: /home/ake/桌面/ros2_ws/install/learning_tf2_cpp/share/learning_tf2_cpp/local_setup.zsh
[17.670s] -- Installing: /home/ake/桌面/ros2_ws/install/learning_tf2_cpp/share/learning_tf2_cpp/local_setup.dsv
[17.670s] -- Installing: /home/ake/桌面/ros2_ws/install/learning_tf2_cpp/share/learning_tf2_cpp/package.dsv
[17.672s] -- Installing: /home/ake/桌面/ros2_ws/install/learning_tf2_cpp/share/ament_index/resource_index/packages/learning_tf2_cpp
[17.672s] -- Installing: /home/ake/桌面/ros2_ws/install/learning_tf2_cpp/share/learning_tf2_cpp/cmake/learning_tf2_cppConfig.cmake
[17.694s] -- Installing: /home/ake/桌面/ros2_ws/install/learning_tf2_cpp/share/learning_tf2_cpp/cmake/learning_tf2_cppConfig-version.cmake
[17.694s] -- Installing: /home/ake/桌面/ros2_ws/install/learning_tf2_cpp/share/learning_tf2_cpp/package.xml
[17.698s] Invoked command in '/home/ake/桌面/ros2_ws/build/learning_tf2_cpp' returned '0': CMAKE_PREFIX_PATH=/opt/ros/humble /usr/bin/cmake --install /home/ake/桌面/ros2_ws/build/learning_tf2_cpp
