[0.019s] Invoking command in '/home/ake/A.Ke/A.Ke_project/final_project/src/basketball_final/build/basketball_final': CMAKE_PREFIX_PATH=${CMAKE_PREFIX_PATH}:/opt/ros/humble CONDA_PROMPT_MODIFIER=(base) /usr/bin/cmake --build /home/ake/A.Ke/A.Ke_project/final_project/src/basketball_final/build/basketball_final -- -j2 -l2
[0.118s] [35m[1mConsolidate compiler generated dependencies of target basketball_final[0m
[0.163s] [ 33%] [32mBuilding CXX object CMakeFiles/basketball_final.dir/src/inference.cpp.o[0m
[0.167s] [ 66%] [32mBuilding CXX object CMakeFiles/basketball_final.dir/src/basketball_final.cpp.o[0m
[5.276s] [01m[K/home/ake/A.Ke/A.Ke_project/final_project/src/basketball_final/src/basketball_final.cpp:[m[K In function ‘[01m[Kint main(int, char**)[m[K’:
[5.276s] [01m[K/home/ake/A.Ke/A.Ke_project/final_project/src/basketball_final/src/basketball_final.cpp:8:14:[m[K [01;35m[Kwarning: [m[Kunused parameter ‘[01m[Kargc[m[K’ [[01;35m[K]8;;https://gcc.gnu.org/onlinedocs/gcc/Warning-Options.html#index-Wunused-parameter-Wunused-parameter]8;;[m[K]
[5.276s]     8 | int main([01;35m[Kint argc[m[K, char **argv)
[5.276s]       |          [01;35m[K~~~~^~~~[m[K
[5.276s] [01m[K/home/ake/A.Ke/A.Ke_project/final_project/src/basketball_final/src/basketball_final.cpp:8:27:[m[K [01;35m[Kwarning: [m[Kunused parameter ‘[01m[Kargv[m[K’ [[01;35m[K]8;;https://gcc.gnu.org/onlinedocs/gcc/Warning-Options.html#index-Wunused-parameter-Wunused-parameter]8;;[m[K]
[5.276s]     8 | int main(int argc, [01;35m[Kchar **argv[m[K)
[5.277s]       |                    [01;35m[K~~~~~~~^~~~[m[K
[9.151s] [100%] [32m[1mLinking CXX executable basketball_final[0m
[9.706s] [100%] Built target basketball_final
[9.730s] Invoked command in '/home/ake/A.Ke/A.Ke_project/final_project/src/basketball_final/build/basketball_final' returned '0': CMAKE_PREFIX_PATH=${CMAKE_PREFIX_PATH}:/opt/ros/humble CONDA_PROMPT_MODIFIER=(base) /usr/bin/cmake --build /home/ake/A.Ke/A.Ke_project/final_project/src/basketball_final/build/basketball_final -- -j2 -l2
[9.889s] Invoking command in '/home/ake/A.Ke/A.Ke_project/final_project/src/basketball_final/build/basketball_final': CMAKE_PREFIX_PATH=${CMAKE_PREFIX_PATH}:/opt/ros/humble CONDA_PROMPT_MODIFIER=(base) /usr/bin/cmake --install /home/ake/A.Ke/A.Ke_project/final_project/src/basketball_final/build/basketball_final
[9.936s] -- Install configuration: ""
[9.938s] -- Installing: /home/ake/A.Ke/A.Ke_project/final_project/src/basketball_final/install/basketball_final/lib/basketball_final/basketball_final
[9.941s] -- Set runtime path of "/home/ake/A.Ke/A.Ke_project/final_project/src/basketball_final/install/basketball_final/lib/basketball_final/basketball_final" to ""
[9.941s] -- Up-to-date: /home/ake/A.Ke/A.Ke_project/final_project/src/basketball_final/install/basketball_final/share/ament_index/resource_index/package_run_dependencies/basketball_final
[9.941s] -- Up-to-date: /home/ake/A.Ke/A.Ke_project/final_project/src/basketball_final/install/basketball_final/share/ament_index/resource_index/parent_prefix_path/basketball_final
[9.943s] -- Up-to-date: /home/ake/A.Ke/A.Ke_project/final_project/src/basketball_final/install/basketball_final/share/basketball_final/environment/ament_prefix_path.sh
[9.943s] -- Up-to-date: /home/ake/A.Ke/A.Ke_project/final_project/src/basketball_final/install/basketball_final/share/basketball_final/environment/ament_prefix_path.dsv
[9.943s] -- Up-to-date: /home/ake/A.Ke/A.Ke_project/final_project/src/basketball_final/install/basketball_final/share/basketball_final/environment/path.sh
[9.943s] -- Up-to-date: /home/ake/A.Ke/A.Ke_project/final_project/src/basketball_final/install/basketball_final/share/basketball_final/environment/path.dsv
[9.944s] -- Up-to-date: /home/ake/A.Ke/A.Ke_project/final_project/src/basketball_final/install/basketball_final/share/basketball_final/local_setup.bash
[9.944s] -- Up-to-date: /home/ake/A.Ke/A.Ke_project/final_project/src/basketball_final/install/basketball_final/share/basketball_final/local_setup.sh
[9.946s] -- Up-to-date: /home/ake/A.Ke/A.Ke_project/final_project/src/basketball_final/install/basketball_final/share/basketball_final/local_setup.zsh
[9.946s] -- Up-to-date: /home/ake/A.Ke/A.Ke_project/final_project/src/basketball_final/install/basketball_final/share/basketball_final/local_setup.dsv
[9.946s] -- Installing: /home/ake/A.Ke/A.Ke_project/final_project/src/basketball_final/install/basketball_final/share/basketball_final/package.dsv
[9.950s] -- Up-to-date: /home/ake/A.Ke/A.Ke_project/final_project/src/basketball_final/install/basketball_final/share/ament_index/resource_index/packages/basketball_final
[9.950s] -- Up-to-date: /home/ake/A.Ke/A.Ke_project/final_project/src/basketball_final/install/basketball_final/share/basketball_final/cmake/basketball_finalConfig.cmake
[9.950s] -- Up-to-date: /home/ake/A.Ke/A.Ke_project/final_project/src/basketball_final/install/basketball_final/share/basketball_final/cmake/basketball_finalConfig-version.cmake
[9.950s] -- Up-to-date: /home/ake/A.Ke/A.Ke_project/final_project/src/basketball_final/install/basketball_final/share/basketball_final/package.xml
[9.954s] Invoked command in '/home/ake/A.Ke/A.Ke_project/final_project/src/basketball_final/build/basketball_final' returned '0': CMAKE_PREFIX_PATH=${CMAKE_PREFIX_PATH}:/opt/ros/humble CONDA_PROMPT_MODIFIER=(base) /usr/bin/cmake --install /home/ake/A.Ke/A.Ke_project/final_project/src/basketball_final/build/basketball_final
