[0.404s] DEBUG:colcon:Command line arguments: ['/usr/bin/colcon', 'build']
[0.404s] DEBUG:colcon:Parsed command line arguments: Namespace(log_base=None, log_level=None, verb_name='build', build_base='build', install_base='install', merge_install=False, symlink_install=False, test_result_base=None, continue_on_error=False, executor='parallel', parallel_workers=2, event_handlers=None, ignore_user_meta=False, metas=['./colcon.meta'], base_paths=['.'], packages_ignore=None, packages_ignore_regex=None, paths=None, packages_up_to=None, packages_up_to_regex=None, packages_above=None, packages_above_and_dependencies=None, packages_above_depth=None, packages_select_by_dep=None, packages_skip_by_dep=None, packages_skip_up_to=None, packages_select_build_failed=False, packages_skip_build_finished=False, packages_select_test_failures=False, packages_skip_test_passed=False, packages_select=None, packages_skip=None, packages_select_regex=None, packages_skip_regex=None, packages_start=None, packages_end=None, allow_overriding=[], cmake_args=None, cmake_target=None, cmake_target_skip_unavailable=False, cmake_clean_cache=False, cmake_clean_first=False, cmake_force_configure=False, ament_cmake_args=None, catkin_cmake_args=None, catkin_skip_building_tests=False, verb_parser=<colcon_defaults.argument_parser.defaults.DefaultArgumentsDecorator object at 0x7a199bc54910>, verb_extension=<colcon_core.verb.build.BuildVerb object at 0x7a199bc54370>, main=<bound method BuildVerb.main of <colcon_core.verb.build.BuildVerb object at 0x7a199bc54370>>)
[0.772s] Level 1:colcon.colcon_core.package_discovery:discover_packages(colcon_meta) check parameters
[0.772s] Level 1:colcon.colcon_core.package_discovery:discover_packages(recursive) check parameters
[0.772s] Level 1:colcon.colcon_core.package_discovery:discover_packages(ignore) check parameters
[0.772s] Level 1:colcon.colcon_core.package_discovery:discover_packages(path) check parameters
[0.772s] Level 1:colcon.colcon_core.package_discovery:discover_packages(colcon_meta) discover
[0.772s] Level 1:colcon.colcon_core.package_discovery:discover_packages(recursive) discover
[0.772s] INFO:colcon.colcon_core.package_discovery:Crawling recursively for packages in '/home/ake/A.Ke/A.Ke_project/final_project/src/basketball_final'
[0.772s] Level 1:colcon.colcon_core.package_identification:_identify(.) by extensions ['ignore', 'ignore_ament_install']
[0.773s] Level 1:colcon.colcon_core.package_identification:_identify(.) by extension 'ignore'
[0.773s] Level 1:colcon.colcon_core.package_identification:_identify(.) by extension 'ignore_ament_install'
[0.773s] Level 1:colcon.colcon_core.package_identification:_identify(.) by extensions ['colcon_pkg']
[0.773s] Level 1:colcon.colcon_core.package_identification:_identify(.) by extension 'colcon_pkg'
[0.773s] Level 1:colcon.colcon_core.package_identification:_identify(.) by extensions ['colcon_meta']
[0.773s] Level 1:colcon.colcon_core.package_identification:_identify(.) by extension 'colcon_meta'
[0.773s] Level 1:colcon.colcon_core.package_identification:_identify(.) by extensions ['ros']
[0.773s] Level 1:colcon.colcon_core.package_identification:_identify(.) by extension 'ros'
[0.790s] DEBUG:colcon.colcon_core.package_identification:Package '.' with type 'ros.ament_cmake' and name 'basketball_final'
[0.790s] Level 1:colcon.colcon_core.package_discovery:discover_packages(recursive) using defaults
[0.790s] Level 1:colcon.colcon_core.package_discovery:discover_packages(ignore) discover
[0.790s] Level 1:colcon.colcon_core.package_discovery:discover_packages(ignore) using defaults
[0.790s] Level 1:colcon.colcon_core.package_discovery:discover_packages(path) discover
[0.790s] Level 1:colcon.colcon_core.package_discovery:discover_packages(path) using defaults
[0.812s] Level 1:colcon.colcon_core.package_discovery:discover_packages(prefix_path) check parameters
[0.812s] Level 1:colcon.colcon_core.package_discovery:discover_packages(prefix_path) discover
[0.842s] DEBUG:colcon.colcon_installed_package_information.package_discovery:Found 313 installed packages in /opt/ros/humble
[0.843s] Level 1:colcon.colcon_core.package_discovery:discover_packages(prefix_path) using defaults
[2.720s] Level 5:colcon.colcon_core.verb:set package 'basketball_final' build argument 'cmake_args' from command line to 'None'
[2.720s] Level 5:colcon.colcon_core.verb:set package 'basketball_final' build argument 'cmake_target' from command line to 'None'
[2.720s] Level 5:colcon.colcon_core.verb:set package 'basketball_final' build argument 'cmake_target_skip_unavailable' from command line to 'False'
[2.720s] Level 5:colcon.colcon_core.verb:set package 'basketball_final' build argument 'cmake_clean_cache' from command line to 'False'
[2.720s] Level 5:colcon.colcon_core.verb:set package 'basketball_final' build argument 'cmake_clean_first' from command line to 'False'
[2.720s] Level 5:colcon.colcon_core.verb:set package 'basketball_final' build argument 'cmake_force_configure' from command line to 'False'
[2.720s] Level 5:colcon.colcon_core.verb:set package 'basketball_final' build argument 'ament_cmake_args' from command line to 'None'
[2.720s] Level 5:colcon.colcon_core.verb:set package 'basketball_final' build argument 'catkin_cmake_args' from command line to 'None'
[2.720s] Level 5:colcon.colcon_core.verb:set package 'basketball_final' build argument 'catkin_skip_building_tests' from command line to 'False'
[2.720s] DEBUG:colcon.colcon_core.verb:Building package 'basketball_final' with the following arguments: {'ament_cmake_args': None, 'build_base': '/home/ake/A.Ke/A.Ke_project/final_project/src/basketball_final/build/basketball_final', 'catkin_cmake_args': None, 'catkin_skip_building_tests': False, 'cmake_args': None, 'cmake_clean_cache': False, 'cmake_clean_first': False, 'cmake_force_configure': False, 'cmake_target': None, 'cmake_target_skip_unavailable': False, 'install_base': '/home/ake/A.Ke/A.Ke_project/final_project/src/basketball_final/install/basketball_final', 'merge_install': False, 'path': '/home/ake/A.Ke/A.Ke_project/final_project/src/basketball_final', 'symlink_install': False, 'test_result_base': None}
[2.720s] INFO:colcon.colcon_core.executor:Executing jobs using 'parallel' executor
[2.721s] DEBUG:colcon.colcon_parallel_executor.executor.parallel:run_until_complete
[2.722s] INFO:colcon.colcon_ros.task.ament_cmake.build:Building ROS package in '/home/ake/A.Ke/A.Ke_project/final_project/src/basketball_final' with build type 'ament_cmake'
[2.722s] INFO:colcon.colcon_cmake.task.cmake.build:Building CMake package in '/home/ake/A.Ke/A.Ke_project/final_project/src/basketball_final'
[2.727s] INFO:colcon.colcon_core.plugin_system:Skipping extension 'colcon_core.shell.bat': Not used on non-Windows systems
[2.727s] INFO:colcon.colcon_core.shell:Skip shell extension 'powershell' for command environment: Not usable outside of PowerShell
[2.727s] DEBUG:colcon.colcon_core.shell:Skip shell extension 'dsv' for command environment
[2.751s] DEBUG:colcon.colcon_core.event_handler.log_command:Invoking command in '/home/ake/A.Ke/A.Ke_project/final_project/src/basketball_final/build/basketball_final': CMAKE_PREFIX_PATH=/opt/ros/humble CONDA_PROMPT_MODIFIER=(base) /usr/bin/cmake --build /home/ake/A.Ke/A.Ke_project/final_project/src/basketball_final/build/basketball_final -- -j2 -l2
[16.917s] DEBUG:colcon.colcon_core.event_handler.log_command:Invoked command in '/home/ake/A.Ke/A.Ke_project/final_project/src/basketball_final/build/basketball_final' returned '0': CMAKE_PREFIX_PATH=/opt/ros/humble CONDA_PROMPT_MODIFIER=(base) /usr/bin/cmake --build /home/ake/A.Ke/A.Ke_project/final_project/src/basketball_final/build/basketball_final -- -j2 -l2
[16.956s] DEBUG:colcon.colcon_core.event_handler.log_command:Invoking command in '/home/ake/A.Ke/A.Ke_project/final_project/src/basketball_final/build/basketball_final': CMAKE_PREFIX_PATH=/opt/ros/humble CONDA_PROMPT_MODIFIER=(base) /usr/bin/cmake --install /home/ake/A.Ke/A.Ke_project/final_project/src/basketball_final/build/basketball_final
[16.973s] Level 1:colcon.colcon_core.environment:create_environment_scripts_only(basketball_final)
[16.974s] DEBUG:colcon.colcon_core.event_handler.log_command:Invoked command in '/home/ake/A.Ke/A.Ke_project/final_project/src/basketball_final/build/basketball_final' returned '0': CMAKE_PREFIX_PATH=/opt/ros/humble CONDA_PROMPT_MODIFIER=(base) /usr/bin/cmake --install /home/ake/A.Ke/A.Ke_project/final_project/src/basketball_final/build/basketball_final
[16.982s] Level 1:colcon.colcon_core.environment:checking '/home/ake/A.Ke/A.Ke_project/final_project/src/basketball_final/install/basketball_final' for CMake module files
[16.982s] Level 1:colcon.colcon_core.environment:checking '/home/ake/A.Ke/A.Ke_project/final_project/src/basketball_final/install/basketball_final' for CMake config files
[16.983s] Level 1:colcon.colcon_core.shell:create_environment_hook('basketball_final', 'cmake_prefix_path')
[16.983s] INFO:colcon.colcon_core.shell:Creating environment hook '/home/ake/A.Ke/A.Ke_project/final_project/src/basketball_final/install/basketball_final/share/basketball_final/hook/cmake_prefix_path.ps1'
[16.993s] INFO:colcon.colcon_core.shell:Creating environment descriptor '/home/ake/A.Ke/A.Ke_project/final_project/src/basketball_final/install/basketball_final/share/basketball_final/hook/cmake_prefix_path.dsv'
[17.006s] INFO:colcon.colcon_core.shell:Creating environment hook '/home/ake/A.Ke/A.Ke_project/final_project/src/basketball_final/install/basketball_final/share/basketball_final/hook/cmake_prefix_path.sh'
[17.008s] Level 1:colcon.colcon_core.environment:checking '/home/ake/A.Ke/A.Ke_project/final_project/src/basketball_final/install/basketball_final/lib'
[17.008s] Level 1:colcon.colcon_core.environment:checking '/home/ake/A.Ke/A.Ke_project/final_project/src/basketball_final/install/basketball_final/bin'
[17.008s] Level 1:colcon.colcon_core.environment:checking '/home/ake/A.Ke/A.Ke_project/final_project/src/basketball_final/install/basketball_final/lib/pkgconfig/basketball_final.pc'
[17.008s] Level 1:colcon.colcon_core.environment:checking '/home/ake/A.Ke/A.Ke_project/final_project/src/basketball_final/install/basketball_final/lib/python3.10/site-packages'
[17.009s] Level 1:colcon.colcon_core.environment:checking '/home/ake/A.Ke/A.Ke_project/final_project/src/basketball_final/install/basketball_final/bin'
[17.009s] INFO:colcon.colcon_core.shell:Creating package script '/home/ake/A.Ke/A.Ke_project/final_project/src/basketball_final/install/basketball_final/share/basketball_final/package.ps1'
[17.011s] INFO:colcon.colcon_core.shell:Creating package descriptor '/home/ake/A.Ke/A.Ke_project/final_project/src/basketball_final/install/basketball_final/share/basketball_final/package.dsv'
[17.012s] INFO:colcon.colcon_core.shell:Creating package script '/home/ake/A.Ke/A.Ke_project/final_project/src/basketball_final/install/basketball_final/share/basketball_final/package.sh'
[17.012s] INFO:colcon.colcon_core.shell:Creating package script '/home/ake/A.Ke/A.Ke_project/final_project/src/basketball_final/install/basketball_final/share/basketball_final/package.bash'
[17.014s] INFO:colcon.colcon_core.shell:Creating package script '/home/ake/A.Ke/A.Ke_project/final_project/src/basketball_final/install/basketball_final/share/basketball_final/package.zsh'
[17.015s] Level 1:colcon.colcon_core.environment:create_file_with_runtime_dependencies(/home/ake/A.Ke/A.Ke_project/final_project/src/basketball_final/install/basketball_final/share/colcon-core/packages/basketball_final)
[17.054s] Level 1:colcon.colcon_core.environment:create_environment_scripts_only(basketball_final)
[17.054s] Level 1:colcon.colcon_core.environment:checking '/home/ake/A.Ke/A.Ke_project/final_project/src/basketball_final/install/basketball_final' for CMake module files
[17.055s] Level 1:colcon.colcon_core.environment:checking '/home/ake/A.Ke/A.Ke_project/final_project/src/basketball_final/install/basketball_final' for CMake config files
[17.055s] Level 1:colcon.colcon_core.shell:create_environment_hook('basketball_final', 'cmake_prefix_path')
[17.055s] INFO:colcon.colcon_core.shell:Creating environment hook '/home/ake/A.Ke/A.Ke_project/final_project/src/basketball_final/install/basketball_final/share/basketball_final/hook/cmake_prefix_path.ps1'
[17.056s] INFO:colcon.colcon_core.shell:Creating environment descriptor '/home/ake/A.Ke/A.Ke_project/final_project/src/basketball_final/install/basketball_final/share/basketball_final/hook/cmake_prefix_path.dsv'
[17.056s] INFO:colcon.colcon_core.shell:Creating environment hook '/home/ake/A.Ke/A.Ke_project/final_project/src/basketball_final/install/basketball_final/share/basketball_final/hook/cmake_prefix_path.sh'
[17.057s] Level 1:colcon.colcon_core.environment:checking '/home/ake/A.Ke/A.Ke_project/final_project/src/basketball_final/install/basketball_final/lib'
[17.057s] Level 1:colcon.colcon_core.environment:checking '/home/ake/A.Ke/A.Ke_project/final_project/src/basketball_final/install/basketball_final/bin'
[17.057s] Level 1:colcon.colcon_core.environment:checking '/home/ake/A.Ke/A.Ke_project/final_project/src/basketball_final/install/basketball_final/lib/pkgconfig/basketball_final.pc'
[17.057s] Level 1:colcon.colcon_core.environment:checking '/home/ake/A.Ke/A.Ke_project/final_project/src/basketball_final/install/basketball_final/lib/python3.10/site-packages'
[17.057s] Level 1:colcon.colcon_core.environment:checking '/home/ake/A.Ke/A.Ke_project/final_project/src/basketball_final/install/basketball_final/bin'
[17.057s] INFO:colcon.colcon_core.shell:Creating package script '/home/ake/A.Ke/A.Ke_project/final_project/src/basketball_final/install/basketball_final/share/basketball_final/package.ps1'
[17.059s] INFO:colcon.colcon_core.shell:Creating package descriptor '/home/ake/A.Ke/A.Ke_project/final_project/src/basketball_final/install/basketball_final/share/basketball_final/package.dsv'
[17.059s] INFO:colcon.colcon_core.shell:Creating package script '/home/ake/A.Ke/A.Ke_project/final_project/src/basketball_final/install/basketball_final/share/basketball_final/package.sh'
[17.059s] INFO:colcon.colcon_core.shell:Creating package script '/home/ake/A.Ke/A.Ke_project/final_project/src/basketball_final/install/basketball_final/share/basketball_final/package.bash'
[17.060s] INFO:colcon.colcon_core.shell:Creating package script '/home/ake/A.Ke/A.Ke_project/final_project/src/basketball_final/install/basketball_final/share/basketball_final/package.zsh'
[17.060s] Level 1:colcon.colcon_core.environment:create_file_with_runtime_dependencies(/home/ake/A.Ke/A.Ke_project/final_project/src/basketball_final/install/basketball_final/share/colcon-core/packages/basketball_final)
[17.061s] DEBUG:colcon.colcon_parallel_executor.executor.parallel:closing loop
[17.061s] DEBUG:colcon.colcon_parallel_executor.executor.parallel:loop closed
[17.062s] DEBUG:colcon.colcon_parallel_executor.executor.parallel:run_until_complete finished with '0'
[17.062s] DEBUG:colcon.colcon_core.event_reactor:joining thread
[17.108s] INFO:colcon.colcon_core.plugin_system:Skipping extension 'colcon_notification.desktop_notification.terminal_notifier': Not used on non-Darwin systems
[17.109s] INFO:colcon.colcon_core.plugin_system:Skipping extension 'colcon_notification.desktop_notification.win32': Not used on non-Windows systems
[17.109s] INFO:colcon.colcon_notification.desktop_notification:Sending desktop notification using 'notify2'
[17.152s] DEBUG:colcon.colcon_core.event_reactor:joined thread
[17.152s] INFO:colcon.colcon_core.shell:Creating prefix script '/home/ake/A.Ke/A.Ke_project/final_project/src/basketball_final/install/local_setup.ps1'
[17.153s] INFO:colcon.colcon_core.shell:Creating prefix util module '/home/ake/A.Ke/A.Ke_project/final_project/src/basketball_final/install/_local_setup_util_ps1.py'
[17.155s] INFO:colcon.colcon_core.shell:Creating prefix chain script '/home/ake/A.Ke/A.Ke_project/final_project/src/basketball_final/install/setup.ps1'
[17.156s] INFO:colcon.colcon_core.shell:Creating prefix script '/home/ake/A.Ke/A.Ke_project/final_project/src/basketball_final/install/local_setup.sh'
[17.156s] INFO:colcon.colcon_core.shell:Creating prefix util module '/home/ake/A.Ke/A.Ke_project/final_project/src/basketball_final/install/_local_setup_util_sh.py'
[17.157s] INFO:colcon.colcon_core.shell:Creating prefix chain script '/home/ake/A.Ke/A.Ke_project/final_project/src/basketball_final/install/setup.sh'
[17.159s] INFO:colcon.colcon_core.shell:Creating prefix script '/home/ake/A.Ke/A.Ke_project/final_project/src/basketball_final/install/local_setup.bash'
[17.159s] INFO:colcon.colcon_core.shell:Creating prefix chain script '/home/ake/A.Ke/A.Ke_project/final_project/src/basketball_final/install/setup.bash'
[17.160s] INFO:colcon.colcon_core.shell:Creating prefix script '/home/ake/A.Ke/A.Ke_project/final_project/src/basketball_final/install/local_setup.zsh'
[17.161s] INFO:colcon.colcon_core.shell:Creating prefix chain script '/home/ake/A.Ke/A.Ke_project/final_project/src/basketball_final/install/setup.zsh'
