[ 33%] [32mBuilding CXX object CMakeFiles/armor_pnp_learn.dir/src/armor_pnp_learn.cpp.o[0m
[ 66%] [32m[1mLinking CXX executable armor_pnp_learn[0m
[100%] Built target armor_pnp_learn
-- Install configuration: ""
-- Installing: /home/ake/A.Ke/A.Ke_project/armor_yolov8/src/armor_pnp_learn/install/armor_pnp_learn/lib/armor_pnp_learn/armor_pnp_learn
-- Set runtime path of "/home/ake/A.Ke/A.Ke_project/armor_yolov8/src/armor_pnp_learn/install/armor_pnp_learn/lib/armor_pnp_learn/armor_pnp_learn" to ""
-- Up-to-date: /home/ake/A.Ke/A.Ke_project/armor_yolov8/src/armor_pnp_learn/install/armor_pnp_learn/share/ament_index/resource_index/package_run_dependencies/armor_pnp_learn
-- Up-to-date: /home/ake/A.Ke/A.Ke_project/armor_yolov8/src/armor_pnp_learn/install/armor_pnp_learn/share/ament_index/resource_index/parent_prefix_path/armor_pnp_learn
-- Up-to-date: /home/ake/A.Ke/A.Ke_project/armor_yolov8/src/armor_pnp_learn/install/armor_pnp_learn/share/armor_pnp_learn/environment/ament_prefix_path.sh
-- Up-to-date: /home/ake/A.Ke/A.Ke_project/armor_yolov8/src/armor_pnp_learn/install/armor_pnp_learn/share/armor_pnp_learn/environment/ament_prefix_path.dsv
-- Up-to-date: /home/ake/A.Ke/A.Ke_project/armor_yolov8/src/armor_pnp_learn/install/armor_pnp_learn/share/armor_pnp_learn/environment/path.sh
-- Up-to-date: /home/ake/A.Ke/A.Ke_project/armor_yolov8/src/armor_pnp_learn/install/armor_pnp_learn/share/armor_pnp_learn/environment/path.dsv
-- Up-to-date: /home/ake/A.Ke/A.Ke_project/armor_yolov8/src/armor_pnp_learn/install/armor_pnp_learn/share/armor_pnp_learn/local_setup.bash
-- Up-to-date: /home/ake/A.Ke/A.Ke_project/armor_yolov8/src/armor_pnp_learn/install/armor_pnp_learn/share/armor_pnp_learn/local_setup.sh
-- Up-to-date: /home/ake/A.Ke/A.Ke_project/armor_yolov8/src/armor_pnp_learn/install/armor_pnp_learn/share/armor_pnp_learn/local_setup.zsh
-- Up-to-date: /home/ake/A.Ke/A.Ke_project/armor_yolov8/src/armor_pnp_learn/install/armor_pnp_learn/share/armor_pnp_learn/local_setup.dsv
-- Installing: /home/ake/A.Ke/A.Ke_project/armor_yolov8/src/armor_pnp_learn/install/armor_pnp_learn/share/armor_pnp_learn/package.dsv
-- Up-to-date: /home/ake/A.Ke/A.Ke_project/armor_yolov8/src/armor_pnp_learn/install/armor_pnp_learn/share/ament_index/resource_index/packages/armor_pnp_learn
-- Up-to-date: /home/ake/A.Ke/A.Ke_project/armor_yolov8/src/armor_pnp_learn/install/armor_pnp_learn/share/armor_pnp_learn/cmake/armor_pnp_learnConfig.cmake
-- Up-to-date: /home/ake/A.Ke/A.Ke_project/armor_yolov8/src/armor_pnp_learn/install/armor_pnp_learn/share/armor_pnp_learn/cmake/armor_pnp_learnConfig-version.cmake
-- Up-to-date: /home/ake/A.Ke/A.Ke_project/armor_yolov8/src/armor_pnp_learn/install/armor_pnp_learn/share/armor_pnp_learn/package.xml
