[0.114s] Invoking command in '/home/ake/A.Ke/A.Ke_project/detector_opencv/src/detector_learn/build/detector_learn': CMAKE_PREFIX_PATH=${CMAKE_PREFIX_PATH}:/opt/ros/humble /usr/bin/cmake --build /home/ake/A.Ke/A.Ke_project/detector_opencv/src/detector_learn/build/detector_learn -- -j2 -l2
[3.390s] [35m[1mConsolidate compiler generated dependencies of target detector_learn[0m
[3.635s] [ 50%] [32mBuilding CXX object CMakeFiles/detector_learn.dir/src/detector_learn.cpp.o[0m
[13.900s] [100%] [32m[1mLinking CXX executable detector_learn[0m
[14.808s] [100%] Built target detector_learn
[14.840s] Invoked command in '/home/ake/A.Ke/A.Ke_project/detector_opencv/src/detector_learn/build/detector_learn' returned '0': CMAKE_PREFIX_PATH=${CMAKE_PREFIX_PATH}:/opt/ros/humble /usr/bin/cmake --build /home/ake/A.Ke/A.Ke_project/detector_opencv/src/detector_learn/build/detector_learn -- -j2 -l2
[14.958s] Invoking command in '/home/ake/A.Ke/A.Ke_project/detector_opencv/src/detector_learn/build/detector_learn': CMAKE_PREFIX_PATH=${CMAKE_PREFIX_PATH}:/opt/ros/humble /usr/bin/cmake --install /home/ake/A.Ke/A.Ke_project/detector_opencv/src/detector_learn/build/detector_learn
[15.049s] -- Install configuration: ""
[15.056s] -- Installing: /home/ake/A.Ke/A.Ke_project/detector_opencv/src/detector_learn/install/detector_learn/lib/detector_learn/detector_learn
[15.057s] -- Set runtime path of "/home/ake/A.Ke/A.Ke_project/detector_opencv/src/detector_learn/install/detector_learn/lib/detector_learn/detector_learn" to ""
[15.058s] -- Up-to-date: /home/ake/A.Ke/A.Ke_project/detector_opencv/src/detector_learn/install/detector_learn/share/ament_index/resource_index/package_run_dependencies/detector_learn
[15.064s] -- Up-to-date: /home/ake/A.Ke/A.Ke_project/detector_opencv/src/detector_learn/install/detector_learn/share/ament_index/resource_index/parent_prefix_path/detector_learn
[15.065s] -- Up-to-date: /home/ake/A.Ke/A.Ke_project/detector_opencv/src/detector_learn/install/detector_learn/share/detector_learn/environment/ament_prefix_path.sh
[15.065s] -- Up-to-date: /home/ake/A.Ke/A.Ke_project/detector_opencv/src/detector_learn/install/detector_learn/share/detector_learn/environment/ament_prefix_path.dsv
[15.068s] -- Up-to-date: /home/ake/A.Ke/A.Ke_project/detector_opencv/src/detector_learn/install/detector_learn/share/detector_learn/environment/path.sh
[15.068s] -- Up-to-date: /home/ake/A.Ke/A.Ke_project/detector_opencv/src/detector_learn/install/detector_learn/share/detector_learn/environment/path.dsv
[15.068s] -- Up-to-date: /home/ake/A.Ke/A.Ke_project/detector_opencv/src/detector_learn/install/detector_learn/share/detector_learn/local_setup.bash
[15.068s] -- Up-to-date: /home/ake/A.Ke/A.Ke_project/detector_opencv/src/detector_learn/install/detector_learn/share/detector_learn/local_setup.sh
[15.069s] -- Up-to-date: /home/ake/A.Ke/A.Ke_project/detector_opencv/src/detector_learn/install/detector_learn/share/detector_learn/local_setup.zsh
[15.069s] -- Up-to-date: /home/ake/A.Ke/A.Ke_project/detector_opencv/src/detector_learn/install/detector_learn/share/detector_learn/local_setup.dsv
[15.069s] -- Installing: /home/ake/A.Ke/A.Ke_project/detector_opencv/src/detector_learn/install/detector_learn/share/detector_learn/package.dsv
[15.071s] -- Up-to-date: /home/ake/A.Ke/A.Ke_project/detector_opencv/src/detector_learn/install/detector_learn/share/ament_index/resource_index/packages/detector_learn
[15.072s] -- Up-to-date: /home/ake/A.Ke/A.Ke_project/detector_opencv/src/detector_learn/install/detector_learn/share/detector_learn/cmake/detector_learnConfig.cmake
[15.072s] -- Up-to-date: /home/ake/A.Ke/A.Ke_project/detector_opencv/src/detector_learn/install/detector_learn/share/detector_learn/cmake/detector_learnConfig-version.cmake
[15.072s] -- Up-to-date: /home/ake/A.Ke/A.Ke_project/detector_opencv/src/detector_learn/install/detector_learn/share/detector_learn/package.xml
[15.077s] Invoked command in '/home/ake/A.Ke/A.Ke_project/detector_opencv/src/detector_learn/build/detector_learn' returned '0': CMAKE_PREFIX_PATH=${CMAKE_PREFIX_PATH}:/opt/ros/humble /usr/bin/cmake --install /home/ake/A.Ke/A.Ke_project/detector_opencv/src/detector_learn/build/detector_learn
