[0.478s] DEBUG:colcon:Command line arguments: ['/usr/bin/colcon', 'build']
[0.478s] DEBUG:colcon:Parsed command line arguments: Namespace(log_base=None, log_level=None, verb_name='build', build_base='build', install_base='install', merge_install=False, symlink_install=False, test_result_base=None, continue_on_error=False, executor='parallel', parallel_workers=2, event_handlers=None, ignore_user_meta=False, metas=['./colcon.meta'], base_paths=['.'], packages_ignore=None, packages_ignore_regex=None, paths=None, packages_up_to=None, packages_up_to_regex=None, packages_above=None, packages_above_and_dependencies=None, packages_above_depth=None, packages_select_by_dep=None, packages_skip_by_dep=None, packages_skip_up_to=None, packages_select_build_failed=False, packages_skip_build_finished=False, packages_select_test_failures=False, packages_skip_test_passed=False, packages_select=None, packages_skip=None, packages_select_regex=None, packages_skip_regex=None, packages_start=None, packages_end=None, allow_overriding=[], cmake_args=None, cmake_target=None, cmake_target_skip_unavailable=False, cmake_clean_cache=False, cmake_clean_first=False, cmake_force_configure=False, ament_cmake_args=None, catkin_cmake_args=None, catkin_skip_building_tests=False, verb_parser=<colcon_defaults.argument_parser.defaults.DefaultArgumentsDecorator object at 0x7e6e1360ff10>, verb_extension=<colcon_core.verb.build.BuildVerb object at 0x7e6e1360fa00>, main=<bound method BuildVerb.main of <colcon_core.verb.build.BuildVerb object at 0x7e6e1360fa00>>)
[8.633s] Level 1:colcon.colcon_core.package_discovery:discover_packages(colcon_meta) check parameters
[8.633s] Level 1:colcon.colcon_core.package_discovery:discover_packages(recursive) check parameters
[8.633s] Level 1:colcon.colcon_core.package_discovery:discover_packages(ignore) check parameters
[8.633s] Level 1:colcon.colcon_core.package_discovery:discover_packages(path) check parameters
[8.633s] Level 1:colcon.colcon_core.package_discovery:discover_packages(colcon_meta) discover
[8.633s] Level 1:colcon.colcon_core.package_discovery:discover_packages(recursive) discover
[8.633s] INFO:colcon.colcon_core.package_discovery:Crawling recursively for packages in '/home/ake/A.Ke/A.Ke_project/detector_opencv/src/detector_learn'
[8.634s] Level 1:colcon.colcon_core.package_identification:_identify(.) by extensions ['ignore', 'ignore_ament_install']
[8.634s] Level 1:colcon.colcon_core.package_identification:_identify(.) by extension 'ignore'
[8.634s] Level 1:colcon.colcon_core.package_identification:_identify(.) by extension 'ignore_ament_install'
[8.634s] Level 1:colcon.colcon_core.package_identification:_identify(.) by extensions ['colcon_pkg']
[8.634s] Level 1:colcon.colcon_core.package_identification:_identify(.) by extension 'colcon_pkg'
[8.634s] Level 1:colcon.colcon_core.package_identification:_identify(.) by extensions ['colcon_meta']
[8.634s] Level 1:colcon.colcon_core.package_identification:_identify(.) by extension 'colcon_meta'
[8.634s] Level 1:colcon.colcon_core.package_identification:_identify(.) by extensions ['ros']
[8.634s] Level 1:colcon.colcon_core.package_identification:_identify(.) by extension 'ros'
[8.824s] DEBUG:colcon.colcon_core.package_identification:Package '.' with type 'ros.ament_cmake' and name 'detector_learn'
[8.824s] Level 1:colcon.colcon_core.package_discovery:discover_packages(recursive) using defaults
[8.824s] Level 1:colcon.colcon_core.package_discovery:discover_packages(ignore) discover
[8.824s] Level 1:colcon.colcon_core.package_discovery:discover_packages(ignore) using defaults
[8.824s] Level 1:colcon.colcon_core.package_discovery:discover_packages(path) discover
[8.824s] Level 1:colcon.colcon_core.package_discovery:discover_packages(path) using defaults
[9.261s] Level 1:colcon.colcon_core.package_discovery:discover_packages(prefix_path) check parameters
[9.261s] Level 1:colcon.colcon_core.package_discovery:discover_packages(prefix_path) discover
[9.305s] DEBUG:colcon.colcon_installed_package_information.package_discovery:Found 328 installed packages in /opt/ros/humble
[9.307s] Level 1:colcon.colcon_core.package_discovery:discover_packages(prefix_path) using defaults
[9.372s] Level 5:colcon.colcon_core.verb:set package 'detector_learn' build argument 'cmake_args' from command line to 'None'
[9.372s] Level 5:colcon.colcon_core.verb:set package 'detector_learn' build argument 'cmake_target' from command line to 'None'
[9.372s] Level 5:colcon.colcon_core.verb:set package 'detector_learn' build argument 'cmake_target_skip_unavailable' from command line to 'False'
[9.372s] Level 5:colcon.colcon_core.verb:set package 'detector_learn' build argument 'cmake_clean_cache' from command line to 'False'
[9.372s] Level 5:colcon.colcon_core.verb:set package 'detector_learn' build argument 'cmake_clean_first' from command line to 'False'
[9.372s] Level 5:colcon.colcon_core.verb:set package 'detector_learn' build argument 'cmake_force_configure' from command line to 'False'
[9.372s] Level 5:colcon.colcon_core.verb:set package 'detector_learn' build argument 'ament_cmake_args' from command line to 'None'
[9.372s] Level 5:colcon.colcon_core.verb:set package 'detector_learn' build argument 'catkin_cmake_args' from command line to 'None'
[9.372s] Level 5:colcon.colcon_core.verb:set package 'detector_learn' build argument 'catkin_skip_building_tests' from command line to 'False'
[9.372s] DEBUG:colcon.colcon_core.verb:Building package 'detector_learn' with the following arguments: {'ament_cmake_args': None, 'build_base': '/home/ake/A.Ke/A.Ke_project/detector_opencv/src/detector_learn/build/detector_learn', 'catkin_cmake_args': None, 'catkin_skip_building_tests': False, 'cmake_args': None, 'cmake_clean_cache': False, 'cmake_clean_first': False, 'cmake_force_configure': False, 'cmake_target': None, 'cmake_target_skip_unavailable': False, 'install_base': '/home/ake/A.Ke/A.Ke_project/detector_opencv/src/detector_learn/install/detector_learn', 'merge_install': False, 'path': '/home/ake/A.Ke/A.Ke_project/detector_opencv/src/detector_learn', 'symlink_install': False, 'test_result_base': None}
[9.373s] INFO:colcon.colcon_core.executor:Executing jobs using 'parallel' executor
[9.376s] DEBUG:colcon.colcon_parallel_executor.executor.parallel:run_until_complete
[9.378s] INFO:colcon.colcon_ros.task.ament_cmake.build:Building ROS package in '/home/ake/A.Ke/A.Ke_project/detector_opencv/src/detector_learn' with build type 'ament_cmake'
[9.378s] INFO:colcon.colcon_cmake.task.cmake.build:Building CMake package in '/home/ake/A.Ke/A.Ke_project/detector_opencv/src/detector_learn'
[9.410s] INFO:colcon.colcon_core.plugin_system:Skipping extension 'colcon_core.shell.bat': Not used on non-Windows systems
[9.410s] INFO:colcon.colcon_core.shell:Skip shell extension 'powershell' for command environment: Not usable outside of PowerShell
[9.410s] DEBUG:colcon.colcon_core.shell:Skip shell extension 'dsv' for command environment
[9.431s] DEBUG:colcon.colcon_core.event_handler.log_command:Invoking command in '/home/ake/A.Ke/A.Ke_project/detector_opencv/src/detector_learn/build/detector_learn': CMAKE_PREFIX_PATH=/opt/ros/humble /usr/bin/cmake /home/ake/A.Ke/A.Ke_project/detector_opencv/src/detector_learn -DCMAKE_INSTALL_PREFIX=/home/ake/A.Ke/A.Ke_project/detector_opencv/src/detector_learn/install/detector_learn
[19.713s] DEBUG:colcon.colcon_core.event_handler.log_command:Invoked command in '/home/ake/A.Ke/A.Ke_project/detector_opencv/src/detector_learn/build/detector_learn' returned '0': CMAKE_PREFIX_PATH=/opt/ros/humble /usr/bin/cmake /home/ake/A.Ke/A.Ke_project/detector_opencv/src/detector_learn -DCMAKE_INSTALL_PREFIX=/home/ake/A.Ke/A.Ke_project/detector_opencv/src/detector_learn/install/detector_learn
[19.719s] DEBUG:colcon.colcon_core.event_handler.log_command:Invoking command in '/home/ake/A.Ke/A.Ke_project/detector_opencv/src/detector_learn/build/detector_learn': CMAKE_PREFIX_PATH=/opt/ros/humble /usr/bin/cmake --build /home/ake/A.Ke/A.Ke_project/detector_opencv/src/detector_learn/build/detector_learn -- -j2 -l2
[33.229s] DEBUG:colcon.colcon_core.event_handler.log_command:Invoked command in '/home/ake/A.Ke/A.Ke_project/detector_opencv/src/detector_learn/build/detector_learn' returned '0': CMAKE_PREFIX_PATH=/opt/ros/humble /usr/bin/cmake --build /home/ake/A.Ke/A.Ke_project/detector_opencv/src/detector_learn/build/detector_learn -- -j2 -l2
[33.313s] DEBUG:colcon.colcon_core.event_handler.log_command:Invoking command in '/home/ake/A.Ke/A.Ke_project/detector_opencv/src/detector_learn/build/detector_learn': CMAKE_PREFIX_PATH=/opt/ros/humble /usr/bin/cmake --install /home/ake/A.Ke/A.Ke_project/detector_opencv/src/detector_learn/build/detector_learn
[33.330s] Level 1:colcon.colcon_core.environment:create_environment_scripts_only(detector_learn)
[33.330s] DEBUG:colcon.colcon_core.event_handler.log_command:Invoked command in '/home/ake/A.Ke/A.Ke_project/detector_opencv/src/detector_learn/build/detector_learn' returned '0': CMAKE_PREFIX_PATH=/opt/ros/humble /usr/bin/cmake --install /home/ake/A.Ke/A.Ke_project/detector_opencv/src/detector_learn/build/detector_learn
[33.524s] Level 1:colcon.colcon_core.environment:checking '/home/ake/A.Ke/A.Ke_project/detector_opencv/src/detector_learn/install/detector_learn' for CMake module files
[33.525s] Level 1:colcon.colcon_core.environment:checking '/home/ake/A.Ke/A.Ke_project/detector_opencv/src/detector_learn/install/detector_learn' for CMake config files
[33.525s] Level 1:colcon.colcon_core.shell:create_environment_hook('detector_learn', 'cmake_prefix_path')
[33.525s] INFO:colcon.colcon_core.shell:Creating environment hook '/home/ake/A.Ke/A.Ke_project/detector_opencv/src/detector_learn/install/detector_learn/share/detector_learn/hook/cmake_prefix_path.ps1'
[33.537s] INFO:colcon.colcon_core.shell:Creating environment descriptor '/home/ake/A.Ke/A.Ke_project/detector_opencv/src/detector_learn/install/detector_learn/share/detector_learn/hook/cmake_prefix_path.dsv'
[33.548s] INFO:colcon.colcon_core.shell:Creating environment hook '/home/ake/A.Ke/A.Ke_project/detector_opencv/src/detector_learn/install/detector_learn/share/detector_learn/hook/cmake_prefix_path.sh'
[33.550s] Level 1:colcon.colcon_core.environment:checking '/home/ake/A.Ke/A.Ke_project/detector_opencv/src/detector_learn/install/detector_learn/bin'
[33.550s] Level 1:colcon.colcon_core.environment:checking '/home/ake/A.Ke/A.Ke_project/detector_opencv/src/detector_learn/install/detector_learn/lib/pkgconfig/detector_learn.pc'
[33.550s] Level 1:colcon.colcon_core.environment:checking '/home/ake/A.Ke/A.Ke_project/detector_opencv/src/detector_learn/install/detector_learn/lib/python3.10/site-packages'
[33.550s] Level 1:colcon.colcon_core.environment:checking '/home/ake/A.Ke/A.Ke_project/detector_opencv/src/detector_learn/install/detector_learn/bin'
[33.551s] INFO:colcon.colcon_core.shell:Creating package script '/home/ake/A.Ke/A.Ke_project/detector_opencv/src/detector_learn/install/detector_learn/share/detector_learn/package.ps1'
[33.552s] INFO:colcon.colcon_core.shell:Creating package descriptor '/home/ake/A.Ke/A.Ke_project/detector_opencv/src/detector_learn/install/detector_learn/share/detector_learn/package.dsv'
[33.553s] INFO:colcon.colcon_core.shell:Creating package script '/home/ake/A.Ke/A.Ke_project/detector_opencv/src/detector_learn/install/detector_learn/share/detector_learn/package.sh'
[33.555s] INFO:colcon.colcon_core.shell:Creating package script '/home/ake/A.Ke/A.Ke_project/detector_opencv/src/detector_learn/install/detector_learn/share/detector_learn/package.bash'
[33.566s] INFO:colcon.colcon_core.shell:Creating package script '/home/ake/A.Ke/A.Ke_project/detector_opencv/src/detector_learn/install/detector_learn/share/detector_learn/package.zsh'
[33.584s] Level 1:colcon.colcon_core.environment:create_file_with_runtime_dependencies(/home/ake/A.Ke/A.Ke_project/detector_opencv/src/detector_learn/install/detector_learn/share/colcon-core/packages/detector_learn)
[33.644s] Level 1:colcon.colcon_core.environment:create_environment_scripts_only(detector_learn)
[33.644s] Level 1:colcon.colcon_core.environment:checking '/home/ake/A.Ke/A.Ke_project/detector_opencv/src/detector_learn/install/detector_learn' for CMake module files
[33.645s] Level 1:colcon.colcon_core.environment:checking '/home/ake/A.Ke/A.Ke_project/detector_opencv/src/detector_learn/install/detector_learn' for CMake config files
[33.645s] Level 1:colcon.colcon_core.shell:create_environment_hook('detector_learn', 'cmake_prefix_path')
[33.646s] INFO:colcon.colcon_core.shell:Creating environment hook '/home/ake/A.Ke/A.Ke_project/detector_opencv/src/detector_learn/install/detector_learn/share/detector_learn/hook/cmake_prefix_path.ps1'
[33.646s] INFO:colcon.colcon_core.shell:Creating environment descriptor '/home/ake/A.Ke/A.Ke_project/detector_opencv/src/detector_learn/install/detector_learn/share/detector_learn/hook/cmake_prefix_path.dsv'
[33.647s] INFO:colcon.colcon_core.shell:Creating environment hook '/home/ake/A.Ke/A.Ke_project/detector_opencv/src/detector_learn/install/detector_learn/share/detector_learn/hook/cmake_prefix_path.sh'
[33.648s] Level 1:colcon.colcon_core.environment:checking '/home/ake/A.Ke/A.Ke_project/detector_opencv/src/detector_learn/install/detector_learn/bin'
[33.648s] Level 1:colcon.colcon_core.environment:checking '/home/ake/A.Ke/A.Ke_project/detector_opencv/src/detector_learn/install/detector_learn/lib/pkgconfig/detector_learn.pc'
[33.649s] Level 1:colcon.colcon_core.environment:checking '/home/ake/A.Ke/A.Ke_project/detector_opencv/src/detector_learn/install/detector_learn/lib/python3.10/site-packages'
[33.649s] Level 1:colcon.colcon_core.environment:checking '/home/ake/A.Ke/A.Ke_project/detector_opencv/src/detector_learn/install/detector_learn/bin'
[33.649s] INFO:colcon.colcon_core.shell:Creating package script '/home/ake/A.Ke/A.Ke_project/detector_opencv/src/detector_learn/install/detector_learn/share/detector_learn/package.ps1'
[33.650s] INFO:colcon.colcon_core.shell:Creating package descriptor '/home/ake/A.Ke/A.Ke_project/detector_opencv/src/detector_learn/install/detector_learn/share/detector_learn/package.dsv'
[33.651s] INFO:colcon.colcon_core.shell:Creating package script '/home/ake/A.Ke/A.Ke_project/detector_opencv/src/detector_learn/install/detector_learn/share/detector_learn/package.sh'
[33.652s] INFO:colcon.colcon_core.shell:Creating package script '/home/ake/A.Ke/A.Ke_project/detector_opencv/src/detector_learn/install/detector_learn/share/detector_learn/package.bash'
[33.653s] INFO:colcon.colcon_core.shell:Creating package script '/home/ake/A.Ke/A.Ke_project/detector_opencv/src/detector_learn/install/detector_learn/share/detector_learn/package.zsh'
[33.653s] Level 1:colcon.colcon_core.environment:create_file_with_runtime_dependencies(/home/ake/A.Ke/A.Ke_project/detector_opencv/src/detector_learn/install/detector_learn/share/colcon-core/packages/detector_learn)
[33.654s] DEBUG:colcon.colcon_parallel_executor.executor.parallel:closing loop
[33.656s] DEBUG:colcon.colcon_parallel_executor.executor.parallel:loop closed
[33.656s] DEBUG:colcon.colcon_parallel_executor.executor.parallel:run_until_complete finished with '0'
[33.656s] DEBUG:colcon.colcon_core.event_reactor:joining thread
[33.753s] INFO:colcon.colcon_core.plugin_system:Skipping extension 'colcon_notification.desktop_notification.terminal_notifier': Not used on non-Darwin systems
[33.753s] INFO:colcon.colcon_core.plugin_system:Skipping extension 'colcon_notification.desktop_notification.win32': Not used on non-Windows systems
[33.753s] INFO:colcon.colcon_notification.desktop_notification:Sending desktop notification using 'notify2'
[33.841s] DEBUG:colcon.colcon_core.event_reactor:joined thread
[33.842s] INFO:colcon.colcon_core.shell:Creating prefix script '/home/ake/A.Ke/A.Ke_project/detector_opencv/src/detector_learn/install/local_setup.ps1'
[33.871s] INFO:colcon.colcon_core.shell:Creating prefix util module '/home/ake/A.Ke/A.Ke_project/detector_opencv/src/detector_learn/install/_local_setup_util_ps1.py'
[33.883s] INFO:colcon.colcon_core.shell:Creating prefix chain script '/home/ake/A.Ke/A.Ke_project/detector_opencv/src/detector_learn/install/setup.ps1'
[33.893s] INFO:colcon.colcon_core.shell:Creating prefix script '/home/ake/A.Ke/A.Ke_project/detector_opencv/src/detector_learn/install/local_setup.sh'
[33.913s] INFO:colcon.colcon_core.shell:Creating prefix util module '/home/ake/A.Ke/A.Ke_project/detector_opencv/src/detector_learn/install/_local_setup_util_sh.py'
[33.913s] INFO:colcon.colcon_core.shell:Creating prefix chain script '/home/ake/A.Ke/A.Ke_project/detector_opencv/src/detector_learn/install/setup.sh'
[33.936s] INFO:colcon.colcon_core.shell:Creating prefix script '/home/ake/A.Ke/A.Ke_project/detector_opencv/src/detector_learn/install/local_setup.bash'
[33.999s] INFO:colcon.colcon_core.shell:Creating prefix chain script '/home/ake/A.Ke/A.Ke_project/detector_opencv/src/detector_learn/install/setup.bash'
[34.008s] INFO:colcon.colcon_core.shell:Creating prefix script '/home/ake/A.Ke/A.Ke_project/detector_opencv/src/detector_learn/install/local_setup.zsh'
[34.017s] INFO:colcon.colcon_core.shell:Creating prefix chain script '/home/ake/A.Ke/A.Ke_project/detector_opencv/src/detector_learn/install/setup.zsh'
