[0.017s] Invoking command in '/home/ake/A.Ke/A.Ke_project/detector_opencv/src/detector_learn/build/detector_learn': CMAKE_PREFIX_PATH=${CMAKE_PREFIX_PATH}:/opt/ros/humble /usr/bin/cmake --build /home/ake/A.Ke/A.Ke_project/detector_opencv/src/detector_learn/build/detector_learn -- -j2 -l2
[0.199s] [35m[1mConsolidate compiler generated dependencies of target detector_learn[0m
[0.251s] [ 50%] [32mBuilding CXX object CMakeFiles/detector_learn.dir/src/detector_learn.cpp.o[0m
[6.159s] [100%] [32m[1mLinking CXX executable detector_learn[0m
[6.488s] [100%] Built target detector_learn
[6.515s] Invoked command in '/home/ake/A.Ke/A.Ke_project/detector_opencv/src/detector_learn/build/detector_learn' returned '0': CMAKE_PREFIX_PATH=${CMAKE_PREFIX_PATH}:/opt/ros/humble /usr/bin/cmake --build /home/ake/A.Ke/A.Ke_project/detector_opencv/src/detector_learn/build/detector_learn -- -j2 -l2
[6.606s] Invoking command in '/home/ake/A.Ke/A.Ke_project/detector_opencv/src/detector_learn/build/detector_learn': CMAKE_PREFIX_PATH=${CMAKE_PREFIX_PATH}:/opt/ros/humble /usr/bin/cmake --install /home/ake/A.Ke/A.Ke_project/detector_opencv/src/detector_learn/build/detector_learn
[6.634s] -- Install configuration: ""
[6.635s] -- Installing: /home/ake/A.Ke/A.Ke_project/detector_opencv/src/detector_learn/install/detector_learn/lib/detector_learn/detector_learn
[6.636s] -- Set runtime path of "/home/ake/A.Ke/A.Ke_project/detector_opencv/src/detector_learn/install/detector_learn/lib/detector_learn/detector_learn" to ""
[6.637s] -- Up-to-date: /home/ake/A.Ke/A.Ke_project/detector_opencv/src/detector_learn/install/detector_learn/share/ament_index/resource_index/package_run_dependencies/detector_learn
[6.638s] -- Up-to-date: /home/ake/A.Ke/A.Ke_project/detector_opencv/src/detector_learn/install/detector_learn/share/ament_index/resource_index/parent_prefix_path/detector_learn
[6.638s] -- Up-to-date: /home/ake/A.Ke/A.Ke_project/detector_opencv/src/detector_learn/install/detector_learn/share/detector_learn/environment/ament_prefix_path.sh
[6.638s] -- Up-to-date: /home/ake/A.Ke/A.Ke_project/detector_opencv/src/detector_learn/install/detector_learn/share/detector_learn/environment/ament_prefix_path.dsv
[6.640s] -- Up-to-date: /home/ake/A.Ke/A.Ke_project/detector_opencv/src/detector_learn/install/detector_learn/share/detector_learn/environment/path.sh
[6.641s] -- Up-to-date: /home/ake/A.Ke/A.Ke_project/detector_opencv/src/detector_learn/install/detector_learn/share/detector_learn/environment/path.dsv
[6.641s] -- Up-to-date: /home/ake/A.Ke/A.Ke_project/detector_opencv/src/detector_learn/install/detector_learn/share/detector_learn/local_setup.bash
[6.641s] -- Up-to-date: /home/ake/A.Ke/A.Ke_project/detector_opencv/src/detector_learn/install/detector_learn/share/detector_learn/local_setup.sh
[6.641s] -- Up-to-date: /home/ake/A.Ke/A.Ke_project/detector_opencv/src/detector_learn/install/detector_learn/share/detector_learn/local_setup.zsh
[6.641s] -- Up-to-date: /home/ake/A.Ke/A.Ke_project/detector_opencv/src/detector_learn/install/detector_learn/share/detector_learn/local_setup.dsv
[6.641s] -- Installing: /home/ake/A.Ke/A.Ke_project/detector_opencv/src/detector_learn/install/detector_learn/share/detector_learn/package.dsv
[6.641s] -- Up-to-date: /home/ake/A.Ke/A.Ke_project/detector_opencv/src/detector_learn/install/detector_learn/share/ament_index/resource_index/packages/detector_learn
[6.642s] -- Up-to-date: /home/ake/A.Ke/A.Ke_project/detector_opencv/src/detector_learn/install/detector_learn/share/detector_learn/cmake/detector_learnConfig.cmake
[6.642s] -- Up-to-date: /home/ake/A.Ke/A.Ke_project/detector_opencv/src/detector_learn/install/detector_learn/share/detector_learn/cmake/detector_learnConfig-version.cmake
[6.642s] -- Up-to-date: /home/ake/A.Ke/A.Ke_project/detector_opencv/src/detector_learn/install/detector_learn/share/detector_learn/package.xml
[6.651s] Invoked command in '/home/ake/A.Ke/A.Ke_project/detector_opencv/src/detector_learn/build/detector_learn' returned '0': CMAKE_PREFIX_PATH=${CMAKE_PREFIX_PATH}:/opt/ros/humble /usr/bin/cmake --install /home/ake/A.Ke/A.Ke_project/detector_opencv/src/detector_learn/build/detector_learn
