[0.035s] Invoking command in '/home/ake/A.Ke/A.Ke_project/build/cam_PnP': CMAKE_PREFIX_PATH=/opt/ros/humble CONDA_PROMPT_MODIFIER=(base) /usr/bin/cmake /home/ake/A.Ke/A.Ke_project/cam_PnP -DCMAKE_INSTALL_PREFIX=/home/ake/A.Ke/A.Ke_project/install/cam_PnP
[1.562s] -- The C compiler identification is GNU 11.4.0
[1.689s] -- The CXX compiler identification is GNU 11.4.0
[1.797s] -- Detecting C compiler ABI info
[1.965s] -- Detecting C compiler ABI info - done
[1.972s] -- Check for working C compiler: /usr/bin/cc - skipped
[1.972s] -- Detecting C compile features
[1.979s] -- Detecting C compile features - done
[1.982s] -- Detecting CXX compiler ABI info
[2.092s] -- Detecting CXX compiler ABI info - done
[2.099s] -- Check for working CXX compiler: /usr/bin/c++ - skipped
[2.100s] -- Detecting CXX compile features
[2.100s] -- Detecting CXX compile features - done
[2.157s] -- Found ament_cmake: 1.3.10 (/opt/ros/humble/share/ament_cmake/cmake)
[3.900s] -- Found Python3: /home/ake/miniconda3/bin/python3 (found version "3.12.4") found components: Interpreter 
[4.090s] -- Found ament_lint_auto: 0.12.11 (/opt/ros/humble/share/ament_lint_auto/cmake)
[4.184s] WARNING: Package name "cam_PnP" does not follow the naming conventions. It should start with a lower case letter and only contain lower case letters, digits, underscores, and dashes.
[4.240s] -- Added test 'cppcheck' to perform static code analysis on C / C++ code
[4.240s] -- Configured cppcheck include dirs: 
[4.240s] -- Configured cppcheck exclude dirs and/or files: 
[4.247s] -- Added test 'flake8' to check Python code syntax and style conventions
[4.269s] -- Added test 'lint_cmake' to check CMake code style
[4.272s] -- Added test 'pep257' to check Python code against some of the docstring style conventions in PEP 257
[4.296s] -- Added test 'uncrustify' to check C / C++ code style
[4.296s] -- Configured uncrustify additional arguments: 
[4.299s] -- Added test 'xmllint' to check XML markup files
[4.300s] -- Configuring done
[4.305s] -- Generating done
[4.305s] -- Build files have been written to: /home/ake/A.Ke/A.Ke_project/build/cam_PnP
[4.332s] Invoked command in '/home/ake/A.Ke/A.Ke_project/build/cam_PnP' returned '0': CMAKE_PREFIX_PATH=/opt/ros/humble CONDA_PROMPT_MODIFIER=(base) /usr/bin/cmake /home/ake/A.Ke/A.Ke_project/cam_PnP -DCMAKE_INSTALL_PREFIX=/home/ake/A.Ke/A.Ke_project/install/cam_PnP
[4.332s] Invoking command in '/home/ake/A.Ke/A.Ke_project/build/cam_PnP': CMAKE_PREFIX_PATH=/opt/ros/humble CONDA_PROMPT_MODIFIER=(base) /usr/bin/cmake --build /home/ake/A.Ke/A.Ke_project/build/cam_PnP -- -j2 -l2
[4.405s] Invoked command in '/home/ake/A.Ke/A.Ke_project/build/cam_PnP' returned '0': CMAKE_PREFIX_PATH=/opt/ros/humble CONDA_PROMPT_MODIFIER=(base) /usr/bin/cmake --build /home/ake/A.Ke/A.Ke_project/build/cam_PnP -- -j2 -l2
[4.481s] Invoking command in '/home/ake/A.Ke/A.Ke_project/build/cam_PnP': CMAKE_PREFIX_PATH=/opt/ros/humble CONDA_PROMPT_MODIFIER=(base) /usr/bin/cmake --install /home/ake/A.Ke/A.Ke_project/build/cam_PnP
[4.486s] -- Install configuration: ""
[4.486s] -- Installing: /home/ake/A.Ke/A.Ke_project/install/cam_PnP/share/ament_index/resource_index/package_run_dependencies/cam_PnP
[4.486s] -- Installing: /home/ake/A.Ke/A.Ke_project/install/cam_PnP/share/ament_index/resource_index/parent_prefix_path/cam_PnP
[4.487s] -- Installing: /home/ake/A.Ke/A.Ke_project/install/cam_PnP/share/cam_PnP/environment/ament_prefix_path.sh
[4.487s] -- Installing: /home/ake/A.Ke/A.Ke_project/install/cam_PnP/share/cam_PnP/environment/ament_prefix_path.dsv
[4.487s] -- Installing: /home/ake/A.Ke/A.Ke_project/install/cam_PnP/share/cam_PnP/environment/path.sh
[4.487s] -- Installing: /home/ake/A.Ke/A.Ke_project/install/cam_PnP/share/cam_PnP/environment/path.dsv
[4.509s] -- Installing: /home/ake/A.Ke/A.Ke_project/install/cam_PnP/share/cam_PnP/local_setup.bash
[4.515s] -- Installing: /home/ake/A.Ke/A.Ke_project/install/cam_PnP/share/cam_PnP/local_setup.sh
[4.515s] -- Installing: /home/ake/A.Ke/A.Ke_project/install/cam_PnP/share/cam_PnP/local_setup.zsh
[4.515s] -- Installing: /home/ake/A.Ke/A.Ke_project/install/cam_PnP/share/cam_PnP/local_setup.dsv
[4.515s] -- Installing: /home/ake/A.Ke/A.Ke_project/install/cam_PnP/share/cam_PnP/package.dsv
[4.515s] -- Installing: /home/ake/A.Ke/A.Ke_project/install/cam_PnP/share/ament_index/resource_index/packages/cam_PnP
[4.515s] -- Installing: /home/ake/A.Ke/A.Ke_project/install/cam_PnP/share/cam_PnP/cmake/cam_PnPConfig.cmake
[4.515s] -- Installing: /home/ake/A.Ke/A.Ke_project/install/cam_PnP/share/cam_PnP/cmake/cam_PnPConfig-version.cmake
[4.515s] -- Installing: /home/ake/A.Ke/A.Ke_project/install/cam_PnP/share/cam_PnP/package.xml
[4.527s] Invoked command in '/home/ake/A.Ke/A.Ke_project/build/cam_PnP' returned '0': CMAKE_PREFIX_PATH=/opt/ros/humble CONDA_PROMPT_MODIFIER=(base) /usr/bin/cmake --install /home/ake/A.Ke/A.Ke_project/build/cam_PnP
