[0.025s] Invoking command in '/home/ake/A.Ke/A.Ke_project/armor_yolov8/src/armor_pnp_learn/build/armor_pnp_learn': CMAKE_PREFIX_PATH=${CMAKE_PREFIX_PATH}:/opt/ros/humble CONDA_PROMPT_MODIFIER=(base) /usr/bin/cmake --build /home/ake/A.Ke/A.Ke_project/armor_yolov8/src/armor_pnp_learn/build/armor_pnp_learn -- -j2 -l2
[0.166s] [35m[1mConsolidate compiler generated dependencies of target armor_pnp_learn[0m
[0.260s] [100%] Built target armor_pnp_learn
[0.285s] Invoked command in '/home/ake/A.Ke/A.Ke_project/armor_yolov8/src/armor_pnp_learn/build/armor_pnp_learn' returned '0': CMAKE_PREFIX_PATH=${CMAKE_PREFIX_PATH}:/opt/ros/humble CONDA_PROMPT_MODIFIER=(base) /usr/bin/cmake --build /home/ake/A.Ke/A.Ke_project/armor_yolov8/src/armor_pnp_learn/build/armor_pnp_learn -- -j2 -l2
[0.426s] Invoking command in '/home/ake/A.Ke/A.Ke_project/armor_yolov8/src/armor_pnp_learn/build/armor_pnp_learn': CMAKE_PREFIX_PATH=${CMAKE_PREFIX_PATH}:/opt/ros/humble CONDA_PROMPT_MODIFIER=(base) /usr/bin/cmake --install /home/ake/A.Ke/A.Ke_project/armor_yolov8/src/armor_pnp_learn/build/armor_pnp_learn
[0.443s] -- Install configuration: ""
[0.443s] -- Up-to-date: /home/ake/A.Ke/A.Ke_project/armor_yolov8/src/armor_pnp_learn/install/armor_pnp_learn/lib/armor_pnp_learn/armor_pnp_learn
[0.444s] -- Up-to-date: /home/ake/A.Ke/A.Ke_project/armor_yolov8/src/armor_pnp_learn/install/armor_pnp_learn/share/ament_index/resource_index/package_run_dependencies/armor_pnp_learn
[0.444s] -- Up-to-date: /home/ake/A.Ke/A.Ke_project/armor_yolov8/src/armor_pnp_learn/install/armor_pnp_learn/share/ament_index/resource_index/parent_prefix_path/armor_pnp_learn
[0.444s] -- Up-to-date: /home/ake/A.Ke/A.Ke_project/armor_yolov8/src/armor_pnp_learn/install/armor_pnp_learn/share/armor_pnp_learn/environment/ament_prefix_path.sh
[0.446s] -- Up-to-date: /home/ake/A.Ke/A.Ke_project/armor_yolov8/src/armor_pnp_learn/install/armor_pnp_learn/share/armor_pnp_learn/environment/ament_prefix_path.dsv
[0.446s] -- Up-to-date: /home/ake/A.Ke/A.Ke_project/armor_yolov8/src/armor_pnp_learn/install/armor_pnp_learn/share/armor_pnp_learn/environment/path.sh
[0.446s] -- Up-to-date: /home/ake/A.Ke/A.Ke_project/armor_yolov8/src/armor_pnp_learn/install/armor_pnp_learn/share/armor_pnp_learn/environment/path.dsv
[0.446s] -- Up-to-date: /home/ake/A.Ke/A.Ke_project/armor_yolov8/src/armor_pnp_learn/install/armor_pnp_learn/share/armor_pnp_learn/local_setup.bash
[0.446s] -- Up-to-date: /home/ake/A.Ke/A.Ke_project/armor_yolov8/src/armor_pnp_learn/install/armor_pnp_learn/share/armor_pnp_learn/local_setup.sh
[0.446s] -- Up-to-date: /home/ake/A.Ke/A.Ke_project/armor_yolov8/src/armor_pnp_learn/install/armor_pnp_learn/share/armor_pnp_learn/local_setup.zsh
[0.446s] -- Up-to-date: /home/ake/A.Ke/A.Ke_project/armor_yolov8/src/armor_pnp_learn/install/armor_pnp_learn/share/armor_pnp_learn/local_setup.dsv
[0.446s] -- Installing: /home/ake/A.Ke/A.Ke_project/armor_yolov8/src/armor_pnp_learn/install/armor_pnp_learn/share/armor_pnp_learn/package.dsv
[0.446s] -- Up-to-date: /home/ake/A.Ke/A.Ke_project/armor_yolov8/src/armor_pnp_learn/install/armor_pnp_learn/share/ament_index/resource_index/packages/armor_pnp_learn
[0.447s] -- Up-to-date: /home/ake/A.Ke/A.Ke_project/armor_yolov8/src/armor_pnp_learn/install/armor_pnp_learn/share/armor_pnp_learn/cmake/armor_pnp_learnConfig.cmake
[0.448s] -- Up-to-date: /home/ake/A.Ke/A.Ke_project/armor_yolov8/src/armor_pnp_learn/install/armor_pnp_learn/share/armor_pnp_learn/cmake/armor_pnp_learnConfig-version.cmake
[0.449s] -- Up-to-date: /home/ake/A.Ke/A.Ke_project/armor_yolov8/src/armor_pnp_learn/install/armor_pnp_learn/share/armor_pnp_learn/package.xml
[0.453s] Invoked command in '/home/ake/A.Ke/A.Ke_project/armor_yolov8/src/armor_pnp_learn/build/armor_pnp_learn' returned '0': CMAKE_PREFIX_PATH=${CMAKE_PREFIX_PATH}:/opt/ros/humble CONDA_PROMPT_MODIFIER=(base) /usr/bin/cmake --install /home/ake/A.Ke/A.Ke_project/armor_yolov8/src/armor_pnp_learn/build/armor_pnp_learn
