[0.082s] Invoking command in '/home/ake/A.Ke/A.Ke_project/final_project/src/basketball_final/build/basketball_final': CMAKE_PREFIX_PATH=/opt/ros/humble CONDA_PROMPT_MODIFIER=(base) /usr/bin/cmake --build /home/ake/A.Ke/A.Ke_project/final_project/src/basketball_final/build/basketball_final -- -j2 -l2
[0.900s] -- Found ament_cmake: 1.3.10 (/opt/ros/humble/share/ament_cmake/cmake)
[2.173s] -- Found rclcpp: 16.0.10 (/opt/ros/humble/share/rclcpp/cmake)
[2.461s] -- Found rosidl_generator_c: 3.1.5 (/opt/ros/humble/share/rosidl_generator_c/cmake)
[2.492s] -- Found rosidl_adapter: 3.1.5 (/opt/ros/humble/share/rosidl_adapter/cmake)
[2.510s] -- Found rosidl_generator_cpp: 3.1.5 (/opt/ros/humble/share/rosidl_generator_cpp/cmake)
[2.544s] -- Using all available rosidl_typesupport_c: rosidl_typesupport_fastrtps_c;rosidl_typesupport_introspection_c
[2.568s] -- Using all available rosidl_typesupport_cpp: rosidl_typesupport_fastrtps_cpp;rosidl_typesupport_introspection_cpp
[2.715s] -- Found rmw_implementation_cmake: 6.1.2 (/opt/ros/humble/share/rmw_implementation_cmake/cmake)
[2.735s] -- Found rmw_fastrtps_cpp: 6.2.7 (/opt/ros/humble/share/rmw_fastrtps_cpp/cmake)
[3.050s] -- Using RMW implementation 'rmw_fastrtps_cpp' as default
[3.390s] -- Found ament_lint_auto: 0.12.11 (/opt/ros/humble/share/ament_lint_auto/cmake)
[3.906s] -- Added test 'cppcheck' to perform static code analysis on C / C++ code
[3.906s] -- Configured cppcheck include dirs: 
[3.906s] -- Configured cppcheck exclude dirs and/or files: 
[3.908s] -- Added test 'flake8' to check Python code syntax and style conventions
[3.918s] -- Added test 'lint_cmake' to check CMake code style
[3.924s] -- Added test 'pep257' to check Python code against some of the docstring style conventions in PEP 257
[3.971s] -- Added test 'uncrustify' to check C / C++ code style
[3.971s] -- Configured uncrustify additional arguments: 
[3.978s] -- Added test 'xmllint' to check XML markup files
[3.984s] -- Configuring done
[4.123s] -- Generating done
[4.125s] -- Build files have been written to: /home/ake/A.Ke/A.Ke_project/final_project/src/basketball_final/build/basketball_final
[4.207s] [35m[1mConsolidate compiler generated dependencies of target basketball_final[0m
[4.234s] [ 33%] [32mBuilding CXX object CMakeFiles/basketball_final.dir/src/basketball_final.cpp.o[0m
[8.284s] [01m[K/home/ake/A.Ke/A.Ke_project/final_project/src/basketball_final/src/basketball_final.cpp:[m[K In function ‘[01m[Kint main(int, char**)[m[K’:
[8.284s] [01m[K/home/ake/A.Ke/A.Ke_project/final_project/src/basketball_final/src/basketball_final.cpp:8:14:[m[K [01;35m[Kwarning: [m[Kunused parameter ‘[01m[Kargc[m[K’ [[01;35m[K]8;;https://gcc.gnu.org/onlinedocs/gcc/Warning-Options.html#index-Wunused-parameter-Wunused-parameter]8;;[m[K]
[8.284s]     8 | int main([01;35m[Kint argc[m[K, char **argv)
[8.284s]       |          [01;35m[K~~~~^~~~[m[K
[8.284s] [01m[K/home/ake/A.Ke/A.Ke_project/final_project/src/basketball_final/src/basketball_final.cpp:8:27:[m[K [01;35m[Kwarning: [m[Kunused parameter ‘[01m[Kargv[m[K’ [[01;35m[K]8;;https://gcc.gnu.org/onlinedocs/gcc/Warning-Options.html#index-Wunused-parameter-Wunused-parameter]8;;[m[K]
[8.284s]     8 | int main(int argc, [01;35m[Kchar **argv[m[K)
[8.284s]       |                    [01;35m[K~~~~~~~^~~~[m[K
[9.288s] [ 66%] [32mBuilding CXX object CMakeFiles/basketball_final.dir/src/inference.cpp.o[0m
[12.703s] [100%] [32m[1mLinking CXX executable basketball_final[0m
[15.946s] [100%] Built target basketball_final
[15.975s] Invoked command in '/home/ake/A.Ke/A.Ke_project/final_project/src/basketball_final/build/basketball_final' returned '0': CMAKE_PREFIX_PATH=/opt/ros/humble CONDA_PROMPT_MODIFIER=(base) /usr/bin/cmake --build /home/ake/A.Ke/A.Ke_project/final_project/src/basketball_final/build/basketball_final -- -j2 -l2
[16.099s] Invoking command in '/home/ake/A.Ke/A.Ke_project/final_project/src/basketball_final/build/basketball_final': CMAKE_PREFIX_PATH=/opt/ros/humble CONDA_PROMPT_MODIFIER=(base) /usr/bin/cmake --install /home/ake/A.Ke/A.Ke_project/final_project/src/basketball_final/build/basketball_final
[16.125s] -- Install configuration: ""
[16.234s] -- Installing: /home/ake/A.Ke/A.Ke_project/final_project/src/basketball_final/install/basketball_final/lib/basketball_final/basketball_final
[16.235s] -- Set runtime path of "/home/ake/A.Ke/A.Ke_project/final_project/src/basketball_final/install/basketball_final/lib/basketball_final/basketball_final" to ""
[16.235s] -- Up-to-date: /home/ake/A.Ke/A.Ke_project/final_project/src/basketball_final/install/basketball_final/share/ament_index/resource_index/package_run_dependencies/basketball_final
[16.235s] -- Up-to-date: /home/ake/A.Ke/A.Ke_project/final_project/src/basketball_final/install/basketball_final/share/ament_index/resource_index/parent_prefix_path/basketball_final
[16.235s] -- Up-to-date: /home/ake/A.Ke/A.Ke_project/final_project/src/basketball_final/install/basketball_final/share/basketball_final/environment/ament_prefix_path.sh
[16.236s] -- Installing: /home/ake/A.Ke/A.Ke_project/final_project/src/basketball_final/install/basketball_final/share/basketball_final/environment/ament_prefix_path.dsv
[16.236s] -- Up-to-date: /home/ake/A.Ke/A.Ke_project/final_project/src/basketball_final/install/basketball_final/share/basketball_final/environment/path.sh
[16.237s] -- Installing: /home/ake/A.Ke/A.Ke_project/final_project/src/basketball_final/install/basketball_final/share/basketball_final/environment/path.dsv
[16.237s] -- Up-to-date: /home/ake/A.Ke/A.Ke_project/final_project/src/basketball_final/install/basketball_final/share/basketball_final/local_setup.bash
[16.237s] -- Up-to-date: /home/ake/A.Ke/A.Ke_project/final_project/src/basketball_final/install/basketball_final/share/basketball_final/local_setup.sh
[16.237s] -- Up-to-date: /home/ake/A.Ke/A.Ke_project/final_project/src/basketball_final/install/basketball_final/share/basketball_final/local_setup.zsh
[16.237s] -- Installing: /home/ake/A.Ke/A.Ke_project/final_project/src/basketball_final/install/basketball_final/share/basketball_final/local_setup.dsv
[16.237s] -- Installing: /home/ake/A.Ke/A.Ke_project/final_project/src/basketball_final/install/basketball_final/share/basketball_final/package.dsv
[16.238s] -- Up-to-date: /home/ake/A.Ke/A.Ke_project/final_project/src/basketball_final/install/basketball_final/share/ament_index/resource_index/packages/basketball_final
[16.239s] -- Up-to-date: /home/ake/A.Ke/A.Ke_project/final_project/src/basketball_final/install/basketball_final/share/basketball_final/cmake/basketball_finalConfig.cmake
[16.239s] -- Up-to-date: /home/ake/A.Ke/A.Ke_project/final_project/src/basketball_final/install/basketball_final/share/basketball_final/cmake/basketball_finalConfig-version.cmake
[16.239s] -- Up-to-date: /home/ake/A.Ke/A.Ke_project/final_project/src/basketball_final/install/basketball_final/share/basketball_final/package.xml
[16.243s] Invoked command in '/home/ake/A.Ke/A.Ke_project/final_project/src/basketball_final/build/basketball_final' returned '0': CMAKE_PREFIX_PATH=/opt/ros/humble CONDA_PROMPT_MODIFIER=(base) /usr/bin/cmake --install /home/ake/A.Ke/A.Ke_project/final_project/src/basketball_final/build/basketball_final
