[0.021s] Invoking command in '/home/ake/A.Ke/A.Ke_project/cam_PnP/src/pnp_learn/build/pnp_learn': CMAKE_PREFIX_PATH=${CMAKE_PREFIX_PATH}:/opt/ros/humble CONDA_PROMPT_MODIFIER=(base) /usr/bin/cmake --build /home/ake/A.Ke/A.Ke_project/cam_PnP/src/pnp_learn/build/pnp_learn -- -j2 -l2
[0.117s] [35m[1mConsolidate compiler generated dependencies of target pnp_learn[0m
[0.169s] [ 50%] [32mBuilding CXX object CMakeFiles/pnp_learn.dir/src/pnp_learn.cpp.o[0m
[6.544s] [100%] [32m[1mLinking CXX executable pnp_learn[0m
[6.842s] [100%] Built target pnp_learn
[6.870s] Invoked command in '/home/ake/A.Ke/A.Ke_project/cam_PnP/src/pnp_learn/build/pnp_learn' returned '0': CMAKE_PREFIX_PATH=${CMAKE_PREFIX_PATH}:/opt/ros/humble CONDA_PROMPT_MODIFIER=(base) /usr/bin/cmake --build /home/ake/A.Ke/A.Ke_project/cam_PnP/src/pnp_learn/build/pnp_learn -- -j2 -l2
[7.018s] Invoking command in '/home/ake/A.Ke/A.Ke_project/cam_PnP/src/pnp_learn/build/pnp_learn': CMAKE_PREFIX_PATH=${CMAKE_PREFIX_PATH}:/opt/ros/humble CONDA_PROMPT_MODIFIER=(base) /usr/bin/cmake --install /home/ake/A.Ke/A.Ke_project/cam_PnP/src/pnp_learn/build/pnp_learn
[7.026s] -- Install configuration: ""
[7.027s] -- Installing: /home/ake/A.Ke/A.Ke_project/cam_PnP/src/pnp_learn/install/pnp_learn/lib/pnp_learn/pnp_learn
[7.027s] -- Set runtime path of "/home/ake/A.Ke/A.Ke_project/cam_PnP/src/pnp_learn/install/pnp_learn/lib/pnp_learn/pnp_learn" to ""
[7.028s] -- Up-to-date: /home/ake/A.Ke/A.Ke_project/cam_PnP/src/pnp_learn/install/pnp_learn/share/ament_index/resource_index/package_run_dependencies/pnp_learn
[7.028s] -- Up-to-date: /home/ake/A.Ke/A.Ke_project/cam_PnP/src/pnp_learn/install/pnp_learn/share/ament_index/resource_index/parent_prefix_path/pnp_learn
[7.028s] -- Up-to-date: /home/ake/A.Ke/A.Ke_project/cam_PnP/src/pnp_learn/install/pnp_learn/share/pnp_learn/environment/ament_prefix_path.sh
[7.028s] -- Up-to-date: /home/ake/A.Ke/A.Ke_project/cam_PnP/src/pnp_learn/install/pnp_learn/share/pnp_learn/environment/ament_prefix_path.dsv
[7.028s] -- Up-to-date: /home/ake/A.Ke/A.Ke_project/cam_PnP/src/pnp_learn/install/pnp_learn/share/pnp_learn/environment/path.sh
[7.029s] -- Up-to-date: /home/ake/A.Ke/A.Ke_project/cam_PnP/src/pnp_learn/install/pnp_learn/share/pnp_learn/environment/path.dsv
[7.029s] -- Up-to-date: /home/ake/A.Ke/A.Ke_project/cam_PnP/src/pnp_learn/install/pnp_learn/share/pnp_learn/local_setup.bash
[7.029s] -- Up-to-date: /home/ake/A.Ke/A.Ke_project/cam_PnP/src/pnp_learn/install/pnp_learn/share/pnp_learn/local_setup.sh
[7.029s] -- Up-to-date: /home/ake/A.Ke/A.Ke_project/cam_PnP/src/pnp_learn/install/pnp_learn/share/pnp_learn/local_setup.zsh
[7.029s] -- Up-to-date: /home/ake/A.Ke/A.Ke_project/cam_PnP/src/pnp_learn/install/pnp_learn/share/pnp_learn/local_setup.dsv
[7.029s] -- Installing: /home/ake/A.Ke/A.Ke_project/cam_PnP/src/pnp_learn/install/pnp_learn/share/pnp_learn/package.dsv
[7.029s] -- Up-to-date: /home/ake/A.Ke/A.Ke_project/cam_PnP/src/pnp_learn/install/pnp_learn/share/ament_index/resource_index/packages/pnp_learn
[7.030s] -- Up-to-date: /home/ake/A.Ke/A.Ke_project/cam_PnP/src/pnp_learn/install/pnp_learn/share/pnp_learn/cmake/pnp_learnConfig.cmake
[7.030s] -- Up-to-date: /home/ake/A.Ke/A.Ke_project/cam_PnP/src/pnp_learn/install/pnp_learn/share/pnp_learn/cmake/pnp_learnConfig-version.cmake
[7.030s] -- Up-to-date: /home/ake/A.Ke/A.Ke_project/cam_PnP/src/pnp_learn/install/pnp_learn/share/pnp_learn/package.xml
[7.033s] Invoked command in '/home/ake/A.Ke/A.Ke_project/cam_PnP/src/pnp_learn/build/pnp_learn' returned '0': CMAKE_PREFIX_PATH=${CMAKE_PREFIX_PATH}:/opt/ros/humble CONDA_PROMPT_MODIFIER=(base) /usr/bin/cmake --install /home/ake/A.Ke/A.Ke_project/cam_PnP/src/pnp_learn/build/pnp_learn
