[0.023s] Invoking command in '/home/ake/A.Ke/A.Ke_project/final_project/src/basketball_final/build/basketball_final': CMAKE_PREFIX_PATH=${CMAKE_PREFIX_PATH}:/opt/ros/humble CONDA_PROMPT_MODIFIER=(base) /usr/bin/cmake --build /home/ake/A.Ke/A.Ke_project/final_project/src/basketball_final/build/basketball_final -- -j2 -l2
[0.122s] [35m[1mConsolidate compiler generated dependencies of target basketball_final[0m
[0.157s] [ 50%] [32mBuilding CXX object CMakeFiles/basketball_final.dir/src/basketball_final.cpp.o[0m
[1.782s] [100%] [32m[1mLinking CXX executable basketball_final[0m
[2.299s] [100%] Built target basketball_final
[2.321s] Invoked command in '/home/ake/A.Ke/A.Ke_project/final_project/src/basketball_final/build/basketball_final' returned '0': CMAKE_PREFIX_PATH=${CMAKE_PREFIX_PATH}:/opt/ros/humble CONDA_PROMPT_MODIFIER=(base) /usr/bin/cmake --build /home/ake/A.Ke/A.Ke_project/final_project/src/basketball_final/build/basketball_final -- -j2 -l2
[2.449s] Invoking command in '/home/ake/A.Ke/A.Ke_project/final_project/src/basketball_final/build/basketball_final': CMAKE_PREFIX_PATH=${CMAKE_PREFIX_PATH}:/opt/ros/humble CONDA_PROMPT_MODIFIER=(base) /usr/bin/cmake --install /home/ake/A.Ke/A.Ke_project/final_project/src/basketball_final/build/basketball_final
[2.468s] -- Install configuration: ""
[2.469s] -- Installing: /home/ake/A.Ke/A.Ke_project/final_project/src/basketball_final/install/basketball_final/lib/basketball_final/basketball_final
[2.470s] -- Set runtime path of "/home/ake/A.Ke/A.Ke_project/final_project/src/basketball_final/install/basketball_final/lib/basketball_final/basketball_final" to ""
[2.471s] -- Up-to-date: /home/ake/A.Ke/A.Ke_project/final_project/src/basketball_final/install/basketball_final/share/ament_index/resource_index/package_run_dependencies/basketball_final
[2.471s] -- Up-to-date: /home/ake/A.Ke/A.Ke_project/final_project/src/basketball_final/install/basketball_final/share/ament_index/resource_index/parent_prefix_path/basketball_final
[2.473s] -- Up-to-date: /home/ake/A.Ke/A.Ke_project/final_project/src/basketball_final/install/basketball_final/share/basketball_final/environment/ament_prefix_path.sh
[2.473s] -- Up-to-date: /home/ake/A.Ke/A.Ke_project/final_project/src/basketball_final/install/basketball_final/share/basketball_final/environment/ament_prefix_path.dsv
[2.473s] -- Up-to-date: /home/ake/A.Ke/A.Ke_project/final_project/src/basketball_final/install/basketball_final/share/basketball_final/environment/path.sh
[2.473s] -- Up-to-date: /home/ake/A.Ke/A.Ke_project/final_project/src/basketball_final/install/basketball_final/share/basketball_final/environment/path.dsv
[2.474s] -- Up-to-date: /home/ake/A.Ke/A.Ke_project/final_project/src/basketball_final/install/basketball_final/share/basketball_final/local_setup.bash
[2.474s] -- Up-to-date: /home/ake/A.Ke/A.Ke_project/final_project/src/basketball_final/install/basketball_final/share/basketball_final/local_setup.sh
[2.474s] -- Up-to-date: /home/ake/A.Ke/A.Ke_project/final_project/src/basketball_final/install/basketball_final/share/basketball_final/local_setup.zsh
[2.474s] -- Up-to-date: /home/ake/A.Ke/A.Ke_project/final_project/src/basketball_final/install/basketball_final/share/basketball_final/local_setup.dsv
[2.474s] -- Installing: /home/ake/A.Ke/A.Ke_project/final_project/src/basketball_final/install/basketball_final/share/basketball_final/package.dsv
[2.474s] -- Up-to-date: /home/ake/A.Ke/A.Ke_project/final_project/src/basketball_final/install/basketball_final/share/ament_index/resource_index/packages/basketball_final
[2.474s] -- Up-to-date: /home/ake/A.Ke/A.Ke_project/final_project/src/basketball_final/install/basketball_final/share/basketball_final/cmake/basketball_finalConfig.cmake
[2.474s] -- Up-to-date: /home/ake/A.Ke/A.Ke_project/final_project/src/basketball_final/install/basketball_final/share/basketball_final/cmake/basketball_finalConfig-version.cmake
[2.474s] -- Up-to-date: /home/ake/A.Ke/A.Ke_project/final_project/src/basketball_final/install/basketball_final/share/basketball_final/package.xml
[2.480s] Invoked command in '/home/ake/A.Ke/A.Ke_project/final_project/src/basketball_final/build/basketball_final' returned '0': CMAKE_PREFIX_PATH=${CMAKE_PREFIX_PATH}:/opt/ros/humble CONDA_PROMPT_MODIFIER=(base) /usr/bin/cmake --install /home/ake/A.Ke/A.Ke_project/final_project/src/basketball_final/build/basketball_final
