[0.149s] DEBUG:colcon:Command line arguments: ['/usr/bin/colcon', 'build']
[0.149s] DEBUG:colcon:Parsed command line arguments: Namespace(log_base=None, log_level=None, verb_name='build', build_base='build', install_base='install', merge_install=False, symlink_install=False, test_result_base=None, continue_on_error=False, executor='parallel', parallel_workers=2, event_handlers=None, ignore_user_meta=False, metas=['./colcon.meta'], base_paths=['.'], packages_ignore=None, packages_ignore_regex=None, paths=None, packages_up_to=None, packages_up_to_regex=None, packages_above=None, packages_above_and_dependencies=None, packages_above_depth=None, packages_select_by_dep=None, packages_skip_by_dep=None, packages_skip_up_to=None, packages_select_build_failed=False, packages_skip_build_finished=False, packages_select_test_failures=False, packages_skip_test_passed=False, packages_select=None, packages_skip=None, packages_select_regex=None, packages_skip_regex=None, packages_start=None, packages_end=None, allow_overriding=[], cmake_args=None, cmake_target=None, cmake_target_skip_unavailable=False, cmake_clean_cache=False, cmake_clean_first=False, cmake_force_configure=False, ament_cmake_args=None, catkin_cmake_args=None, catkin_skip_building_tests=False, verb_parser=<colcon_defaults.argument_parser.defaults.DefaultArgumentsDecorator object at 0x7ec7edd30820>, verb_extension=<colcon_core.verb.build.BuildVerb object at 0x7ec7edd30280>, main=<bound method BuildVerb.main of <colcon_core.verb.build.BuildVerb object at 0x7ec7edd30280>>)
[0.412s] Level 1:colcon.colcon_core.package_discovery:discover_packages(colcon_meta) check parameters
[0.412s] Level 1:colcon.colcon_core.package_discovery:discover_packages(recursive) check parameters
[0.412s] Level 1:colcon.colcon_core.package_discovery:discover_packages(ignore) check parameters
[0.413s] Level 1:colcon.colcon_core.package_discovery:discover_packages(path) check parameters
[0.413s] Level 1:colcon.colcon_core.package_discovery:discover_packages(colcon_meta) discover
[0.413s] Level 1:colcon.colcon_core.package_discovery:discover_packages(recursive) discover
[0.413s] INFO:colcon.colcon_core.package_discovery:Crawling recursively for packages in '/home/ake/A.Ke/A.Ke_project/cam_PnP/src/pnp_learn'
[0.413s] Level 1:colcon.colcon_core.package_identification:_identify(.) by extensions ['ignore', 'ignore_ament_install']
[0.413s] Level 1:colcon.colcon_core.package_identification:_identify(.) by extension 'ignore'
[0.413s] Level 1:colcon.colcon_core.package_identification:_identify(.) by extension 'ignore_ament_install'
[0.413s] Level 1:colcon.colcon_core.package_identification:_identify(.) by extensions ['colcon_pkg']
[0.413s] Level 1:colcon.colcon_core.package_identification:_identify(.) by extension 'colcon_pkg'
[0.413s] Level 1:colcon.colcon_core.package_identification:_identify(.) by extensions ['colcon_meta']
[0.414s] Level 1:colcon.colcon_core.package_identification:_identify(.) by extension 'colcon_meta'
[0.414s] Level 1:colcon.colcon_core.package_identification:_identify(.) by extensions ['ros']
[0.414s] Level 1:colcon.colcon_core.package_identification:_identify(.) by extension 'ros'
[0.433s] DEBUG:colcon.colcon_core.package_identification:Package '.' with type 'ros.ament_cmake' and name 'pnp_learn'
[0.433s] Level 1:colcon.colcon_core.package_discovery:discover_packages(recursive) using defaults
[0.433s] Level 1:colcon.colcon_core.package_discovery:discover_packages(ignore) discover
[0.433s] Level 1:colcon.colcon_core.package_discovery:discover_packages(ignore) using defaults
[0.433s] Level 1:colcon.colcon_core.package_discovery:discover_packages(path) discover
[0.433s] Level 1:colcon.colcon_core.package_discovery:discover_packages(path) using defaults
[0.474s] Level 1:colcon.colcon_core.package_discovery:discover_packages(prefix_path) check parameters
[0.474s] Level 1:colcon.colcon_core.package_discovery:discover_packages(prefix_path) discover
[0.475s] DEBUG:colcon.colcon_installed_package_information.package_discovery:Found 1 installed packages in /home/ake/A.Ke/A.Ke_project/cam_PnP/src/pnp_learn/install
[0.477s] DEBUG:colcon.colcon_installed_package_information.package_discovery:Found 313 installed packages in /opt/ros/humble
[0.478s] Level 1:colcon.colcon_core.package_discovery:discover_packages(prefix_path) using defaults
[0.541s] Level 5:colcon.colcon_core.verb:set package 'pnp_learn' build argument 'cmake_args' from command line to 'None'
[0.542s] Level 5:colcon.colcon_core.verb:set package 'pnp_learn' build argument 'cmake_target' from command line to 'None'
[0.543s] Level 5:colcon.colcon_core.verb:set package 'pnp_learn' build argument 'cmake_target_skip_unavailable' from command line to 'False'
[0.544s] Level 5:colcon.colcon_core.verb:set package 'pnp_learn' build argument 'cmake_clean_cache' from command line to 'False'
[0.544s] Level 5:colcon.colcon_core.verb:set package 'pnp_learn' build argument 'cmake_clean_first' from command line to 'False'
[0.544s] Level 5:colcon.colcon_core.verb:set package 'pnp_learn' build argument 'cmake_force_configure' from command line to 'False'
[0.544s] Level 5:colcon.colcon_core.verb:set package 'pnp_learn' build argument 'ament_cmake_args' from command line to 'None'
[0.544s] Level 5:colcon.colcon_core.verb:set package 'pnp_learn' build argument 'catkin_cmake_args' from command line to 'None'
[0.544s] Level 5:colcon.colcon_core.verb:set package 'pnp_learn' build argument 'catkin_skip_building_tests' from command line to 'False'
[0.544s] DEBUG:colcon.colcon_core.verb:Building package 'pnp_learn' with the following arguments: {'ament_cmake_args': None, 'build_base': '/home/ake/A.Ke/A.Ke_project/cam_PnP/src/pnp_learn/build/pnp_learn', 'catkin_cmake_args': None, 'catkin_skip_building_tests': False, 'cmake_args': None, 'cmake_clean_cache': False, 'cmake_clean_first': False, 'cmake_force_configure': False, 'cmake_target': None, 'cmake_target_skip_unavailable': False, 'install_base': '/home/ake/A.Ke/A.Ke_project/cam_PnP/src/pnp_learn/install/pnp_learn', 'merge_install': False, 'path': '/home/ake/A.Ke/A.Ke_project/cam_PnP/src/pnp_learn', 'symlink_install': False, 'test_result_base': None}
[0.544s] INFO:colcon.colcon_core.executor:Executing jobs using 'parallel' executor
[0.546s] DEBUG:colcon.colcon_parallel_executor.executor.parallel:run_until_complete
[0.547s] INFO:colcon.colcon_ros.task.ament_cmake.build:Building ROS package in '/home/ake/A.Ke/A.Ke_project/cam_PnP/src/pnp_learn' with build type 'ament_cmake'
[0.548s] INFO:colcon.colcon_cmake.task.cmake.build:Building CMake package in '/home/ake/A.Ke/A.Ke_project/cam_PnP/src/pnp_learn'
[0.551s] INFO:colcon.colcon_core.plugin_system:Skipping extension 'colcon_core.shell.bat': Not used on non-Windows systems
[0.551s] INFO:colcon.colcon_core.shell:Skip shell extension 'powershell' for command environment: Not usable outside of PowerShell
[0.551s] DEBUG:colcon.colcon_core.shell:Skip shell extension 'dsv' for command environment
[0.580s] DEBUG:colcon.colcon_core.event_handler.log_command:Invoking command in '/home/ake/A.Ke/A.Ke_project/cam_PnP/src/pnp_learn/build/pnp_learn': CMAKE_PREFIX_PATH=${CMAKE_PREFIX_PATH}:/opt/ros/humble CONDA_PROMPT_MODIFIER=(base) /usr/bin/cmake --build /home/ake/A.Ke/A.Ke_project/cam_PnP/src/pnp_learn/build/pnp_learn -- -j2 -l2
[9.195s] DEBUG:colcon.colcon_core.event_handler.log_command:Invoked command in '/home/ake/A.Ke/A.Ke_project/cam_PnP/src/pnp_learn/build/pnp_learn' returned '0': CMAKE_PREFIX_PATH=${CMAKE_PREFIX_PATH}:/opt/ros/humble CONDA_PROMPT_MODIFIER=(base) /usr/bin/cmake --build /home/ake/A.Ke/A.Ke_project/cam_PnP/src/pnp_learn/build/pnp_learn -- -j2 -l2
[9.329s] DEBUG:colcon.colcon_core.event_handler.log_command:Invoking command in '/home/ake/A.Ke/A.Ke_project/cam_PnP/src/pnp_learn/build/pnp_learn': CMAKE_PREFIX_PATH=${CMAKE_PREFIX_PATH}:/opt/ros/humble CONDA_PROMPT_MODIFIER=(base) /usr/bin/cmake --install /home/ake/A.Ke/A.Ke_project/cam_PnP/src/pnp_learn/build/pnp_learn
[9.359s] Level 1:colcon.colcon_core.environment:create_environment_scripts_only(pnp_learn)
[9.360s] DEBUG:colcon.colcon_core.event_handler.log_command:Invoked command in '/home/ake/A.Ke/A.Ke_project/cam_PnP/src/pnp_learn/build/pnp_learn' returned '0': CMAKE_PREFIX_PATH=${CMAKE_PREFIX_PATH}:/opt/ros/humble CONDA_PROMPT_MODIFIER=(base) /usr/bin/cmake --install /home/ake/A.Ke/A.Ke_project/cam_PnP/src/pnp_learn/build/pnp_learn
[9.365s] Level 1:colcon.colcon_core.environment:checking '/home/ake/A.Ke/A.Ke_project/cam_PnP/src/pnp_learn/install/pnp_learn' for CMake module files
[9.365s] Level 1:colcon.colcon_core.environment:checking '/home/ake/A.Ke/A.Ke_project/cam_PnP/src/pnp_learn/install/pnp_learn' for CMake config files
[9.366s] Level 1:colcon.colcon_core.shell:create_environment_hook('pnp_learn', 'cmake_prefix_path')
[9.366s] INFO:colcon.colcon_core.shell:Creating environment hook '/home/ake/A.Ke/A.Ke_project/cam_PnP/src/pnp_learn/install/pnp_learn/share/pnp_learn/hook/cmake_prefix_path.ps1'
[9.367s] INFO:colcon.colcon_core.shell:Creating environment descriptor '/home/ake/A.Ke/A.Ke_project/cam_PnP/src/pnp_learn/install/pnp_learn/share/pnp_learn/hook/cmake_prefix_path.dsv'
[9.368s] INFO:colcon.colcon_core.shell:Creating environment hook '/home/ake/A.Ke/A.Ke_project/cam_PnP/src/pnp_learn/install/pnp_learn/share/pnp_learn/hook/cmake_prefix_path.sh'
[9.369s] Level 1:colcon.colcon_core.environment:checking '/home/ake/A.Ke/A.Ke_project/cam_PnP/src/pnp_learn/install/pnp_learn/lib'
[9.370s] Level 1:colcon.colcon_core.environment:checking '/home/ake/A.Ke/A.Ke_project/cam_PnP/src/pnp_learn/install/pnp_learn/bin'
[9.370s] Level 1:colcon.colcon_core.environment:checking '/home/ake/A.Ke/A.Ke_project/cam_PnP/src/pnp_learn/install/pnp_learn/lib/pkgconfig/pnp_learn.pc'
[9.370s] Level 1:colcon.colcon_core.environment:checking '/home/ake/A.Ke/A.Ke_project/cam_PnP/src/pnp_learn/install/pnp_learn/lib/python3.10/site-packages'
[9.370s] Level 1:colcon.colcon_core.environment:checking '/home/ake/A.Ke/A.Ke_project/cam_PnP/src/pnp_learn/install/pnp_learn/bin'
[9.371s] INFO:colcon.colcon_core.shell:Creating package script '/home/ake/A.Ke/A.Ke_project/cam_PnP/src/pnp_learn/install/pnp_learn/share/pnp_learn/package.ps1'
[9.371s] INFO:colcon.colcon_core.shell:Creating package descriptor '/home/ake/A.Ke/A.Ke_project/cam_PnP/src/pnp_learn/install/pnp_learn/share/pnp_learn/package.dsv'
[9.372s] INFO:colcon.colcon_core.shell:Creating package script '/home/ake/A.Ke/A.Ke_project/cam_PnP/src/pnp_learn/install/pnp_learn/share/pnp_learn/package.sh'
[9.374s] INFO:colcon.colcon_core.shell:Creating package script '/home/ake/A.Ke/A.Ke_project/cam_PnP/src/pnp_learn/install/pnp_learn/share/pnp_learn/package.bash'
[9.375s] INFO:colcon.colcon_core.shell:Creating package script '/home/ake/A.Ke/A.Ke_project/cam_PnP/src/pnp_learn/install/pnp_learn/share/pnp_learn/package.zsh'
[9.376s] Level 1:colcon.colcon_core.environment:create_file_with_runtime_dependencies(/home/ake/A.Ke/A.Ke_project/cam_PnP/src/pnp_learn/install/pnp_learn/share/colcon-core/packages/pnp_learn)
[9.479s] Level 1:colcon.colcon_core.environment:create_environment_scripts_only(pnp_learn)
[9.480s] Level 1:colcon.colcon_core.environment:checking '/home/ake/A.Ke/A.Ke_project/cam_PnP/src/pnp_learn/install/pnp_learn' for CMake module files
[9.481s] Level 1:colcon.colcon_core.environment:checking '/home/ake/A.Ke/A.Ke_project/cam_PnP/src/pnp_learn/install/pnp_learn' for CMake config files
[9.482s] Level 1:colcon.colcon_core.shell:create_environment_hook('pnp_learn', 'cmake_prefix_path')
[9.482s] INFO:colcon.colcon_core.shell:Creating environment hook '/home/ake/A.Ke/A.Ke_project/cam_PnP/src/pnp_learn/install/pnp_learn/share/pnp_learn/hook/cmake_prefix_path.ps1'
[9.483s] INFO:colcon.colcon_core.shell:Creating environment descriptor '/home/ake/A.Ke/A.Ke_project/cam_PnP/src/pnp_learn/install/pnp_learn/share/pnp_learn/hook/cmake_prefix_path.dsv'
[9.484s] INFO:colcon.colcon_core.shell:Creating environment hook '/home/ake/A.Ke/A.Ke_project/cam_PnP/src/pnp_learn/install/pnp_learn/share/pnp_learn/hook/cmake_prefix_path.sh'
[9.485s] Level 1:colcon.colcon_core.environment:checking '/home/ake/A.Ke/A.Ke_project/cam_PnP/src/pnp_learn/install/pnp_learn/lib'
[9.486s] Level 1:colcon.colcon_core.environment:checking '/home/ake/A.Ke/A.Ke_project/cam_PnP/src/pnp_learn/install/pnp_learn/bin'
[9.486s] Level 1:colcon.colcon_core.environment:checking '/home/ake/A.Ke/A.Ke_project/cam_PnP/src/pnp_learn/install/pnp_learn/lib/pkgconfig/pnp_learn.pc'
[9.486s] Level 1:colcon.colcon_core.environment:checking '/home/ake/A.Ke/A.Ke_project/cam_PnP/src/pnp_learn/install/pnp_learn/lib/python3.10/site-packages'
[9.486s] Level 1:colcon.colcon_core.environment:checking '/home/ake/A.Ke/A.Ke_project/cam_PnP/src/pnp_learn/install/pnp_learn/bin'
[9.487s] INFO:colcon.colcon_core.shell:Creating package script '/home/ake/A.Ke/A.Ke_project/cam_PnP/src/pnp_learn/install/pnp_learn/share/pnp_learn/package.ps1'
[9.488s] INFO:colcon.colcon_core.shell:Creating package descriptor '/home/ake/A.Ke/A.Ke_project/cam_PnP/src/pnp_learn/install/pnp_learn/share/pnp_learn/package.dsv'
[9.489s] INFO:colcon.colcon_core.shell:Creating package script '/home/ake/A.Ke/A.Ke_project/cam_PnP/src/pnp_learn/install/pnp_learn/share/pnp_learn/package.sh'
[9.490s] INFO:colcon.colcon_core.shell:Creating package script '/home/ake/A.Ke/A.Ke_project/cam_PnP/src/pnp_learn/install/pnp_learn/share/pnp_learn/package.bash'
[9.490s] INFO:colcon.colcon_core.shell:Creating package script '/home/ake/A.Ke/A.Ke_project/cam_PnP/src/pnp_learn/install/pnp_learn/share/pnp_learn/package.zsh'
[9.491s] Level 1:colcon.colcon_core.environment:create_file_with_runtime_dependencies(/home/ake/A.Ke/A.Ke_project/cam_PnP/src/pnp_learn/install/pnp_learn/share/colcon-core/packages/pnp_learn)
[9.492s] DEBUG:colcon.colcon_parallel_executor.executor.parallel:closing loop
[9.494s] DEBUG:colcon.colcon_parallel_executor.executor.parallel:loop closed
[9.494s] DEBUG:colcon.colcon_parallel_executor.executor.parallel:run_until_complete finished with '0'
[9.494s] DEBUG:colcon.colcon_core.event_reactor:joining thread
[9.548s] INFO:colcon.colcon_core.plugin_system:Skipping extension 'colcon_notification.desktop_notification.terminal_notifier': Not used on non-Darwin systems
[9.548s] INFO:colcon.colcon_core.plugin_system:Skipping extension 'colcon_notification.desktop_notification.win32': Not used on non-Windows systems
[9.548s] INFO:colcon.colcon_notification.desktop_notification:Sending desktop notification using 'notify2'
[10.264s] DEBUG:colcon.colcon_core.event_reactor:joined thread
[10.265s] INFO:colcon.colcon_core.shell:Creating prefix script '/home/ake/A.Ke/A.Ke_project/cam_PnP/src/pnp_learn/install/local_setup.ps1'
[10.266s] INFO:colcon.colcon_core.shell:Creating prefix util module '/home/ake/A.Ke/A.Ke_project/cam_PnP/src/pnp_learn/install/_local_setup_util_ps1.py'
[10.268s] INFO:colcon.colcon_core.shell:Creating prefix chain script '/home/ake/A.Ke/A.Ke_project/cam_PnP/src/pnp_learn/install/setup.ps1'
[10.269s] INFO:colcon.colcon_core.shell:Creating prefix script '/home/ake/A.Ke/A.Ke_project/cam_PnP/src/pnp_learn/install/local_setup.sh'
[10.271s] INFO:colcon.colcon_core.shell:Creating prefix util module '/home/ake/A.Ke/A.Ke_project/cam_PnP/src/pnp_learn/install/_local_setup_util_sh.py'
[10.272s] INFO:colcon.colcon_core.shell:Creating prefix chain script '/home/ake/A.Ke/A.Ke_project/cam_PnP/src/pnp_learn/install/setup.sh'
[10.273s] INFO:colcon.colcon_core.shell:Creating prefix script '/home/ake/A.Ke/A.Ke_project/cam_PnP/src/pnp_learn/install/local_setup.bash'
[10.274s] INFO:colcon.colcon_core.shell:Creating prefix chain script '/home/ake/A.Ke/A.Ke_project/cam_PnP/src/pnp_learn/install/setup.bash'
[10.280s] INFO:colcon.colcon_core.shell:Creating prefix script '/home/ake/A.Ke/A.Ke_project/cam_PnP/src/pnp_learn/install/local_setup.zsh'
[10.281s] INFO:colcon.colcon_core.shell:Creating prefix chain script '/home/ake/A.Ke/A.Ke_project/cam_PnP/src/pnp_learn/install/setup.zsh'
