[0.022s] Invoking command in '/home/ake/A.Ke/A.Ke_project/final_project/src/basketball_final/build/basketball_final': CMAKE_PREFIX_PATH=${CMAKE_PREFIX_PATH}:/opt/ros/humble CONDA_PROMPT_MODIFIER=(base) /usr/bin/cmake --build /home/ake/A.Ke/A.Ke_project/final_project/src/basketball_final/build/basketball_final -- -j2 -l2
[0.132s] [35m[1mConsolidate compiler generated dependencies of target basketball_final[0m
[0.176s] [ 50%] [32mBuilding CXX object CMakeFiles/basketball_final.dir/src/basketball_final.cpp.o[0m
[1.731s] [100%] [32m[1mLinking CXX executable basketball_final[0m
[2.219s] [100%] Built target basketball_final
[2.244s] Invoked command in '/home/ake/A.Ke/A.Ke_project/final_project/src/basketball_final/build/basketball_final' returned '0': CMAKE_PREFIX_PATH=${CMAKE_PREFIX_PATH}:/opt/ros/humble CONDA_PROMPT_MODIFIER=(base) /usr/bin/cmake --build /home/ake/A.Ke/A.Ke_project/final_project/src/basketball_final/build/basketball_final -- -j2 -l2
[2.370s] Invoking command in '/home/ake/A.Ke/A.Ke_project/final_project/src/basketball_final/build/basketball_final': CMAKE_PREFIX_PATH=${CMAKE_PREFIX_PATH}:/opt/ros/humble CONDA_PROMPT_MODIFIER=(base) /usr/bin/cmake --install /home/ake/A.Ke/A.Ke_project/final_project/src/basketball_final/build/basketball_final
[2.397s] -- Install configuration: ""
[2.398s] -- Installing: /home/ake/A.Ke/A.Ke_project/final_project/src/basketball_final/install/basketball_final/lib/basketball_final/basketball_final
[2.399s] -- Set runtime path of "/home/ake/A.Ke/A.Ke_project/final_project/src/basketball_final/install/basketball_final/lib/basketball_final/basketball_final" to ""
[2.399s] -- Up-to-date: /home/ake/A.Ke/A.Ke_project/final_project/src/basketball_final/install/basketball_final/share/ament_index/resource_index/package_run_dependencies/basketball_final
[2.399s] -- Up-to-date: /home/ake/A.Ke/A.Ke_project/final_project/src/basketball_final/install/basketball_final/share/ament_index/resource_index/parent_prefix_path/basketball_final
[2.399s] -- Up-to-date: /home/ake/A.Ke/A.Ke_project/final_project/src/basketball_final/install/basketball_final/share/basketball_final/environment/ament_prefix_path.sh
[2.399s] -- Up-to-date: /home/ake/A.Ke/A.Ke_project/final_project/src/basketball_final/install/basketball_final/share/basketball_final/environment/ament_prefix_path.dsv
[2.399s] -- Up-to-date: /home/ake/A.Ke/A.Ke_project/final_project/src/basketball_final/install/basketball_final/share/basketball_final/environment/path.sh
[2.399s] -- Up-to-date: /home/ake/A.Ke/A.Ke_project/final_project/src/basketball_final/install/basketball_final/share/basketball_final/environment/path.dsv
[2.399s] -- Up-to-date: /home/ake/A.Ke/A.Ke_project/final_project/src/basketball_final/install/basketball_final/share/basketball_final/local_setup.bash
[2.400s] -- Up-to-date: /home/ake/A.Ke/A.Ke_project/final_project/src/basketball_final/install/basketball_final/share/basketball_final/local_setup.sh
[2.402s] -- Up-to-date: /home/ake/A.Ke/A.Ke_project/final_project/src/basketball_final/install/basketball_final/share/basketball_final/local_setup.zsh
[2.402s] -- Up-to-date: /home/ake/A.Ke/A.Ke_project/final_project/src/basketball_final/install/basketball_final/share/basketball_final/local_setup.dsv
[2.402s] -- Installing: /home/ake/A.Ke/A.Ke_project/final_project/src/basketball_final/install/basketball_final/share/basketball_final/package.dsv
[2.438s] -- Up-to-date: /home/ake/A.Ke/A.Ke_project/final_project/src/basketball_final/install/basketball_final/share/ament_index/resource_index/packages/basketball_final
[2.440s] -- Up-to-date: /home/ake/A.Ke/A.Ke_project/final_project/src/basketball_final/install/basketball_final/share/basketball_final/cmake/basketball_finalConfig.cmake
[2.440s] -- Up-to-date: /home/ake/A.Ke/A.Ke_project/final_project/src/basketball_final/install/basketball_final/share/basketball_final/cmake/basketball_finalConfig-version.cmake
[2.440s] -- Up-to-date: /home/ake/A.Ke/A.Ke_project/final_project/src/basketball_final/install/basketball_final/share/basketball_final/package.xml
[2.445s] Invoked command in '/home/ake/A.Ke/A.Ke_project/final_project/src/basketball_final/build/basketball_final' returned '0': CMAKE_PREFIX_PATH=${CMAKE_PREFIX_PATH}:/opt/ros/humble CONDA_PROMPT_MODIFIER=(base) /usr/bin/cmake --install /home/ake/A.Ke/A.Ke_project/final_project/src/basketball_final/build/basketball_final
