[0.067s] Invoking command in '/home/ake/A.Ke/A.Ke_project/armor_yolov8/src/yolov8_learn/build/yolov8_learn': CMAKE_PREFIX_PATH=/opt/ros/humble CONDA_PROMPT_MODIFIER=(base) /usr/bin/cmake /home/ake/A.Ke/A.Ke_project/armor_yolov8/src/yolov8_learn -DCMAKE_INSTALL_PREFIX=/home/ake/A.Ke/A.Ke_project/armor_yolov8/src/yolov8_learn/install/yolov8_learn
[0.789s] -- The C compiler identification is GNU 11.4.0
[1.426s] -- The CXX compiler identification is GNU 11.4.0
[1.598s] -- Detecting C compiler ABI info
[1.978s] -- Detecting C compiler ABI info - done
[1.990s] -- Check for working C compiler: /usr/bin/cc - skipped
[1.991s] -- Detecting C compile features
[2.035s] -- Detecting C compile features - done
[2.062s] -- Detecting CXX compiler ABI info
[2.321s] -- Detecting CXX compiler ABI info - done
[2.337s] -- Check for working CXX compiler: /usr/bin/c++ - skipped
[2.338s] -- Detecting CXX compile features
[2.338s] -- Detecting CXX compile features - done
[2.473s] -- Found ament_cmake: 1.3.9 (/opt/ros/humble/share/ament_cmake/cmake)
[5.211s] -- Found Python3: /home/ake/miniconda3/bin/python3 (found version "3.12.4") found components: Interpreter 
[5.803s] -- Found rclcpp: 16.0.9 (/opt/ros/humble/share/rclcpp/cmake)
[6.287s] -- Found rosidl_generator_c: 3.1.5 (/opt/ros/humble/share/rosidl_generator_c/cmake)
[6.322s] -- Found rosidl_adapter: 3.1.5 (/opt/ros/humble/share/rosidl_adapter/cmake)
[6.430s] -- Found rosidl_generator_cpp: 3.1.5 (/opt/ros/humble/share/rosidl_generator_cpp/cmake)
[6.596s] -- Using all available rosidl_typesupport_c: rosidl_typesupport_fastrtps_c;rosidl_typesupport_introspection_c
[6.690s] -- Using all available rosidl_typesupport_cpp: rosidl_typesupport_fastrtps_cpp;rosidl_typesupport_introspection_cpp
[7.063s] -- Found rmw_implementation_cmake: 6.1.2 (/opt/ros/humble/share/rmw_implementation_cmake/cmake)
[7.082s] -- Found rmw_fastrtps_cpp: 6.2.6 (/opt/ros/humble/share/rmw_fastrtps_cpp/cmake)
[7.720s] -- Found OpenSSL: /usr/lib/x86_64-linux-gnu/libcrypto.so (found version "3.0.2")  
[7.802s] -- Found FastRTPS: /opt/ros/humble/include  
[7.872s] -- Using RMW implementation 'rmw_fastrtps_cpp' as default
[7.989s] -- Looking for pthread.h
[8.189s] -- Looking for pthread.h - found
[8.190s] -- Performing Test CMAKE_HAVE_LIBC_PTHREAD
[8.372s] -- Performing Test CMAKE_HAVE_LIBC_PTHREAD - Success
[8.376s] -- Found Threads: TRUE  
[8.842s] -- Found OpenCV: /usr/local (found version "4.10.0") 
[8.842s] [31mCMake Error at /opt/ros/humble/share/ament_cmake_target_dependencies/cmake/ament_target_dependencies.cmake:42 (message):
[8.842s]   ament_target_dependencies() the first argument must be a valid target name
[8.842s] Call Stack (most recent call first):
[8.842s]   CMakeLists.txt:14 (ament_target_dependencies)
[8.842s] 
[8.842s] [0m
[8.842s] -- Configuring incomplete, errors occurred!
[8.842s] See also "/home/ake/A.Ke/A.Ke_project/armor_yolov8/src/yolov8_learn/build/yolov8_learn/CMakeFiles/CMakeOutput.log".
[8.850s] Invoked command in '/home/ake/A.Ke/A.Ke_project/armor_yolov8/src/yolov8_learn/build/yolov8_learn' returned '1': CMAKE_PREFIX_PATH=/opt/ros/humble CONDA_PROMPT_MODIFIER=(base) /usr/bin/cmake /home/ake/A.Ke/A.Ke_project/armor_yolov8/src/yolov8_learn -DCMAKE_INSTALL_PREFIX=/home/ake/A.Ke/A.Ke_project/armor_yolov8/src/yolov8_learn/install/yolov8_learn
