[0.681s] DEBUG:colcon:Command line arguments: ['/usr/bin/colcon', 'build']
[0.681s] DEBUG:colcon:Parsed command line arguments: Namespace(log_base=None, log_level=None, verb_name='build', build_base='build', install_base='install', merge_install=False, symlink_install=False, test_result_base=None, continue_on_error=False, executor='parallel', parallel_workers=2, event_handlers=None, ignore_user_meta=False, metas=['./colcon.meta'], base_paths=['.'], packages_ignore=None, packages_ignore_regex=None, paths=None, packages_up_to=None, packages_up_to_regex=None, packages_above=None, packages_above_and_dependencies=None, packages_above_depth=None, packages_select_by_dep=None, packages_skip_by_dep=None, packages_skip_up_to=None, packages_select_build_failed=False, packages_skip_build_finished=False, packages_select_test_failures=False, packages_skip_test_passed=False, packages_select=None, packages_skip=None, packages_select_regex=None, packages_skip_regex=None, packages_start=None, packages_end=None, allow_overriding=[], cmake_args=None, cmake_target=None, cmake_target_skip_unavailable=False, cmake_clean_cache=False, cmake_clean_first=False, cmake_force_configure=False, ament_cmake_args=None, catkin_cmake_args=None, catkin_skip_building_tests=False, verb_parser=<colcon_defaults.argument_parser.defaults.DefaultArgumentsDecorator object at 0x7749cea13f10>, verb_extension=<colcon_core.verb.build.BuildVerb object at 0x7749cea13a00>, main=<bound method BuildVerb.main of <colcon_core.verb.build.BuildVerb object at 0x7749cea13a00>>)
[5.152s] Level 1:colcon.colcon_core.package_discovery:discover_packages(colcon_meta) check parameters
[5.152s] Level 1:colcon.colcon_core.package_discovery:discover_packages(recursive) check parameters
[5.152s] Level 1:colcon.colcon_core.package_discovery:discover_packages(ignore) check parameters
[5.152s] Level 1:colcon.colcon_core.package_discovery:discover_packages(path) check parameters
[5.152s] Level 1:colcon.colcon_core.package_discovery:discover_packages(colcon_meta) discover
[5.152s] Level 1:colcon.colcon_core.package_discovery:discover_packages(recursive) discover
[5.152s] INFO:colcon.colcon_core.package_discovery:Crawling recursively for packages in '/home/ake/A.Ke/A.Ke_project/camera_calibration/src/camera_learn'
[5.152s] Level 1:colcon.colcon_core.package_identification:_identify(.) by extensions ['ignore', 'ignore_ament_install']
[5.152s] Level 1:colcon.colcon_core.package_identification:_identify(.) by extension 'ignore'
[5.152s] Level 1:colcon.colcon_core.package_identification:_identify(.) by extension 'ignore_ament_install'
[5.152s] Level 1:colcon.colcon_core.package_identification:_identify(.) by extensions ['colcon_pkg']
[5.152s] Level 1:colcon.colcon_core.package_identification:_identify(.) by extension 'colcon_pkg'
[5.152s] Level 1:colcon.colcon_core.package_identification:_identify(.) by extensions ['colcon_meta']
[5.152s] Level 1:colcon.colcon_core.package_identification:_identify(.) by extension 'colcon_meta'
[5.152s] Level 1:colcon.colcon_core.package_identification:_identify(.) by extensions ['ros']
[5.152s] Level 1:colcon.colcon_core.package_identification:_identify(.) by extension 'ros'
[5.245s] DEBUG:colcon.colcon_core.package_identification:Package '.' with type 'ros.ament_cmake' and name 'camera_learn'
[5.245s] Level 1:colcon.colcon_core.package_discovery:discover_packages(recursive) using defaults
[5.245s] Level 1:colcon.colcon_core.package_discovery:discover_packages(ignore) discover
[5.245s] Level 1:colcon.colcon_core.package_discovery:discover_packages(ignore) using defaults
[5.245s] Level 1:colcon.colcon_core.package_discovery:discover_packages(path) discover
[5.245s] Level 1:colcon.colcon_core.package_discovery:discover_packages(path) using defaults
[5.615s] Level 1:colcon.colcon_core.package_discovery:discover_packages(prefix_path) check parameters
[5.615s] Level 1:colcon.colcon_core.package_discovery:discover_packages(prefix_path) discover
[5.640s] DEBUG:colcon.colcon_installed_package_information.package_discovery:Found 328 installed packages in /opt/ros/humble
[5.641s] Level 1:colcon.colcon_core.package_discovery:discover_packages(prefix_path) using defaults
[5.691s] Level 5:colcon.colcon_core.verb:set package 'camera_learn' build argument 'cmake_args' from command line to 'None'
[5.692s] Level 5:colcon.colcon_core.verb:set package 'camera_learn' build argument 'cmake_target' from command line to 'None'
[5.692s] Level 5:colcon.colcon_core.verb:set package 'camera_learn' build argument 'cmake_target_skip_unavailable' from command line to 'False'
[5.692s] Level 5:colcon.colcon_core.verb:set package 'camera_learn' build argument 'cmake_clean_cache' from command line to 'False'
[5.692s] Level 5:colcon.colcon_core.verb:set package 'camera_learn' build argument 'cmake_clean_first' from command line to 'False'
[5.692s] Level 5:colcon.colcon_core.verb:set package 'camera_learn' build argument 'cmake_force_configure' from command line to 'False'
[5.692s] Level 5:colcon.colcon_core.verb:set package 'camera_learn' build argument 'ament_cmake_args' from command line to 'None'
[5.692s] Level 5:colcon.colcon_core.verb:set package 'camera_learn' build argument 'catkin_cmake_args' from command line to 'None'
[5.692s] Level 5:colcon.colcon_core.verb:set package 'camera_learn' build argument 'catkin_skip_building_tests' from command line to 'False'
[5.692s] DEBUG:colcon.colcon_core.verb:Building package 'camera_learn' with the following arguments: {'ament_cmake_args': None, 'build_base': '/home/ake/A.Ke/A.Ke_project/camera_calibration/src/camera_learn/build/camera_learn', 'catkin_cmake_args': None, 'catkin_skip_building_tests': False, 'cmake_args': None, 'cmake_clean_cache': False, 'cmake_clean_first': False, 'cmake_force_configure': False, 'cmake_target': None, 'cmake_target_skip_unavailable': False, 'install_base': '/home/ake/A.Ke/A.Ke_project/camera_calibration/src/camera_learn/install/camera_learn', 'merge_install': False, 'path': '/home/ake/A.Ke/A.Ke_project/camera_calibration/src/camera_learn', 'symlink_install': False, 'test_result_base': None}
[5.692s] INFO:colcon.colcon_core.executor:Executing jobs using 'parallel' executor
[5.693s] DEBUG:colcon.colcon_parallel_executor.executor.parallel:run_until_complete
[5.694s] INFO:colcon.colcon_ros.task.ament_cmake.build:Building ROS package in '/home/ake/A.Ke/A.Ke_project/camera_calibration/src/camera_learn' with build type 'ament_cmake'
[5.694s] INFO:colcon.colcon_cmake.task.cmake.build:Building CMake package in '/home/ake/A.Ke/A.Ke_project/camera_calibration/src/camera_learn'
[5.721s] INFO:colcon.colcon_core.plugin_system:Skipping extension 'colcon_core.shell.bat': Not used on non-Windows systems
[5.721s] INFO:colcon.colcon_core.shell:Skip shell extension 'powershell' for command environment: Not usable outside of PowerShell
[5.722s] DEBUG:colcon.colcon_core.shell:Skip shell extension 'dsv' for command environment
[5.793s] DEBUG:colcon.colcon_core.event_handler.log_command:Invoking command in '/home/ake/A.Ke/A.Ke_project/camera_calibration/src/camera_learn/build/camera_learn': CMAKE_PREFIX_PATH=/opt/ros/humble /usr/bin/cmake --build /home/ake/A.Ke/A.Ke_project/camera_calibration/src/camera_learn/build/camera_learn -- -j2 -l2
[20.995s] DEBUG:colcon.colcon_core.event_handler.log_command:Invoked command in '/home/ake/A.Ke/A.Ke_project/camera_calibration/src/camera_learn/build/camera_learn' returned '0': CMAKE_PREFIX_PATH=/opt/ros/humble /usr/bin/cmake --build /home/ake/A.Ke/A.Ke_project/camera_calibration/src/camera_learn/build/camera_learn -- -j2 -l2
[21.082s] DEBUG:colcon.colcon_core.event_handler.log_command:Invoking command in '/home/ake/A.Ke/A.Ke_project/camera_calibration/src/camera_learn/build/camera_learn': CMAKE_PREFIX_PATH=/opt/ros/humble /usr/bin/cmake --install /home/ake/A.Ke/A.Ke_project/camera_calibration/src/camera_learn/build/camera_learn
[21.199s] Level 1:colcon.colcon_core.environment:create_environment_scripts_only(camera_learn)
[21.200s] DEBUG:colcon.colcon_core.event_handler.log_command:Invoked command in '/home/ake/A.Ke/A.Ke_project/camera_calibration/src/camera_learn/build/camera_learn' returned '0': CMAKE_PREFIX_PATH=/opt/ros/humble /usr/bin/cmake --install /home/ake/A.Ke/A.Ke_project/camera_calibration/src/camera_learn/build/camera_learn
[21.279s] Level 1:colcon.colcon_core.environment:checking '/home/ake/A.Ke/A.Ke_project/camera_calibration/src/camera_learn/install/camera_learn' for CMake module files
[21.279s] Level 1:colcon.colcon_core.environment:checking '/home/ake/A.Ke/A.Ke_project/camera_calibration/src/camera_learn/install/camera_learn' for CMake config files
[21.279s] Level 1:colcon.colcon_core.shell:create_environment_hook('camera_learn', 'cmake_prefix_path')
[21.280s] INFO:colcon.colcon_core.shell:Creating environment hook '/home/ake/A.Ke/A.Ke_project/camera_calibration/src/camera_learn/install/camera_learn/share/camera_learn/hook/cmake_prefix_path.ps1'
[21.298s] INFO:colcon.colcon_core.shell:Creating environment descriptor '/home/ake/A.Ke/A.Ke_project/camera_calibration/src/camera_learn/install/camera_learn/share/camera_learn/hook/cmake_prefix_path.dsv'
[21.310s] INFO:colcon.colcon_core.shell:Creating environment hook '/home/ake/A.Ke/A.Ke_project/camera_calibration/src/camera_learn/install/camera_learn/share/camera_learn/hook/cmake_prefix_path.sh'
[21.312s] Level 1:colcon.colcon_core.environment:checking '/home/ake/A.Ke/A.Ke_project/camera_calibration/src/camera_learn/install/camera_learn/lib'
[21.312s] Level 1:colcon.colcon_core.environment:checking '/home/ake/A.Ke/A.Ke_project/camera_calibration/src/camera_learn/install/camera_learn/bin'
[21.312s] Level 1:colcon.colcon_core.environment:checking '/home/ake/A.Ke/A.Ke_project/camera_calibration/src/camera_learn/install/camera_learn/lib/pkgconfig/camera_learn.pc'
[21.312s] Level 1:colcon.colcon_core.environment:checking '/home/ake/A.Ke/A.Ke_project/camera_calibration/src/camera_learn/install/camera_learn/lib/python3.10/site-packages'
[21.312s] Level 1:colcon.colcon_core.environment:checking '/home/ake/A.Ke/A.Ke_project/camera_calibration/src/camera_learn/install/camera_learn/bin'
[21.312s] INFO:colcon.colcon_core.shell:Creating package script '/home/ake/A.Ke/A.Ke_project/camera_calibration/src/camera_learn/install/camera_learn/share/camera_learn/package.ps1'
[21.314s] INFO:colcon.colcon_core.shell:Creating package descriptor '/home/ake/A.Ke/A.Ke_project/camera_calibration/src/camera_learn/install/camera_learn/share/camera_learn/package.dsv'
[21.315s] INFO:colcon.colcon_core.shell:Creating package script '/home/ake/A.Ke/A.Ke_project/camera_calibration/src/camera_learn/install/camera_learn/share/camera_learn/package.sh'
[21.315s] INFO:colcon.colcon_core.shell:Creating package script '/home/ake/A.Ke/A.Ke_project/camera_calibration/src/camera_learn/install/camera_learn/share/camera_learn/package.bash'
[21.328s] INFO:colcon.colcon_core.shell:Creating package script '/home/ake/A.Ke/A.Ke_project/camera_calibration/src/camera_learn/install/camera_learn/share/camera_learn/package.zsh'
[21.345s] Level 1:colcon.colcon_core.environment:create_file_with_runtime_dependencies(/home/ake/A.Ke/A.Ke_project/camera_calibration/src/camera_learn/install/camera_learn/share/colcon-core/packages/camera_learn)
[21.411s] Level 1:colcon.colcon_core.environment:create_environment_scripts_only(camera_learn)
[21.411s] Level 1:colcon.colcon_core.environment:checking '/home/ake/A.Ke/A.Ke_project/camera_calibration/src/camera_learn/install/camera_learn' for CMake module files
[21.412s] Level 1:colcon.colcon_core.environment:checking '/home/ake/A.Ke/A.Ke_project/camera_calibration/src/camera_learn/install/camera_learn' for CMake config files
[21.412s] Level 1:colcon.colcon_core.shell:create_environment_hook('camera_learn', 'cmake_prefix_path')
[21.412s] INFO:colcon.colcon_core.shell:Creating environment hook '/home/ake/A.Ke/A.Ke_project/camera_calibration/src/camera_learn/install/camera_learn/share/camera_learn/hook/cmake_prefix_path.ps1'
[21.414s] INFO:colcon.colcon_core.shell:Creating environment descriptor '/home/ake/A.Ke/A.Ke_project/camera_calibration/src/camera_learn/install/camera_learn/share/camera_learn/hook/cmake_prefix_path.dsv'
[21.415s] INFO:colcon.colcon_core.shell:Creating environment hook '/home/ake/A.Ke/A.Ke_project/camera_calibration/src/camera_learn/install/camera_learn/share/camera_learn/hook/cmake_prefix_path.sh'
[21.416s] Level 1:colcon.colcon_core.environment:checking '/home/ake/A.Ke/A.Ke_project/camera_calibration/src/camera_learn/install/camera_learn/lib'
[21.417s] Level 1:colcon.colcon_core.environment:checking '/home/ake/A.Ke/A.Ke_project/camera_calibration/src/camera_learn/install/camera_learn/bin'
[21.417s] Level 1:colcon.colcon_core.environment:checking '/home/ake/A.Ke/A.Ke_project/camera_calibration/src/camera_learn/install/camera_learn/lib/pkgconfig/camera_learn.pc'
[21.417s] Level 1:colcon.colcon_core.environment:checking '/home/ake/A.Ke/A.Ke_project/camera_calibration/src/camera_learn/install/camera_learn/lib/python3.10/site-packages'
[21.418s] Level 1:colcon.colcon_core.environment:checking '/home/ake/A.Ke/A.Ke_project/camera_calibration/src/camera_learn/install/camera_learn/bin'
[21.418s] INFO:colcon.colcon_core.shell:Creating package script '/home/ake/A.Ke/A.Ke_project/camera_calibration/src/camera_learn/install/camera_learn/share/camera_learn/package.ps1'
[21.419s] INFO:colcon.colcon_core.shell:Creating package descriptor '/home/ake/A.Ke/A.Ke_project/camera_calibration/src/camera_learn/install/camera_learn/share/camera_learn/package.dsv'
[21.421s] INFO:colcon.colcon_core.shell:Creating package script '/home/ake/A.Ke/A.Ke_project/camera_calibration/src/camera_learn/install/camera_learn/share/camera_learn/package.sh'
[21.421s] INFO:colcon.colcon_core.shell:Creating package script '/home/ake/A.Ke/A.Ke_project/camera_calibration/src/camera_learn/install/camera_learn/share/camera_learn/package.bash'
[21.422s] INFO:colcon.colcon_core.shell:Creating package script '/home/ake/A.Ke/A.Ke_project/camera_calibration/src/camera_learn/install/camera_learn/share/camera_learn/package.zsh'
[21.423s] Level 1:colcon.colcon_core.environment:create_file_with_runtime_dependencies(/home/ake/A.Ke/A.Ke_project/camera_calibration/src/camera_learn/install/camera_learn/share/colcon-core/packages/camera_learn)
[21.424s] DEBUG:colcon.colcon_parallel_executor.executor.parallel:closing loop
[21.425s] DEBUG:colcon.colcon_parallel_executor.executor.parallel:loop closed
[21.425s] DEBUG:colcon.colcon_parallel_executor.executor.parallel:run_until_complete finished with '0'
[21.425s] DEBUG:colcon.colcon_core.event_reactor:joining thread
[21.460s] INFO:colcon.colcon_core.plugin_system:Skipping extension 'colcon_notification.desktop_notification.terminal_notifier': Not used on non-Darwin systems
[21.460s] INFO:colcon.colcon_core.plugin_system:Skipping extension 'colcon_notification.desktop_notification.win32': Not used on non-Windows systems
[21.460s] INFO:colcon.colcon_notification.desktop_notification:Sending desktop notification using 'notify2'
[21.480s] DEBUG:colcon.colcon_core.event_reactor:joined thread
[21.481s] INFO:colcon.colcon_core.shell:Creating prefix script '/home/ake/A.Ke/A.Ke_project/camera_calibration/src/camera_learn/install/local_setup.ps1'
[21.499s] INFO:colcon.colcon_core.shell:Creating prefix util module '/home/ake/A.Ke/A.Ke_project/camera_calibration/src/camera_learn/install/_local_setup_util_ps1.py'
[21.516s] INFO:colcon.colcon_core.shell:Creating prefix chain script '/home/ake/A.Ke/A.Ke_project/camera_calibration/src/camera_learn/install/setup.ps1'
[21.524s] INFO:colcon.colcon_core.shell:Creating prefix script '/home/ake/A.Ke/A.Ke_project/camera_calibration/src/camera_learn/install/local_setup.sh'
[21.528s] INFO:colcon.colcon_core.shell:Creating prefix util module '/home/ake/A.Ke/A.Ke_project/camera_calibration/src/camera_learn/install/_local_setup_util_sh.py'
[21.529s] INFO:colcon.colcon_core.shell:Creating prefix chain script '/home/ake/A.Ke/A.Ke_project/camera_calibration/src/camera_learn/install/setup.sh'
[21.543s] INFO:colcon.colcon_core.shell:Creating prefix script '/home/ake/A.Ke/A.Ke_project/camera_calibration/src/camera_learn/install/local_setup.bash'
[21.595s] INFO:colcon.colcon_core.shell:Creating prefix chain script '/home/ake/A.Ke/A.Ke_project/camera_calibration/src/camera_learn/install/setup.bash'
[21.608s] INFO:colcon.colcon_core.shell:Creating prefix script '/home/ake/A.Ke/A.Ke_project/camera_calibration/src/camera_learn/install/local_setup.zsh'
[21.646s] INFO:colcon.colcon_core.shell:Creating prefix chain script '/home/ake/A.Ke/A.Ke_project/camera_calibration/src/camera_learn/install/setup.zsh'
