[0.036s] Invoking command in '/home/ake/A.Ke/A.Ke_project/image_change/src/image_learn/build/image_learn': CMAKE_PREFIX_PATH=${CMAKE_PREFIX_PATH}:/opt/ros/humble /usr/bin/cmake --build /home/ake/A.Ke/A.Ke_project/image_change/src/image_learn/build/image_learn -- -j2 -l2
[0.401s] [35m[1mConsolidate compiler generated dependencies of target image_change[0m
[0.426s] [ 50%] [32mBuilding CXX object CMakeFiles/image_change.dir/src/image_change.cpp.o[0m
[7.333s] [100%] [32m[1mLinking CXX executable image_change[0m
[7.609s] [100%] Built target image_change
[7.640s] Invoked command in '/home/ake/A.Ke/A.Ke_project/image_change/src/image_learn/build/image_learn' returned '0': CMAKE_PREFIX_PATH=${CMAKE_PREFIX_PATH}:/opt/ros/humble /usr/bin/cmake --build /home/ake/A.Ke/A.Ke_project/image_change/src/image_learn/build/image_learn -- -j2 -l2
[7.761s] Invoking command in '/home/ake/A.Ke/A.Ke_project/image_change/src/image_learn/build/image_learn': CMAKE_PREFIX_PATH=${CMAKE_PREFIX_PATH}:/opt/ros/humble /usr/bin/cmake --install /home/ake/A.Ke/A.Ke_project/image_change/src/image_learn/build/image_learn
[7.780s] -- Install configuration: ""
[7.781s] -- Installing: /home/ake/A.Ke/A.Ke_project/image_change/src/image_learn/install/image_learn/lib/image_learn/image_change
[7.781s] -- Set runtime path of "/home/ake/A.Ke/A.Ke_project/image_change/src/image_learn/install/image_learn/lib/image_learn/image_change" to ""
[7.781s] -- Up-to-date: /home/ake/A.Ke/A.Ke_project/image_change/src/image_learn/install/image_learn/share/ament_index/resource_index/package_run_dependencies/image_learn
[7.781s] -- Up-to-date: /home/ake/A.Ke/A.Ke_project/image_change/src/image_learn/install/image_learn/share/ament_index/resource_index/parent_prefix_path/image_learn
[7.781s] -- Up-to-date: /home/ake/A.Ke/A.Ke_project/image_change/src/image_learn/install/image_learn/share/image_learn/environment/ament_prefix_path.sh
[7.781s] -- Up-to-date: /home/ake/A.Ke/A.Ke_project/image_change/src/image_learn/install/image_learn/share/image_learn/environment/ament_prefix_path.dsv
[7.781s] -- Up-to-date: /home/ake/A.Ke/A.Ke_project/image_change/src/image_learn/install/image_learn/share/image_learn/environment/path.sh
[7.781s] -- Up-to-date: /home/ake/A.Ke/A.Ke_project/image_change/src/image_learn/install/image_learn/share/image_learn/environment/path.dsv
[7.781s] -- Up-to-date: /home/ake/A.Ke/A.Ke_project/image_change/src/image_learn/install/image_learn/share/image_learn/local_setup.bash
[7.781s] -- Up-to-date: /home/ake/A.Ke/A.Ke_project/image_change/src/image_learn/install/image_learn/share/image_learn/local_setup.sh
[7.782s] -- Up-to-date: /home/ake/A.Ke/A.Ke_project/image_change/src/image_learn/install/image_learn/share/image_learn/local_setup.zsh
[7.782s] -- Up-to-date: /home/ake/A.Ke/A.Ke_project/image_change/src/image_learn/install/image_learn/share/image_learn/local_setup.dsv
[7.783s] -- Installing: /home/ake/A.Ke/A.Ke_project/image_change/src/image_learn/install/image_learn/share/image_learn/package.dsv
[7.783s] -- Up-to-date: /home/ake/A.Ke/A.Ke_project/image_change/src/image_learn/install/image_learn/share/ament_index/resource_index/packages/image_learn
[7.783s] -- Up-to-date: /home/ake/A.Ke/A.Ke_project/image_change/src/image_learn/install/image_learn/share/image_learn/cmake/image_learnConfig.cmake
[7.783s] -- Up-to-date: /home/ake/A.Ke/A.Ke_project/image_change/src/image_learn/install/image_learn/share/image_learn/cmake/image_learnConfig-version.cmake
[7.783s] -- Up-to-date: /home/ake/A.Ke/A.Ke_project/image_change/src/image_learn/install/image_learn/share/image_learn/package.xml
[7.786s] Invoked command in '/home/ake/A.Ke/A.Ke_project/image_change/src/image_learn/build/image_learn' returned '0': CMAKE_PREFIX_PATH=${CMAKE_PREFIX_PATH}:/opt/ros/humble /usr/bin/cmake --install /home/ake/A.Ke/A.Ke_project/image_change/src/image_learn/build/image_learn
