[2.790s] DEBUG:colcon:Command line arguments: ['/usr/bin/colcon', 'build']
[2.790s] DEBUG:colcon:Parsed command line arguments: Namespace(log_base=None, log_level=None, verb_name='build', build_base='build', install_base='install', merge_install=False, symlink_install=False, test_result_base=None, continue_on_error=False, executor='parallel', parallel_workers=2, event_handlers=None, ignore_user_meta=False, metas=['./colcon.meta'], base_paths=['.'], packages_ignore=None, packages_ignore_regex=None, paths=None, packages_up_to=None, packages_up_to_regex=None, packages_above=None, packages_above_and_dependencies=None, packages_above_depth=None, packages_select_by_dep=None, packages_skip_by_dep=None, packages_skip_up_to=None, packages_select_build_failed=False, packages_skip_build_finished=False, packages_select_test_failures=False, packages_skip_test_passed=False, packages_select=None, packages_skip=None, packages_select_regex=None, packages_skip_regex=None, packages_start=None, packages_end=None, allow_overriding=[], cmake_args=None, cmake_target=None, cmake_target_skip_unavailable=False, cmake_clean_cache=False, cmake_clean_first=False, cmake_force_configure=False, ament_cmake_args=None, catkin_cmake_args=None, catkin_skip_building_tests=False, verb_parser=<colcon_defaults.argument_parser.defaults.DefaultArgumentsDecorator object at 0x78e7b6c17f10>, verb_extension=<colcon_core.verb.build.BuildVerb object at 0x78e7b6c17a00>, main=<bound method BuildVerb.main of <colcon_core.verb.build.BuildVerb object at 0x78e7b6c17a00>>)
[3.225s] Level 1:colcon.colcon_core.package_discovery:discover_packages(colcon_meta) check parameters
[3.225s] Level 1:colcon.colcon_core.package_discovery:discover_packages(recursive) check parameters
[3.225s] Level 1:colcon.colcon_core.package_discovery:discover_packages(ignore) check parameters
[3.225s] Level 1:colcon.colcon_core.package_discovery:discover_packages(path) check parameters
[3.225s] Level 1:colcon.colcon_core.package_discovery:discover_packages(colcon_meta) discover
[3.225s] Level 1:colcon.colcon_core.package_discovery:discover_packages(recursive) discover
[3.225s] INFO:colcon.colcon_core.package_discovery:Crawling recursively for packages in '/home/ake/A.Ke/A.Ke_project/camera_calibration/src/camera_learn'
[3.225s] Level 1:colcon.colcon_core.package_identification:_identify(.) by extensions ['ignore', 'ignore_ament_install']
[3.226s] Level 1:colcon.colcon_core.package_identification:_identify(.) by extension 'ignore'
[3.226s] Level 1:colcon.colcon_core.package_identification:_identify(.) by extension 'ignore_ament_install'
[3.226s] Level 1:colcon.colcon_core.package_identification:_identify(.) by extensions ['colcon_pkg']
[3.226s] Level 1:colcon.colcon_core.package_identification:_identify(.) by extension 'colcon_pkg'
[3.226s] Level 1:colcon.colcon_core.package_identification:_identify(.) by extensions ['colcon_meta']
[3.226s] Level 1:colcon.colcon_core.package_identification:_identify(.) by extension 'colcon_meta'
[3.226s] Level 1:colcon.colcon_core.package_identification:_identify(.) by extensions ['ros']
[3.226s] Level 1:colcon.colcon_core.package_identification:_identify(.) by extension 'ros'
[3.244s] DEBUG:colcon.colcon_core.package_identification:Package '.' with type 'ros.ament_cmake' and name 'camera_learn'
[3.244s] Level 1:colcon.colcon_core.package_discovery:discover_packages(recursive) using defaults
[3.244s] Level 1:colcon.colcon_core.package_discovery:discover_packages(ignore) discover
[3.244s] Level 1:colcon.colcon_core.package_discovery:discover_packages(ignore) using defaults
[3.244s] Level 1:colcon.colcon_core.package_discovery:discover_packages(path) discover
[3.244s] Level 1:colcon.colcon_core.package_discovery:discover_packages(path) using defaults
[3.483s] Level 1:colcon.colcon_core.package_discovery:discover_packages(prefix_path) check parameters
[3.483s] Level 1:colcon.colcon_core.package_discovery:discover_packages(prefix_path) discover
[3.484s] DEBUG:colcon.colcon_installed_package_information.package_discovery:Found 1 installed packages in /home/ake/A.Ke/A.Ke_project/camera_calibration/src/camera_learn/install
[3.487s] DEBUG:colcon.colcon_installed_package_information.package_discovery:Found 328 installed packages in /opt/ros/humble
[3.488s] Level 1:colcon.colcon_core.package_discovery:discover_packages(prefix_path) using defaults
[3.529s] Level 5:colcon.colcon_core.verb:set package 'camera_learn' build argument 'cmake_args' from command line to 'None'
[3.529s] Level 5:colcon.colcon_core.verb:set package 'camera_learn' build argument 'cmake_target' from command line to 'None'
[3.529s] Level 5:colcon.colcon_core.verb:set package 'camera_learn' build argument 'cmake_target_skip_unavailable' from command line to 'False'
[3.529s] Level 5:colcon.colcon_core.verb:set package 'camera_learn' build argument 'cmake_clean_cache' from command line to 'False'
[3.529s] Level 5:colcon.colcon_core.verb:set package 'camera_learn' build argument 'cmake_clean_first' from command line to 'False'
[3.529s] Level 5:colcon.colcon_core.verb:set package 'camera_learn' build argument 'cmake_force_configure' from command line to 'False'
[3.529s] Level 5:colcon.colcon_core.verb:set package 'camera_learn' build argument 'ament_cmake_args' from command line to 'None'
[3.529s] Level 5:colcon.colcon_core.verb:set package 'camera_learn' build argument 'catkin_cmake_args' from command line to 'None'
[3.529s] Level 5:colcon.colcon_core.verb:set package 'camera_learn' build argument 'catkin_skip_building_tests' from command line to 'False'
[3.529s] DEBUG:colcon.colcon_core.verb:Building package 'camera_learn' with the following arguments: {'ament_cmake_args': None, 'build_base': '/home/ake/A.Ke/A.Ke_project/camera_calibration/src/camera_learn/build/camera_learn', 'catkin_cmake_args': None, 'catkin_skip_building_tests': False, 'cmake_args': None, 'cmake_clean_cache': False, 'cmake_clean_first': False, 'cmake_force_configure': False, 'cmake_target': None, 'cmake_target_skip_unavailable': False, 'install_base': '/home/ake/A.Ke/A.Ke_project/camera_calibration/src/camera_learn/install/camera_learn', 'merge_install': False, 'path': '/home/ake/A.Ke/A.Ke_project/camera_calibration/src/camera_learn', 'symlink_install': False, 'test_result_base': None}
[3.529s] INFO:colcon.colcon_core.executor:Executing jobs using 'parallel' executor
[3.530s] DEBUG:colcon.colcon_parallel_executor.executor.parallel:run_until_complete
[3.530s] INFO:colcon.colcon_ros.task.ament_cmake.build:Building ROS package in '/home/ake/A.Ke/A.Ke_project/camera_calibration/src/camera_learn' with build type 'ament_cmake'
[3.531s] INFO:colcon.colcon_cmake.task.cmake.build:Building CMake package in '/home/ake/A.Ke/A.Ke_project/camera_calibration/src/camera_learn'
[3.532s] INFO:colcon.colcon_core.plugin_system:Skipping extension 'colcon_core.shell.bat': Not used on non-Windows systems
[3.533s] INFO:colcon.colcon_core.shell:Skip shell extension 'powershell' for command environment: Not usable outside of PowerShell
[3.533s] DEBUG:colcon.colcon_core.shell:Skip shell extension 'dsv' for command environment
[3.553s] DEBUG:colcon.colcon_core.event_handler.log_command:Invoking command in '/home/ake/A.Ke/A.Ke_project/camera_calibration/src/camera_learn/build/camera_learn': CMAKE_PREFIX_PATH=/opt/ros/humble /usr/bin/cmake --build /home/ake/A.Ke/A.Ke_project/camera_calibration/src/camera_learn/build/camera_learn -- -j2 -l2
[36.431s] DEBUG:colcon.colcon_core.event_handler.log_command:Invoked command in '/home/ake/A.Ke/A.Ke_project/camera_calibration/src/camera_learn/build/camera_learn' returned '2': CMAKE_PREFIX_PATH=/opt/ros/humble /usr/bin/cmake --build /home/ake/A.Ke/A.Ke_project/camera_calibration/src/camera_learn/build/camera_learn -- -j2 -l2
[37.044s] Level 1:colcon.colcon_core.environment:create_environment_scripts_only(camera_learn)
[37.053s] Level 1:colcon.colcon_core.environment:checking '/home/ake/A.Ke/A.Ke_project/camera_calibration/src/camera_learn/install/camera_learn' for CMake module files
[37.054s] Level 1:colcon.colcon_core.environment:checking '/home/ake/A.Ke/A.Ke_project/camera_calibration/src/camera_learn/install/camera_learn' for CMake config files
[37.090s] Level 1:colcon.colcon_core.environment:checking '/home/ake/A.Ke/A.Ke_project/camera_calibration/src/camera_learn/install/camera_learn/bin'
[37.091s] Level 1:colcon.colcon_core.environment:checking '/home/ake/A.Ke/A.Ke_project/camera_calibration/src/camera_learn/install/camera_learn/lib/pkgconfig/camera_learn.pc'
[37.091s] Level 1:colcon.colcon_core.environment:checking '/home/ake/A.Ke/A.Ke_project/camera_calibration/src/camera_learn/install/camera_learn/lib/python3.10/site-packages'
[37.091s] Level 1:colcon.colcon_core.environment:checking '/home/ake/A.Ke/A.Ke_project/camera_calibration/src/camera_learn/install/camera_learn/bin'
[37.091s] INFO:colcon.colcon_core.shell:Creating package script '/home/ake/A.Ke/A.Ke_project/camera_calibration/src/camera_learn/install/camera_learn/share/camera_learn/package.ps1'
[37.092s] INFO:colcon.colcon_core.shell:Creating package descriptor '/home/ake/A.Ke/A.Ke_project/camera_calibration/src/camera_learn/install/camera_learn/share/camera_learn/package.dsv'
[37.094s] INFO:colcon.colcon_core.shell:Creating package script '/home/ake/A.Ke/A.Ke_project/camera_calibration/src/camera_learn/install/camera_learn/share/camera_learn/package.sh'
[37.095s] INFO:colcon.colcon_core.shell:Creating package script '/home/ake/A.Ke/A.Ke_project/camera_calibration/src/camera_learn/install/camera_learn/share/camera_learn/package.bash'
[37.096s] INFO:colcon.colcon_core.shell:Creating package script '/home/ake/A.Ke/A.Ke_project/camera_calibration/src/camera_learn/install/camera_learn/share/camera_learn/package.zsh'
[37.098s] Level 1:colcon.colcon_core.environment:create_file_with_runtime_dependencies(/home/ake/A.Ke/A.Ke_project/camera_calibration/src/camera_learn/install/camera_learn/share/colcon-core/packages/camera_learn)
[37.111s] DEBUG:colcon.colcon_parallel_executor.executor.parallel:closing loop
[37.111s] DEBUG:colcon.colcon_parallel_executor.executor.parallel:loop closed
[37.111s] DEBUG:colcon.colcon_parallel_executor.executor.parallel:run_until_complete finished with '2'
[37.111s] DEBUG:colcon.colcon_core.event_reactor:joining thread
[37.127s] INFO:colcon.colcon_core.plugin_system:Skipping extension 'colcon_notification.desktop_notification.terminal_notifier': Not used on non-Darwin systems
[37.127s] INFO:colcon.colcon_core.plugin_system:Skipping extension 'colcon_notification.desktop_notification.win32': Not used on non-Windows systems
[37.127s] INFO:colcon.colcon_notification.desktop_notification:Sending desktop notification using 'notify2'
[37.167s] DEBUG:colcon.colcon_core.event_reactor:joined thread
[37.168s] INFO:colcon.colcon_core.shell:Creating prefix script '/home/ake/A.Ke/A.Ke_project/camera_calibration/src/camera_learn/install/local_setup.ps1'
[37.169s] INFO:colcon.colcon_core.shell:Creating prefix util module '/home/ake/A.Ke/A.Ke_project/camera_calibration/src/camera_learn/install/_local_setup_util_ps1.py'
[37.172s] INFO:colcon.colcon_core.shell:Creating prefix chain script '/home/ake/A.Ke/A.Ke_project/camera_calibration/src/camera_learn/install/setup.ps1'
[37.175s] INFO:colcon.colcon_core.shell:Creating prefix script '/home/ake/A.Ke/A.Ke_project/camera_calibration/src/camera_learn/install/local_setup.sh'
[37.177s] INFO:colcon.colcon_core.shell:Creating prefix util module '/home/ake/A.Ke/A.Ke_project/camera_calibration/src/camera_learn/install/_local_setup_util_sh.py'
[37.178s] INFO:colcon.colcon_core.shell:Creating prefix chain script '/home/ake/A.Ke/A.Ke_project/camera_calibration/src/camera_learn/install/setup.sh'
[37.180s] INFO:colcon.colcon_core.shell:Creating prefix script '/home/ake/A.Ke/A.Ke_project/camera_calibration/src/camera_learn/install/local_setup.bash'
[37.182s] INFO:colcon.colcon_core.shell:Creating prefix chain script '/home/ake/A.Ke/A.Ke_project/camera_calibration/src/camera_learn/install/setup.bash'
[37.184s] INFO:colcon.colcon_core.shell:Creating prefix script '/home/ake/A.Ke/A.Ke_project/camera_calibration/src/camera_learn/install/local_setup.zsh'
[37.187s] INFO:colcon.colcon_core.shell:Creating prefix chain script '/home/ake/A.Ke/A.Ke_project/camera_calibration/src/camera_learn/install/setup.zsh'
