[35m[1mConsolidate compiler generated dependencies of target pnp_learn[0m
[ 50%] [32mBuilding CXX object CMakeFiles/pnp_learn.dir/src/pnp_learn.cpp.o[0m
[100%] [32m[1mLinking CXX executable pnp_learn[0m
[100%] Built target pnp_learn
-- Install configuration: ""
-- Installing: /home/ake/A.Ke/A.Ke_project/cam_PnP/src/pnp_learn/install/pnp_learn/lib/pnp_learn/pnp_learn
-- Set runtime path of "/home/ake/A.Ke/A.Ke_project/cam_PnP/src/pnp_learn/install/pnp_learn/lib/pnp_learn/pnp_learn" to ""
-- Up-to-date: /home/ake/A.Ke/A.Ke_project/cam_PnP/src/pnp_learn/install/pnp_learn/share/ament_index/resource_index/package_run_dependencies/pnp_learn
-- Up-to-date: /home/ake/A.Ke/A.Ke_project/cam_PnP/src/pnp_learn/install/pnp_learn/share/ament_index/resource_index/parent_prefix_path/pnp_learn
-- Up-to-date: /home/ake/A.Ke/A.Ke_project/cam_PnP/src/pnp_learn/install/pnp_learn/share/pnp_learn/environment/ament_prefix_path.sh
-- Up-to-date: /home/ake/A.Ke/A.Ke_project/cam_PnP/src/pnp_learn/install/pnp_learn/share/pnp_learn/environment/ament_prefix_path.dsv
-- Up-to-date: /home/ake/A.Ke/A.Ke_project/cam_PnP/src/pnp_learn/install/pnp_learn/share/pnp_learn/environment/path.sh
-- Up-to-date: /home/ake/A.Ke/A.Ke_project/cam_PnP/src/pnp_learn/install/pnp_learn/share/pnp_learn/environment/path.dsv
-- Up-to-date: /home/ake/A.Ke/A.Ke_project/cam_PnP/src/pnp_learn/install/pnp_learn/share/pnp_learn/local_setup.bash
-- Up-to-date: /home/ake/A.Ke/A.Ke_project/cam_PnP/src/pnp_learn/install/pnp_learn/share/pnp_learn/local_setup.sh
-- Up-to-date: /home/ake/A.Ke/A.Ke_project/cam_PnP/src/pnp_learn/install/pnp_learn/share/pnp_learn/local_setup.zsh
-- Up-to-date: /home/ake/A.Ke/A.Ke_project/cam_PnP/src/pnp_learn/install/pnp_learn/share/pnp_learn/local_setup.dsv
-- Installing: /home/ake/A.Ke/A.Ke_project/cam_PnP/src/pnp_learn/install/pnp_learn/share/pnp_learn/package.dsv
-- Up-to-date: /home/ake/A.Ke/A.Ke_project/cam_PnP/src/pnp_learn/install/pnp_learn/share/ament_index/resource_index/packages/pnp_learn
-- Up-to-date: /home/ake/A.Ke/A.Ke_project/cam_PnP/src/pnp_learn/install/pnp_learn/share/pnp_learn/cmake/pnp_learnConfig.cmake
-- Up-to-date: /home/ake/A.Ke/A.Ke_project/cam_PnP/src/pnp_learn/install/pnp_learn/share/pnp_learn/cmake/pnp_learnConfig-version.cmake
-- Up-to-date: /home/ake/A.Ke/A.Ke_project/cam_PnP/src/pnp_learn/install/pnp_learn/share/pnp_learn/package.xml
