[0.113s] Invoking command in '/home/ake/A.Ke/A.Ke_project/cam_PnP/src/pnp_learn/build/pnp_learn': CMAKE_PREFIX_PATH=/opt/ros/humble CONDA_PROMPT_MODIFIER=(base) /usr/bin/cmake --build /home/ake/A.Ke/A.Ke_project/cam_PnP/src/pnp_learn/build/pnp_learn -- -j2 -l2
[0.741s] [35m[1mConsolidate compiler generated dependencies of target pnp_learn[0m
[0.906s] [ 50%] [32mBuilding CXX object CMakeFiles/pnp_learn.dir/src/pnp_learn.cpp.o[0m
[10.881s] [100%] [32m[1mLinking CXX executable pnp_learn[0m
[12.433s] [100%] Built target pnp_learn
[12.444s] Invoked command in '/home/ake/A.Ke/A.Ke_project/cam_PnP/src/pnp_learn/build/pnp_learn' returned '0': CMAKE_PREFIX_PATH=/opt/ros/humble CONDA_PROMPT_MODIFIER=(base) /usr/bin/cmake --build /home/ake/A.Ke/A.Ke_project/cam_PnP/src/pnp_learn/build/pnp_learn -- -j2 -l2
[12.489s] Invoking command in '/home/ake/A.Ke/A.Ke_project/cam_PnP/src/pnp_learn/build/pnp_learn': CMAKE_PREFIX_PATH=/opt/ros/humble CONDA_PROMPT_MODIFIER=(base) /usr/bin/cmake --install /home/ake/A.Ke/A.Ke_project/cam_PnP/src/pnp_learn/build/pnp_learn
[12.529s] -- Install configuration: ""
[12.552s] -- Installing: /home/ake/A.Ke/A.Ke_project/cam_PnP/src/pnp_learn/install/pnp_learn/lib/pnp_learn/pnp_learn
[12.552s] -- Set runtime path of "/home/ake/A.Ke/A.Ke_project/cam_PnP/src/pnp_learn/install/pnp_learn/lib/pnp_learn/pnp_learn" to ""
[12.552s] -- Up-to-date: /home/ake/A.Ke/A.Ke_project/cam_PnP/src/pnp_learn/install/pnp_learn/share/ament_index/resource_index/package_run_dependencies/pnp_learn
[12.553s] -- Up-to-date: /home/ake/A.Ke/A.Ke_project/cam_PnP/src/pnp_learn/install/pnp_learn/share/ament_index/resource_index/parent_prefix_path/pnp_learn
[12.553s] -- Up-to-date: /home/ake/A.Ke/A.Ke_project/cam_PnP/src/pnp_learn/install/pnp_learn/share/pnp_learn/environment/ament_prefix_path.sh
[12.553s] -- Up-to-date: /home/ake/A.Ke/A.Ke_project/cam_PnP/src/pnp_learn/install/pnp_learn/share/pnp_learn/environment/ament_prefix_path.dsv
[12.553s] -- Up-to-date: /home/ake/A.Ke/A.Ke_project/cam_PnP/src/pnp_learn/install/pnp_learn/share/pnp_learn/environment/path.sh
[12.553s] -- Up-to-date: /home/ake/A.Ke/A.Ke_project/cam_PnP/src/pnp_learn/install/pnp_learn/share/pnp_learn/environment/path.dsv
[12.553s] -- Up-to-date: /home/ake/A.Ke/A.Ke_project/cam_PnP/src/pnp_learn/install/pnp_learn/share/pnp_learn/local_setup.bash
[12.553s] -- Up-to-date: /home/ake/A.Ke/A.Ke_project/cam_PnP/src/pnp_learn/install/pnp_learn/share/pnp_learn/local_setup.sh
[12.553s] -- Up-to-date: /home/ake/A.Ke/A.Ke_project/cam_PnP/src/pnp_learn/install/pnp_learn/share/pnp_learn/local_setup.zsh
[12.553s] -- Up-to-date: /home/ake/A.Ke/A.Ke_project/cam_PnP/src/pnp_learn/install/pnp_learn/share/pnp_learn/local_setup.dsv
[12.553s] -- Installing: /home/ake/A.Ke/A.Ke_project/cam_PnP/src/pnp_learn/install/pnp_learn/share/pnp_learn/package.dsv
[12.568s] -- Up-to-date: /home/ake/A.Ke/A.Ke_project/cam_PnP/src/pnp_learn/install/pnp_learn/share/ament_index/resource_index/packages/pnp_learn
[12.568s] -- Up-to-date: /home/ake/A.Ke/A.Ke_project/cam_PnP/src/pnp_learn/install/pnp_learn/share/pnp_learn/cmake/pnp_learnConfig.cmake
[12.569s] -- Up-to-date: /home/ake/A.Ke/A.Ke_project/cam_PnP/src/pnp_learn/install/pnp_learn/share/pnp_learn/cmake/pnp_learnConfig-version.cmake
[12.570s] -- Up-to-date: /home/ake/A.Ke/A.Ke_project/cam_PnP/src/pnp_learn/install/pnp_learn/share/pnp_learn/package.xml
[12.572s] Invoked command in '/home/ake/A.Ke/A.Ke_project/cam_PnP/src/pnp_learn/build/pnp_learn' returned '0': CMAKE_PREFIX_PATH=/opt/ros/humble CONDA_PROMPT_MODIFIER=(base) /usr/bin/cmake --install /home/ake/A.Ke/A.Ke_project/cam_PnP/src/pnp_learn/build/pnp_learn
