[0.035s] Invoking command in '/home/ake/A.Ke/A.Ke_project/detector_opencv/src/detector_learn/build/detector_learn': CMAKE_PREFIX_PATH=${CMAKE_PREFIX_PATH}:/opt/ros/humble /usr/bin/cmake --build /home/ake/A.Ke/A.Ke_project/detector_opencv/src/detector_learn/build/detector_learn -- -j2 -l2
[0.121s] [35m[1mConsolidate compiler generated dependencies of target detector_learn[0m
[0.163s] [ 50%] [32mBuilding CXX object CMakeFiles/detector_learn.dir/src/detector_learn.cpp.o[0m
[4.640s] [01m[K/home/ake/A.Ke/A.Ke_project/detector_opencv/src/detector_learn/src/detector_learn.cpp:[m[K In member function ‘[01m[Kvoid ArmorDetector::detect_armor(cv::Mat&)[m[K’:
[4.640s] [01m[K/home/ake/A.Ke/A.Ke_project/detector_opencv/src/detector_learn/src/detector_learn.cpp:72:37:[m[K [01;31m[Kerror: [m[Kredeclaration of ‘[01m[Kstd::vector<std::vector<cv::Point_<int> > > redContours[m[K’
[4.640s]    72 | std::vector<std::vector<cv::Point>> [01;31m[KredContours[m[K, blueContours;
[4.640s]       |                                     [01;31m[K^~~~~~~~~~~[m[K
[4.640s] [01m[K/home/ake/A.Ke/A.Ke_project/detector_opencv/src/detector_learn/src/detector_learn.cpp:67:45:[m[K [01;36m[Knote: [m[K‘[01m[Kstd::vector<std::vector<cv::Point_<int> > > redContours[m[K’ previously declared here
[4.640s]    67 |         std::vector<std::vector<cv::Point>> [01;36m[KredContours[m[K, blueContours;
[4.640s]       |                                             [01;36m[K^~~~~~~~~~~[m[K
[4.641s] [01m[K/home/ake/A.Ke/A.Ke_project/detector_opencv/src/detector_learn/src/detector_learn.cpp:72:50:[m[K [01;31m[Kerror: [m[Kredeclaration of ‘[01m[Kstd::vector<std::vector<cv::Point_<int> > > blueContours[m[K’
[4.641s]    72 | std::vector<std::vector<cv::Point>> redContours, [01;31m[KblueContours[m[K;
[4.641s]       |                                                  [01;31m[K^~~~~~~~~~~~[m[K
[4.641s] [01m[K/home/ake/A.Ke/A.Ke_project/detector_opencv/src/detector_learn/src/detector_learn.cpp:67:58:[m[K [01;36m[Knote: [m[K‘[01m[Kstd::vector<std::vector<cv::Point_<int> > > blueContours[m[K’ previously declared here
[4.641s]    67 |         std::vector<std::vector<cv::Point>> redContours, [01;36m[KblueContours[m[K;
[4.641s]       |                                                          [01;36m[K^~~~~~~~~~~~[m[K
[5.862s] gmake[2]: *** [CMakeFiles/detector_learn.dir/build.make:76：CMakeFiles/detector_learn.dir/src/detector_learn.cpp.o] 错误 1
[5.862s] gmake[1]: *** [CMakeFiles/Makefile2:137：CMakeFiles/detector_learn.dir/all] 错误 2
[5.862s] gmake: *** [Makefile:146：all] 错误 2
[5.864s] Invoked command in '/home/ake/A.Ke/A.Ke_project/detector_opencv/src/detector_learn/build/detector_learn' returned '2': CMAKE_PREFIX_PATH=${CMAKE_PREFIX_PATH}:/opt/ros/humble /usr/bin/cmake --build /home/ake/A.Ke/A.Ke_project/detector_opencv/src/detector_learn/build/detector_learn -- -j2 -l2
