[0.021s] Invoking command in '/home/ake/A.Ke/A.Ke_project/camera_calibration/src/camera_learn/build/camera_learn': CMAKE_PREFIX_PATH=/opt/ros/humble /usr/bin/cmake --build /home/ake/A.Ke/A.Ke_project/camera_calibration/src/camera_learn/build/camera_learn -- -j2 -l2
[0.071s] -- Found ament_cmake: 1.3.9 (/opt/ros/humble/share/ament_cmake/cmake)
[0.282s] -- Found rclcpp: 16.0.9 (/opt/ros/humble/share/rclcpp/cmake)
[0.322s] -- Found rosidl_generator_c: 3.1.5 (/opt/ros/humble/share/rosidl_generator_c/cmake)
[0.327s] -- Found rosidl_adapter: 3.1.5 (/opt/ros/humble/share/rosidl_adapter/cmake)
[0.345s] -- Found rosidl_generator_cpp: 3.1.5 (/opt/ros/humble/share/rosidl_generator_cpp/cmake)
[0.357s] -- Using all available rosidl_typesupport_c: rosidl_typesupport_fastrtps_c;rosidl_typesupport_introspection_c
[0.383s] -- Using all available rosidl_typesupport_cpp: rosidl_typesupport_fastrtps_cpp;rosidl_typesupport_introspection_cpp
[0.468s] -- Found rmw_implementation_cmake: 6.1.2 (/opt/ros/humble/share/rmw_implementation_cmake/cmake)
[0.476s] -- Found rmw_fastrtps_cpp: 6.2.6 (/opt/ros/humble/share/rmw_fastrtps_cpp/cmake)
[0.652s] -- Using RMW implementation 'rmw_fastrtps_cpp' as default
[0.859s] -- Found ament_lint_auto: 0.12.11 (/opt/ros/humble/share/ament_lint_auto/cmake)
[0.990s] -- Added test 'cppcheck' to perform static code analysis on C / C++ code
[0.990s] -- Configured cppcheck include dirs: 
[0.990s] -- Configured cppcheck exclude dirs and/or files: 
[0.993s] -- Added test 'flake8' to check Python code syntax and style conventions
[1.031s] -- Added test 'lint_cmake' to check CMake code style
[1.033s] -- Added test 'pep257' to check Python code against some of the docstring style conventions in PEP 257
[1.042s] -- Added test 'uncrustify' to check C / C++ code style
[1.042s] -- Configured uncrustify additional arguments: 
[1.044s] -- Added test 'xmllint' to check XML markup files
[1.044s] -- Configuring done
[1.057s] -- Generating done
[1.059s] -- Build files have been written to: /home/ake/A.Ke/A.Ke_project/camera_calibration/src/camera_learn/build/camera_learn
[1.122s] [ 50%] [32mBuilding CXX object CMakeFiles/camera_learn.dir/src/camera_learn.cpp.o[0m
[10.016s] In file included from [01m[K/opt/ros/humble/include/rclcpp/rclcpp/logging.hpp:24[m[K,
[10.016s]                  from [01m[K/opt/ros/humble/include/rclcpp/rclcpp/client.hpp:40[m[K,
[10.017s]                  from [01m[K/opt/ros/humble/include/rclcpp/rclcpp/callback_group.hpp:24[m[K,
[10.017s]                  from [01m[K/opt/ros/humble/include/rclcpp/rclcpp/any_executable.hpp:20[m[K,
[10.017s]                  from [01m[K/opt/ros/humble/include/rclcpp/rclcpp/memory_strategy.hpp:25[m[K,
[10.017s]                  from [01m[K/opt/ros/humble/include/rclcpp/rclcpp/memory_strategies.hpp:18[m[K,
[10.017s]                  from [01m[K/opt/ros/humble/include/rclcpp/rclcpp/executor_options.hpp:20[m[K,
[10.017s]                  from [01m[K/opt/ros/humble/include/rclcpp/rclcpp/executor.hpp:37[m[K,
[10.017s]                  from [01m[K/opt/ros/humble/include/rclcpp/rclcpp/executors/multi_threaded_executor.hpp:25[m[K,
[10.017s]                  from [01m[K/opt/ros/humble/include/rclcpp/rclcpp/executors.hpp:21[m[K,
[10.017s]                  from [01m[K/opt/ros/humble/include/rclcpp/rclcpp/rclcpp.hpp:155[m[K,
[10.018s]                  from [01m[K/home/ake/A.Ke/A.Ke_project/camera_calibration/src/camera_learn/src/camera_learn.cpp:1[m[K:
[10.018s] [01m[K/home/ake/A.Ke/A.Ke_project/camera_calibration/src/camera_learn/src/camera_learn.cpp:[m[K In member function ‘[01m[Kvoid CameraCalibrationNode::calibrateCamera()[m[K’:
[10.018s] [01m[K/home/ake/A.Ke/A.Ke_project/camera_calibration/src/camera_learn/src/camera_learn.cpp:89:73:[m[K [01;31m[Kerror: [m[Kno matching function for call to ‘[01m[Kformat(cv::Mat&)[m[K’
[10.020s]    89 |         RCLCPP_INFO(this->get_logger(), "相机内参矩阵:\n %s", [01;31m[Kcv::format(cameraMatrix)[m[K.c_str());
[10.020s]       |                                                               [01;31m[K~~~~~~~~~~^~~~~~~~~~~~~~[m[K
[10.020s] In file included from [01m[K/usr/local/include/opencv4/opencv2/core.hpp:3415[m[K,
[10.020s]                  from [01m[K/usr/local/include/opencv4/opencv2/opencv.hpp:52[m[K,
[10.020s]                  from [01m[K/home/ake/A.Ke/A.Ke_project/camera_calibration/src/camera_learn/src/camera_learn.cpp:2[m[K:
[10.021s] [01m[K/usr/local/include/opencv4/opencv2/core/operations.hpp:431:16:[m[K [01;36m[Knote: [m[Kcandidate: ‘[01m[Kcv::Ptr<cv::Formatted> cv::format(cv::InputArray, cv::Formatter::FormatType)[m[K’
[10.021s]   431 | Ptr<Formatted> [01;36m[Kformat[m[K(InputArray mtx, Formatter::FormatType fmt)
[10.021s]       |                [01;36m[K^~~~~~[m[K
[10.037s] [01m[K/usr/local/include/opencv4/opencv2/core/operations.hpp:431:16:[m[K [01;36m[Knote: [m[K  candidate expects 2 arguments, 1 provided
[10.037s] [01m[K/usr/local/include/opencv4/opencv2/core/operations.hpp:499:19:[m[K [01;36m[Knote: [m[Kcandidate: ‘[01m[Kcv::String cv::format(const char*, ...)[m[K’
[10.038s]   499 | CV_EXPORTS String [01;36m[Kformat[m[K(const char* fmt, ...) CV_FORMAT_PRINTF(1, 2);
[10.038s]       |                   [01;36m[K^~~~~~[m[K
[10.038s] [01m[K/usr/local/include/opencv4/opencv2/core/operations.hpp:499:38:[m[K [01;36m[Knote: [m[K  no known conversion for argument 1 from ‘[01m[Kcv::Mat[m[K’ to ‘[01m[Kconst char*[m[K’
[10.038s]   499 | CV_EXPORTS String format([01;36m[Kconst char* fmt[m[K, ...) CV_FORMAT_PRINTF(1, 2);
[10.038s]       |                          [01;36m[K~~~~~~~~~~~~^~~[m[K
[10.038s] In file included from [01m[K/opt/ros/humble/include/rclcpp/rclcpp/logging.hpp:24[m[K,
[10.038s]                  from [01m[K/opt/ros/humble/include/rclcpp/rclcpp/client.hpp:40[m[K,
[10.038s]                  from [01m[K/opt/ros/humble/include/rclcpp/rclcpp/callback_group.hpp:24[m[K,
[10.038s]                  from [01m[K/opt/ros/humble/include/rclcpp/rclcpp/any_executable.hpp:20[m[K,
[10.039s]                  from [01m[K/opt/ros/humble/include/rclcpp/rclcpp/memory_strategy.hpp:25[m[K,
[10.039s]                  from [01m[K/opt/ros/humble/include/rclcpp/rclcpp/memory_strategies.hpp:18[m[K,
[10.039s]                  from [01m[K/opt/ros/humble/include/rclcpp/rclcpp/executor_options.hpp:20[m[K,
[10.042s]                  from [01m[K/opt/ros/humble/include/rclcpp/rclcpp/executor.hpp:37[m[K,
[10.042s]                  from [01m[K/opt/ros/humble/include/rclcpp/rclcpp/executors/multi_threaded_executor.hpp:25[m[K,
[10.043s]                  from [01m[K/opt/ros/humble/include/rclcpp/rclcpp/executors.hpp:21[m[K,
[10.043s]                  from [01m[K/opt/ros/humble/include/rclcpp/rclcpp/rclcpp.hpp:155[m[K,
[10.043s]                  from [01m[K/home/ake/A.Ke/A.Ke_project/camera_calibration/src/camera_learn/src/camera_learn.cpp:1[m[K:
[10.043s] [01m[K/home/ake/A.Ke/A.Ke_project/camera_calibration/src/camera_learn/src/camera_learn.cpp:90:69:[m[K [01;31m[Kerror: [m[Kno matching function for call to ‘[01m[Kformat(cv::Mat&)[m[K’
[10.043s]    90 |         RCLCPP_INFO(this->get_logger(), "畸变系数:\n %s", [01;31m[Kcv::format(distCoeffs)[m[K.c_str());
[10.043s]       |                                                           [01;31m[K~~~~~~~~~~^~~~~~~~~~~~[m[K
[10.043s] In file included from [01m[K/usr/local/include/opencv4/opencv2/core.hpp:3415[m[K,
[10.043s]                  from [01m[K/usr/local/include/opencv4/opencv2/opencv.hpp:52[m[K,
[10.043s]                  from [01m[K/home/ake/A.Ke/A.Ke_project/camera_calibration/src/camera_learn/src/camera_learn.cpp:2[m[K:
[10.043s] [01m[K/usr/local/include/opencv4/opencv2/core/operations.hpp:431:16:[m[K [01;36m[Knote: [m[Kcandidate: ‘[01m[Kcv::Ptr<cv::Formatted> cv::format(cv::InputArray, cv::Formatter::FormatType)[m[K’
[10.044s]   431 | Ptr<Formatted> [01;36m[Kformat[m[K(InputArray mtx, Formatter::FormatType fmt)
[10.044s]       |                [01;36m[K^~~~~~[m[K
[10.044s] [01m[K/usr/local/include/opencv4/opencv2/core/operations.hpp:431:16:[m[K [01;36m[Knote: [m[K  candidate expects 2 arguments, 1 provided
[10.048s] [01m[K/usr/local/include/opencv4/opencv2/core/operations.hpp:499:19:[m[K [01;36m[Knote: [m[Kcandidate: ‘[01m[Kcv::String cv::format(const char*, ...)[m[K’
[10.048s]   499 | CV_EXPORTS String [01;36m[Kformat[m[K(const char* fmt, ...) CV_FORMAT_PRINTF(1, 2);
[10.048s]       |                   [01;36m[K^~~~~~[m[K
[10.048s] [01m[K/usr/local/include/opencv4/opencv2/core/operations.hpp:499:38:[m[K [01;36m[Knote: [m[K  no known conversion for argument 1 from ‘[01m[Kcv::Mat[m[K’ to ‘[01m[Kconst char*[m[K’
[10.048s]   499 | CV_EXPORTS String format([01;36m[Kconst char* fmt[m[K, ...) CV_FORMAT_PRINTF(1, 2);
[10.048s]       |                          [01;36m[K~~~~~~~~~~~~^~~[m[K
[11.931s] gmake[2]: *** [CMakeFiles/camera_learn.dir/build.make:76：CMakeFiles/camera_learn.dir/src/camera_learn.cpp.o] 错误 1
[11.950s] gmake[1]: *** [CMakeFiles/Makefile2:137：CMakeFiles/camera_learn.dir/all] 错误 2
[11.950s] gmake: *** [Makefile:146：all] 错误 2
[11.950s] Invoked command in '/home/ake/A.Ke/A.Ke_project/camera_calibration/src/camera_learn/build/camera_learn' returned '2': CMAKE_PREFIX_PATH=/opt/ros/humble /usr/bin/cmake --build /home/ake/A.Ke/A.Ke_project/camera_calibration/src/camera_learn/build/camera_learn -- -j2 -l2
