[0.159s] DEBUG:colcon:Command line arguments: ['/usr/bin/colcon', 'build']
[0.159s] DEBUG:colcon:Parsed command line arguments: Namespace(log_base=None, log_level=None, verb_name='build', build_base='build', install_base='install', merge_install=False, symlink_install=False, test_result_base=None, continue_on_error=False, executor='parallel', parallel_workers=2, event_handlers=None, ignore_user_meta=False, metas=['./colcon.meta'], base_paths=['.'], packages_ignore=None, packages_ignore_regex=None, paths=None, packages_up_to=None, packages_up_to_regex=None, packages_above=None, packages_above_and_dependencies=None, packages_above_depth=None, packages_select_by_dep=None, packages_skip_by_dep=None, packages_skip_up_to=None, packages_select_build_failed=False, packages_skip_build_finished=False, packages_select_test_failures=False, packages_skip_test_passed=False, packages_select=None, packages_skip=None, packages_select_regex=None, packages_skip_regex=None, packages_start=None, packages_end=None, allow_overriding=[], cmake_args=None, cmake_target=None, cmake_target_skip_unavailable=False, cmake_clean_cache=False, cmake_clean_first=False, cmake_force_configure=False, ament_cmake_args=None, catkin_cmake_args=None, catkin_skip_building_tests=False, verb_parser=<colcon_defaults.argument_parser.defaults.DefaultArgumentsDecorator object at 0x7d2310554820>, verb_extension=<colcon_core.verb.build.BuildVerb object at 0x7d2310554280>, main=<bound method BuildVerb.main of <colcon_core.verb.build.BuildVerb object at 0x7d2310554280>>)
[0.389s] Level 1:colcon.colcon_core.package_discovery:discover_packages(colcon_meta) check parameters
[0.390s] Level 1:colcon.colcon_core.package_discovery:discover_packages(recursive) check parameters
[0.390s] Level 1:colcon.colcon_core.package_discovery:discover_packages(ignore) check parameters
[0.390s] Level 1:colcon.colcon_core.package_discovery:discover_packages(path) check parameters
[0.390s] Level 1:colcon.colcon_core.package_discovery:discover_packages(colcon_meta) discover
[0.390s] Level 1:colcon.colcon_core.package_discovery:discover_packages(recursive) discover
[0.390s] INFO:colcon.colcon_core.package_discovery:Crawling recursively for packages in '/home/ake/A.Ke/A.Ke_project/armor_yolov8/src/yolov8_learn'
[0.390s] Level 1:colcon.colcon_core.package_identification:_identify(.) by extensions ['ignore', 'ignore_ament_install']
[0.390s] Level 1:colcon.colcon_core.package_identification:_identify(.) by extension 'ignore'
[0.390s] Level 1:colcon.colcon_core.package_identification:_identify(.) by extension 'ignore_ament_install'
[0.390s] Level 1:colcon.colcon_core.package_identification:_identify(.) by extensions ['colcon_pkg']
[0.390s] Level 1:colcon.colcon_core.package_identification:_identify(.) by extension 'colcon_pkg'
[0.391s] Level 1:colcon.colcon_core.package_identification:_identify(.) by extensions ['colcon_meta']
[0.391s] Level 1:colcon.colcon_core.package_identification:_identify(.) by extension 'colcon_meta'
[0.391s] Level 1:colcon.colcon_core.package_identification:_identify(.) by extensions ['ros']
[0.391s] Level 1:colcon.colcon_core.package_identification:_identify(.) by extension 'ros'
[0.409s] DEBUG:colcon.colcon_core.package_identification:Package '.' with type 'ros.ament_cmake' and name 'yolov8_learn'
[0.409s] Level 1:colcon.colcon_core.package_discovery:discover_packages(recursive) using defaults
[0.409s] Level 1:colcon.colcon_core.package_discovery:discover_packages(ignore) discover
[0.409s] Level 1:colcon.colcon_core.package_discovery:discover_packages(ignore) using defaults
[0.409s] Level 1:colcon.colcon_core.package_discovery:discover_packages(path) discover
[0.409s] Level 1:colcon.colcon_core.package_discovery:discover_packages(path) using defaults
[0.432s] Level 1:colcon.colcon_core.package_discovery:discover_packages(prefix_path) check parameters
[0.433s] Level 1:colcon.colcon_core.package_discovery:discover_packages(prefix_path) discover
[0.435s] DEBUG:colcon.colcon_installed_package_information.package_discovery:Found 1 installed packages in /home/ake/A.Ke/A.Ke_project/armor_yolov8/src/yolov8_learn/install
[0.439s] DEBUG:colcon.colcon_installed_package_information.package_discovery:Found 328 installed packages in /opt/ros/humble
[0.441s] Level 1:colcon.colcon_core.package_discovery:discover_packages(prefix_path) using defaults
[0.513s] Level 5:colcon.colcon_core.verb:set package 'yolov8_learn' build argument 'cmake_args' from command line to 'None'
[0.514s] Level 5:colcon.colcon_core.verb:set package 'yolov8_learn' build argument 'cmake_target' from command line to 'None'
[0.514s] Level 5:colcon.colcon_core.verb:set package 'yolov8_learn' build argument 'cmake_target_skip_unavailable' from command line to 'False'
[0.514s] Level 5:colcon.colcon_core.verb:set package 'yolov8_learn' build argument 'cmake_clean_cache' from command line to 'False'
[0.514s] Level 5:colcon.colcon_core.verb:set package 'yolov8_learn' build argument 'cmake_clean_first' from command line to 'False'
[0.514s] Level 5:colcon.colcon_core.verb:set package 'yolov8_learn' build argument 'cmake_force_configure' from command line to 'False'
[0.514s] Level 5:colcon.colcon_core.verb:set package 'yolov8_learn' build argument 'ament_cmake_args' from command line to 'None'
[0.514s] Level 5:colcon.colcon_core.verb:set package 'yolov8_learn' build argument 'catkin_cmake_args' from command line to 'None'
[0.514s] Level 5:colcon.colcon_core.verb:set package 'yolov8_learn' build argument 'catkin_skip_building_tests' from command line to 'False'
[0.514s] DEBUG:colcon.colcon_core.verb:Building package 'yolov8_learn' with the following arguments: {'ament_cmake_args': None, 'build_base': '/home/ake/A.Ke/A.Ke_project/armor_yolov8/src/yolov8_learn/build/yolov8_learn', 'catkin_cmake_args': None, 'catkin_skip_building_tests': False, 'cmake_args': None, 'cmake_clean_cache': False, 'cmake_clean_first': False, 'cmake_force_configure': False, 'cmake_target': None, 'cmake_target_skip_unavailable': False, 'install_base': '/home/ake/A.Ke/A.Ke_project/armor_yolov8/src/yolov8_learn/install/yolov8_learn', 'merge_install': False, 'path': '/home/ake/A.Ke/A.Ke_project/armor_yolov8/src/yolov8_learn', 'symlink_install': False, 'test_result_base': None}
[0.514s] INFO:colcon.colcon_core.executor:Executing jobs using 'parallel' executor
[0.516s] DEBUG:colcon.colcon_parallel_executor.executor.parallel:run_until_complete
[0.517s] INFO:colcon.colcon_ros.task.ament_cmake.build:Building ROS package in '/home/ake/A.Ke/A.Ke_project/armor_yolov8/src/yolov8_learn' with build type 'ament_cmake'
[0.517s] INFO:colcon.colcon_cmake.task.cmake.build:Building CMake package in '/home/ake/A.Ke/A.Ke_project/armor_yolov8/src/yolov8_learn'
[0.519s] INFO:colcon.colcon_core.plugin_system:Skipping extension 'colcon_core.shell.bat': Not used on non-Windows systems
[0.519s] INFO:colcon.colcon_core.shell:Skip shell extension 'powershell' for command environment: Not usable outside of PowerShell
[0.519s] DEBUG:colcon.colcon_core.shell:Skip shell extension 'dsv' for command environment
[0.547s] DEBUG:colcon.colcon_core.event_handler.log_command:Invoking command in '/home/ake/A.Ke/A.Ke_project/armor_yolov8/src/yolov8_learn/build/yolov8_learn': CMAKE_PREFIX_PATH=${CMAKE_PREFIX_PATH}:/opt/ros/humble CONDA_PROMPT_MODIFIER=(base) /usr/bin/cmake --build /home/ake/A.Ke/A.Ke_project/armor_yolov8/src/yolov8_learn/build/yolov8_learn -- -j2 -l2
[3.893s] DEBUG:colcon.colcon_core.event_handler.log_command:Invoked command in '/home/ake/A.Ke/A.Ke_project/armor_yolov8/src/yolov8_learn/build/yolov8_learn' returned '0': CMAKE_PREFIX_PATH=${CMAKE_PREFIX_PATH}:/opt/ros/humble CONDA_PROMPT_MODIFIER=(base) /usr/bin/cmake --build /home/ake/A.Ke/A.Ke_project/armor_yolov8/src/yolov8_learn/build/yolov8_learn -- -j2 -l2
[4.031s] DEBUG:colcon.colcon_core.event_handler.log_command:Invoking command in '/home/ake/A.Ke/A.Ke_project/armor_yolov8/src/yolov8_learn/build/yolov8_learn': CMAKE_PREFIX_PATH=${CMAKE_PREFIX_PATH}:/opt/ros/humble CONDA_PROMPT_MODIFIER=(base) /usr/bin/cmake --install /home/ake/A.Ke/A.Ke_project/armor_yolov8/src/yolov8_learn/build/yolov8_learn
[4.060s] Level 1:colcon.colcon_core.environment:create_environment_scripts_only(yolov8_learn)
[4.063s] DEBUG:colcon.colcon_core.event_handler.log_command:Invoked command in '/home/ake/A.Ke/A.Ke_project/armor_yolov8/src/yolov8_learn/build/yolov8_learn' returned '0': CMAKE_PREFIX_PATH=${CMAKE_PREFIX_PATH}:/opt/ros/humble CONDA_PROMPT_MODIFIER=(base) /usr/bin/cmake --install /home/ake/A.Ke/A.Ke_project/armor_yolov8/src/yolov8_learn/build/yolov8_learn
[4.066s] Level 1:colcon.colcon_core.environment:checking '/home/ake/A.Ke/A.Ke_project/armor_yolov8/src/yolov8_learn/install/yolov8_learn' for CMake module files
[4.067s] Level 1:colcon.colcon_core.environment:checking '/home/ake/A.Ke/A.Ke_project/armor_yolov8/src/yolov8_learn/install/yolov8_learn' for CMake config files
[4.067s] Level 1:colcon.colcon_core.shell:create_environment_hook('yolov8_learn', 'cmake_prefix_path')
[4.067s] INFO:colcon.colcon_core.shell:Creating environment hook '/home/ake/A.Ke/A.Ke_project/armor_yolov8/src/yolov8_learn/install/yolov8_learn/share/yolov8_learn/hook/cmake_prefix_path.ps1'
[4.068s] INFO:colcon.colcon_core.shell:Creating environment descriptor '/home/ake/A.Ke/A.Ke_project/armor_yolov8/src/yolov8_learn/install/yolov8_learn/share/yolov8_learn/hook/cmake_prefix_path.dsv'
[4.072s] INFO:colcon.colcon_core.shell:Creating environment hook '/home/ake/A.Ke/A.Ke_project/armor_yolov8/src/yolov8_learn/install/yolov8_learn/share/yolov8_learn/hook/cmake_prefix_path.sh'
[4.073s] Level 1:colcon.colcon_core.environment:checking '/home/ake/A.Ke/A.Ke_project/armor_yolov8/src/yolov8_learn/install/yolov8_learn/lib'
[4.073s] Level 1:colcon.colcon_core.environment:checking '/home/ake/A.Ke/A.Ke_project/armor_yolov8/src/yolov8_learn/install/yolov8_learn/bin'
[4.073s] Level 1:colcon.colcon_core.environment:checking '/home/ake/A.Ke/A.Ke_project/armor_yolov8/src/yolov8_learn/install/yolov8_learn/lib/pkgconfig/yolov8_learn.pc'
[4.074s] Level 1:colcon.colcon_core.environment:checking '/home/ake/A.Ke/A.Ke_project/armor_yolov8/src/yolov8_learn/install/yolov8_learn/lib/python3.10/site-packages'
[4.074s] Level 1:colcon.colcon_core.environment:checking '/home/ake/A.Ke/A.Ke_project/armor_yolov8/src/yolov8_learn/install/yolov8_learn/bin'
[4.074s] INFO:colcon.colcon_core.shell:Creating package script '/home/ake/A.Ke/A.Ke_project/armor_yolov8/src/yolov8_learn/install/yolov8_learn/share/yolov8_learn/package.ps1'
[4.075s] INFO:colcon.colcon_core.shell:Creating package descriptor '/home/ake/A.Ke/A.Ke_project/armor_yolov8/src/yolov8_learn/install/yolov8_learn/share/yolov8_learn/package.dsv'
[4.079s] INFO:colcon.colcon_core.shell:Creating package script '/home/ake/A.Ke/A.Ke_project/armor_yolov8/src/yolov8_learn/install/yolov8_learn/share/yolov8_learn/package.sh'
[4.080s] INFO:colcon.colcon_core.shell:Creating package script '/home/ake/A.Ke/A.Ke_project/armor_yolov8/src/yolov8_learn/install/yolov8_learn/share/yolov8_learn/package.bash'
[4.083s] INFO:colcon.colcon_core.shell:Creating package script '/home/ake/A.Ke/A.Ke_project/armor_yolov8/src/yolov8_learn/install/yolov8_learn/share/yolov8_learn/package.zsh'
[4.084s] Level 1:colcon.colcon_core.environment:create_file_with_runtime_dependencies(/home/ake/A.Ke/A.Ke_project/armor_yolov8/src/yolov8_learn/install/yolov8_learn/share/colcon-core/packages/yolov8_learn)
[4.182s] Level 1:colcon.colcon_core.environment:create_environment_scripts_only(yolov8_learn)
[4.183s] Level 1:colcon.colcon_core.environment:checking '/home/ake/A.Ke/A.Ke_project/armor_yolov8/src/yolov8_learn/install/yolov8_learn' for CMake module files
[4.185s] Level 1:colcon.colcon_core.environment:checking '/home/ake/A.Ke/A.Ke_project/armor_yolov8/src/yolov8_learn/install/yolov8_learn' for CMake config files
[4.186s] Level 1:colcon.colcon_core.shell:create_environment_hook('yolov8_learn', 'cmake_prefix_path')
[4.186s] INFO:colcon.colcon_core.shell:Creating environment hook '/home/ake/A.Ke/A.Ke_project/armor_yolov8/src/yolov8_learn/install/yolov8_learn/share/yolov8_learn/hook/cmake_prefix_path.ps1'
[4.188s] INFO:colcon.colcon_core.shell:Creating environment descriptor '/home/ake/A.Ke/A.Ke_project/armor_yolov8/src/yolov8_learn/install/yolov8_learn/share/yolov8_learn/hook/cmake_prefix_path.dsv'
[4.188s] INFO:colcon.colcon_core.shell:Creating environment hook '/home/ake/A.Ke/A.Ke_project/armor_yolov8/src/yolov8_learn/install/yolov8_learn/share/yolov8_learn/hook/cmake_prefix_path.sh'
[4.190s] Level 1:colcon.colcon_core.environment:checking '/home/ake/A.Ke/A.Ke_project/armor_yolov8/src/yolov8_learn/install/yolov8_learn/lib'
[4.190s] Level 1:colcon.colcon_core.environment:checking '/home/ake/A.Ke/A.Ke_project/armor_yolov8/src/yolov8_learn/install/yolov8_learn/bin'
[4.190s] Level 1:colcon.colcon_core.environment:checking '/home/ake/A.Ke/A.Ke_project/armor_yolov8/src/yolov8_learn/install/yolov8_learn/lib/pkgconfig/yolov8_learn.pc'
[4.191s] Level 1:colcon.colcon_core.environment:checking '/home/ake/A.Ke/A.Ke_project/armor_yolov8/src/yolov8_learn/install/yolov8_learn/lib/python3.10/site-packages'
[4.191s] Level 1:colcon.colcon_core.environment:checking '/home/ake/A.Ke/A.Ke_project/armor_yolov8/src/yolov8_learn/install/yolov8_learn/bin'
[4.191s] INFO:colcon.colcon_core.shell:Creating package script '/home/ake/A.Ke/A.Ke_project/armor_yolov8/src/yolov8_learn/install/yolov8_learn/share/yolov8_learn/package.ps1'
[4.193s] INFO:colcon.colcon_core.shell:Creating package descriptor '/home/ake/A.Ke/A.Ke_project/armor_yolov8/src/yolov8_learn/install/yolov8_learn/share/yolov8_learn/package.dsv'
[4.195s] INFO:colcon.colcon_core.shell:Creating package script '/home/ake/A.Ke/A.Ke_project/armor_yolov8/src/yolov8_learn/install/yolov8_learn/share/yolov8_learn/package.sh'
[4.196s] INFO:colcon.colcon_core.shell:Creating package script '/home/ake/A.Ke/A.Ke_project/armor_yolov8/src/yolov8_learn/install/yolov8_learn/share/yolov8_learn/package.bash'
[4.198s] INFO:colcon.colcon_core.shell:Creating package script '/home/ake/A.Ke/A.Ke_project/armor_yolov8/src/yolov8_learn/install/yolov8_learn/share/yolov8_learn/package.zsh'
[4.198s] Level 1:colcon.colcon_core.environment:create_file_with_runtime_dependencies(/home/ake/A.Ke/A.Ke_project/armor_yolov8/src/yolov8_learn/install/yolov8_learn/share/colcon-core/packages/yolov8_learn)
[4.200s] DEBUG:colcon.colcon_parallel_executor.executor.parallel:closing loop
[4.200s] DEBUG:colcon.colcon_parallel_executor.executor.parallel:loop closed
[4.200s] DEBUG:colcon.colcon_parallel_executor.executor.parallel:run_until_complete finished with '0'
[4.200s] DEBUG:colcon.colcon_core.event_reactor:joining thread
[4.215s] INFO:colcon.colcon_core.plugin_system:Skipping extension 'colcon_notification.desktop_notification.terminal_notifier': Not used on non-Darwin systems
[4.215s] INFO:colcon.colcon_core.plugin_system:Skipping extension 'colcon_notification.desktop_notification.win32': Not used on non-Windows systems
[4.216s] INFO:colcon.colcon_notification.desktop_notification:Sending desktop notification using 'notify2'
[4.251s] DEBUG:colcon.colcon_core.event_reactor:joined thread
[4.251s] INFO:colcon.colcon_core.shell:Creating prefix script '/home/ake/A.Ke/A.Ke_project/armor_yolov8/src/yolov8_learn/install/local_setup.ps1'
[4.254s] INFO:colcon.colcon_core.shell:Creating prefix util module '/home/ake/A.Ke/A.Ke_project/armor_yolov8/src/yolov8_learn/install/_local_setup_util_ps1.py'
[4.255s] INFO:colcon.colcon_core.shell:Creating prefix chain script '/home/ake/A.Ke/A.Ke_project/armor_yolov8/src/yolov8_learn/install/setup.ps1'
[4.259s] INFO:colcon.colcon_core.shell:Creating prefix script '/home/ake/A.Ke/A.Ke_project/armor_yolov8/src/yolov8_learn/install/local_setup.sh'
[4.260s] INFO:colcon.colcon_core.shell:Creating prefix util module '/home/ake/A.Ke/A.Ke_project/armor_yolov8/src/yolov8_learn/install/_local_setup_util_sh.py'
[4.261s] INFO:colcon.colcon_core.shell:Creating prefix chain script '/home/ake/A.Ke/A.Ke_project/armor_yolov8/src/yolov8_learn/install/setup.sh'
[4.264s] INFO:colcon.colcon_core.shell:Creating prefix script '/home/ake/A.Ke/A.Ke_project/armor_yolov8/src/yolov8_learn/install/local_setup.bash'
[4.265s] INFO:colcon.colcon_core.shell:Creating prefix chain script '/home/ake/A.Ke/A.Ke_project/armor_yolov8/src/yolov8_learn/install/setup.bash'
[4.267s] INFO:colcon.colcon_core.shell:Creating prefix script '/home/ake/A.Ke/A.Ke_project/armor_yolov8/src/yolov8_learn/install/local_setup.zsh'
[4.268s] INFO:colcon.colcon_core.shell:Creating prefix chain script '/home/ake/A.Ke/A.Ke_project/armor_yolov8/src/yolov8_learn/install/setup.zsh'
