[0.136s] DEBUG:colcon:Command line arguments: ['/usr/bin/colcon', 'build']
[0.136s] DEBUG:colcon:Parsed command line arguments: Namespace(log_base=None, log_level=None, verb_name='build', build_base='build', install_base='install', merge_install=False, symlink_install=False, test_result_base=None, continue_on_error=False, executor='parallel', parallel_workers=2, event_handlers=None, ignore_user_meta=False, metas=['./colcon.meta'], base_paths=['.'], packages_ignore=None, packages_ignore_regex=None, paths=None, packages_up_to=None, packages_up_to_regex=None, packages_above=None, packages_above_and_dependencies=None, packages_above_depth=None, packages_select_by_dep=None, packages_skip_by_dep=None, packages_skip_up_to=None, packages_select_build_failed=False, packages_skip_build_finished=False, packages_select_test_failures=False, packages_skip_test_passed=False, packages_select=None, packages_skip=None, packages_select_regex=None, packages_skip_regex=None, packages_start=None, packages_end=None, allow_overriding=[], cmake_args=None, cmake_target=None, cmake_target_skip_unavailable=False, cmake_clean_cache=False, cmake_clean_first=False, cmake_force_configure=False, ament_cmake_args=None, catkin_cmake_args=None, catkin_skip_building_tests=False, verb_parser=<colcon_defaults.argument_parser.defaults.DefaultArgumentsDecorator object at 0x7ed532104850>, verb_extension=<colcon_core.verb.build.BuildVerb object at 0x7ed5321042b0>, main=<bound method BuildVerb.main of <colcon_core.verb.build.BuildVerb object at 0x7ed5321042b0>>)
[0.383s] Level 1:colcon.colcon_core.package_discovery:discover_packages(colcon_meta) check parameters
[0.384s] Level 1:colcon.colcon_core.package_discovery:discover_packages(recursive) check parameters
[0.384s] Level 1:colcon.colcon_core.package_discovery:discover_packages(ignore) check parameters
[0.384s] Level 1:colcon.colcon_core.package_discovery:discover_packages(path) check parameters
[0.384s] Level 1:colcon.colcon_core.package_discovery:discover_packages(colcon_meta) discover
[0.384s] Level 1:colcon.colcon_core.package_discovery:discover_packages(recursive) discover
[0.384s] INFO:colcon.colcon_core.package_discovery:Crawling recursively for packages in '/home/ake/A.Ke/A.Ke_project/armor_yolov8/src/armor_pnp_learn'
[0.384s] Level 1:colcon.colcon_core.package_identification:_identify(.) by extensions ['ignore', 'ignore_ament_install']
[0.384s] Level 1:colcon.colcon_core.package_identification:_identify(.) by extension 'ignore'
[0.384s] Level 1:colcon.colcon_core.package_identification:_identify(.) by extension 'ignore_ament_install'
[0.384s] Level 1:colcon.colcon_core.package_identification:_identify(.) by extensions ['colcon_pkg']
[0.385s] Level 1:colcon.colcon_core.package_identification:_identify(.) by extension 'colcon_pkg'
[0.385s] Level 1:colcon.colcon_core.package_identification:_identify(.) by extensions ['colcon_meta']
[0.385s] Level 1:colcon.colcon_core.package_identification:_identify(.) by extension 'colcon_meta'
[0.385s] Level 1:colcon.colcon_core.package_identification:_identify(.) by extensions ['ros']
[0.385s] Level 1:colcon.colcon_core.package_identification:_identify(.) by extension 'ros'
[0.406s] DEBUG:colcon.colcon_core.package_identification:Package '.' with type 'ros.ament_cmake' and name 'armor_pnp_learn'
[0.406s] Level 1:colcon.colcon_core.package_discovery:discover_packages(recursive) using defaults
[0.406s] Level 1:colcon.colcon_core.package_discovery:discover_packages(ignore) discover
[0.406s] Level 1:colcon.colcon_core.package_discovery:discover_packages(ignore) using defaults
[0.406s] Level 1:colcon.colcon_core.package_discovery:discover_packages(path) discover
[0.406s] Level 1:colcon.colcon_core.package_discovery:discover_packages(path) using defaults
[0.431s] Level 1:colcon.colcon_core.package_discovery:discover_packages(prefix_path) check parameters
[0.431s] Level 1:colcon.colcon_core.package_discovery:discover_packages(prefix_path) discover
[0.436s] DEBUG:colcon.colcon_installed_package_information.package_discovery:Found 313 installed packages in /opt/ros/humble
[0.439s] Level 1:colcon.colcon_core.package_discovery:discover_packages(prefix_path) using defaults
[0.513s] Level 5:colcon.colcon_core.verb:set package 'armor_pnp_learn' build argument 'cmake_args' from command line to 'None'
[0.513s] Level 5:colcon.colcon_core.verb:set package 'armor_pnp_learn' build argument 'cmake_target' from command line to 'None'
[0.514s] Level 5:colcon.colcon_core.verb:set package 'armor_pnp_learn' build argument 'cmake_target_skip_unavailable' from command line to 'False'
[0.514s] Level 5:colcon.colcon_core.verb:set package 'armor_pnp_learn' build argument 'cmake_clean_cache' from command line to 'False'
[0.514s] Level 5:colcon.colcon_core.verb:set package 'armor_pnp_learn' build argument 'cmake_clean_first' from command line to 'False'
[0.514s] Level 5:colcon.colcon_core.verb:set package 'armor_pnp_learn' build argument 'cmake_force_configure' from command line to 'False'
[0.514s] Level 5:colcon.colcon_core.verb:set package 'armor_pnp_learn' build argument 'ament_cmake_args' from command line to 'None'
[0.514s] Level 5:colcon.colcon_core.verb:set package 'armor_pnp_learn' build argument 'catkin_cmake_args' from command line to 'None'
[0.514s] Level 5:colcon.colcon_core.verb:set package 'armor_pnp_learn' build argument 'catkin_skip_building_tests' from command line to 'False'
[0.514s] DEBUG:colcon.colcon_core.verb:Building package 'armor_pnp_learn' with the following arguments: {'ament_cmake_args': None, 'build_base': '/home/ake/A.Ke/A.Ke_project/armor_yolov8/src/armor_pnp_learn/build/armor_pnp_learn', 'catkin_cmake_args': None, 'catkin_skip_building_tests': False, 'cmake_args': None, 'cmake_clean_cache': False, 'cmake_clean_first': False, 'cmake_force_configure': False, 'cmake_target': None, 'cmake_target_skip_unavailable': False, 'install_base': '/home/ake/A.Ke/A.Ke_project/armor_yolov8/src/armor_pnp_learn/install/armor_pnp_learn', 'merge_install': False, 'path': '/home/ake/A.Ke/A.Ke_project/armor_yolov8/src/armor_pnp_learn', 'symlink_install': False, 'test_result_base': None}
[0.515s] INFO:colcon.colcon_core.executor:Executing jobs using 'parallel' executor
[0.517s] DEBUG:colcon.colcon_parallel_executor.executor.parallel:run_until_complete
[0.517s] INFO:colcon.colcon_ros.task.ament_cmake.build:Building ROS package in '/home/ake/A.Ke/A.Ke_project/armor_yolov8/src/armor_pnp_learn' with build type 'ament_cmake'
[0.518s] INFO:colcon.colcon_cmake.task.cmake.build:Building CMake package in '/home/ake/A.Ke/A.Ke_project/armor_yolov8/src/armor_pnp_learn'
[0.520s] INFO:colcon.colcon_core.plugin_system:Skipping extension 'colcon_core.shell.bat': Not used on non-Windows systems
[0.520s] INFO:colcon.colcon_core.shell:Skip shell extension 'powershell' for command environment: Not usable outside of PowerShell
[0.520s] DEBUG:colcon.colcon_core.shell:Skip shell extension 'dsv' for command environment
[0.551s] DEBUG:colcon.colcon_core.event_handler.log_command:Invoking command in '/home/ake/A.Ke/A.Ke_project/armor_yolov8/src/armor_pnp_learn/build/armor_pnp_learn': CMAKE_PREFIX_PATH=/opt/ros/humble CONDA_PROMPT_MODIFIER=(base) /usr/bin/cmake /home/ake/A.Ke/A.Ke_project/armor_yolov8/src/armor_pnp_learn -DCMAKE_INSTALL_PREFIX=/home/ake/A.Ke/A.Ke_project/armor_yolov8/src/armor_pnp_learn/install/armor_pnp_learn
[1.538s] DEBUG:colcon.colcon_core.event_handler.log_command:Invoked command in '/home/ake/A.Ke/A.Ke_project/armor_yolov8/src/armor_pnp_learn/build/armor_pnp_learn' returned '0': CMAKE_PREFIX_PATH=/opt/ros/humble CONDA_PROMPT_MODIFIER=(base) /usr/bin/cmake /home/ake/A.Ke/A.Ke_project/armor_yolov8/src/armor_pnp_learn -DCMAKE_INSTALL_PREFIX=/home/ake/A.Ke/A.Ke_project/armor_yolov8/src/armor_pnp_learn/install/armor_pnp_learn
[1.542s] DEBUG:colcon.colcon_core.event_handler.log_command:Invoking command in '/home/ake/A.Ke/A.Ke_project/armor_yolov8/src/armor_pnp_learn/build/armor_pnp_learn': CMAKE_PREFIX_PATH=/opt/ros/humble CONDA_PROMPT_MODIFIER=(base) /usr/bin/cmake --build /home/ake/A.Ke/A.Ke_project/armor_yolov8/src/armor_pnp_learn/build/armor_pnp_learn -- -j2 -l2
[5.160s] DEBUG:colcon.colcon_core.event_handler.log_command:Invoked command in '/home/ake/A.Ke/A.Ke_project/armor_yolov8/src/armor_pnp_learn/build/armor_pnp_learn' returned '2': CMAKE_PREFIX_PATH=/opt/ros/humble CONDA_PROMPT_MODIFIER=(base) /usr/bin/cmake --build /home/ake/A.Ke/A.Ke_project/armor_yolov8/src/armor_pnp_learn/build/armor_pnp_learn -- -j2 -l2
[5.245s] Level 1:colcon.colcon_core.environment:create_environment_scripts_only(armor_pnp_learn)
[5.248s] Level 1:colcon.colcon_core.environment:checking '/home/ake/A.Ke/A.Ke_project/armor_yolov8/src/armor_pnp_learn/install/armor_pnp_learn' for CMake module files
[5.248s] Level 1:colcon.colcon_core.environment:checking '/home/ake/A.Ke/A.Ke_project/armor_yolov8/src/armor_pnp_learn/install/armor_pnp_learn' for CMake config files
[5.249s] Level 1:colcon.colcon_core.environment:checking '/home/ake/A.Ke/A.Ke_project/armor_yolov8/src/armor_pnp_learn/install/armor_pnp_learn/bin'
[5.249s] Level 1:colcon.colcon_core.environment:checking '/home/ake/A.Ke/A.Ke_project/armor_yolov8/src/armor_pnp_learn/install/armor_pnp_learn/lib/pkgconfig/armor_pnp_learn.pc'
[5.249s] Level 1:colcon.colcon_core.environment:checking '/home/ake/A.Ke/A.Ke_project/armor_yolov8/src/armor_pnp_learn/install/armor_pnp_learn/lib/python3.10/site-packages'
[5.250s] Level 1:colcon.colcon_core.environment:checking '/home/ake/A.Ke/A.Ke_project/armor_yolov8/src/armor_pnp_learn/install/armor_pnp_learn/bin'
[5.250s] INFO:colcon.colcon_core.shell:Creating package script '/home/ake/A.Ke/A.Ke_project/armor_yolov8/src/armor_pnp_learn/install/armor_pnp_learn/share/armor_pnp_learn/package.ps1'
[5.251s] INFO:colcon.colcon_core.shell:Creating package descriptor '/home/ake/A.Ke/A.Ke_project/armor_yolov8/src/armor_pnp_learn/install/armor_pnp_learn/share/armor_pnp_learn/package.dsv'
[5.252s] INFO:colcon.colcon_core.shell:Creating package script '/home/ake/A.Ke/A.Ke_project/armor_yolov8/src/armor_pnp_learn/install/armor_pnp_learn/share/armor_pnp_learn/package.sh'
[5.253s] INFO:colcon.colcon_core.shell:Creating package script '/home/ake/A.Ke/A.Ke_project/armor_yolov8/src/armor_pnp_learn/install/armor_pnp_learn/share/armor_pnp_learn/package.bash'
[5.254s] INFO:colcon.colcon_core.shell:Creating package script '/home/ake/A.Ke/A.Ke_project/armor_yolov8/src/armor_pnp_learn/install/armor_pnp_learn/share/armor_pnp_learn/package.zsh'
[5.255s] Level 1:colcon.colcon_core.environment:create_file_with_runtime_dependencies(/home/ake/A.Ke/A.Ke_project/armor_yolov8/src/armor_pnp_learn/install/armor_pnp_learn/share/colcon-core/packages/armor_pnp_learn)
[5.266s] DEBUG:colcon.colcon_parallel_executor.executor.parallel:closing loop
[5.267s] DEBUG:colcon.colcon_parallel_executor.executor.parallel:loop closed
[5.267s] DEBUG:colcon.colcon_parallel_executor.executor.parallel:run_until_complete finished with '2'
[5.267s] DEBUG:colcon.colcon_core.event_reactor:joining thread
[5.277s] INFO:colcon.colcon_core.plugin_system:Skipping extension 'colcon_notification.desktop_notification.terminal_notifier': Not used on non-Darwin systems
[5.277s] INFO:colcon.colcon_core.plugin_system:Skipping extension 'colcon_notification.desktop_notification.win32': Not used on non-Windows systems
[5.277s] INFO:colcon.colcon_notification.desktop_notification:Sending desktop notification using 'notify2'
[5.305s] DEBUG:colcon.colcon_core.event_reactor:joined thread
[5.305s] INFO:colcon.colcon_core.shell:Creating prefix script '/home/ake/A.Ke/A.Ke_project/armor_yolov8/src/armor_pnp_learn/install/local_setup.ps1'
[5.309s] INFO:colcon.colcon_core.shell:Creating prefix util module '/home/ake/A.Ke/A.Ke_project/armor_yolov8/src/armor_pnp_learn/install/_local_setup_util_ps1.py'
[5.311s] INFO:colcon.colcon_core.shell:Creating prefix chain script '/home/ake/A.Ke/A.Ke_project/armor_yolov8/src/armor_pnp_learn/install/setup.ps1'
[5.313s] INFO:colcon.colcon_core.shell:Creating prefix script '/home/ake/A.Ke/A.Ke_project/armor_yolov8/src/armor_pnp_learn/install/local_setup.sh'
[5.315s] INFO:colcon.colcon_core.shell:Creating prefix util module '/home/ake/A.Ke/A.Ke_project/armor_yolov8/src/armor_pnp_learn/install/_local_setup_util_sh.py'
[5.316s] INFO:colcon.colcon_core.shell:Creating prefix chain script '/home/ake/A.Ke/A.Ke_project/armor_yolov8/src/armor_pnp_learn/install/setup.sh'
[5.320s] INFO:colcon.colcon_core.shell:Creating prefix script '/home/ake/A.Ke/A.Ke_project/armor_yolov8/src/armor_pnp_learn/install/local_setup.bash'
[5.321s] INFO:colcon.colcon_core.shell:Creating prefix chain script '/home/ake/A.Ke/A.Ke_project/armor_yolov8/src/armor_pnp_learn/install/setup.bash'
[5.322s] INFO:colcon.colcon_core.shell:Creating prefix script '/home/ake/A.Ke/A.Ke_project/armor_yolov8/src/armor_pnp_learn/install/local_setup.zsh'
[5.323s] INFO:colcon.colcon_core.shell:Creating prefix chain script '/home/ake/A.Ke/A.Ke_project/armor_yolov8/src/armor_pnp_learn/install/setup.zsh'
