[26.078s] DEBUG:colcon:Command line arguments: ['/usr/bin/colcon', 'build']
[26.078s] DEBUG:colcon:Parsed command line arguments: Namespace(log_base=None, log_level=None, verb_name='build', build_base='build', install_base='install', merge_install=False, symlink_install=False, test_result_base=None, continue_on_error=False, executor='parallel', parallel_workers=2, event_handlers=None, ignore_user_meta=False, metas=['./colcon.meta'], base_paths=['.'], packages_ignore=None, packages_ignore_regex=None, paths=None, packages_up_to=None, packages_up_to_regex=None, packages_above=None, packages_above_and_dependencies=None, packages_above_depth=None, packages_select_by_dep=None, packages_skip_by_dep=None, packages_skip_up_to=None, packages_select_build_failed=False, packages_skip_build_finished=False, packages_select_test_failures=False, packages_skip_test_passed=False, packages_select=None, packages_skip=None, packages_select_regex=None, packages_skip_regex=None, packages_start=None, packages_end=None, allow_overriding=[], cmake_args=None, cmake_target=None, cmake_target_skip_unavailable=False, cmake_clean_cache=False, cmake_clean_first=False, cmake_force_configure=False, ament_cmake_args=None, catkin_cmake_args=None, catkin_skip_building_tests=False, verb_parser=<colcon_defaults.argument_parser.defaults.DefaultArgumentsDecorator object at 0x75585d5eb0a0>, verb_extension=<colcon_core.verb.build.BuildVerb object at 0x75585d5eab90>, main=<bound method BuildVerb.main of <colcon_core.verb.build.BuildVerb object at 0x75585d5eab90>>)
[36.274s] Level 1:colcon.colcon_core.package_discovery:discover_packages(colcon_meta) check parameters
[36.275s] Level 1:colcon.colcon_core.package_discovery:discover_packages(recursive) check parameters
[36.275s] Level 1:colcon.colcon_core.package_discovery:discover_packages(ignore) check parameters
[36.275s] Level 1:colcon.colcon_core.package_discovery:discover_packages(path) check parameters
[36.275s] Level 1:colcon.colcon_core.package_discovery:discover_packages(colcon_meta) discover
[36.275s] Level 1:colcon.colcon_core.package_discovery:discover_packages(recursive) discover
[36.276s] INFO:colcon.colcon_core.package_discovery:Crawling recursively for packages in '/home/ake/A.Ke/A.Ke_project/final_project/src/detect_final'
[36.276s] Level 1:colcon.colcon_core.package_identification:_identify(.) by extensions ['ignore', 'ignore_ament_install']
[36.277s] Level 1:colcon.colcon_core.package_identification:_identify(.) by extension 'ignore'
[36.277s] Level 1:colcon.colcon_core.package_identification:_identify(.) by extension 'ignore_ament_install'
[36.277s] Level 1:colcon.colcon_core.package_identification:_identify(.) by extensions ['colcon_pkg']
[36.277s] Level 1:colcon.colcon_core.package_identification:_identify(.) by extension 'colcon_pkg'
[36.278s] Level 1:colcon.colcon_core.package_identification:_identify(.) by extensions ['colcon_meta']
[36.278s] Level 1:colcon.colcon_core.package_identification:_identify(.) by extension 'colcon_meta'
[36.278s] Level 1:colcon.colcon_core.package_identification:_identify(.) by extensions ['ros']
[36.278s] Level 1:colcon.colcon_core.package_identification:_identify(.) by extension 'ros'
[36.406s] DEBUG:colcon.colcon_core.package_identification:Package '.' with type 'ros.ament_cmake' and name 'detect_final'
[36.407s] Level 1:colcon.colcon_core.package_discovery:discover_packages(recursive) using defaults
[36.407s] Level 1:colcon.colcon_core.package_discovery:discover_packages(ignore) discover
[36.407s] Level 1:colcon.colcon_core.package_discovery:discover_packages(ignore) using defaults
[36.407s] Level 1:colcon.colcon_core.package_discovery:discover_packages(path) discover
[36.407s] Level 1:colcon.colcon_core.package_discovery:discover_packages(path) using defaults
[36.714s] Level 1:colcon.colcon_core.package_discovery:discover_packages(prefix_path) check parameters
[36.714s] Level 1:colcon.colcon_core.package_discovery:discover_packages(prefix_path) discover
[36.816s] DEBUG:colcon.colcon_installed_package_information.package_discovery:Found 1 installed packages in /home/ake/A.Ke/A.Ke_project/final_project/src/detect_final/install
[36.932s] DEBUG:colcon.colcon_installed_package_information.package_discovery:Found 313 installed packages in /opt/ros/humble
[36.933s] Level 1:colcon.colcon_core.package_discovery:discover_packages(prefix_path) using defaults
[44.914s] Level 5:colcon.colcon_core.verb:set package 'detect_final' build argument 'cmake_args' from command line to 'None'
[44.915s] Level 5:colcon.colcon_core.verb:set package 'detect_final' build argument 'cmake_target' from command line to 'None'
[44.915s] Level 5:colcon.colcon_core.verb:set package 'detect_final' build argument 'cmake_target_skip_unavailable' from command line to 'False'
[44.915s] Level 5:colcon.colcon_core.verb:set package 'detect_final' build argument 'cmake_clean_cache' from command line to 'False'
[44.915s] Level 5:colcon.colcon_core.verb:set package 'detect_final' build argument 'cmake_clean_first' from command line to 'False'
[44.915s] Level 5:colcon.colcon_core.verb:set package 'detect_final' build argument 'cmake_force_configure' from command line to 'False'
[44.915s] Level 5:colcon.colcon_core.verb:set package 'detect_final' build argument 'ament_cmake_args' from command line to 'None'
[44.915s] Level 5:colcon.colcon_core.verb:set package 'detect_final' build argument 'catkin_cmake_args' from command line to 'None'
[44.915s] Level 5:colcon.colcon_core.verb:set package 'detect_final' build argument 'catkin_skip_building_tests' from command line to 'False'
[44.915s] DEBUG:colcon.colcon_core.verb:Building package 'detect_final' with the following arguments: {'ament_cmake_args': None, 'build_base': '/home/ake/A.Ke/A.Ke_project/final_project/src/detect_final/build/detect_final', 'catkin_cmake_args': None, 'catkin_skip_building_tests': False, 'cmake_args': None, 'cmake_clean_cache': False, 'cmake_clean_first': False, 'cmake_force_configure': False, 'cmake_target': None, 'cmake_target_skip_unavailable': False, 'install_base': '/home/ake/A.Ke/A.Ke_project/final_project/src/detect_final/install/detect_final', 'merge_install': False, 'path': '/home/ake/A.Ke/A.Ke_project/final_project/src/detect_final', 'symlink_install': False, 'test_result_base': None}
[44.915s] INFO:colcon.colcon_core.executor:Executing jobs using 'parallel' executor
[44.917s] DEBUG:colcon.colcon_parallel_executor.executor.parallel:run_until_complete
[44.918s] INFO:colcon.colcon_ros.task.ament_cmake.build:Building ROS package in '/home/ake/A.Ke/A.Ke_project/final_project/src/detect_final' with build type 'ament_cmake'
[44.918s] INFO:colcon.colcon_cmake.task.cmake.build:Building CMake package in '/home/ake/A.Ke/A.Ke_project/final_project/src/detect_final'
[45.238s] INFO:colcon.colcon_core.plugin_system:Skipping extension 'colcon_core.shell.bat': Not used on non-Windows systems
[45.238s] INFO:colcon.colcon_core.shell:Skip shell extension 'powershell' for command environment: Not usable outside of PowerShell
[45.238s] DEBUG:colcon.colcon_core.shell:Skip shell extension 'dsv' for command environment
[45.423s] DEBUG:colcon.colcon_core.event_handler.log_command:Invoking command in '/home/ake/A.Ke/A.Ke_project/final_project/src/detect_final/build/detect_final': CMAKE_PREFIX_PATH=${CMAKE_PREFIX_PATH}:/opt/ros/humble CONDA_PROMPT_MODIFIER=(base) /usr/bin/cmake --build /home/ake/A.Ke/A.Ke_project/final_project/src/detect_final/build/detect_final -- -j2 -l2
[87.925s] DEBUG:colcon.colcon_core.event_handler.log_command:Invoked command in '/home/ake/A.Ke/A.Ke_project/final_project/src/detect_final/build/detect_final' returned '0': CMAKE_PREFIX_PATH=${CMAKE_PREFIX_PATH}:/opt/ros/humble CONDA_PROMPT_MODIFIER=(base) /usr/bin/cmake --build /home/ake/A.Ke/A.Ke_project/final_project/src/detect_final/build/detect_final -- -j2 -l2
[88.108s] DEBUG:colcon.colcon_core.event_handler.log_command:Invoking command in '/home/ake/A.Ke/A.Ke_project/final_project/src/detect_final/build/detect_final': CMAKE_PREFIX_PATH=${CMAKE_PREFIX_PATH}:/opt/ros/humble CONDA_PROMPT_MODIFIER=(base) /usr/bin/cmake --install /home/ake/A.Ke/A.Ke_project/final_project/src/detect_final/build/detect_final
[88.386s] Level 1:colcon.colcon_core.environment:create_environment_scripts_only(detect_final)
[88.387s] DEBUG:colcon.colcon_core.event_handler.log_command:Invoked command in '/home/ake/A.Ke/A.Ke_project/final_project/src/detect_final/build/detect_final' returned '0': CMAKE_PREFIX_PATH=${CMAKE_PREFIX_PATH}:/opt/ros/humble CONDA_PROMPT_MODIFIER=(base) /usr/bin/cmake --install /home/ake/A.Ke/A.Ke_project/final_project/src/detect_final/build/detect_final
[88.533s] Level 1:colcon.colcon_core.environment:checking '/home/ake/A.Ke/A.Ke_project/final_project/src/detect_final/install/detect_final' for CMake module files
[88.535s] Level 1:colcon.colcon_core.environment:checking '/home/ake/A.Ke/A.Ke_project/final_project/src/detect_final/install/detect_final' for CMake config files
[88.538s] Level 1:colcon.colcon_core.shell:create_environment_hook('detect_final', 'cmake_prefix_path')
[88.539s] INFO:colcon.colcon_core.shell:Creating environment hook '/home/ake/A.Ke/A.Ke_project/final_project/src/detect_final/install/detect_final/share/detect_final/hook/cmake_prefix_path.ps1'
[88.554s] INFO:colcon.colcon_core.shell:Creating environment descriptor '/home/ake/A.Ke/A.Ke_project/final_project/src/detect_final/install/detect_final/share/detect_final/hook/cmake_prefix_path.dsv'
[88.566s] INFO:colcon.colcon_core.shell:Creating environment hook '/home/ake/A.Ke/A.Ke_project/final_project/src/detect_final/install/detect_final/share/detect_final/hook/cmake_prefix_path.sh'
[88.569s] Level 1:colcon.colcon_core.environment:checking '/home/ake/A.Ke/A.Ke_project/final_project/src/detect_final/install/detect_final/lib'
[88.570s] Level 1:colcon.colcon_core.environment:checking '/home/ake/A.Ke/A.Ke_project/final_project/src/detect_final/install/detect_final/bin'
[88.571s] Level 1:colcon.colcon_core.environment:checking '/home/ake/A.Ke/A.Ke_project/final_project/src/detect_final/install/detect_final/lib/pkgconfig/detect_final.pc'
[88.571s] Level 1:colcon.colcon_core.environment:checking '/home/ake/A.Ke/A.Ke_project/final_project/src/detect_final/install/detect_final/lib/python3.10/site-packages'
[88.571s] Level 1:colcon.colcon_core.environment:checking '/home/ake/A.Ke/A.Ke_project/final_project/src/detect_final/install/detect_final/bin'
[88.573s] INFO:colcon.colcon_core.shell:Creating package script '/home/ake/A.Ke/A.Ke_project/final_project/src/detect_final/install/detect_final/share/detect_final/package.ps1'
[88.576s] INFO:colcon.colcon_core.shell:Creating package descriptor '/home/ake/A.Ke/A.Ke_project/final_project/src/detect_final/install/detect_final/share/detect_final/package.dsv'
[88.579s] INFO:colcon.colcon_core.shell:Creating package script '/home/ake/A.Ke/A.Ke_project/final_project/src/detect_final/install/detect_final/share/detect_final/package.sh'
[88.582s] INFO:colcon.colcon_core.shell:Creating package script '/home/ake/A.Ke/A.Ke_project/final_project/src/detect_final/install/detect_final/share/detect_final/package.bash'
[88.596s] INFO:colcon.colcon_core.shell:Creating package script '/home/ake/A.Ke/A.Ke_project/final_project/src/detect_final/install/detect_final/share/detect_final/package.zsh'
[88.615s] Level 1:colcon.colcon_core.environment:create_file_with_runtime_dependencies(/home/ake/A.Ke/A.Ke_project/final_project/src/detect_final/install/detect_final/share/colcon-core/packages/detect_final)
[88.794s] Level 1:colcon.colcon_core.environment:create_environment_scripts_only(detect_final)
[88.795s] Level 1:colcon.colcon_core.environment:checking '/home/ake/A.Ke/A.Ke_project/final_project/src/detect_final/install/detect_final' for CMake module files
[88.796s] Level 1:colcon.colcon_core.environment:checking '/home/ake/A.Ke/A.Ke_project/final_project/src/detect_final/install/detect_final' for CMake config files
[88.797s] Level 1:colcon.colcon_core.shell:create_environment_hook('detect_final', 'cmake_prefix_path')
[88.798s] INFO:colcon.colcon_core.shell:Creating environment hook '/home/ake/A.Ke/A.Ke_project/final_project/src/detect_final/install/detect_final/share/detect_final/hook/cmake_prefix_path.ps1'
[88.798s] INFO:colcon.colcon_core.shell:Creating environment descriptor '/home/ake/A.Ke/A.Ke_project/final_project/src/detect_final/install/detect_final/share/detect_final/hook/cmake_prefix_path.dsv'
[88.800s] INFO:colcon.colcon_core.shell:Creating environment hook '/home/ake/A.Ke/A.Ke_project/final_project/src/detect_final/install/detect_final/share/detect_final/hook/cmake_prefix_path.sh'
[88.801s] Level 1:colcon.colcon_core.environment:checking '/home/ake/A.Ke/A.Ke_project/final_project/src/detect_final/install/detect_final/lib'
[88.801s] Level 1:colcon.colcon_core.environment:checking '/home/ake/A.Ke/A.Ke_project/final_project/src/detect_final/install/detect_final/bin'
[88.802s] Level 1:colcon.colcon_core.environment:checking '/home/ake/A.Ke/A.Ke_project/final_project/src/detect_final/install/detect_final/lib/pkgconfig/detect_final.pc'
[88.802s] Level 1:colcon.colcon_core.environment:checking '/home/ake/A.Ke/A.Ke_project/final_project/src/detect_final/install/detect_final/lib/python3.10/site-packages'
[88.802s] Level 1:colcon.colcon_core.environment:checking '/home/ake/A.Ke/A.Ke_project/final_project/src/detect_final/install/detect_final/bin'
[88.803s] INFO:colcon.colcon_core.shell:Creating package script '/home/ake/A.Ke/A.Ke_project/final_project/src/detect_final/install/detect_final/share/detect_final/package.ps1'
[88.803s] INFO:colcon.colcon_core.shell:Creating package descriptor '/home/ake/A.Ke/A.Ke_project/final_project/src/detect_final/install/detect_final/share/detect_final/package.dsv'
[88.804s] INFO:colcon.colcon_core.shell:Creating package script '/home/ake/A.Ke/A.Ke_project/final_project/src/detect_final/install/detect_final/share/detect_final/package.sh'
[88.805s] INFO:colcon.colcon_core.shell:Creating package script '/home/ake/A.Ke/A.Ke_project/final_project/src/detect_final/install/detect_final/share/detect_final/package.bash'
[88.806s] INFO:colcon.colcon_core.shell:Creating package script '/home/ake/A.Ke/A.Ke_project/final_project/src/detect_final/install/detect_final/share/detect_final/package.zsh'
[88.807s] Level 1:colcon.colcon_core.environment:create_file_with_runtime_dependencies(/home/ake/A.Ke/A.Ke_project/final_project/src/detect_final/install/detect_final/share/colcon-core/packages/detect_final)
[88.808s] DEBUG:colcon.colcon_parallel_executor.executor.parallel:closing loop
[88.808s] DEBUG:colcon.colcon_parallel_executor.executor.parallel:loop closed
[88.808s] DEBUG:colcon.colcon_parallel_executor.executor.parallel:run_until_complete finished with '0'
[88.808s] DEBUG:colcon.colcon_core.event_reactor:joining thread
[89.045s] INFO:colcon.colcon_core.plugin_system:Skipping extension 'colcon_notification.desktop_notification.terminal_notifier': Not used on non-Darwin systems
[89.046s] INFO:colcon.colcon_core.plugin_system:Skipping extension 'colcon_notification.desktop_notification.win32': Not used on non-Windows systems
[89.046s] INFO:colcon.colcon_notification.desktop_notification:Sending desktop notification using 'notify2'
[89.229s] DEBUG:colcon.colcon_core.event_reactor:joined thread
[89.229s] INFO:colcon.colcon_core.shell:Creating prefix script '/home/ake/A.Ke/A.Ke_project/final_project/src/detect_final/install/local_setup.ps1'
[89.262s] INFO:colcon.colcon_core.shell:Creating prefix util module '/home/ake/A.Ke/A.Ke_project/final_project/src/detect_final/install/_local_setup_util_ps1.py'
[89.278s] INFO:colcon.colcon_core.shell:Creating prefix chain script '/home/ake/A.Ke/A.Ke_project/final_project/src/detect_final/install/setup.ps1'
[89.280s] INFO:colcon.colcon_core.shell:Creating prefix script '/home/ake/A.Ke/A.Ke_project/final_project/src/detect_final/install/local_setup.sh'
[89.283s] INFO:colcon.colcon_core.shell:Creating prefix util module '/home/ake/A.Ke/A.Ke_project/final_project/src/detect_final/install/_local_setup_util_sh.py'
[89.284s] INFO:colcon.colcon_core.shell:Creating prefix chain script '/home/ake/A.Ke/A.Ke_project/final_project/src/detect_final/install/setup.sh'
[89.287s] INFO:colcon.colcon_core.shell:Creating prefix script '/home/ake/A.Ke/A.Ke_project/final_project/src/detect_final/install/local_setup.bash'
[89.316s] INFO:colcon.colcon_core.shell:Creating prefix chain script '/home/ake/A.Ke/A.Ke_project/final_project/src/detect_final/install/setup.bash'
[89.318s] INFO:colcon.colcon_core.shell:Creating prefix script '/home/ake/A.Ke/A.Ke_project/final_project/src/detect_final/install/local_setup.zsh'
[89.320s] INFO:colcon.colcon_core.shell:Creating prefix chain script '/home/ake/A.Ke/A.Ke_project/final_project/src/detect_final/install/setup.zsh'
