[0.024s] Invoking command in '/home/ake/A.Ke/A.Ke_project/image_change/src/image_learn/build/image_learn': CMAKE_PREFIX_PATH=${CMAKE_PREFIX_PATH}:/opt/ros/humble /usr/bin/cmake --build /home/ake/A.Ke/A.Ke_project/image_change/src/image_learn/build/image_learn -- -j2 -l2
[0.130s] [35m[1mConsolidate compiler generated dependencies of target image_change[0m
[0.189s] [ 50%] [32mBuilding CXX object CMakeFiles/image_change.dir/src/image_change.cpp.o[0m
[5.933s] [100%] [32m[1mLinking CXX executable image_change[0m
[6.228s] [100%] Built target image_change
[6.255s] Invoked command in '/home/ake/A.Ke/A.Ke_project/image_change/src/image_learn/build/image_learn' returned '0': CMAKE_PREFIX_PATH=${CMAKE_PREFIX_PATH}:/opt/ros/humble /usr/bin/cmake --build /home/ake/A.Ke/A.Ke_project/image_change/src/image_learn/build/image_learn -- -j2 -l2
[6.352s] Invoking command in '/home/ake/A.Ke/A.Ke_project/image_change/src/image_learn/build/image_learn': CMAKE_PREFIX_PATH=${CMAKE_PREFIX_PATH}:/opt/ros/humble /usr/bin/cmake --install /home/ake/A.Ke/A.Ke_project/image_change/src/image_learn/build/image_learn
[6.374s] -- Install configuration: ""
[6.374s] -- Installing: /home/ake/A.Ke/A.Ke_project/image_change/src/image_learn/install/image_learn/lib/image_learn/image_change
[6.376s] -- Set runtime path of "/home/ake/A.Ke/A.Ke_project/image_change/src/image_learn/install/image_learn/lib/image_learn/image_change" to ""
[6.376s] -- Up-to-date: /home/ake/A.Ke/A.Ke_project/image_change/src/image_learn/install/image_learn/share/ament_index/resource_index/package_run_dependencies/image_learn
[6.376s] -- Up-to-date: /home/ake/A.Ke/A.Ke_project/image_change/src/image_learn/install/image_learn/share/ament_index/resource_index/parent_prefix_path/image_learn
[6.376s] -- Up-to-date: /home/ake/A.Ke/A.Ke_project/image_change/src/image_learn/install/image_learn/share/image_learn/environment/ament_prefix_path.sh
[6.377s] -- Up-to-date: /home/ake/A.Ke/A.Ke_project/image_change/src/image_learn/install/image_learn/share/image_learn/environment/ament_prefix_path.dsv
[6.377s] -- Up-to-date: /home/ake/A.Ke/A.Ke_project/image_change/src/image_learn/install/image_learn/share/image_learn/environment/path.sh
[6.377s] -- Up-to-date: /home/ake/A.Ke/A.Ke_project/image_change/src/image_learn/install/image_learn/share/image_learn/environment/path.dsv
[6.377s] -- Up-to-date: /home/ake/A.Ke/A.Ke_project/image_change/src/image_learn/install/image_learn/share/image_learn/local_setup.bash
[6.377s] -- Up-to-date: /home/ake/A.Ke/A.Ke_project/image_change/src/image_learn/install/image_learn/share/image_learn/local_setup.sh
[6.377s] -- Up-to-date: /home/ake/A.Ke/A.Ke_project/image_change/src/image_learn/install/image_learn/share/image_learn/local_setup.zsh
[6.380s] -- Up-to-date: /home/ake/A.Ke/A.Ke_project/image_change/src/image_learn/install/image_learn/share/image_learn/local_setup.dsv
[6.380s] -- Installing: /home/ake/A.Ke/A.Ke_project/image_change/src/image_learn/install/image_learn/share/image_learn/package.dsv
[6.380s] -- Up-to-date: /home/ake/A.Ke/A.Ke_project/image_change/src/image_learn/install/image_learn/share/ament_index/resource_index/packages/image_learn
[6.380s] -- Up-to-date: /home/ake/A.Ke/A.Ke_project/image_change/src/image_learn/install/image_learn/share/image_learn/cmake/image_learnConfig.cmake
[6.380s] -- Up-to-date: /home/ake/A.Ke/A.Ke_project/image_change/src/image_learn/install/image_learn/share/image_learn/cmake/image_learnConfig-version.cmake
[6.380s] -- Up-to-date: /home/ake/A.Ke/A.Ke_project/image_change/src/image_learn/install/image_learn/share/image_learn/package.xml
[6.384s] Invoked command in '/home/ake/A.Ke/A.Ke_project/image_change/src/image_learn/build/image_learn' returned '0': CMAKE_PREFIX_PATH=${CMAKE_PREFIX_PATH}:/opt/ros/humble /usr/bin/cmake --install /home/ake/A.Ke/A.Ke_project/image_change/src/image_learn/build/image_learn
