[0.104s] Invoking command in '/home/ake/A.Ke/A.Ke_project/cam_PnP/src/pnp_learn/build/pnp_learn': CMAKE_PREFIX_PATH=${CMAKE_PREFIX_PATH}:/opt/ros/humble CONDA_PROMPT_MODIFIER=(base) /usr/bin/cmake --build /home/ake/A.Ke/A.Ke_project/cam_PnP/src/pnp_learn/build/pnp_learn -- -j2 -l2
[0.177s] [35m[1mConsolidate compiler generated dependencies of target pnp_learn[0m
[0.230s] [ 50%] [32mBuilding CXX object CMakeFiles/pnp_learn.dir/src/pnp_learn.cpp.o[0m
[6.414s] [100%] [32m[1mLinking CXX executable pnp_learn[0m
[6.649s] [100%] Built target pnp_learn
[6.674s] Invoked command in '/home/ake/A.Ke/A.Ke_project/cam_PnP/src/pnp_learn/build/pnp_learn' returned '0': CMAKE_PREFIX_PATH=${CMAKE_PREFIX_PATH}:/opt/ros/humble CONDA_PROMPT_MODIFIER=(base) /usr/bin/cmake --build /home/ake/A.Ke/A.Ke_project/cam_PnP/src/pnp_learn/build/pnp_learn -- -j2 -l2
[6.784s] Invoking command in '/home/ake/A.Ke/A.Ke_project/cam_PnP/src/pnp_learn/build/pnp_learn': CMAKE_PREFIX_PATH=${CMAKE_PREFIX_PATH}:/opt/ros/humble CONDA_PROMPT_MODIFIER=(base) /usr/bin/cmake --install /home/ake/A.Ke/A.Ke_project/cam_PnP/src/pnp_learn/build/pnp_learn
[6.818s] -- Install configuration: ""
[6.820s] -- Installing: /home/ake/A.Ke/A.Ke_project/cam_PnP/src/pnp_learn/install/pnp_learn/lib/pnp_learn/pnp_learn
[6.823s] -- Set runtime path of "/home/ake/A.Ke/A.Ke_project/cam_PnP/src/pnp_learn/install/pnp_learn/lib/pnp_learn/pnp_learn" to ""
[6.824s] -- Up-to-date: /home/ake/A.Ke/A.Ke_project/cam_PnP/src/pnp_learn/install/pnp_learn/share/ament_index/resource_index/package_run_dependencies/pnp_learn
[6.826s] -- Up-to-date: /home/ake/A.Ke/A.Ke_project/cam_PnP/src/pnp_learn/install/pnp_learn/share/ament_index/resource_index/parent_prefix_path/pnp_learn
[6.826s] -- Up-to-date: /home/ake/A.Ke/A.Ke_project/cam_PnP/src/pnp_learn/install/pnp_learn/share/pnp_learn/environment/ament_prefix_path.sh
[6.827s] -- Up-to-date: /home/ake/A.Ke/A.Ke_project/cam_PnP/src/pnp_learn/install/pnp_learn/share/pnp_learn/environment/ament_prefix_path.dsv
[6.827s] -- Up-to-date: /home/ake/A.Ke/A.Ke_project/cam_PnP/src/pnp_learn/install/pnp_learn/share/pnp_learn/environment/path.sh
[6.827s] -- Up-to-date: /home/ake/A.Ke/A.Ke_project/cam_PnP/src/pnp_learn/install/pnp_learn/share/pnp_learn/environment/path.dsv
[6.827s] -- Up-to-date: /home/ake/A.Ke/A.Ke_project/cam_PnP/src/pnp_learn/install/pnp_learn/share/pnp_learn/local_setup.bash
[6.827s] -- Up-to-date: /home/ake/A.Ke/A.Ke_project/cam_PnP/src/pnp_learn/install/pnp_learn/share/pnp_learn/local_setup.sh
[6.828s] -- Up-to-date: /home/ake/A.Ke/A.Ke_project/cam_PnP/src/pnp_learn/install/pnp_learn/share/pnp_learn/local_setup.zsh
[6.828s] -- Up-to-date: /home/ake/A.Ke/A.Ke_project/cam_PnP/src/pnp_learn/install/pnp_learn/share/pnp_learn/local_setup.dsv
[6.828s] -- Installing: /home/ake/A.Ke/A.Ke_project/cam_PnP/src/pnp_learn/install/pnp_learn/share/pnp_learn/package.dsv
[6.828s] -- Up-to-date: /home/ake/A.Ke/A.Ke_project/cam_PnP/src/pnp_learn/install/pnp_learn/share/ament_index/resource_index/packages/pnp_learn
[6.828s] -- Up-to-date: /home/ake/A.Ke/A.Ke_project/cam_PnP/src/pnp_learn/install/pnp_learn/share/pnp_learn/cmake/pnp_learnConfig.cmake
[6.828s] -- Up-to-date: /home/ake/A.Ke/A.Ke_project/cam_PnP/src/pnp_learn/install/pnp_learn/share/pnp_learn/cmake/pnp_learnConfig-version.cmake
[6.828s] -- Up-to-date: /home/ake/A.Ke/A.Ke_project/cam_PnP/src/pnp_learn/install/pnp_learn/share/pnp_learn/package.xml
[6.830s] Invoked command in '/home/ake/A.Ke/A.Ke_project/cam_PnP/src/pnp_learn/build/pnp_learn' returned '0': CMAKE_PREFIX_PATH=${CMAKE_PREFIX_PATH}:/opt/ros/humble CONDA_PROMPT_MODIFIER=(base) /usr/bin/cmake --install /home/ake/A.Ke/A.Ke_project/cam_PnP/src/pnp_learn/build/pnp_learn
