[2.010s] DEBUG:colcon:Command line arguments: ['/usr/bin/colcon', 'build']
[2.010s] DEBUG:colcon:Parsed command line arguments: Namespace(log_base=None, log_level=None, verb_name='build', build_base='build', install_base='install', merge_install=False, symlink_install=False, test_result_base=None, continue_on_error=False, executor='parallel', parallel_workers=2, event_handlers=None, ignore_user_meta=False, metas=['./colcon.meta'], base_paths=['.'], packages_ignore=None, packages_ignore_regex=None, paths=None, packages_up_to=None, packages_up_to_regex=None, packages_above=None, packages_above_and_dependencies=None, packages_above_depth=None, packages_select_by_dep=None, packages_skip_by_dep=None, packages_skip_up_to=None, packages_select_build_failed=False, packages_skip_build_finished=False, packages_select_test_failures=False, packages_skip_test_passed=False, packages_select=None, packages_skip=None, packages_select_regex=None, packages_skip_regex=None, packages_start=None, packages_end=None, allow_overriding=[], cmake_args=None, cmake_target=None, cmake_target_skip_unavailable=False, cmake_clean_cache=False, cmake_clean_first=False, cmake_force_configure=False, ament_cmake_args=None, catkin_cmake_args=None, catkin_skip_building_tests=False, verb_parser=<colcon_defaults.argument_parser.defaults.DefaultArgumentsDecorator object at 0x75d420550850>, verb_extension=<colcon_core.verb.build.BuildVerb object at 0x75d4205502b0>, main=<bound method BuildVerb.main of <colcon_core.verb.build.BuildVerb object at 0x75d4205502b0>>)
[6.821s] Level 1:colcon.colcon_core.package_discovery:discover_packages(colcon_meta) check parameters
[6.822s] Level 1:colcon.colcon_core.package_discovery:discover_packages(recursive) check parameters
[6.822s] Level 1:colcon.colcon_core.package_discovery:discover_packages(ignore) check parameters
[6.822s] Level 1:colcon.colcon_core.package_discovery:discover_packages(path) check parameters
[6.822s] Level 1:colcon.colcon_core.package_discovery:discover_packages(colcon_meta) discover
[6.822s] Level 1:colcon.colcon_core.package_discovery:discover_packages(recursive) discover
[6.822s] INFO:colcon.colcon_core.package_discovery:Crawling recursively for packages in '/home/ake/A.Ke/A.Ke_project/armor_yolov8/src/yolov8_learn'
[6.822s] Level 1:colcon.colcon_core.package_identification:_identify(.) by extensions ['ignore', 'ignore_ament_install']
[6.822s] Level 1:colcon.colcon_core.package_identification:_identify(.) by extension 'ignore'
[6.822s] Level 1:colcon.colcon_core.package_identification:_identify(.) by extension 'ignore_ament_install'
[6.822s] Level 1:colcon.colcon_core.package_identification:_identify(.) by extensions ['colcon_pkg']
[6.823s] Level 1:colcon.colcon_core.package_identification:_identify(.) by extension 'colcon_pkg'
[6.823s] Level 1:colcon.colcon_core.package_identification:_identify(.) by extensions ['colcon_meta']
[6.823s] Level 1:colcon.colcon_core.package_identification:_identify(.) by extension 'colcon_meta'
[6.823s] Level 1:colcon.colcon_core.package_identification:_identify(.) by extensions ['ros']
[6.823s] Level 1:colcon.colcon_core.package_identification:_identify(.) by extension 'ros'
[7.020s] DEBUG:colcon.colcon_core.package_identification:Package '.' with type 'ros.ament_cmake' and name 'yolov8_learn'
[7.020s] Level 1:colcon.colcon_core.package_discovery:discover_packages(recursive) using defaults
[7.020s] Level 1:colcon.colcon_core.package_discovery:discover_packages(ignore) discover
[7.020s] Level 1:colcon.colcon_core.package_discovery:discover_packages(ignore) using defaults
[7.020s] Level 1:colcon.colcon_core.package_discovery:discover_packages(path) discover
[7.020s] Level 1:colcon.colcon_core.package_discovery:discover_packages(path) using defaults
[7.336s] Level 1:colcon.colcon_core.package_discovery:discover_packages(prefix_path) check parameters
[7.337s] Level 1:colcon.colcon_core.package_discovery:discover_packages(prefix_path) discover
[7.358s] DEBUG:colcon.colcon_installed_package_information.package_discovery:Found 328 installed packages in /opt/ros/humble
[7.359s] Level 1:colcon.colcon_core.package_discovery:discover_packages(prefix_path) using defaults
[7.447s] Level 5:colcon.colcon_core.verb:set package 'yolov8_learn' build argument 'cmake_args' from command line to 'None'
[7.447s] Level 5:colcon.colcon_core.verb:set package 'yolov8_learn' build argument 'cmake_target' from command line to 'None'
[7.447s] Level 5:colcon.colcon_core.verb:set package 'yolov8_learn' build argument 'cmake_target_skip_unavailable' from command line to 'False'
[7.447s] Level 5:colcon.colcon_core.verb:set package 'yolov8_learn' build argument 'cmake_clean_cache' from command line to 'False'
[7.447s] Level 5:colcon.colcon_core.verb:set package 'yolov8_learn' build argument 'cmake_clean_first' from command line to 'False'
[7.447s] Level 5:colcon.colcon_core.verb:set package 'yolov8_learn' build argument 'cmake_force_configure' from command line to 'False'
[7.447s] Level 5:colcon.colcon_core.verb:set package 'yolov8_learn' build argument 'ament_cmake_args' from command line to 'None'
[7.447s] Level 5:colcon.colcon_core.verb:set package 'yolov8_learn' build argument 'catkin_cmake_args' from command line to 'None'
[7.447s] Level 5:colcon.colcon_core.verb:set package 'yolov8_learn' build argument 'catkin_skip_building_tests' from command line to 'False'
[7.447s] DEBUG:colcon.colcon_core.verb:Building package 'yolov8_learn' with the following arguments: {'ament_cmake_args': None, 'build_base': '/home/ake/A.Ke/A.Ke_project/armor_yolov8/src/yolov8_learn/build/yolov8_learn', 'catkin_cmake_args': None, 'catkin_skip_building_tests': False, 'cmake_args': None, 'cmake_clean_cache': False, 'cmake_clean_first': False, 'cmake_force_configure': False, 'cmake_target': None, 'cmake_target_skip_unavailable': False, 'install_base': '/home/ake/A.Ke/A.Ke_project/armor_yolov8/src/yolov8_learn/install/yolov8_learn', 'merge_install': False, 'path': '/home/ake/A.Ke/A.Ke_project/armor_yolov8/src/yolov8_learn', 'symlink_install': False, 'test_result_base': None}
[7.448s] INFO:colcon.colcon_core.executor:Executing jobs using 'parallel' executor
[7.449s] DEBUG:colcon.colcon_parallel_executor.executor.parallel:run_until_complete
[7.450s] INFO:colcon.colcon_ros.task.ament_cmake.build:Building ROS package in '/home/ake/A.Ke/A.Ke_project/armor_yolov8/src/yolov8_learn' with build type 'ament_cmake'
[7.450s] INFO:colcon.colcon_cmake.task.cmake.build:Building CMake package in '/home/ake/A.Ke/A.Ke_project/armor_yolov8/src/yolov8_learn'
[7.468s] INFO:colcon.colcon_core.plugin_system:Skipping extension 'colcon_core.shell.bat': Not used on non-Windows systems
[7.468s] INFO:colcon.colcon_core.shell:Skip shell extension 'powershell' for command environment: Not usable outside of PowerShell
[7.468s] DEBUG:colcon.colcon_core.shell:Skip shell extension 'dsv' for command environment
[7.517s] DEBUG:colcon.colcon_core.event_handler.log_command:Invoking command in '/home/ake/A.Ke/A.Ke_project/armor_yolov8/src/yolov8_learn/build/yolov8_learn': CMAKE_PREFIX_PATH=/opt/ros/humble CONDA_PROMPT_MODIFIER=(base) /usr/bin/cmake /home/ake/A.Ke/A.Ke_project/armor_yolov8/src/yolov8_learn -DCMAKE_INSTALL_PREFIX=/home/ake/A.Ke/A.Ke_project/armor_yolov8/src/yolov8_learn/install/yolov8_learn
[16.301s] DEBUG:colcon.colcon_core.event_handler.log_command:Invoked command in '/home/ake/A.Ke/A.Ke_project/armor_yolov8/src/yolov8_learn/build/yolov8_learn' returned '1': CMAKE_PREFIX_PATH=/opt/ros/humble CONDA_PROMPT_MODIFIER=(base) /usr/bin/cmake /home/ake/A.Ke/A.Ke_project/armor_yolov8/src/yolov8_learn -DCMAKE_INSTALL_PREFIX=/home/ake/A.Ke/A.Ke_project/armor_yolov8/src/yolov8_learn/install/yolov8_learn
[16.314s] Level 1:colcon.colcon_core.environment:create_environment_scripts_only(yolov8_learn)
[16.370s] Level 1:colcon.colcon_core.environment:checking '/home/ake/A.Ke/A.Ke_project/armor_yolov8/src/yolov8_learn/install/yolov8_learn' for CMake module files
[16.371s] Level 1:colcon.colcon_core.environment:checking '/home/ake/A.Ke/A.Ke_project/armor_yolov8/src/yolov8_learn/install/yolov8_learn' for CMake config files
[16.371s] Level 1:colcon.colcon_core.environment:checking '/home/ake/A.Ke/A.Ke_project/armor_yolov8/src/yolov8_learn/install/yolov8_learn/bin'
[16.371s] Level 1:colcon.colcon_core.environment:checking '/home/ake/A.Ke/A.Ke_project/armor_yolov8/src/yolov8_learn/install/yolov8_learn/lib/pkgconfig/yolov8_learn.pc'
[16.371s] Level 1:colcon.colcon_core.environment:checking '/home/ake/A.Ke/A.Ke_project/armor_yolov8/src/yolov8_learn/install/yolov8_learn/lib/python3.10/site-packages'
[16.371s] Level 1:colcon.colcon_core.environment:checking '/home/ake/A.Ke/A.Ke_project/armor_yolov8/src/yolov8_learn/install/yolov8_learn/bin'
[16.371s] INFO:colcon.colcon_core.shell:Creating package script '/home/ake/A.Ke/A.Ke_project/armor_yolov8/src/yolov8_learn/install/yolov8_learn/share/yolov8_learn/package.ps1'
[16.379s] INFO:colcon.colcon_core.shell:Creating package descriptor '/home/ake/A.Ke/A.Ke_project/armor_yolov8/src/yolov8_learn/install/yolov8_learn/share/yolov8_learn/package.dsv'
[16.391s] INFO:colcon.colcon_core.shell:Creating package script '/home/ake/A.Ke/A.Ke_project/armor_yolov8/src/yolov8_learn/install/yolov8_learn/share/yolov8_learn/package.sh'
[16.392s] INFO:colcon.colcon_core.shell:Creating package script '/home/ake/A.Ke/A.Ke_project/armor_yolov8/src/yolov8_learn/install/yolov8_learn/share/yolov8_learn/package.bash'
[16.399s] INFO:colcon.colcon_core.shell:Creating package script '/home/ake/A.Ke/A.Ke_project/armor_yolov8/src/yolov8_learn/install/yolov8_learn/share/yolov8_learn/package.zsh'
[16.412s] Level 1:colcon.colcon_core.environment:create_file_with_runtime_dependencies(/home/ake/A.Ke/A.Ke_project/armor_yolov8/src/yolov8_learn/install/yolov8_learn/share/colcon-core/packages/yolov8_learn)
[16.429s] DEBUG:colcon.colcon_parallel_executor.executor.parallel:closing loop
[16.429s] DEBUG:colcon.colcon_parallel_executor.executor.parallel:loop closed
[16.429s] DEBUG:colcon.colcon_parallel_executor.executor.parallel:run_until_complete finished with '1'
[16.429s] DEBUG:colcon.colcon_core.event_reactor:joining thread
[16.535s] INFO:colcon.colcon_core.plugin_system:Skipping extension 'colcon_notification.desktop_notification.terminal_notifier': Not used on non-Darwin systems
[16.535s] INFO:colcon.colcon_core.plugin_system:Skipping extension 'colcon_notification.desktop_notification.win32': Not used on non-Windows systems
[16.535s] INFO:colcon.colcon_notification.desktop_notification:Sending desktop notification using 'notify2'
[18.086s] DEBUG:colcon.colcon_core.event_reactor:joined thread
[18.086s] INFO:colcon.colcon_core.shell:Creating prefix script '/home/ake/A.Ke/A.Ke_project/armor_yolov8/src/yolov8_learn/install/local_setup.ps1'
[18.110s] INFO:colcon.colcon_core.shell:Creating prefix util module '/home/ake/A.Ke/A.Ke_project/armor_yolov8/src/yolov8_learn/install/_local_setup_util_ps1.py'
[18.141s] INFO:colcon.colcon_core.shell:Creating prefix chain script '/home/ake/A.Ke/A.Ke_project/armor_yolov8/src/yolov8_learn/install/setup.ps1'
[18.146s] INFO:colcon.colcon_core.shell:Creating prefix script '/home/ake/A.Ke/A.Ke_project/armor_yolov8/src/yolov8_learn/install/local_setup.sh'
[18.154s] INFO:colcon.colcon_core.shell:Creating prefix util module '/home/ake/A.Ke/A.Ke_project/armor_yolov8/src/yolov8_learn/install/_local_setup_util_sh.py'
[18.155s] INFO:colcon.colcon_core.shell:Creating prefix chain script '/home/ake/A.Ke/A.Ke_project/armor_yolov8/src/yolov8_learn/install/setup.sh'
[18.157s] INFO:colcon.colcon_core.shell:Creating prefix script '/home/ake/A.Ke/A.Ke_project/armor_yolov8/src/yolov8_learn/install/local_setup.bash'
[18.182s] INFO:colcon.colcon_core.shell:Creating prefix chain script '/home/ake/A.Ke/A.Ke_project/armor_yolov8/src/yolov8_learn/install/setup.bash'
[18.208s] INFO:colcon.colcon_core.shell:Creating prefix script '/home/ake/A.Ke/A.Ke_project/armor_yolov8/src/yolov8_learn/install/local_setup.zsh'
[18.231s] INFO:colcon.colcon_core.shell:Creating prefix chain script '/home/ake/A.Ke/A.Ke_project/armor_yolov8/src/yolov8_learn/install/setup.zsh'
