[0.149s] DEBUG:colcon:Command line arguments: ['/usr/bin/colcon', 'build']
[0.150s] DEBUG:colcon:Parsed command line arguments: Namespace(log_base=None, log_level=None, verb_name='build', build_base='build', install_base='install', merge_install=False, symlink_install=False, test_result_base=None, continue_on_error=False, executor='parallel', parallel_workers=2, event_handlers=None, ignore_user_meta=False, metas=['./colcon.meta'], base_paths=['.'], packages_ignore=None, packages_ignore_regex=None, paths=None, packages_up_to=None, packages_up_to_regex=None, packages_above=None, packages_above_and_dependencies=None, packages_above_depth=None, packages_select_by_dep=None, packages_skip_by_dep=None, packages_skip_up_to=None, packages_select_build_failed=False, packages_skip_build_finished=False, packages_select_test_failures=False, packages_skip_test_passed=False, packages_select=None, packages_skip=None, packages_select_regex=None, packages_skip_regex=None, packages_start=None, packages_end=None, allow_overriding=[], cmake_args=None, cmake_target=None, cmake_target_skip_unavailable=False, cmake_clean_cache=False, cmake_clean_first=False, cmake_force_configure=False, ament_cmake_args=None, catkin_cmake_args=None, catkin_skip_building_tests=False, verb_parser=<colcon_defaults.argument_parser.defaults.DefaultArgumentsDecorator object at 0x702c78a08880>, verb_extension=<colcon_core.verb.build.BuildVerb object at 0x702c78a082e0>, main=<bound method BuildVerb.main of <colcon_core.verb.build.BuildVerb object at 0x702c78a082e0>>)
[0.375s] Level 1:colcon.colcon_core.package_discovery:discover_packages(colcon_meta) check parameters
[0.375s] Level 1:colcon.colcon_core.package_discovery:discover_packages(recursive) check parameters
[0.375s] Level 1:colcon.colcon_core.package_discovery:discover_packages(ignore) check parameters
[0.376s] Level 1:colcon.colcon_core.package_discovery:discover_packages(path) check parameters
[0.376s] Level 1:colcon.colcon_core.package_discovery:discover_packages(colcon_meta) discover
[0.376s] Level 1:colcon.colcon_core.package_discovery:discover_packages(recursive) discover
[0.376s] INFO:colcon.colcon_core.package_discovery:Crawling recursively for packages in '/home/ake/A.Ke/A.Ke_project/final_project/src/detect_final'
[0.376s] Level 1:colcon.colcon_core.package_identification:_identify(.) by extensions ['ignore', 'ignore_ament_install']
[0.376s] Level 1:colcon.colcon_core.package_identification:_identify(.) by extension 'ignore'
[0.376s] Level 1:colcon.colcon_core.package_identification:_identify(.) by extension 'ignore_ament_install'
[0.376s] Level 1:colcon.colcon_core.package_identification:_identify(.) by extensions ['colcon_pkg']
[0.376s] Level 1:colcon.colcon_core.package_identification:_identify(.) by extension 'colcon_pkg'
[0.377s] Level 1:colcon.colcon_core.package_identification:_identify(.) by extensions ['colcon_meta']
[0.377s] Level 1:colcon.colcon_core.package_identification:_identify(.) by extension 'colcon_meta'
[0.377s] Level 1:colcon.colcon_core.package_identification:_identify(.) by extensions ['ros']
[0.377s] Level 1:colcon.colcon_core.package_identification:_identify(.) by extension 'ros'
[0.394s] DEBUG:colcon.colcon_core.package_identification:Package '.' with type 'ros.ament_cmake' and name 'detect_final'
[0.394s] Level 1:colcon.colcon_core.package_discovery:discover_packages(recursive) using defaults
[0.395s] Level 1:colcon.colcon_core.package_discovery:discover_packages(ignore) discover
[0.395s] Level 1:colcon.colcon_core.package_discovery:discover_packages(ignore) using defaults
[0.395s] Level 1:colcon.colcon_core.package_discovery:discover_packages(path) discover
[0.395s] Level 1:colcon.colcon_core.package_discovery:discover_packages(path) using defaults
[0.418s] Level 1:colcon.colcon_core.package_discovery:discover_packages(prefix_path) check parameters
[0.418s] Level 1:colcon.colcon_core.package_discovery:discover_packages(prefix_path) discover
[0.423s] DEBUG:colcon.colcon_installed_package_information.package_discovery:Found 313 installed packages in /opt/ros/humble
[0.426s] Level 1:colcon.colcon_core.package_discovery:discover_packages(prefix_path) using defaults
[0.492s] Level 5:colcon.colcon_core.verb:set package 'detect_final' build argument 'cmake_args' from command line to 'None'
[0.492s] Level 5:colcon.colcon_core.verb:set package 'detect_final' build argument 'cmake_target' from command line to 'None'
[0.492s] Level 5:colcon.colcon_core.verb:set package 'detect_final' build argument 'cmake_target_skip_unavailable' from command line to 'False'
[0.492s] Level 5:colcon.colcon_core.verb:set package 'detect_final' build argument 'cmake_clean_cache' from command line to 'False'
[0.492s] Level 5:colcon.colcon_core.verb:set package 'detect_final' build argument 'cmake_clean_first' from command line to 'False'
[0.493s] Level 5:colcon.colcon_core.verb:set package 'detect_final' build argument 'cmake_force_configure' from command line to 'False'
[0.493s] Level 5:colcon.colcon_core.verb:set package 'detect_final' build argument 'ament_cmake_args' from command line to 'None'
[0.493s] Level 5:colcon.colcon_core.verb:set package 'detect_final' build argument 'catkin_cmake_args' from command line to 'None'
[0.493s] Level 5:colcon.colcon_core.verb:set package 'detect_final' build argument 'catkin_skip_building_tests' from command line to 'False'
[0.493s] DEBUG:colcon.colcon_core.verb:Building package 'detect_final' with the following arguments: {'ament_cmake_args': None, 'build_base': '/home/ake/A.Ke/A.Ke_project/final_project/src/detect_final/build/detect_final', 'catkin_cmake_args': None, 'catkin_skip_building_tests': False, 'cmake_args': None, 'cmake_clean_cache': False, 'cmake_clean_first': False, 'cmake_force_configure': False, 'cmake_target': None, 'cmake_target_skip_unavailable': False, 'install_base': '/home/ake/A.Ke/A.Ke_project/final_project/src/detect_final/install/detect_final', 'merge_install': False, 'path': '/home/ake/A.Ke/A.Ke_project/final_project/src/detect_final', 'symlink_install': False, 'test_result_base': None}
[0.493s] INFO:colcon.colcon_core.executor:Executing jobs using 'parallel' executor
[0.495s] DEBUG:colcon.colcon_parallel_executor.executor.parallel:run_until_complete
[0.495s] INFO:colcon.colcon_ros.task.ament_cmake.build:Building ROS package in '/home/ake/A.Ke/A.Ke_project/final_project/src/detect_final' with build type 'ament_cmake'
[0.495s] INFO:colcon.colcon_cmake.task.cmake.build:Building CMake package in '/home/ake/A.Ke/A.Ke_project/final_project/src/detect_final'
[0.498s] INFO:colcon.colcon_core.plugin_system:Skipping extension 'colcon_core.shell.bat': Not used on non-Windows systems
[0.498s] INFO:colcon.colcon_core.shell:Skip shell extension 'powershell' for command environment: Not usable outside of PowerShell
[0.498s] DEBUG:colcon.colcon_core.shell:Skip shell extension 'dsv' for command environment
[0.522s] DEBUG:colcon.colcon_core.event_handler.log_command:Invoking command in '/home/ake/A.Ke/A.Ke_project/final_project/src/detect_final/build/detect_final': CMAKE_PREFIX_PATH=/opt/ros/humble CONDA_PROMPT_MODIFIER=(base) /usr/bin/cmake --build /home/ake/A.Ke/A.Ke_project/final_project/src/detect_final/build/detect_final -- -j2 -l2
[10.947s] DEBUG:colcon.colcon_core.event_handler.log_command:Invoked command in '/home/ake/A.Ke/A.Ke_project/final_project/src/detect_final/build/detect_final' returned '0': CMAKE_PREFIX_PATH=/opt/ros/humble CONDA_PROMPT_MODIFIER=(base) /usr/bin/cmake --build /home/ake/A.Ke/A.Ke_project/final_project/src/detect_final/build/detect_final -- -j2 -l2
[10.995s] DEBUG:colcon.colcon_core.event_handler.log_command:Invoking command in '/home/ake/A.Ke/A.Ke_project/final_project/src/detect_final/build/detect_final': CMAKE_PREFIX_PATH=/opt/ros/humble CONDA_PROMPT_MODIFIER=(base) /usr/bin/cmake --install /home/ake/A.Ke/A.Ke_project/final_project/src/detect_final/build/detect_final
[11.034s] Level 1:colcon.colcon_core.environment:create_environment_scripts_only(detect_final)
[11.036s] DEBUG:colcon.colcon_core.event_handler.log_command:Invoked command in '/home/ake/A.Ke/A.Ke_project/final_project/src/detect_final/build/detect_final' returned '0': CMAKE_PREFIX_PATH=/opt/ros/humble CONDA_PROMPT_MODIFIER=(base) /usr/bin/cmake --install /home/ake/A.Ke/A.Ke_project/final_project/src/detect_final/build/detect_final
[11.039s] Level 1:colcon.colcon_core.environment:checking '/home/ake/A.Ke/A.Ke_project/final_project/src/detect_final/install/detect_final' for CMake module files
[11.040s] Level 1:colcon.colcon_core.environment:checking '/home/ake/A.Ke/A.Ke_project/final_project/src/detect_final/install/detect_final' for CMake config files
[11.040s] Level 1:colcon.colcon_core.shell:create_environment_hook('detect_final', 'cmake_prefix_path')
[11.041s] INFO:colcon.colcon_core.shell:Creating environment hook '/home/ake/A.Ke/A.Ke_project/final_project/src/detect_final/install/detect_final/share/detect_final/hook/cmake_prefix_path.ps1'
[11.060s] INFO:colcon.colcon_core.shell:Creating environment descriptor '/home/ake/A.Ke/A.Ke_project/final_project/src/detect_final/install/detect_final/share/detect_final/hook/cmake_prefix_path.dsv'
[11.073s] INFO:colcon.colcon_core.shell:Creating environment hook '/home/ake/A.Ke/A.Ke_project/final_project/src/detect_final/install/detect_final/share/detect_final/hook/cmake_prefix_path.sh'
[11.084s] Level 1:colcon.colcon_core.environment:checking '/home/ake/A.Ke/A.Ke_project/final_project/src/detect_final/install/detect_final/lib'
[11.084s] Level 1:colcon.colcon_core.environment:checking '/home/ake/A.Ke/A.Ke_project/final_project/src/detect_final/install/detect_final/bin'
[11.084s] Level 1:colcon.colcon_core.environment:checking '/home/ake/A.Ke/A.Ke_project/final_project/src/detect_final/install/detect_final/lib/pkgconfig/detect_final.pc'
[11.084s] Level 1:colcon.colcon_core.environment:checking '/home/ake/A.Ke/A.Ke_project/final_project/src/detect_final/install/detect_final/lib/python3.10/site-packages'
[11.085s] Level 1:colcon.colcon_core.environment:checking '/home/ake/A.Ke/A.Ke_project/final_project/src/detect_final/install/detect_final/bin'
[11.085s] INFO:colcon.colcon_core.shell:Creating package script '/home/ake/A.Ke/A.Ke_project/final_project/src/detect_final/install/detect_final/share/detect_final/package.ps1'
[11.087s] INFO:colcon.colcon_core.shell:Creating package descriptor '/home/ake/A.Ke/A.Ke_project/final_project/src/detect_final/install/detect_final/share/detect_final/package.dsv'
[11.088s] INFO:colcon.colcon_core.shell:Creating package script '/home/ake/A.Ke/A.Ke_project/final_project/src/detect_final/install/detect_final/share/detect_final/package.sh'
[11.089s] INFO:colcon.colcon_core.shell:Creating package script '/home/ake/A.Ke/A.Ke_project/final_project/src/detect_final/install/detect_final/share/detect_final/package.bash'
[11.091s] INFO:colcon.colcon_core.shell:Creating package script '/home/ake/A.Ke/A.Ke_project/final_project/src/detect_final/install/detect_final/share/detect_final/package.zsh'
[11.092s] Level 1:colcon.colcon_core.environment:create_file_with_runtime_dependencies(/home/ake/A.Ke/A.Ke_project/final_project/src/detect_final/install/detect_final/share/colcon-core/packages/detect_final)
[11.170s] Level 1:colcon.colcon_core.environment:create_environment_scripts_only(detect_final)
[11.171s] Level 1:colcon.colcon_core.environment:checking '/home/ake/A.Ke/A.Ke_project/final_project/src/detect_final/install/detect_final' for CMake module files
[11.171s] Level 1:colcon.colcon_core.environment:checking '/home/ake/A.Ke/A.Ke_project/final_project/src/detect_final/install/detect_final' for CMake config files
[11.172s] Level 1:colcon.colcon_core.shell:create_environment_hook('detect_final', 'cmake_prefix_path')
[11.173s] INFO:colcon.colcon_core.shell:Creating environment hook '/home/ake/A.Ke/A.Ke_project/final_project/src/detect_final/install/detect_final/share/detect_final/hook/cmake_prefix_path.ps1'
[11.174s] INFO:colcon.colcon_core.shell:Creating environment descriptor '/home/ake/A.Ke/A.Ke_project/final_project/src/detect_final/install/detect_final/share/detect_final/hook/cmake_prefix_path.dsv'
[11.175s] INFO:colcon.colcon_core.shell:Creating environment hook '/home/ake/A.Ke/A.Ke_project/final_project/src/detect_final/install/detect_final/share/detect_final/hook/cmake_prefix_path.sh'
[11.176s] Level 1:colcon.colcon_core.environment:checking '/home/ake/A.Ke/A.Ke_project/final_project/src/detect_final/install/detect_final/lib'
[11.176s] Level 1:colcon.colcon_core.environment:checking '/home/ake/A.Ke/A.Ke_project/final_project/src/detect_final/install/detect_final/bin'
[11.176s] Level 1:colcon.colcon_core.environment:checking '/home/ake/A.Ke/A.Ke_project/final_project/src/detect_final/install/detect_final/lib/pkgconfig/detect_final.pc'
[11.177s] Level 1:colcon.colcon_core.environment:checking '/home/ake/A.Ke/A.Ke_project/final_project/src/detect_final/install/detect_final/lib/python3.10/site-packages'
[11.177s] Level 1:colcon.colcon_core.environment:checking '/home/ake/A.Ke/A.Ke_project/final_project/src/detect_final/install/detect_final/bin'
[11.178s] INFO:colcon.colcon_core.shell:Creating package script '/home/ake/A.Ke/A.Ke_project/final_project/src/detect_final/install/detect_final/share/detect_final/package.ps1'
[11.179s] INFO:colcon.colcon_core.shell:Creating package descriptor '/home/ake/A.Ke/A.Ke_project/final_project/src/detect_final/install/detect_final/share/detect_final/package.dsv'
[11.180s] INFO:colcon.colcon_core.shell:Creating package script '/home/ake/A.Ke/A.Ke_project/final_project/src/detect_final/install/detect_final/share/detect_final/package.sh'
[11.181s] INFO:colcon.colcon_core.shell:Creating package script '/home/ake/A.Ke/A.Ke_project/final_project/src/detect_final/install/detect_final/share/detect_final/package.bash'
[11.182s] INFO:colcon.colcon_core.shell:Creating package script '/home/ake/A.Ke/A.Ke_project/final_project/src/detect_final/install/detect_final/share/detect_final/package.zsh'
[11.183s] Level 1:colcon.colcon_core.environment:create_file_with_runtime_dependencies(/home/ake/A.Ke/A.Ke_project/final_project/src/detect_final/install/detect_final/share/colcon-core/packages/detect_final)
[11.184s] DEBUG:colcon.colcon_parallel_executor.executor.parallel:closing loop
[11.185s] DEBUG:colcon.colcon_parallel_executor.executor.parallel:loop closed
[11.185s] DEBUG:colcon.colcon_parallel_executor.executor.parallel:run_until_complete finished with '0'
[11.185s] DEBUG:colcon.colcon_core.event_reactor:joining thread
[11.195s] INFO:colcon.colcon_core.plugin_system:Skipping extension 'colcon_notification.desktop_notification.terminal_notifier': Not used on non-Darwin systems
[11.196s] INFO:colcon.colcon_core.plugin_system:Skipping extension 'colcon_notification.desktop_notification.win32': Not used on non-Windows systems
[11.196s] INFO:colcon.colcon_notification.desktop_notification:Sending desktop notification using 'notify2'
[11.216s] DEBUG:colcon.colcon_core.event_reactor:joined thread
[11.216s] INFO:colcon.colcon_core.shell:Creating prefix script '/home/ake/A.Ke/A.Ke_project/final_project/src/detect_final/install/local_setup.ps1'
[11.219s] INFO:colcon.colcon_core.shell:Creating prefix util module '/home/ake/A.Ke/A.Ke_project/final_project/src/detect_final/install/_local_setup_util_ps1.py'
[11.221s] INFO:colcon.colcon_core.shell:Creating prefix chain script '/home/ake/A.Ke/A.Ke_project/final_project/src/detect_final/install/setup.ps1'
[11.224s] INFO:colcon.colcon_core.shell:Creating prefix script '/home/ake/A.Ke/A.Ke_project/final_project/src/detect_final/install/local_setup.sh'
[11.226s] INFO:colcon.colcon_core.shell:Creating prefix util module '/home/ake/A.Ke/A.Ke_project/final_project/src/detect_final/install/_local_setup_util_sh.py'
[11.227s] INFO:colcon.colcon_core.shell:Creating prefix chain script '/home/ake/A.Ke/A.Ke_project/final_project/src/detect_final/install/setup.sh'
[11.229s] INFO:colcon.colcon_core.shell:Creating prefix script '/home/ake/A.Ke/A.Ke_project/final_project/src/detect_final/install/local_setup.bash'
[11.231s] INFO:colcon.colcon_core.shell:Creating prefix chain script '/home/ake/A.Ke/A.Ke_project/final_project/src/detect_final/install/setup.bash'
[11.232s] INFO:colcon.colcon_core.shell:Creating prefix script '/home/ake/A.Ke/A.Ke_project/final_project/src/detect_final/install/local_setup.zsh'
[11.234s] INFO:colcon.colcon_core.shell:Creating prefix chain script '/home/ake/A.Ke/A.Ke_project/final_project/src/detect_final/install/setup.zsh'
