[0.137s] DEBUG:colcon:Command line arguments: ['/usr/bin/colcon', 'build', '--packages-select', 'learning_tf2_cpp']
[0.137s] DEBUG:colcon:Parsed command line arguments: Namespace(log_base=None, log_level=None, verb_name='build', build_base='build', install_base='install', merge_install=False, symlink_install=False, test_result_base=None, continue_on_error=False, executor='parallel', parallel_workers=2, event_handlers=None, ignore_user_meta=False, metas=['./colcon.meta'], base_paths=['.'], packages_ignore=None, packages_ignore_regex=None, paths=None, packages_up_to=None, packages_up_to_regex=None, packages_above=None, packages_above_and_dependencies=None, packages_above_depth=None, packages_select_by_dep=None, packages_skip_by_dep=None, packages_skip_up_to=None, packages_select_build_failed=False, packages_skip_build_finished=False, packages_select_test_failures=False, packages_skip_test_passed=False, packages_select=['learning_tf2_cpp'], packages_skip=None, packages_select_regex=None, packages_skip_regex=None, packages_start=None, packages_end=None, allow_overriding=[], cmake_args=None, cmake_target=None, cmake_target_skip_unavailable=False, cmake_clean_cache=False, cmake_clean_first=False, cmake_force_configure=False, ament_cmake_args=None, catkin_cmake_args=None, catkin_skip_building_tests=False, verb_parser=<colcon_defaults.argument_parser.defaults.DefaultArgumentsDecorator object at 0x7fd0e2b67f40>, verb_extension=<colcon_core.verb.build.BuildVerb object at 0x7fd0e2b67a30>, main=<bound method BuildVerb.main of <colcon_core.verb.build.BuildVerb object at 0x7fd0e2b67a30>>)
[0.354s] Level 1:colcon.colcon_core.package_discovery:discover_packages(colcon_meta) check parameters
[0.354s] Level 1:colcon.colcon_core.package_discovery:discover_packages(recursive) check parameters
[0.354s] Level 1:colcon.colcon_core.package_discovery:discover_packages(ignore) check parameters
[0.354s] Level 1:colcon.colcon_core.package_discovery:discover_packages(path) check parameters
[0.354s] Level 1:colcon.colcon_core.package_discovery:discover_packages(colcon_meta) discover
[0.354s] Level 1:colcon.colcon_core.package_discovery:discover_packages(recursive) discover
[0.354s] INFO:colcon.colcon_core.package_discovery:Crawling recursively for packages in '/home/ake/桌面/ros2_ws'
[0.355s] Level 1:colcon.colcon_core.package_identification:_identify(.) by extensions ['ignore', 'ignore_ament_install']
[0.356s] Level 1:colcon.colcon_core.package_identification:_identify(.) by extension 'ignore'
[0.356s] Level 1:colcon.colcon_core.package_identification:_identify(.) by extension 'ignore_ament_install'
[0.356s] Level 1:colcon.colcon_core.package_identification:_identify(.) by extensions ['colcon_pkg']
[0.356s] Level 1:colcon.colcon_core.package_identification:_identify(.) by extension 'colcon_pkg'
[0.356s] Level 1:colcon.colcon_core.package_identification:_identify(.) by extensions ['colcon_meta']
[0.356s] Level 1:colcon.colcon_core.package_identification:_identify(.) by extension 'colcon_meta'
[0.356s] Level 1:colcon.colcon_core.package_identification:_identify(.) by extensions ['ros']
[0.357s] Level 1:colcon.colcon_core.package_identification:_identify(.) by extension 'ros'
[0.372s] Level 1:colcon.colcon_core.package_identification:_identify(.) by extensions ['cmake', 'python']
[0.372s] Level 1:colcon.colcon_core.package_identification:_identify(.) by extension 'cmake'
[0.372s] Level 1:colcon.colcon_core.package_identification:_identify(.) by extension 'python'
[0.373s] Level 1:colcon.colcon_core.package_identification:_identify(.) by extensions ['python_setup_py']
[0.373s] Level 1:colcon.colcon_core.package_identification:_identify(.) by extension 'python_setup_py'
[0.373s] Level 1:colcon.colcon_core.package_identification:_identify(build) by extensions ['ignore', 'ignore_ament_install']
[0.373s] Level 1:colcon.colcon_core.package_identification:_identify(build) by extension 'ignore'
[0.373s] Level 1:colcon.colcon_core.package_identification:_identify(build) ignored
[0.373s] Level 1:colcon.colcon_core.package_identification:_identify(install) by extensions ['ignore', 'ignore_ament_install']
[0.374s] Level 1:colcon.colcon_core.package_identification:_identify(install) by extension 'ignore'
[0.374s] Level 1:colcon.colcon_core.package_identification:_identify(install) ignored
[0.374s] Level 1:colcon.colcon_core.package_identification:_identify(log) by extensions ['ignore', 'ignore_ament_install']
[0.374s] Level 1:colcon.colcon_core.package_identification:_identify(log) by extension 'ignore'
[0.374s] Level 1:colcon.colcon_core.package_identification:_identify(log) ignored
[0.374s] Level 1:colcon.colcon_core.package_identification:_identify(src) by extensions ['ignore', 'ignore_ament_install']
[0.374s] Level 1:colcon.colcon_core.package_identification:_identify(src) by extension 'ignore'
[0.374s] Level 1:colcon.colcon_core.package_identification:_identify(src) by extension 'ignore_ament_install'
[0.374s] Level 1:colcon.colcon_core.package_identification:_identify(src) by extensions ['colcon_pkg']
[0.374s] Level 1:colcon.colcon_core.package_identification:_identify(src) by extension 'colcon_pkg'
[0.374s] Level 1:colcon.colcon_core.package_identification:_identify(src) by extensions ['colcon_meta']
[0.375s] Level 1:colcon.colcon_core.package_identification:_identify(src) by extension 'colcon_meta'
[0.375s] Level 1:colcon.colcon_core.package_identification:_identify(src) by extensions ['ros']
[0.375s] Level 1:colcon.colcon_core.package_identification:_identify(src) by extension 'ros'
[0.375s] Level 1:colcon.colcon_core.package_identification:_identify(src) by extensions ['cmake', 'python']
[0.375s] Level 1:colcon.colcon_core.package_identification:_identify(src) by extension 'cmake'
[0.375s] Level 1:colcon.colcon_core.package_identification:_identify(src) by extension 'python'
[0.375s] Level 1:colcon.colcon_core.package_identification:_identify(src) by extensions ['python_setup_py']
[0.375s] Level 1:colcon.colcon_core.package_identification:_identify(src) by extension 'python_setup_py'
[0.375s] Level 1:colcon.colcon_core.package_identification:_identify(src/learning_tf2_cpp) by extensions ['ignore', 'ignore_ament_install']
[0.376s] Level 1:colcon.colcon_core.package_identification:_identify(src/learning_tf2_cpp) by extension 'ignore'
[0.376s] Level 1:colcon.colcon_core.package_identification:_identify(src/learning_tf2_cpp) by extension 'ignore_ament_install'
[0.376s] Level 1:colcon.colcon_core.package_identification:_identify(src/learning_tf2_cpp) by extensions ['colcon_pkg']
[0.376s] Level 1:colcon.colcon_core.package_identification:_identify(src/learning_tf2_cpp) by extension 'colcon_pkg'
[0.376s] Level 1:colcon.colcon_core.package_identification:_identify(src/learning_tf2_cpp) by extensions ['colcon_meta']
[0.376s] Level 1:colcon.colcon_core.package_identification:_identify(src/learning_tf2_cpp) by extension 'colcon_meta'
[0.376s] Level 1:colcon.colcon_core.package_identification:_identify(src/learning_tf2_cpp) by extensions ['ros']
[0.376s] Level 1:colcon.colcon_core.package_identification:_identify(src/learning_tf2_cpp) by extension 'ros'
[0.379s] DEBUG:colcon.colcon_core.package_identification:Package 'src/learning_tf2_cpp' with type 'ros.ament_cmake' and name 'learning_tf2_cpp'
[0.379s] Level 1:colcon.colcon_core.package_discovery:discover_packages(recursive) using defaults
[0.379s] Level 1:colcon.colcon_core.package_discovery:discover_packages(ignore) discover
[0.379s] Level 1:colcon.colcon_core.package_discovery:discover_packages(ignore) using defaults
[0.380s] Level 1:colcon.colcon_core.package_discovery:discover_packages(path) discover
[0.380s] Level 1:colcon.colcon_core.package_discovery:discover_packages(path) using defaults
[0.405s] Level 1:colcon.colcon_core.package_discovery:discover_packages(prefix_path) check parameters
[0.405s] Level 1:colcon.colcon_core.package_discovery:discover_packages(prefix_path) discover
[0.410s] DEBUG:colcon.colcon_installed_package_information.package_discovery:Found 328 installed packages in /opt/ros/humble
[0.412s] Level 1:colcon.colcon_core.package_discovery:discover_packages(prefix_path) using defaults
[0.505s] Level 5:colcon.colcon_core.verb:set package 'learning_tf2_cpp' build argument 'cmake_args' from command line to 'None'
[0.505s] Level 5:colcon.colcon_core.verb:set package 'learning_tf2_cpp' build argument 'cmake_target' from command line to 'None'
[0.505s] Level 5:colcon.colcon_core.verb:set package 'learning_tf2_cpp' build argument 'cmake_target_skip_unavailable' from command line to 'False'
[0.505s] Level 5:colcon.colcon_core.verb:set package 'learning_tf2_cpp' build argument 'cmake_clean_cache' from command line to 'False'
[0.505s] Level 5:colcon.colcon_core.verb:set package 'learning_tf2_cpp' build argument 'cmake_clean_first' from command line to 'False'
[0.505s] Level 5:colcon.colcon_core.verb:set package 'learning_tf2_cpp' build argument 'cmake_force_configure' from command line to 'False'
[0.505s] Level 5:colcon.colcon_core.verb:set package 'learning_tf2_cpp' build argument 'ament_cmake_args' from command line to 'None'
[0.505s] Level 5:colcon.colcon_core.verb:set package 'learning_tf2_cpp' build argument 'catkin_cmake_args' from command line to 'None'
[0.506s] Level 5:colcon.colcon_core.verb:set package 'learning_tf2_cpp' build argument 'catkin_skip_building_tests' from command line to 'False'
[0.506s] DEBUG:colcon.colcon_core.verb:Building package 'learning_tf2_cpp' with the following arguments: {'ament_cmake_args': None, 'build_base': '/home/ake/桌面/ros2_ws/build/learning_tf2_cpp', 'catkin_cmake_args': None, 'catkin_skip_building_tests': False, 'cmake_args': None, 'cmake_clean_cache': False, 'cmake_clean_first': False, 'cmake_force_configure': False, 'cmake_target': None, 'cmake_target_skip_unavailable': False, 'install_base': '/home/ake/桌面/ros2_ws/install/learning_tf2_cpp', 'merge_install': False, 'path': '/home/ake/桌面/ros2_ws/src/learning_tf2_cpp', 'symlink_install': False, 'test_result_base': None}
[0.506s] INFO:colcon.colcon_core.executor:Executing jobs using 'parallel' executor
[0.507s] DEBUG:colcon.colcon_parallel_executor.executor.parallel:run_until_complete
[0.507s] INFO:colcon.colcon_ros.task.ament_cmake.build:Building ROS package in '/home/ake/桌面/ros2_ws/src/learning_tf2_cpp' with build type 'ament_cmake'
[0.508s] INFO:colcon.colcon_cmake.task.cmake.build:Building CMake package in '/home/ake/桌面/ros2_ws/src/learning_tf2_cpp'
[0.511s] INFO:colcon.colcon_core.plugin_system:Skipping extension 'colcon_core.shell.bat': Not used on non-Windows systems
[0.511s] INFO:colcon.colcon_core.shell:Skip shell extension 'powershell' for command environment: Not usable outside of PowerShell
[0.511s] DEBUG:colcon.colcon_core.shell:Skip shell extension 'dsv' for command environment
[0.550s] DEBUG:colcon.colcon_core.event_handler.log_command:Invoking command in '/home/ake/桌面/ros2_ws/build/learning_tf2_cpp': CMAKE_PREFIX_PATH=/opt/ros/humble /usr/bin/cmake --build /home/ake/桌面/ros2_ws/build/learning_tf2_cpp -- -j2 -l2
[17.675s] DEBUG:colcon.colcon_core.event_handler.log_command:Invoked command in '/home/ake/桌面/ros2_ws/build/learning_tf2_cpp' returned '0': CMAKE_PREFIX_PATH=/opt/ros/humble /usr/bin/cmake --build /home/ake/桌面/ros2_ws/build/learning_tf2_cpp -- -j2 -l2
[17.798s] DEBUG:colcon.colcon_core.event_handler.log_command:Invoking command in '/home/ake/桌面/ros2_ws/build/learning_tf2_cpp': CMAKE_PREFIX_PATH=/opt/ros/humble /usr/bin/cmake --install /home/ake/桌面/ros2_ws/build/learning_tf2_cpp
[17.827s] Level 1:colcon.colcon_core.environment:create_environment_scripts_only(learning_tf2_cpp)
[17.830s] Level 1:colcon.colcon_core.environment:checking '/home/ake/桌面/ros2_ws/install/learning_tf2_cpp' for CMake module files
[17.831s] DEBUG:colcon.colcon_core.event_handler.log_command:Invoked command in '/home/ake/桌面/ros2_ws/build/learning_tf2_cpp' returned '0': CMAKE_PREFIX_PATH=/opt/ros/humble /usr/bin/cmake --install /home/ake/桌面/ros2_ws/build/learning_tf2_cpp
[17.843s] Level 1:colcon.colcon_core.environment:checking '/home/ake/桌面/ros2_ws/install/learning_tf2_cpp' for CMake config files
[17.843s] Level 1:colcon.colcon_core.shell:create_environment_hook('learning_tf2_cpp', 'cmake_prefix_path')
[17.844s] INFO:colcon.colcon_core.shell:Creating environment hook '/home/ake/桌面/ros2_ws/install/learning_tf2_cpp/share/learning_tf2_cpp/hook/cmake_prefix_path.ps1'
[17.850s] INFO:colcon.colcon_core.shell:Creating environment descriptor '/home/ake/桌面/ros2_ws/install/learning_tf2_cpp/share/learning_tf2_cpp/hook/cmake_prefix_path.dsv'
[17.852s] INFO:colcon.colcon_core.shell:Creating environment hook '/home/ake/桌面/ros2_ws/install/learning_tf2_cpp/share/learning_tf2_cpp/hook/cmake_prefix_path.sh'
[17.856s] Level 1:colcon.colcon_core.environment:checking '/home/ake/桌面/ros2_ws/install/learning_tf2_cpp/lib'
[17.856s] Level 1:colcon.colcon_core.environment:checking '/home/ake/桌面/ros2_ws/install/learning_tf2_cpp/bin'
[17.856s] Level 1:colcon.colcon_core.environment:checking '/home/ake/桌面/ros2_ws/install/learning_tf2_cpp/lib/pkgconfig/learning_tf2_cpp.pc'
[17.857s] Level 1:colcon.colcon_core.environment:checking '/home/ake/桌面/ros2_ws/install/learning_tf2_cpp/lib/python3.10/site-packages'
[17.857s] Level 1:colcon.colcon_core.environment:checking '/home/ake/桌面/ros2_ws/install/learning_tf2_cpp/bin'
[17.857s] INFO:colcon.colcon_core.shell:Creating package script '/home/ake/桌面/ros2_ws/install/learning_tf2_cpp/share/learning_tf2_cpp/package.ps1'
[17.859s] INFO:colcon.colcon_core.shell:Creating package descriptor '/home/ake/桌面/ros2_ws/install/learning_tf2_cpp/share/learning_tf2_cpp/package.dsv'
[17.860s] INFO:colcon.colcon_core.shell:Creating package script '/home/ake/桌面/ros2_ws/install/learning_tf2_cpp/share/learning_tf2_cpp/package.sh'
[17.861s] INFO:colcon.colcon_core.shell:Creating package script '/home/ake/桌面/ros2_ws/install/learning_tf2_cpp/share/learning_tf2_cpp/package.bash'
[17.861s] INFO:colcon.colcon_core.shell:Creating package script '/home/ake/桌面/ros2_ws/install/learning_tf2_cpp/share/learning_tf2_cpp/package.zsh'
[17.862s] Level 1:colcon.colcon_core.environment:create_file_with_runtime_dependencies(/home/ake/桌面/ros2_ws/install/learning_tf2_cpp/share/colcon-core/packages/learning_tf2_cpp)
[18.001s] Level 1:colcon.colcon_core.environment:create_environment_scripts_only(learning_tf2_cpp)
[18.002s] Level 1:colcon.colcon_core.environment:checking '/home/ake/桌面/ros2_ws/install/learning_tf2_cpp' for CMake module files
[18.003s] Level 1:colcon.colcon_core.environment:checking '/home/ake/桌面/ros2_ws/install/learning_tf2_cpp' for CMake config files
[18.003s] Level 1:colcon.colcon_core.shell:create_environment_hook('learning_tf2_cpp', 'cmake_prefix_path')
[18.003s] INFO:colcon.colcon_core.shell:Creating environment hook '/home/ake/桌面/ros2_ws/install/learning_tf2_cpp/share/learning_tf2_cpp/hook/cmake_prefix_path.ps1'
[18.005s] INFO:colcon.colcon_core.shell:Creating environment descriptor '/home/ake/桌面/ros2_ws/install/learning_tf2_cpp/share/learning_tf2_cpp/hook/cmake_prefix_path.dsv'
[18.006s] INFO:colcon.colcon_core.shell:Creating environment hook '/home/ake/桌面/ros2_ws/install/learning_tf2_cpp/share/learning_tf2_cpp/hook/cmake_prefix_path.sh'
[18.007s] Level 1:colcon.colcon_core.environment:checking '/home/ake/桌面/ros2_ws/install/learning_tf2_cpp/lib'
[18.007s] Level 1:colcon.colcon_core.environment:checking '/home/ake/桌面/ros2_ws/install/learning_tf2_cpp/bin'
[18.007s] Level 1:colcon.colcon_core.environment:checking '/home/ake/桌面/ros2_ws/install/learning_tf2_cpp/lib/pkgconfig/learning_tf2_cpp.pc'
[18.008s] Level 1:colcon.colcon_core.environment:checking '/home/ake/桌面/ros2_ws/install/learning_tf2_cpp/lib/python3.10/site-packages'
[18.008s] Level 1:colcon.colcon_core.environment:checking '/home/ake/桌面/ros2_ws/install/learning_tf2_cpp/bin'
[18.008s] INFO:colcon.colcon_core.shell:Creating package script '/home/ake/桌面/ros2_ws/install/learning_tf2_cpp/share/learning_tf2_cpp/package.ps1'
[18.009s] INFO:colcon.colcon_core.shell:Creating package descriptor '/home/ake/桌面/ros2_ws/install/learning_tf2_cpp/share/learning_tf2_cpp/package.dsv'
[18.010s] INFO:colcon.colcon_core.shell:Creating package script '/home/ake/桌面/ros2_ws/install/learning_tf2_cpp/share/learning_tf2_cpp/package.sh'
[18.011s] INFO:colcon.colcon_core.shell:Creating package script '/home/ake/桌面/ros2_ws/install/learning_tf2_cpp/share/learning_tf2_cpp/package.bash'
[18.011s] INFO:colcon.colcon_core.shell:Creating package script '/home/ake/桌面/ros2_ws/install/learning_tf2_cpp/share/learning_tf2_cpp/package.zsh'
[18.012s] Level 1:colcon.colcon_core.environment:create_file_with_runtime_dependencies(/home/ake/桌面/ros2_ws/install/learning_tf2_cpp/share/colcon-core/packages/learning_tf2_cpp)
[18.019s] DEBUG:colcon.colcon_parallel_executor.executor.parallel:closing loop
[18.019s] DEBUG:colcon.colcon_parallel_executor.executor.parallel:loop closed
[18.019s] DEBUG:colcon.colcon_parallel_executor.executor.parallel:run_until_complete finished with '0'
[18.019s] DEBUG:colcon.colcon_core.event_reactor:joining thread
[18.027s] INFO:colcon.colcon_core.plugin_system:Skipping extension 'colcon_notification.desktop_notification.terminal_notifier': Not used on non-Darwin systems
[18.038s] INFO:colcon.colcon_core.plugin_system:Skipping extension 'colcon_notification.desktop_notification.win32': Not used on non-Windows systems
[18.038s] INFO:colcon.colcon_notification.desktop_notification:Sending desktop notification using 'notify2'
[18.063s] DEBUG:colcon.colcon_core.event_reactor:joined thread
[18.063s] INFO:colcon.colcon_core.shell:Creating prefix script '/home/ake/桌面/ros2_ws/install/local_setup.ps1'
[18.064s] INFO:colcon.colcon_core.shell:Creating prefix util module '/home/ake/桌面/ros2_ws/install/_local_setup_util_ps1.py'
[18.066s] INFO:colcon.colcon_core.shell:Creating prefix chain script '/home/ake/桌面/ros2_ws/install/setup.ps1'
[18.072s] INFO:colcon.colcon_core.shell:Creating prefix script '/home/ake/桌面/ros2_ws/install/local_setup.sh'
[18.072s] INFO:colcon.colcon_core.shell:Creating prefix util module '/home/ake/桌面/ros2_ws/install/_local_setup_util_sh.py'
[18.073s] INFO:colcon.colcon_core.shell:Creating prefix chain script '/home/ake/桌面/ros2_ws/install/setup.sh'
[18.078s] INFO:colcon.colcon_core.shell:Creating prefix script '/home/ake/桌面/ros2_ws/install/local_setup.bash'
[18.079s] INFO:colcon.colcon_core.shell:Creating prefix chain script '/home/ake/桌面/ros2_ws/install/setup.bash'
[18.083s] INFO:colcon.colcon_core.shell:Creating prefix script '/home/ake/桌面/ros2_ws/install/local_setup.zsh'
[18.085s] INFO:colcon.colcon_core.shell:Creating prefix chain script '/home/ake/桌面/ros2_ws/install/setup.zsh'
