[0.029s] Invoking command in '/home/ake/A.Ke/A.Ke_project/final_project/src/basketball_final/build/basketball_final': CMAKE_PREFIX_PATH=/opt/ros/humble CONDA_PROMPT_MODIFIER=(base) /usr/bin/cmake --build /home/ake/A.Ke/A.Ke_project/final_project/src/basketball_final/build/basketball_final -- -j2 -l2
[0.760s] [ 50%] [32mBuilding CXX object CMakeFiles/basketball_final.dir/src/basketball_final.cpp.o[0m
[10.945s] [100%] [32m[1mLinking CXX executable basketball_final[0m
[14.182s] [100%] Built target basketball_final
[14.195s] Invoked command in '/home/ake/A.Ke/A.Ke_project/final_project/src/basketball_final/build/basketball_final' returned '0': CMAKE_PREFIX_PATH=/opt/ros/humble CONDA_PROMPT_MODIFIER=(base) /usr/bin/cmake --build /home/ake/A.Ke/A.Ke_project/final_project/src/basketball_final/build/basketball_final -- -j2 -l2
[14.234s] Invoking command in '/home/ake/A.Ke/A.Ke_project/final_project/src/basketball_final/build/basketball_final': CMAKE_PREFIX_PATH=/opt/ros/humble CONDA_PROMPT_MODIFIER=(base) /usr/bin/cmake --install /home/ake/A.Ke/A.Ke_project/final_project/src/basketball_final/build/basketball_final
[14.241s] -- Install configuration: ""
[14.241s] -- Installing: /home/ake/A.Ke/A.Ke_project/final_project/src/basketball_final/install/basketball_final/lib/basketball_final/basketball_final
[14.243s] -- Set runtime path of "/home/ake/A.Ke/A.Ke_project/final_project/src/basketball_final/install/basketball_final/lib/basketball_final/basketball_final" to ""
[14.243s] -- Installing: /home/ake/A.Ke/A.Ke_project/final_project/src/basketball_final/install/basketball_final/share/ament_index/resource_index/package_run_dependencies/basketball_final
[14.244s] -- Installing: /home/ake/A.Ke/A.Ke_project/final_project/src/basketball_final/install/basketball_final/share/ament_index/resource_index/parent_prefix_path/basketball_final
[14.244s] -- Installing: /home/ake/A.Ke/A.Ke_project/final_project/src/basketball_final/install/basketball_final/share/basketball_final/environment/ament_prefix_path.sh
[14.245s] -- Installing: /home/ake/A.Ke/A.Ke_project/final_project/src/basketball_final/install/basketball_final/share/basketball_final/environment/ament_prefix_path.dsv
[14.245s] -- Installing: /home/ake/A.Ke/A.Ke_project/final_project/src/basketball_final/install/basketball_final/share/basketball_final/environment/path.sh
[14.245s] -- Installing: /home/ake/A.Ke/A.Ke_project/final_project/src/basketball_final/install/basketball_final/share/basketball_final/environment/path.dsv
[14.246s] -- Installing: /home/ake/A.Ke/A.Ke_project/final_project/src/basketball_final/install/basketball_final/share/basketball_final/local_setup.bash
[14.246s] -- Installing: /home/ake/A.Ke/A.Ke_project/final_project/src/basketball_final/install/basketball_final/share/basketball_final/local_setup.sh
[14.247s] -- Installing: /home/ake/A.Ke/A.Ke_project/final_project/src/basketball_final/install/basketball_final/share/basketball_final/local_setup.zsh
[14.247s] -- Installing: /home/ake/A.Ke/A.Ke_project/final_project/src/basketball_final/install/basketball_final/share/basketball_final/local_setup.dsv
[14.248s] -- Up-to-date: /home/ake/A.Ke/A.Ke_project/final_project/src/basketball_final/install/basketball_final/share/basketball_final/package.dsv
[14.248s] -- Installing: /home/ake/A.Ke/A.Ke_project/final_project/src/basketball_final/install/basketball_final/share/ament_index/resource_index/packages/basketball_final
[14.248s] -- Installing: /home/ake/A.Ke/A.Ke_project/final_project/src/basketball_final/install/basketball_final/share/basketball_final/cmake/basketball_finalConfig.cmake
[14.249s] -- Installing: /home/ake/A.Ke/A.Ke_project/final_project/src/basketball_final/install/basketball_final/share/basketball_final/cmake/basketball_finalConfig-version.cmake
[14.249s] -- Installing: /home/ake/A.Ke/A.Ke_project/final_project/src/basketball_final/install/basketball_final/share/basketball_final/package.xml
[14.252s] Invoked command in '/home/ake/A.Ke/A.Ke_project/final_project/src/basketball_final/build/basketball_final' returned '0': CMAKE_PREFIX_PATH=/opt/ros/humble CONDA_PROMPT_MODIFIER=(base) /usr/bin/cmake --install /home/ake/A.Ke/A.Ke_project/final_project/src/basketball_final/build/basketball_final
