[0.148s] DEBUG:colcon:Command line arguments: ['/usr/bin/colcon', 'build']
[0.148s] DEBUG:colcon:Parsed command line arguments: Namespace(log_base=None, log_level=None, verb_name='build', build_base='build', install_base='install', merge_install=False, symlink_install=False, test_result_base=None, continue_on_error=False, executor='parallel', parallel_workers=2, event_handlers=None, ignore_user_meta=False, metas=['./colcon.meta'], base_paths=['.'], packages_ignore=None, packages_ignore_regex=None, paths=None, packages_up_to=None, packages_up_to_regex=None, packages_above=None, packages_above_and_dependencies=None, packages_above_depth=None, packages_select_by_dep=None, packages_skip_by_dep=None, packages_skip_up_to=None, packages_select_build_failed=False, packages_skip_build_finished=False, packages_select_test_failures=False, packages_skip_test_passed=False, packages_select=None, packages_skip=None, packages_select_regex=None, packages_skip_regex=None, packages_start=None, packages_end=None, allow_overriding=[], cmake_args=None, cmake_target=None, cmake_target_skip_unavailable=False, cmake_clean_cache=False, cmake_clean_first=False, cmake_force_configure=False, ament_cmake_args=None, catkin_cmake_args=None, catkin_skip_building_tests=False, verb_parser=<colcon_defaults.argument_parser.defaults.DefaultArgumentsDecorator object at 0x70ad30f50940>, verb_extension=<colcon_core.verb.build.BuildVerb object at 0x70ad30f50430>, main=<bound method BuildVerb.main of <colcon_core.verb.build.BuildVerb object at 0x70ad30f50430>>)
[0.331s] Level 1:colcon.colcon_core.package_discovery:discover_packages(colcon_meta) check parameters
[0.331s] Level 1:colcon.colcon_core.package_discovery:discover_packages(recursive) check parameters
[0.331s] Level 1:colcon.colcon_core.package_discovery:discover_packages(ignore) check parameters
[0.331s] Level 1:colcon.colcon_core.package_discovery:discover_packages(path) check parameters
[0.331s] Level 1:colcon.colcon_core.package_discovery:discover_packages(colcon_meta) discover
[0.332s] Level 1:colcon.colcon_core.package_discovery:discover_packages(recursive) discover
[0.332s] INFO:colcon.colcon_core.package_discovery:Crawling recursively for packages in '/home/ake/A.Ke/A.Ke_project'
[0.332s] Level 1:colcon.colcon_core.package_identification:_identify(.) by extensions ['ignore', 'ignore_ament_install']
[0.332s] Level 1:colcon.colcon_core.package_identification:_identify(.) by extension 'ignore'
[0.332s] Level 1:colcon.colcon_core.package_identification:_identify(.) by extension 'ignore_ament_install'
[0.332s] Level 1:colcon.colcon_core.package_identification:_identify(.) by extensions ['colcon_pkg']
[0.332s] Level 1:colcon.colcon_core.package_identification:_identify(.) by extension 'colcon_pkg'
[0.332s] Level 1:colcon.colcon_core.package_identification:_identify(.) by extensions ['colcon_meta']
[0.332s] Level 1:colcon.colcon_core.package_identification:_identify(.) by extension 'colcon_meta'
[0.332s] Level 1:colcon.colcon_core.package_identification:_identify(.) by extensions ['ros']
[0.332s] Level 1:colcon.colcon_core.package_identification:_identify(.) by extension 'ros'
[0.347s] Level 1:colcon.colcon_core.package_identification:_identify(.) by extensions ['cmake', 'python']
[0.347s] Level 1:colcon.colcon_core.package_identification:_identify(.) by extension 'cmake'
[0.347s] Level 1:colcon.colcon_core.package_identification:_identify(.) by extension 'python'
[0.347s] Level 1:colcon.colcon_core.package_identification:_identify(.) by extensions ['python_setup_py']
[0.347s] Level 1:colcon.colcon_core.package_identification:_identify(.) by extension 'python_setup_py'
[0.347s] Level 1:colcon.colcon_core.package_identification:_identify(armor_yolov8) by extensions ['ignore', 'ignore_ament_install']
[0.347s] Level 1:colcon.colcon_core.package_identification:_identify(armor_yolov8) by extension 'ignore'
[0.347s] Level 1:colcon.colcon_core.package_identification:_identify(armor_yolov8) by extension 'ignore_ament_install'
[0.347s] Level 1:colcon.colcon_core.package_identification:_identify(armor_yolov8) by extensions ['colcon_pkg']
[0.347s] Level 1:colcon.colcon_core.package_identification:_identify(armor_yolov8) by extension 'colcon_pkg'
[0.347s] Level 1:colcon.colcon_core.package_identification:_identify(armor_yolov8) by extensions ['colcon_meta']
[0.347s] Level 1:colcon.colcon_core.package_identification:_identify(armor_yolov8) by extension 'colcon_meta'
[0.347s] Level 1:colcon.colcon_core.package_identification:_identify(armor_yolov8) by extensions ['ros']
[0.347s] Level 1:colcon.colcon_core.package_identification:_identify(armor_yolov8) by extension 'ros'
[0.357s] DEBUG:colcon.colcon_core.package_identification:Package 'armor_yolov8' with type 'ros.ament_cmake' and name 'armor_yolov8'
[0.357s] Level 1:colcon.colcon_core.package_identification:_identify(build) by extensions ['ignore', 'ignore_ament_install']
[0.357s] Level 1:colcon.colcon_core.package_identification:_identify(build) by extension 'ignore'
[0.357s] Level 1:colcon.colcon_core.package_identification:_identify(build) ignored
[0.357s] Level 1:colcon.colcon_core.package_identification:_identify(cam_PnP) by extensions ['ignore', 'ignore_ament_install']
[0.357s] Level 1:colcon.colcon_core.package_identification:_identify(cam_PnP) by extension 'ignore'
[0.357s] Level 1:colcon.colcon_core.package_identification:_identify(cam_PnP) by extension 'ignore_ament_install'
[0.357s] Level 1:colcon.colcon_core.package_identification:_identify(cam_PnP) by extensions ['colcon_pkg']
[0.358s] Level 1:colcon.colcon_core.package_identification:_identify(cam_PnP) by extension 'colcon_pkg'
[0.358s] Level 1:colcon.colcon_core.package_identification:_identify(cam_PnP) by extensions ['colcon_meta']
[0.358s] Level 1:colcon.colcon_core.package_identification:_identify(cam_PnP) by extension 'colcon_meta'
[0.358s] Level 1:colcon.colcon_core.package_identification:_identify(cam_PnP) by extensions ['ros']
[0.358s] Level 1:colcon.colcon_core.package_identification:_identify(cam_PnP) by extension 'ros'
[0.372s] DEBUG:colcon.colcon_core.package_identification:Package 'cam_PnP' with type 'ros.ament_cmake' and name 'cam_PnP'
[0.373s] Level 1:colcon.colcon_core.package_identification:_identify(camera_calibration) by extensions ['ignore', 'ignore_ament_install']
[0.373s] Level 1:colcon.colcon_core.package_identification:_identify(camera_calibration) by extension 'ignore'
[0.373s] Level 1:colcon.colcon_core.package_identification:_identify(camera_calibration) by extension 'ignore_ament_install'
[0.373s] Level 1:colcon.colcon_core.package_identification:_identify(camera_calibration) by extensions ['colcon_pkg']
[0.373s] Level 1:colcon.colcon_core.package_identification:_identify(camera_calibration) by extension 'colcon_pkg'
[0.373s] Level 1:colcon.colcon_core.package_identification:_identify(camera_calibration) by extensions ['colcon_meta']
[0.373s] Level 1:colcon.colcon_core.package_identification:_identify(camera_calibration) by extension 'colcon_meta'
[0.373s] Level 1:colcon.colcon_core.package_identification:_identify(camera_calibration) by extensions ['ros']
[0.373s] Level 1:colcon.colcon_core.package_identification:_identify(camera_calibration) by extension 'ros'
[0.383s] DEBUG:colcon.colcon_core.package_identification:Package 'camera_calibration' with type 'ros.ament_cmake' and name 'camera_calibration'
[0.383s] Level 1:colcon.colcon_core.package_identification:_identify(detector_opencv) by extensions ['ignore', 'ignore_ament_install']
[0.383s] Level 1:colcon.colcon_core.package_identification:_identify(detector_opencv) by extension 'ignore'
[0.383s] Level 1:colcon.colcon_core.package_identification:_identify(detector_opencv) by extension 'ignore_ament_install'
[0.384s] Level 1:colcon.colcon_core.package_identification:_identify(detector_opencv) by extensions ['colcon_pkg']
[0.384s] Level 1:colcon.colcon_core.package_identification:_identify(detector_opencv) by extension 'colcon_pkg'
[0.384s] Level 1:colcon.colcon_core.package_identification:_identify(detector_opencv) by extensions ['colcon_meta']
[0.384s] Level 1:colcon.colcon_core.package_identification:_identify(detector_opencv) by extension 'colcon_meta'
[0.384s] Level 1:colcon.colcon_core.package_identification:_identify(detector_opencv) by extensions ['ros']
[0.384s] Level 1:colcon.colcon_core.package_identification:_identify(detector_opencv) by extension 'ros'
[0.393s] DEBUG:colcon.colcon_core.package_identification:Package 'detector_opencv' with type 'ros.ament_cmake' and name 'detector_opencv'
[0.394s] Level 1:colcon.colcon_core.package_identification:_identify(final_project) by extensions ['ignore', 'ignore_ament_install']
[0.394s] Level 1:colcon.colcon_core.package_identification:_identify(final_project) by extension 'ignore'
[0.394s] Level 1:colcon.colcon_core.package_identification:_identify(final_project) by extension 'ignore_ament_install'
[0.394s] Level 1:colcon.colcon_core.package_identification:_identify(final_project) by extensions ['colcon_pkg']
[0.394s] Level 1:colcon.colcon_core.package_identification:_identify(final_project) by extension 'colcon_pkg'
[0.394s] Level 1:colcon.colcon_core.package_identification:_identify(final_project) by extensions ['colcon_meta']
[0.394s] Level 1:colcon.colcon_core.package_identification:_identify(final_project) by extension 'colcon_meta'
[0.394s] Level 1:colcon.colcon_core.package_identification:_identify(final_project) by extensions ['ros']
[0.394s] Level 1:colcon.colcon_core.package_identification:_identify(final_project) by extension 'ros'
[0.405s] DEBUG:colcon.colcon_core.package_identification:Package 'final_project' with type 'ros.ament_cmake' and name 'final_project'
[0.406s] Level 1:colcon.colcon_core.package_identification:_identify(image_change) by extensions ['ignore', 'ignore_ament_install']
[0.406s] Level 1:colcon.colcon_core.package_identification:_identify(image_change) by extension 'ignore'
[0.406s] Level 1:colcon.colcon_core.package_identification:_identify(image_change) by extension 'ignore_ament_install'
[0.408s] Level 1:colcon.colcon_core.package_identification:_identify(image_change) by extensions ['colcon_pkg']
[0.408s] Level 1:colcon.colcon_core.package_identification:_identify(image_change) by extension 'colcon_pkg'
[0.408s] Level 1:colcon.colcon_core.package_identification:_identify(image_change) by extensions ['colcon_meta']
[0.408s] Level 1:colcon.colcon_core.package_identification:_identify(image_change) by extension 'colcon_meta'
[0.408s] Level 1:colcon.colcon_core.package_identification:_identify(image_change) by extensions ['ros']
[0.408s] Level 1:colcon.colcon_core.package_identification:_identify(image_change) by extension 'ros'
[0.421s] DEBUG:colcon.colcon_core.package_identification:Package 'image_change' with type 'ros.ament_cmake' and name 'image_change'
[0.421s] Level 1:colcon.colcon_core.package_identification:_identify(install) by extensions ['ignore', 'ignore_ament_install']
[0.421s] Level 1:colcon.colcon_core.package_identification:_identify(install) by extension 'ignore'
[0.421s] Level 1:colcon.colcon_core.package_identification:_identify(install) ignored
[0.421s] Level 1:colcon.colcon_core.package_identification:_identify(log) by extensions ['ignore', 'ignore_ament_install']
[0.422s] Level 1:colcon.colcon_core.package_identification:_identify(log) by extension 'ignore'
[0.422s] Level 1:colcon.colcon_core.package_identification:_identify(log) ignored
[0.422s] Level 1:colcon.colcon_core.package_identification:_identify(ros-tf2) by extensions ['ignore', 'ignore_ament_install']
[0.422s] Level 1:colcon.colcon_core.package_identification:_identify(ros-tf2) by extension 'ignore'
[0.422s] Level 1:colcon.colcon_core.package_identification:_identify(ros-tf2) by extension 'ignore_ament_install'
[0.422s] Level 1:colcon.colcon_core.package_identification:_identify(ros-tf2) by extensions ['colcon_pkg']
[0.422s] Level 1:colcon.colcon_core.package_identification:_identify(ros-tf2) by extension 'colcon_pkg'
[0.422s] Level 1:colcon.colcon_core.package_identification:_identify(ros-tf2) by extensions ['colcon_meta']
[0.422s] Level 1:colcon.colcon_core.package_identification:_identify(ros-tf2) by extension 'colcon_meta'
[0.422s] Level 1:colcon.colcon_core.package_identification:_identify(ros-tf2) by extensions ['ros']
[0.422s] Level 1:colcon.colcon_core.package_identification:_identify(ros-tf2) by extension 'ros'
[0.422s] Level 1:colcon.colcon_core.package_identification:_identify(ros-tf2) by extensions ['cmake', 'python']
[0.422s] Level 1:colcon.colcon_core.package_identification:_identify(ros-tf2) by extension 'cmake'
[0.422s] Level 1:colcon.colcon_core.package_identification:_identify(ros-tf2) by extension 'python'
[0.423s] Level 1:colcon.colcon_core.package_identification:_identify(ros-tf2) by extensions ['python_setup_py']
[0.423s] Level 1:colcon.colcon_core.package_identification:_identify(ros-tf2) by extension 'python_setup_py'
[0.423s] Level 1:colcon.colcon_core.package_identification:_identify(ros-tf2/build) by extensions ['ignore', 'ignore_ament_install']
[0.423s] Level 1:colcon.colcon_core.package_identification:_identify(ros-tf2/build) by extension 'ignore'
[0.423s] Level 1:colcon.colcon_core.package_identification:_identify(ros-tf2/build) ignored
[0.423s] Level 1:colcon.colcon_core.package_identification:_identify(ros-tf2/install) by extensions ['ignore', 'ignore_ament_install']
[0.423s] Level 1:colcon.colcon_core.package_identification:_identify(ros-tf2/install) by extension 'ignore'
[0.423s] Level 1:colcon.colcon_core.package_identification:_identify(ros-tf2/install) ignored
[0.423s] Level 1:colcon.colcon_core.package_identification:_identify(ros-tf2/log) by extensions ['ignore', 'ignore_ament_install']
[0.423s] Level 1:colcon.colcon_core.package_identification:_identify(ros-tf2/log) by extension 'ignore'
[0.423s] Level 1:colcon.colcon_core.package_identification:_identify(ros-tf2/log) ignored
[0.424s] Level 1:colcon.colcon_core.package_identification:_identify(ros-tf2/src) by extensions ['ignore', 'ignore_ament_install']
[0.424s] Level 1:colcon.colcon_core.package_identification:_identify(ros-tf2/src) by extension 'ignore'
[0.424s] Level 1:colcon.colcon_core.package_identification:_identify(ros-tf2/src) by extension 'ignore_ament_install'
[0.424s] Level 1:colcon.colcon_core.package_identification:_identify(ros-tf2/src) by extensions ['colcon_pkg']
[0.424s] Level 1:colcon.colcon_core.package_identification:_identify(ros-tf2/src) by extension 'colcon_pkg'
[0.424s] Level 1:colcon.colcon_core.package_identification:_identify(ros-tf2/src) by extensions ['colcon_meta']
[0.424s] Level 1:colcon.colcon_core.package_identification:_identify(ros-tf2/src) by extension 'colcon_meta'
[0.424s] Level 1:colcon.colcon_core.package_identification:_identify(ros-tf2/src) by extensions ['ros']
[0.424s] Level 1:colcon.colcon_core.package_identification:_identify(ros-tf2/src) by extension 'ros'
[0.424s] Level 1:colcon.colcon_core.package_identification:_identify(ros-tf2/src) by extensions ['cmake', 'python']
[0.424s] Level 1:colcon.colcon_core.package_identification:_identify(ros-tf2/src) by extension 'cmake'
[0.424s] Level 1:colcon.colcon_core.package_identification:_identify(ros-tf2/src) by extension 'python'
[0.424s] Level 1:colcon.colcon_core.package_identification:_identify(ros-tf2/src) by extensions ['python_setup_py']
[0.424s] Level 1:colcon.colcon_core.package_identification:_identify(ros-tf2/src) by extension 'python_setup_py'
[0.424s] Level 1:colcon.colcon_core.package_identification:_identify(ros-tf2/src/learning_tf2_cpp) by extensions ['ignore', 'ignore_ament_install']
[0.424s] Level 1:colcon.colcon_core.package_identification:_identify(ros-tf2/src/learning_tf2_cpp) by extension 'ignore'
[0.425s] Level 1:colcon.colcon_core.package_identification:_identify(ros-tf2/src/learning_tf2_cpp) by extension 'ignore_ament_install'
[0.425s] Level 1:colcon.colcon_core.package_identification:_identify(ros-tf2/src/learning_tf2_cpp) by extensions ['colcon_pkg']
[0.425s] Level 1:colcon.colcon_core.package_identification:_identify(ros-tf2/src/learning_tf2_cpp) by extension 'colcon_pkg'
[0.425s] Level 1:colcon.colcon_core.package_identification:_identify(ros-tf2/src/learning_tf2_cpp) by extensions ['colcon_meta']
[0.425s] Level 1:colcon.colcon_core.package_identification:_identify(ros-tf2/src/learning_tf2_cpp) by extension 'colcon_meta'
[0.425s] Level 1:colcon.colcon_core.package_identification:_identify(ros-tf2/src/learning_tf2_cpp) by extensions ['ros']
[0.425s] Level 1:colcon.colcon_core.package_identification:_identify(ros-tf2/src/learning_tf2_cpp) by extension 'ros'
[0.435s] DEBUG:colcon.colcon_core.package_identification:Package 'ros-tf2/src/learning_tf2_cpp' with type 'ros.ament_cmake' and name 'learning_tf2_cpp'
[0.435s] Level 1:colcon.colcon_core.package_identification:_identify(yolov8-onnx-cpp) by extensions ['ignore', 'ignore_ament_install']
[0.435s] Level 1:colcon.colcon_core.package_identification:_identify(yolov8-onnx-cpp) by extension 'ignore'
[0.435s] Level 1:colcon.colcon_core.package_identification:_identify(yolov8-onnx-cpp) by extension 'ignore_ament_install'
[0.435s] Level 1:colcon.colcon_core.package_identification:_identify(yolov8-onnx-cpp) by extensions ['colcon_pkg']
[0.435s] Level 1:colcon.colcon_core.package_identification:_identify(yolov8-onnx-cpp) by extension 'colcon_pkg'
[0.435s] Level 1:colcon.colcon_core.package_identification:_identify(yolov8-onnx-cpp) by extensions ['colcon_meta']
[0.435s] Level 1:colcon.colcon_core.package_identification:_identify(yolov8-onnx-cpp) by extension 'colcon_meta'
[0.435s] Level 1:colcon.colcon_core.package_identification:_identify(yolov8-onnx-cpp) by extensions ['ros']
[0.435s] Level 1:colcon.colcon_core.package_identification:_identify(yolov8-onnx-cpp) by extension 'ros'
[0.444s] DEBUG:colcon.colcon_core.package_identification:Package 'yolov8-onnx-cpp' with type 'ros.ament_cmake' and name 'yolov8-onnx-cpp'
[0.444s] Level 1:colcon.colcon_core.package_discovery:discover_packages(recursive) using defaults
[0.444s] Level 1:colcon.colcon_core.package_discovery:discover_packages(ignore) discover
[0.444s] Level 1:colcon.colcon_core.package_discovery:discover_packages(ignore) using defaults
[0.444s] Level 1:colcon.colcon_core.package_discovery:discover_packages(path) discover
[0.444s] Level 1:colcon.colcon_core.package_discovery:discover_packages(path) using defaults
[0.458s] Level 1:colcon.colcon_core.package_discovery:discover_packages(prefix_path) check parameters
[0.458s] Level 1:colcon.colcon_core.package_discovery:discover_packages(prefix_path) discover
[0.460s] DEBUG:colcon.colcon_installed_package_information.package_discovery:Found 313 installed packages in /opt/ros/humble
[0.461s] Level 1:colcon.colcon_core.package_discovery:discover_packages(prefix_path) using defaults
[0.492s] Level 5:colcon.colcon_core.verb:set package 'armor_yolov8' build argument 'cmake_args' from command line to 'None'
[0.492s] Level 5:colcon.colcon_core.verb:set package 'armor_yolov8' build argument 'cmake_target' from command line to 'None'
[0.492s] Level 5:colcon.colcon_core.verb:set package 'armor_yolov8' build argument 'cmake_target_skip_unavailable' from command line to 'False'
[0.492s] Level 5:colcon.colcon_core.verb:set package 'armor_yolov8' build argument 'cmake_clean_cache' from command line to 'False'
[0.492s] Level 5:colcon.colcon_core.verb:set package 'armor_yolov8' build argument 'cmake_clean_first' from command line to 'False'
[0.492s] Level 5:colcon.colcon_core.verb:set package 'armor_yolov8' build argument 'cmake_force_configure' from command line to 'False'
[0.492s] Level 5:colcon.colcon_core.verb:set package 'armor_yolov8' build argument 'ament_cmake_args' from command line to 'None'
[0.492s] Level 5:colcon.colcon_core.verb:set package 'armor_yolov8' build argument 'catkin_cmake_args' from command line to 'None'
[0.492s] Level 5:colcon.colcon_core.verb:set package 'armor_yolov8' build argument 'catkin_skip_building_tests' from command line to 'False'
[0.492s] DEBUG:colcon.colcon_core.verb:Building package 'armor_yolov8' with the following arguments: {'ament_cmake_args': None, 'build_base': '/home/ake/A.Ke/A.Ke_project/build/armor_yolov8', 'catkin_cmake_args': None, 'catkin_skip_building_tests': False, 'cmake_args': None, 'cmake_clean_cache': False, 'cmake_clean_first': False, 'cmake_force_configure': False, 'cmake_target': None, 'cmake_target_skip_unavailable': False, 'install_base': '/home/ake/A.Ke/A.Ke_project/install/armor_yolov8', 'merge_install': False, 'path': '/home/ake/A.Ke/A.Ke_project/armor_yolov8', 'symlink_install': False, 'test_result_base': None}
[0.493s] Level 5:colcon.colcon_core.verb:set package 'cam_PnP' build argument 'cmake_args' from command line to 'None'
[0.493s] Level 5:colcon.colcon_core.verb:set package 'cam_PnP' build argument 'cmake_target' from command line to 'None'
[0.493s] Level 5:colcon.colcon_core.verb:set package 'cam_PnP' build argument 'cmake_target_skip_unavailable' from command line to 'False'
[0.493s] Level 5:colcon.colcon_core.verb:set package 'cam_PnP' build argument 'cmake_clean_cache' from command line to 'False'
[0.493s] Level 5:colcon.colcon_core.verb:set package 'cam_PnP' build argument 'cmake_clean_first' from command line to 'False'
[0.493s] Level 5:colcon.colcon_core.verb:set package 'cam_PnP' build argument 'cmake_force_configure' from command line to 'False'
[0.493s] Level 5:colcon.colcon_core.verb:set package 'cam_PnP' build argument 'ament_cmake_args' from command line to 'None'
[0.493s] Level 5:colcon.colcon_core.verb:set package 'cam_PnP' build argument 'catkin_cmake_args' from command line to 'None'
[0.493s] Level 5:colcon.colcon_core.verb:set package 'cam_PnP' build argument 'catkin_skip_building_tests' from command line to 'False'
[0.493s] DEBUG:colcon.colcon_core.verb:Building package 'cam_PnP' with the following arguments: {'ament_cmake_args': None, 'build_base': '/home/ake/A.Ke/A.Ke_project/build/cam_PnP', 'catkin_cmake_args': None, 'catkin_skip_building_tests': False, 'cmake_args': None, 'cmake_clean_cache': False, 'cmake_clean_first': False, 'cmake_force_configure': False, 'cmake_target': None, 'cmake_target_skip_unavailable': False, 'install_base': '/home/ake/A.Ke/A.Ke_project/install/cam_PnP', 'merge_install': False, 'path': '/home/ake/A.Ke/A.Ke_project/cam_PnP', 'symlink_install': False, 'test_result_base': None}
[0.493s] Level 5:colcon.colcon_core.verb:set package 'camera_calibration' build argument 'cmake_args' from command line to 'None'
[0.493s] Level 5:colcon.colcon_core.verb:set package 'camera_calibration' build argument 'cmake_target' from command line to 'None'
[0.493s] Level 5:colcon.colcon_core.verb:set package 'camera_calibration' build argument 'cmake_target_skip_unavailable' from command line to 'False'
[0.493s] Level 5:colcon.colcon_core.verb:set package 'camera_calibration' build argument 'cmake_clean_cache' from command line to 'False'
[0.493s] Level 5:colcon.colcon_core.verb:set package 'camera_calibration' build argument 'cmake_clean_first' from command line to 'False'
[0.493s] Level 5:colcon.colcon_core.verb:set package 'camera_calibration' build argument 'cmake_force_configure' from command line to 'False'
[0.493s] Level 5:colcon.colcon_core.verb:set package 'camera_calibration' build argument 'ament_cmake_args' from command line to 'None'
[0.493s] Level 5:colcon.colcon_core.verb:set package 'camera_calibration' build argument 'catkin_cmake_args' from command line to 'None'
[0.493s] Level 5:colcon.colcon_core.verb:set package 'camera_calibration' build argument 'catkin_skip_building_tests' from command line to 'False'
[0.493s] DEBUG:colcon.colcon_core.verb:Building package 'camera_calibration' with the following arguments: {'ament_cmake_args': None, 'build_base': '/home/ake/A.Ke/A.Ke_project/build/camera_calibration', 'catkin_cmake_args': None, 'catkin_skip_building_tests': False, 'cmake_args': None, 'cmake_clean_cache': False, 'cmake_clean_first': False, 'cmake_force_configure': False, 'cmake_target': None, 'cmake_target_skip_unavailable': False, 'install_base': '/home/ake/A.Ke/A.Ke_project/install/camera_calibration', 'merge_install': False, 'path': '/home/ake/A.Ke/A.Ke_project/camera_calibration', 'symlink_install': False, 'test_result_base': None}
[0.493s] Level 5:colcon.colcon_core.verb:set package 'detector_opencv' build argument 'cmake_args' from command line to 'None'
[0.493s] Level 5:colcon.colcon_core.verb:set package 'detector_opencv' build argument 'cmake_target' from command line to 'None'
[0.493s] Level 5:colcon.colcon_core.verb:set package 'detector_opencv' build argument 'cmake_target_skip_unavailable' from command line to 'False'
[0.493s] Level 5:colcon.colcon_core.verb:set package 'detector_opencv' build argument 'cmake_clean_cache' from command line to 'False'
[0.493s] Level 5:colcon.colcon_core.verb:set package 'detector_opencv' build argument 'cmake_clean_first' from command line to 'False'
[0.493s] Level 5:colcon.colcon_core.verb:set package 'detector_opencv' build argument 'cmake_force_configure' from command line to 'False'
[0.493s] Level 5:colcon.colcon_core.verb:set package 'detector_opencv' build argument 'ament_cmake_args' from command line to 'None'
[0.493s] Level 5:colcon.colcon_core.verb:set package 'detector_opencv' build argument 'catkin_cmake_args' from command line to 'None'
[0.493s] Level 5:colcon.colcon_core.verb:set package 'detector_opencv' build argument 'catkin_skip_building_tests' from command line to 'False'
[0.493s] DEBUG:colcon.colcon_core.verb:Building package 'detector_opencv' with the following arguments: {'ament_cmake_args': None, 'build_base': '/home/ake/A.Ke/A.Ke_project/build/detector_opencv', 'catkin_cmake_args': None, 'catkin_skip_building_tests': False, 'cmake_args': None, 'cmake_clean_cache': False, 'cmake_clean_first': False, 'cmake_force_configure': False, 'cmake_target': None, 'cmake_target_skip_unavailable': False, 'install_base': '/home/ake/A.Ke/A.Ke_project/install/detector_opencv', 'merge_install': False, 'path': '/home/ake/A.Ke/A.Ke_project/detector_opencv', 'symlink_install': False, 'test_result_base': None}
[0.494s] Level 5:colcon.colcon_core.verb:set package 'final_project' build argument 'cmake_args' from command line to 'None'
[0.494s] Level 5:colcon.colcon_core.verb:set package 'final_project' build argument 'cmake_target' from command line to 'None'
[0.494s] Level 5:colcon.colcon_core.verb:set package 'final_project' build argument 'cmake_target_skip_unavailable' from command line to 'False'
[0.494s] Level 5:colcon.colcon_core.verb:set package 'final_project' build argument 'cmake_clean_cache' from command line to 'False'
[0.494s] Level 5:colcon.colcon_core.verb:set package 'final_project' build argument 'cmake_clean_first' from command line to 'False'
[0.494s] Level 5:colcon.colcon_core.verb:set package 'final_project' build argument 'cmake_force_configure' from command line to 'False'
[0.494s] Level 5:colcon.colcon_core.verb:set package 'final_project' build argument 'ament_cmake_args' from command line to 'None'
[0.494s] Level 5:colcon.colcon_core.verb:set package 'final_project' build argument 'catkin_cmake_args' from command line to 'None'
[0.494s] Level 5:colcon.colcon_core.verb:set package 'final_project' build argument 'catkin_skip_building_tests' from command line to 'False'
[0.494s] DEBUG:colcon.colcon_core.verb:Building package 'final_project' with the following arguments: {'ament_cmake_args': None, 'build_base': '/home/ake/A.Ke/A.Ke_project/build/final_project', 'catkin_cmake_args': None, 'catkin_skip_building_tests': False, 'cmake_args': None, 'cmake_clean_cache': False, 'cmake_clean_first': False, 'cmake_force_configure': False, 'cmake_target': None, 'cmake_target_skip_unavailable': False, 'install_base': '/home/ake/A.Ke/A.Ke_project/install/final_project', 'merge_install': False, 'path': '/home/ake/A.Ke/A.Ke_project/final_project', 'symlink_install': False, 'test_result_base': None}
[0.494s] Level 5:colcon.colcon_core.verb:set package 'image_change' build argument 'cmake_args' from command line to 'None'
[0.494s] Level 5:colcon.colcon_core.verb:set package 'image_change' build argument 'cmake_target' from command line to 'None'
[0.494s] Level 5:colcon.colcon_core.verb:set package 'image_change' build argument 'cmake_target_skip_unavailable' from command line to 'False'
[0.494s] Level 5:colcon.colcon_core.verb:set package 'image_change' build argument 'cmake_clean_cache' from command line to 'False'
[0.494s] Level 5:colcon.colcon_core.verb:set package 'image_change' build argument 'cmake_clean_first' from command line to 'False'
[0.494s] Level 5:colcon.colcon_core.verb:set package 'image_change' build argument 'cmake_force_configure' from command line to 'False'
[0.494s] Level 5:colcon.colcon_core.verb:set package 'image_change' build argument 'ament_cmake_args' from command line to 'None'
[0.494s] Level 5:colcon.colcon_core.verb:set package 'image_change' build argument 'catkin_cmake_args' from command line to 'None'
[0.494s] Level 5:colcon.colcon_core.verb:set package 'image_change' build argument 'catkin_skip_building_tests' from command line to 'False'
[0.494s] DEBUG:colcon.colcon_core.verb:Building package 'image_change' with the following arguments: {'ament_cmake_args': None, 'build_base': '/home/ake/A.Ke/A.Ke_project/build/image_change', 'catkin_cmake_args': None, 'catkin_skip_building_tests': False, 'cmake_args': None, 'cmake_clean_cache': False, 'cmake_clean_first': False, 'cmake_force_configure': False, 'cmake_target': None, 'cmake_target_skip_unavailable': False, 'install_base': '/home/ake/A.Ke/A.Ke_project/install/image_change', 'merge_install': False, 'path': '/home/ake/A.Ke/A.Ke_project/image_change', 'symlink_install': False, 'test_result_base': None}
[0.494s] Level 5:colcon.colcon_core.verb:set package 'learning_tf2_cpp' build argument 'cmake_args' from command line to 'None'
[0.494s] Level 5:colcon.colcon_core.verb:set package 'learning_tf2_cpp' build argument 'cmake_target' from command line to 'None'
[0.494s] Level 5:colcon.colcon_core.verb:set package 'learning_tf2_cpp' build argument 'cmake_target_skip_unavailable' from command line to 'False'
[0.494s] Level 5:colcon.colcon_core.verb:set package 'learning_tf2_cpp' build argument 'cmake_clean_cache' from command line to 'False'
[0.494s] Level 5:colcon.colcon_core.verb:set package 'learning_tf2_cpp' build argument 'cmake_clean_first' from command line to 'False'
[0.494s] Level 5:colcon.colcon_core.verb:set package 'learning_tf2_cpp' build argument 'cmake_force_configure' from command line to 'False'
[0.494s] Level 5:colcon.colcon_core.verb:set package 'learning_tf2_cpp' build argument 'ament_cmake_args' from command line to 'None'
[0.494s] Level 5:colcon.colcon_core.verb:set package 'learning_tf2_cpp' build argument 'catkin_cmake_args' from command line to 'None'
[0.494s] Level 5:colcon.colcon_core.verb:set package 'learning_tf2_cpp' build argument 'catkin_skip_building_tests' from command line to 'False'
[0.494s] DEBUG:colcon.colcon_core.verb:Building package 'learning_tf2_cpp' with the following arguments: {'ament_cmake_args': None, 'build_base': '/home/ake/A.Ke/A.Ke_project/build/learning_tf2_cpp', 'catkin_cmake_args': None, 'catkin_skip_building_tests': False, 'cmake_args': None, 'cmake_clean_cache': False, 'cmake_clean_first': False, 'cmake_force_configure': False, 'cmake_target': None, 'cmake_target_skip_unavailable': False, 'install_base': '/home/ake/A.Ke/A.Ke_project/install/learning_tf2_cpp', 'merge_install': False, 'path': '/home/ake/A.Ke/A.Ke_project/ros-tf2/src/learning_tf2_cpp', 'symlink_install': False, 'test_result_base': None}
[0.494s] Level 5:colcon.colcon_core.verb:set package 'yolov8-onnx-cpp' build argument 'cmake_args' from command line to 'None'
[0.494s] Level 5:colcon.colcon_core.verb:set package 'yolov8-onnx-cpp' build argument 'cmake_target' from command line to 'None'
[0.494s] Level 5:colcon.colcon_core.verb:set package 'yolov8-onnx-cpp' build argument 'cmake_target_skip_unavailable' from command line to 'False'
[0.494s] Level 5:colcon.colcon_core.verb:set package 'yolov8-onnx-cpp' build argument 'cmake_clean_cache' from command line to 'False'
[0.495s] Level 5:colcon.colcon_core.verb:set package 'yolov8-onnx-cpp' build argument 'cmake_clean_first' from command line to 'False'
[0.495s] Level 5:colcon.colcon_core.verb:set package 'yolov8-onnx-cpp' build argument 'cmake_force_configure' from command line to 'False'
[0.495s] Level 5:colcon.colcon_core.verb:set package 'yolov8-onnx-cpp' build argument 'ament_cmake_args' from command line to 'None'
[0.495s] Level 5:colcon.colcon_core.verb:set package 'yolov8-onnx-cpp' build argument 'catkin_cmake_args' from command line to 'None'
[0.495s] Level 5:colcon.colcon_core.verb:set package 'yolov8-onnx-cpp' build argument 'catkin_skip_building_tests' from command line to 'False'
[0.495s] DEBUG:colcon.colcon_core.verb:Building package 'yolov8-onnx-cpp' with the following arguments: {'ament_cmake_args': None, 'build_base': '/home/ake/A.Ke/A.Ke_project/build/yolov8-onnx-cpp', 'catkin_cmake_args': None, 'catkin_skip_building_tests': False, 'cmake_args': None, 'cmake_clean_cache': False, 'cmake_clean_first': False, 'cmake_force_configure': False, 'cmake_target': None, 'cmake_target_skip_unavailable': False, 'install_base': '/home/ake/A.Ke/A.Ke_project/install/yolov8-onnx-cpp', 'merge_install': False, 'path': '/home/ake/A.Ke/A.Ke_project/yolov8-onnx-cpp', 'symlink_install': False, 'test_result_base': None}
[0.495s] INFO:colcon.colcon_core.executor:Executing jobs using 'parallel' executor
[0.495s] DEBUG:colcon.colcon_parallel_executor.executor.parallel:run_until_complete
[0.496s] INFO:colcon.colcon_ros.task.ament_cmake.build:Building ROS package in '/home/ake/A.Ke/A.Ke_project/armor_yolov8' with build type 'ament_cmake'
[0.496s] INFO:colcon.colcon_cmake.task.cmake.build:Building CMake package in '/home/ake/A.Ke/A.Ke_project/armor_yolov8'
[0.497s] INFO:colcon.colcon_core.plugin_system:Skipping extension 'colcon_core.shell.bat': Not used on non-Windows systems
[0.498s] INFO:colcon.colcon_core.shell:Skip shell extension 'powershell' for command environment: Not usable outside of PowerShell
[0.498s] DEBUG:colcon.colcon_core.shell:Skip shell extension 'dsv' for command environment
[0.500s] INFO:colcon.colcon_ros.task.ament_cmake.build:Building ROS package in '/home/ake/A.Ke/A.Ke_project/cam_PnP' with build type 'ament_cmake'
[0.500s] INFO:colcon.colcon_cmake.task.cmake.build:Building CMake package in '/home/ake/A.Ke/A.Ke_project/cam_PnP'
[0.500s] INFO:colcon.colcon_core.shell:Skip shell extension 'powershell' for command environment: Not usable outside of PowerShell
[0.500s] DEBUG:colcon.colcon_core.shell:Skip shell extension 'dsv' for command environment
[0.513s] DEBUG:colcon.colcon_core.event_handler.log_command:Invoking command in '/home/ake/A.Ke/A.Ke_project/build/armor_yolov8': CMAKE_PREFIX_PATH=/opt/ros/humble CONDA_PROMPT_MODIFIER=(base) /usr/bin/cmake /home/ake/A.Ke/A.Ke_project/armor_yolov8 -DCMAKE_INSTALL_PREFIX=/home/ake/A.Ke/A.Ke_project/install/armor_yolov8
[0.536s] DEBUG:colcon.colcon_core.event_handler.log_command:Invoking command in '/home/ake/A.Ke/A.Ke_project/build/cam_PnP': CMAKE_PREFIX_PATH=/opt/ros/humble CONDA_PROMPT_MODIFIER=(base) /usr/bin/cmake /home/ake/A.Ke/A.Ke_project/cam_PnP -DCMAKE_INSTALL_PREFIX=/home/ake/A.Ke/A.Ke_project/install/cam_PnP
[4.833s] DEBUG:colcon.colcon_core.event_handler.log_command:Invoked command in '/home/ake/A.Ke/A.Ke_project/build/cam_PnP' returned '0': CMAKE_PREFIX_PATH=/opt/ros/humble CONDA_PROMPT_MODIFIER=(base) /usr/bin/cmake /home/ake/A.Ke/A.Ke_project/cam_PnP -DCMAKE_INSTALL_PREFIX=/home/ake/A.Ke/A.Ke_project/install/cam_PnP
[4.833s] DEBUG:colcon.colcon_core.event_handler.log_command:Invoking command in '/home/ake/A.Ke/A.Ke_project/build/cam_PnP': CMAKE_PREFIX_PATH=/opt/ros/humble CONDA_PROMPT_MODIFIER=(base) /usr/bin/cmake --build /home/ake/A.Ke/A.Ke_project/build/cam_PnP -- -j2 -l2
[4.839s] DEBUG:colcon.colcon_core.event_handler.log_command:Invoked command in '/home/ake/A.Ke/A.Ke_project/build/armor_yolov8' returned '0': CMAKE_PREFIX_PATH=/opt/ros/humble CONDA_PROMPT_MODIFIER=(base) /usr/bin/cmake /home/ake/A.Ke/A.Ke_project/armor_yolov8 -DCMAKE_INSTALL_PREFIX=/home/ake/A.Ke/A.Ke_project/install/armor_yolov8
[4.839s] DEBUG:colcon.colcon_core.event_handler.log_command:Invoking command in '/home/ake/A.Ke/A.Ke_project/build/armor_yolov8': CMAKE_PREFIX_PATH=/opt/ros/humble CONDA_PROMPT_MODIFIER=(base) /usr/bin/cmake --build /home/ake/A.Ke/A.Ke_project/build/armor_yolov8 -- -j2 -l2
[4.907s] DEBUG:colcon.colcon_core.event_handler.log_command:Invoked command in '/home/ake/A.Ke/A.Ke_project/build/cam_PnP' returned '0': CMAKE_PREFIX_PATH=/opt/ros/humble CONDA_PROMPT_MODIFIER=(base) /usr/bin/cmake --build /home/ake/A.Ke/A.Ke_project/build/cam_PnP -- -j2 -l2
[4.907s] DEBUG:colcon.colcon_core.event_handler.log_command:Invoked command in '/home/ake/A.Ke/A.Ke_project/build/armor_yolov8' returned '0': CMAKE_PREFIX_PATH=/opt/ros/humble CONDA_PROMPT_MODIFIER=(base) /usr/bin/cmake --build /home/ake/A.Ke/A.Ke_project/build/armor_yolov8 -- -j2 -l2
[4.982s] DEBUG:colcon.colcon_core.event_handler.log_command:Invoking command in '/home/ake/A.Ke/A.Ke_project/build/cam_PnP': CMAKE_PREFIX_PATH=/opt/ros/humble CONDA_PROMPT_MODIFIER=(base) /usr/bin/cmake --install /home/ake/A.Ke/A.Ke_project/build/cam_PnP
[4.982s] DEBUG:colcon.colcon_core.event_handler.log_command:Invoking command in '/home/ake/A.Ke/A.Ke_project/build/armor_yolov8': CMAKE_PREFIX_PATH=/opt/ros/humble CONDA_PROMPT_MODIFIER=(base) /usr/bin/cmake --install /home/ake/A.Ke/A.Ke_project/build/armor_yolov8
[5.028s] Level 1:colcon.colcon_core.environment:create_environment_scripts_only(cam_PnP)
[5.028s] DEBUG:colcon.colcon_core.event_handler.log_command:Invoked command in '/home/ake/A.Ke/A.Ke_project/build/cam_PnP' returned '0': CMAKE_PREFIX_PATH=/opt/ros/humble CONDA_PROMPT_MODIFIER=(base) /usr/bin/cmake --install /home/ake/A.Ke/A.Ke_project/build/cam_PnP
[5.035s] Level 1:colcon.colcon_core.environment:checking '/home/ake/A.Ke/A.Ke_project/install/cam_PnP' for CMake module files
[5.036s] Level 1:colcon.colcon_core.environment:checking '/home/ake/A.Ke/A.Ke_project/install/cam_PnP' for CMake config files
[5.036s] Level 1:colcon.colcon_core.shell:create_environment_hook('cam_PnP', 'cmake_prefix_path')
[5.037s] INFO:colcon.colcon_core.shell:Creating environment hook '/home/ake/A.Ke/A.Ke_project/install/cam_PnP/share/cam_PnP/hook/cmake_prefix_path.ps1'
[5.038s] INFO:colcon.colcon_core.shell:Creating environment descriptor '/home/ake/A.Ke/A.Ke_project/install/cam_PnP/share/cam_PnP/hook/cmake_prefix_path.dsv'
[5.038s] INFO:colcon.colcon_core.shell:Creating environment hook '/home/ake/A.Ke/A.Ke_project/install/cam_PnP/share/cam_PnP/hook/cmake_prefix_path.sh'
[5.039s] Level 1:colcon.colcon_core.environment:checking '/home/ake/A.Ke/A.Ke_project/install/cam_PnP/bin'
[5.039s] Level 1:colcon.colcon_core.environment:checking '/home/ake/A.Ke/A.Ke_project/install/cam_PnP/lib/pkgconfig/cam_PnP.pc'
[5.039s] Level 1:colcon.colcon_core.environment:checking '/home/ake/A.Ke/A.Ke_project/install/cam_PnP/lib/python3.10/site-packages'
[5.040s] Level 1:colcon.colcon_core.environment:checking '/home/ake/A.Ke/A.Ke_project/install/cam_PnP/bin'
[5.040s] INFO:colcon.colcon_core.shell:Creating package script '/home/ake/A.Ke/A.Ke_project/install/cam_PnP/share/cam_PnP/package.ps1'
[5.041s] INFO:colcon.colcon_core.shell:Creating package descriptor '/home/ake/A.Ke/A.Ke_project/install/cam_PnP/share/cam_PnP/package.dsv'
[5.042s] INFO:colcon.colcon_core.shell:Creating package script '/home/ake/A.Ke/A.Ke_project/install/cam_PnP/share/cam_PnP/package.sh'
[5.043s] INFO:colcon.colcon_core.shell:Creating package script '/home/ake/A.Ke/A.Ke_project/install/cam_PnP/share/cam_PnP/package.bash'
[5.043s] INFO:colcon.colcon_core.shell:Creating package script '/home/ake/A.Ke/A.Ke_project/install/cam_PnP/share/cam_PnP/package.zsh'
[5.044s] Level 1:colcon.colcon_core.environment:create_file_with_runtime_dependencies(/home/ake/A.Ke/A.Ke_project/install/cam_PnP/share/colcon-core/packages/cam_PnP)
[5.048s] Level 1:colcon.colcon_core.environment:create_environment_scripts_only(armor_yolov8)
[5.049s] Level 1:colcon.colcon_core.environment:checking '/home/ake/A.Ke/A.Ke_project/install/armor_yolov8' for CMake module files
[5.049s] DEBUG:colcon.colcon_core.event_handler.log_command:Invoked command in '/home/ake/A.Ke/A.Ke_project/build/armor_yolov8' returned '0': CMAKE_PREFIX_PATH=/opt/ros/humble CONDA_PROMPT_MODIFIER=(base) /usr/bin/cmake --install /home/ake/A.Ke/A.Ke_project/build/armor_yolov8
[5.050s] Level 1:colcon.colcon_core.environment:checking '/home/ake/A.Ke/A.Ke_project/install/armor_yolov8' for CMake config files
[5.050s] Level 1:colcon.colcon_core.shell:create_environment_hook('armor_yolov8', 'cmake_prefix_path')
[5.050s] INFO:colcon.colcon_core.shell:Creating environment hook '/home/ake/A.Ke/A.Ke_project/install/armor_yolov8/share/armor_yolov8/hook/cmake_prefix_path.ps1'
[5.081s] INFO:colcon.colcon_core.shell:Creating environment descriptor '/home/ake/A.Ke/A.Ke_project/install/armor_yolov8/share/armor_yolov8/hook/cmake_prefix_path.dsv'
[5.081s] INFO:colcon.colcon_core.shell:Creating environment hook '/home/ake/A.Ke/A.Ke_project/install/armor_yolov8/share/armor_yolov8/hook/cmake_prefix_path.sh'
[5.082s] Level 1:colcon.colcon_core.environment:checking '/home/ake/A.Ke/A.Ke_project/install/armor_yolov8/bin'
[5.082s] Level 1:colcon.colcon_core.environment:checking '/home/ake/A.Ke/A.Ke_project/install/armor_yolov8/lib/pkgconfig/armor_yolov8.pc'
[5.084s] Level 1:colcon.colcon_core.environment:checking '/home/ake/A.Ke/A.Ke_project/install/armor_yolov8/lib/python3.10/site-packages'
[5.085s] Level 1:colcon.colcon_core.environment:checking '/home/ake/A.Ke/A.Ke_project/install/armor_yolov8/bin'
[5.085s] INFO:colcon.colcon_core.shell:Creating package script '/home/ake/A.Ke/A.Ke_project/install/armor_yolov8/share/armor_yolov8/package.ps1'
[5.085s] INFO:colcon.colcon_core.shell:Creating package descriptor '/home/ake/A.Ke/A.Ke_project/install/armor_yolov8/share/armor_yolov8/package.dsv'
[5.087s] INFO:colcon.colcon_core.shell:Creating package script '/home/ake/A.Ke/A.Ke_project/install/armor_yolov8/share/armor_yolov8/package.sh'
[5.087s] INFO:colcon.colcon_core.shell:Creating package script '/home/ake/A.Ke/A.Ke_project/install/armor_yolov8/share/armor_yolov8/package.bash'
[5.087s] INFO:colcon.colcon_core.shell:Creating package script '/home/ake/A.Ke/A.Ke_project/install/armor_yolov8/share/armor_yolov8/package.zsh'
[5.087s] Level 1:colcon.colcon_core.environment:create_file_with_runtime_dependencies(/home/ake/A.Ke/A.Ke_project/install/armor_yolov8/share/colcon-core/packages/armor_yolov8)
[5.118s] Level 1:colcon.colcon_core.environment:create_environment_scripts_only(cam_PnP)
[5.118s] Level 1:colcon.colcon_core.environment:checking '/home/ake/A.Ke/A.Ke_project/install/cam_PnP' for CMake module files
[5.119s] Level 1:colcon.colcon_core.environment:checking '/home/ake/A.Ke/A.Ke_project/install/cam_PnP' for CMake config files
[5.119s] Level 1:colcon.colcon_core.shell:create_environment_hook('cam_PnP', 'cmake_prefix_path')
[5.119s] INFO:colcon.colcon_core.shell:Creating environment hook '/home/ake/A.Ke/A.Ke_project/install/cam_PnP/share/cam_PnP/hook/cmake_prefix_path.ps1'
[5.120s] INFO:colcon.colcon_core.shell:Creating environment descriptor '/home/ake/A.Ke/A.Ke_project/install/cam_PnP/share/cam_PnP/hook/cmake_prefix_path.dsv'
[5.120s] INFO:colcon.colcon_core.shell:Creating environment hook '/home/ake/A.Ke/A.Ke_project/install/cam_PnP/share/cam_PnP/hook/cmake_prefix_path.sh'
[5.121s] Level 1:colcon.colcon_core.environment:checking '/home/ake/A.Ke/A.Ke_project/install/cam_PnP/bin'
[5.121s] Level 1:colcon.colcon_core.environment:checking '/home/ake/A.Ke/A.Ke_project/install/cam_PnP/lib/pkgconfig/cam_PnP.pc'
[5.122s] Level 1:colcon.colcon_core.environment:checking '/home/ake/A.Ke/A.Ke_project/install/cam_PnP/lib/python3.10/site-packages'
[5.122s] Level 1:colcon.colcon_core.environment:checking '/home/ake/A.Ke/A.Ke_project/install/cam_PnP/bin'
[5.122s] INFO:colcon.colcon_core.shell:Creating package script '/home/ake/A.Ke/A.Ke_project/install/cam_PnP/share/cam_PnP/package.ps1'
[5.123s] INFO:colcon.colcon_core.shell:Creating package descriptor '/home/ake/A.Ke/A.Ke_project/install/cam_PnP/share/cam_PnP/package.dsv'
[5.124s] INFO:colcon.colcon_core.shell:Creating package script '/home/ake/A.Ke/A.Ke_project/install/cam_PnP/share/cam_PnP/package.sh'
[5.124s] INFO:colcon.colcon_core.shell:Creating package script '/home/ake/A.Ke/A.Ke_project/install/cam_PnP/share/cam_PnP/package.bash'
[5.125s] INFO:colcon.colcon_core.shell:Creating package script '/home/ake/A.Ke/A.Ke_project/install/cam_PnP/share/cam_PnP/package.zsh'
[5.125s] Level 1:colcon.colcon_core.environment:create_file_with_runtime_dependencies(/home/ake/A.Ke/A.Ke_project/install/cam_PnP/share/colcon-core/packages/cam_PnP)
[5.126s] INFO:colcon.colcon_ros.task.ament_cmake.build:Building ROS package in '/home/ake/A.Ke/A.Ke_project/camera_calibration' with build type 'ament_cmake'
[5.126s] INFO:colcon.colcon_cmake.task.cmake.build:Building CMake package in '/home/ake/A.Ke/A.Ke_project/camera_calibration'
[5.126s] INFO:colcon.colcon_core.shell:Skip shell extension 'powershell' for command environment: Not usable outside of PowerShell
[5.126s] DEBUG:colcon.colcon_core.shell:Skip shell extension 'dsv' for command environment
[5.153s] Level 1:colcon.colcon_core.environment:create_environment_scripts_only(armor_yolov8)
[5.155s] Level 1:colcon.colcon_core.environment:checking '/home/ake/A.Ke/A.Ke_project/install/armor_yolov8' for CMake module files
[5.156s] Level 1:colcon.colcon_core.environment:checking '/home/ake/A.Ke/A.Ke_project/install/armor_yolov8' for CMake config files
[5.156s] Level 1:colcon.colcon_core.shell:create_environment_hook('armor_yolov8', 'cmake_prefix_path')
[5.156s] INFO:colcon.colcon_core.shell:Creating environment hook '/home/ake/A.Ke/A.Ke_project/install/armor_yolov8/share/armor_yolov8/hook/cmake_prefix_path.ps1'
[5.157s] INFO:colcon.colcon_core.shell:Creating environment descriptor '/home/ake/A.Ke/A.Ke_project/install/armor_yolov8/share/armor_yolov8/hook/cmake_prefix_path.dsv'
[5.159s] INFO:colcon.colcon_core.shell:Creating environment hook '/home/ake/A.Ke/A.Ke_project/install/armor_yolov8/share/armor_yolov8/hook/cmake_prefix_path.sh'
[5.160s] Level 1:colcon.colcon_core.environment:checking '/home/ake/A.Ke/A.Ke_project/install/armor_yolov8/bin'
[5.160s] Level 1:colcon.colcon_core.environment:checking '/home/ake/A.Ke/A.Ke_project/install/armor_yolov8/lib/pkgconfig/armor_yolov8.pc'
[5.161s] Level 1:colcon.colcon_core.environment:checking '/home/ake/A.Ke/A.Ke_project/install/armor_yolov8/lib/python3.10/site-packages'
[5.161s] Level 1:colcon.colcon_core.environment:checking '/home/ake/A.Ke/A.Ke_project/install/armor_yolov8/bin'
[5.163s] INFO:colcon.colcon_core.shell:Creating package script '/home/ake/A.Ke/A.Ke_project/install/armor_yolov8/share/armor_yolov8/package.ps1'
[5.164s] INFO:colcon.colcon_core.shell:Creating package descriptor '/home/ake/A.Ke/A.Ke_project/install/armor_yolov8/share/armor_yolov8/package.dsv'
[5.164s] INFO:colcon.colcon_core.shell:Creating package script '/home/ake/A.Ke/A.Ke_project/install/armor_yolov8/share/armor_yolov8/package.sh'
[5.165s] INFO:colcon.colcon_core.shell:Creating package script '/home/ake/A.Ke/A.Ke_project/install/armor_yolov8/share/armor_yolov8/package.bash'
[5.168s] DEBUG:colcon.colcon_core.event_handler.log_command:Invoking command in '/home/ake/A.Ke/A.Ke_project/build/camera_calibration': CMAKE_PREFIX_PATH=/opt/ros/humble CONDA_PROMPT_MODIFIER=(base) /usr/bin/cmake /home/ake/A.Ke/A.Ke_project/camera_calibration -DCMAKE_INSTALL_PREFIX=/home/ake/A.Ke/A.Ke_project/install/camera_calibration
[5.174s] INFO:colcon.colcon_core.shell:Creating package script '/home/ake/A.Ke/A.Ke_project/install/armor_yolov8/share/armor_yolov8/package.zsh'
[5.177s] Level 1:colcon.colcon_core.environment:create_file_with_runtime_dependencies(/home/ake/A.Ke/A.Ke_project/install/armor_yolov8/share/colcon-core/packages/armor_yolov8)
[5.179s] INFO:colcon.colcon_ros.task.ament_cmake.build:Building ROS package in '/home/ake/A.Ke/A.Ke_project/detector_opencv' with build type 'ament_cmake'
[5.179s] INFO:colcon.colcon_cmake.task.cmake.build:Building CMake package in '/home/ake/A.Ke/A.Ke_project/detector_opencv'
[5.180s] INFO:colcon.colcon_core.shell:Skip shell extension 'powershell' for command environment: Not usable outside of PowerShell
[5.180s] DEBUG:colcon.colcon_core.shell:Skip shell extension 'dsv' for command environment
[5.218s] DEBUG:colcon.colcon_core.event_handler.log_command:Invoking command in '/home/ake/A.Ke/A.Ke_project/build/detector_opencv': CMAKE_PREFIX_PATH=/opt/ros/humble CONDA_PROMPT_MODIFIER=(base) /usr/bin/cmake /home/ake/A.Ke/A.Ke_project/detector_opencv -DCMAKE_INSTALL_PREFIX=/home/ake/A.Ke/A.Ke_project/install/detector_opencv
[6.740s] DEBUG:colcon.colcon_parallel_executor.executor.parallel:run_until_complete was interrupted
[6.740s] DEBUG:colcon.colcon_parallel_executor.executor.parallel:run_until_complete again
[6.742s] DEBUG:colcon.colcon_core.event_handler.log_command:Invoked command in '/home/ake/A.Ke/A.Ke_project/build/camera_calibration' returned '-2': CMAKE_PREFIX_PATH=/opt/ros/humble CONDA_PROMPT_MODIFIER=(base) /usr/bin/cmake /home/ake/A.Ke/A.Ke_project/camera_calibration -DCMAKE_INSTALL_PREFIX=/home/ake/A.Ke/A.Ke_project/install/camera_calibration
[6.772s] DEBUG:colcon.colcon_core.event_handler.log_command:Invoked command in '/home/ake/A.Ke/A.Ke_project/build/detector_opencv' returned '-2': CMAKE_PREFIX_PATH=/opt/ros/humble CONDA_PROMPT_MODIFIER=(base) /usr/bin/cmake /home/ake/A.Ke/A.Ke_project/detector_opencv -DCMAKE_INSTALL_PREFIX=/home/ake/A.Ke/A.Ke_project/install/detector_opencv
[6.931s] DEBUG:colcon.colcon_parallel_executor.executor.parallel:run_until_complete finished
[6.931s] DEBUG:colcon.colcon_parallel_executor.executor.parallel:closing loop
[6.931s] DEBUG:colcon.colcon_parallel_executor.executor.parallel:loop closed
[6.931s] DEBUG:colcon.colcon_core.event_reactor:joining thread
[6.936s] INFO:colcon.colcon_core.plugin_system:Skipping extension 'colcon_notification.desktop_notification.terminal_notifier': Not used on non-Darwin systems
[6.936s] INFO:colcon.colcon_core.plugin_system:Skipping extension 'colcon_notification.desktop_notification.win32': Not used on non-Windows systems
[6.936s] INFO:colcon.colcon_notification.desktop_notification:Sending desktop notification using 'notify2'
[6.962s] DEBUG:colcon.colcon_core.event_reactor:joined thread
[6.962s] INFO:colcon.colcon_core.shell:Creating prefix script '/home/ake/A.Ke/A.Ke_project/install/local_setup.ps1'
[6.965s] INFO:colcon.colcon_core.shell:Creating prefix util module '/home/ake/A.Ke/A.Ke_project/install/_local_setup_util_ps1.py'
[6.968s] INFO:colcon.colcon_core.shell:Creating prefix chain script '/home/ake/A.Ke/A.Ke_project/install/setup.ps1'
[6.970s] INFO:colcon.colcon_core.shell:Creating prefix script '/home/ake/A.Ke/A.Ke_project/install/local_setup.sh'
[6.970s] INFO:colcon.colcon_core.shell:Creating prefix util module '/home/ake/A.Ke/A.Ke_project/install/_local_setup_util_sh.py'
[6.971s] INFO:colcon.colcon_core.shell:Creating prefix chain script '/home/ake/A.Ke/A.Ke_project/install/setup.sh'
[6.973s] INFO:colcon.colcon_core.shell:Creating prefix script '/home/ake/A.Ke/A.Ke_project/install/local_setup.bash'
[6.973s] INFO:colcon.colcon_core.shell:Creating prefix chain script '/home/ake/A.Ke/A.Ke_project/install/setup.bash'
[6.974s] INFO:colcon.colcon_core.shell:Creating prefix script '/home/ake/A.Ke/A.Ke_project/install/local_setup.zsh'
[6.974s] INFO:colcon.colcon_core.shell:Creating prefix chain script '/home/ake/A.Ke/A.Ke_project/install/setup.zsh'
