[0.177s] Invoking command in '/home/ake/A.Ke/A.Ke_project/final_project/src/detect_final/build/detect_final': CMAKE_PREFIX_PATH=/opt/ros/humble CONDA_PROMPT_MODIFIER=(base) /usr/bin/cmake --build /home/ake/A.Ke/A.Ke_project/final_project/src/detect_final/build/detect_final -- -j2 -l2
[0.418s] [100%] Built target detect_final
[0.447s] Invoked command in '/home/ake/A.Ke/A.Ke_project/final_project/src/detect_final/build/detect_final' returned '0': CMAKE_PREFIX_PATH=/opt/ros/humble CONDA_PROMPT_MODIFIER=(base) /usr/bin/cmake --build /home/ake/A.Ke/A.Ke_project/final_project/src/detect_final/build/detect_final -- -j2 -l2
[0.568s] Invoking command in '/home/ake/A.Ke/A.Ke_project/final_project/src/detect_final/build/detect_final': CMAKE_PREFIX_PATH=/opt/ros/humble CONDA_PROMPT_MODIFIER=(base) /usr/bin/cmake --install /home/ake/A.Ke/A.Ke_project/final_project/src/detect_final/build/detect_final
[0.647s] -- Install configuration: ""
[0.663s] -- Up-to-date: /home/ake/A.Ke/A.Ke_project/final_project/src/detect_final/install/detect_final/lib/detect_final/detect_final
[0.663s] -- Up-to-date: /home/ake/A.Ke/A.Ke_project/final_project/src/detect_final/install/detect_final/share/ament_index/resource_index/package_run_dependencies/detect_final
[0.664s] -- Up-to-date: /home/ake/A.Ke/A.Ke_project/final_project/src/detect_final/install/detect_final/share/ament_index/resource_index/parent_prefix_path/detect_final
[0.664s] -- Up-to-date: /home/ake/A.Ke/A.Ke_project/final_project/src/detect_final/install/detect_final/share/detect_final/environment/ament_prefix_path.sh
[0.664s] -- Up-to-date: /home/ake/A.Ke/A.Ke_project/final_project/src/detect_final/install/detect_final/share/detect_final/environment/ament_prefix_path.dsv
[0.664s] -- Up-to-date: /home/ake/A.Ke/A.Ke_project/final_project/src/detect_final/install/detect_final/share/detect_final/environment/path.sh
[0.664s] -- Up-to-date: /home/ake/A.Ke/A.Ke_project/final_project/src/detect_final/install/detect_final/share/detect_final/environment/path.dsv
[0.664s] -- Up-to-date: /home/ake/A.Ke/A.Ke_project/final_project/src/detect_final/install/detect_final/share/detect_final/local_setup.bash
[0.664s] -- Up-to-date: /home/ake/A.Ke/A.Ke_project/final_project/src/detect_final/install/detect_final/share/detect_final/local_setup.sh
[0.664s] -- Up-to-date: /home/ake/A.Ke/A.Ke_project/final_project/src/detect_final/install/detect_final/share/detect_final/local_setup.zsh
[0.664s] -- Up-to-date: /home/ake/A.Ke/A.Ke_project/final_project/src/detect_final/install/detect_final/share/detect_final/local_setup.dsv
[0.664s] -- Up-to-date: /home/ake/A.Ke/A.Ke_project/final_project/src/detect_final/install/detect_final/share/detect_final/package.dsv
[0.665s] -- Up-to-date: /home/ake/A.Ke/A.Ke_project/final_project/src/detect_final/install/detect_final/share/ament_index/resource_index/packages/detect_final
[0.665s] -- Up-to-date: /home/ake/A.Ke/A.Ke_project/final_project/src/detect_final/install/detect_final/share/detect_final/cmake/detect_finalConfig.cmake
[0.665s] -- Up-to-date: /home/ake/A.Ke/A.Ke_project/final_project/src/detect_final/install/detect_final/share/detect_final/cmake/detect_finalConfig-version.cmake
[0.665s] -- Up-to-date: /home/ake/A.Ke/A.Ke_project/final_project/src/detect_final/install/detect_final/share/detect_final/package.xml
[0.669s] Invoked command in '/home/ake/A.Ke/A.Ke_project/final_project/src/detect_final/build/detect_final' returned '0': CMAKE_PREFIX_PATH=/opt/ros/humble CONDA_PROMPT_MODIFIER=(base) /usr/bin/cmake --install /home/ake/A.Ke/A.Ke_project/final_project/src/detect_final/build/detect_final
