[35m[1mConsolidate compiler generated dependencies of target detect_final[0m
[ 50%] [32mBuilding CXX object CMakeFiles/detect_final.dir/src/main.cpp.o[0m
[100%] [32m[1mLinking CXX executable detect_final[0m
[100%] Built target detect_final
-- Install configuration: ""
-- Installing: /home/ake/A.Ke/A.Ke_project/final_project/src/detect_final/install/detect_final/lib/detect_final/detect_final
-- Set runtime path of "/home/ake/A.Ke/A.Ke_project/final_project/src/detect_final/install/detect_final/lib/detect_final/detect_final" to ""
-- Installing: /home/ake/A.Ke/A.Ke_project/final_project/src/detect_final/install/detect_final/share/ament_index/resource_index/package_run_dependencies/detect_final
-- Installing: /home/ake/A.Ke/A.Ke_project/final_project/src/detect_final/install/detect_final/share/ament_index/resource_index/parent_prefix_path/detect_final
-- Installing: /home/ake/A.Ke/A.Ke_project/final_project/src/detect_final/install/detect_final/share/detect_final/environment/ament_prefix_path.sh
-- Installing: /home/ake/A.Ke/A.Ke_project/final_project/src/detect_final/install/detect_final/share/detect_final/environment/ament_prefix_path.dsv
-- Installing: /home/ake/A.Ke/A.Ke_project/final_project/src/detect_final/install/detect_final/share/detect_final/environment/path.sh
-- Installing: /home/ake/A.Ke/A.Ke_project/final_project/src/detect_final/install/detect_final/share/detect_final/environment/path.dsv
-- Installing: /home/ake/A.Ke/A.Ke_project/final_project/src/detect_final/install/detect_final/share/detect_final/local_setup.bash
-- Installing: /home/ake/A.Ke/A.Ke_project/final_project/src/detect_final/install/detect_final/share/detect_final/local_setup.sh
-- Installing: /home/ake/A.Ke/A.Ke_project/final_project/src/detect_final/install/detect_final/share/detect_final/local_setup.zsh
-- Installing: /home/ake/A.Ke/A.Ke_project/final_project/src/detect_final/install/detect_final/share/detect_final/local_setup.dsv
-- Installing: /home/ake/A.Ke/A.Ke_project/final_project/src/detect_final/install/detect_final/share/detect_final/package.dsv
-- Installing: /home/ake/A.Ke/A.Ke_project/final_project/src/detect_final/install/detect_final/share/ament_index/resource_index/packages/detect_final
-- Installing: /home/ake/A.Ke/A.Ke_project/final_project/src/detect_final/install/detect_final/share/detect_final/cmake/detect_finalConfig.cmake
-- Installing: /home/ake/A.Ke/A.Ke_project/final_project/src/detect_final/install/detect_final/share/detect_final/cmake/detect_finalConfig-version.cmake
-- Installing: /home/ake/A.Ke/A.Ke_project/final_project/src/detect_final/install/detect_final/share/detect_final/package.xml
