[0.032s] Invoking command in '/home/ake/A.Ke/A.Ke_project/camera_calibration/src/camera_learn/build/camera_learn': CMAKE_PREFIX_PATH=/opt/ros/humble /usr/bin/cmake --build /home/ake/A.Ke/A.Ke_project/camera_calibration/src/camera_learn/build/camera_learn -- -j2 -l2
[0.136s] [35m[1mConsolidate compiler generated dependencies of target camera_learn[0m
[0.203s] [ 50%] [32mBuilding CXX object CMakeFiles/camera_learn.dir/src/camera_learn.cpp.o[0m
[7.448s] [100%] [32m[1mLinking CXX executable camera_learn[0m
[8.079s] [100%] Built target camera_learn
[8.103s] Invoked command in '/home/ake/A.Ke/A.Ke_project/camera_calibration/src/camera_learn/build/camera_learn' returned '0': CMAKE_PREFIX_PATH=/opt/ros/humble /usr/bin/cmake --build /home/ake/A.Ke/A.Ke_project/camera_calibration/src/camera_learn/build/camera_learn -- -j2 -l2
[8.218s] Invoking command in '/home/ake/A.Ke/A.Ke_project/camera_calibration/src/camera_learn/build/camera_learn': CMAKE_PREFIX_PATH=/opt/ros/humble /usr/bin/cmake --install /home/ake/A.Ke/A.Ke_project/camera_calibration/src/camera_learn/build/camera_learn
[8.234s] -- Install configuration: ""
[8.238s] -- Installing: /home/ake/A.Ke/A.Ke_project/camera_calibration/src/camera_learn/install/camera_learn/lib/camera_learn/camera_learn
[8.238s] -- Set runtime path of "/home/ake/A.Ke/A.Ke_project/camera_calibration/src/camera_learn/install/camera_learn/lib/camera_learn/camera_learn" to ""
[8.238s] -- Up-to-date: /home/ake/A.Ke/A.Ke_project/camera_calibration/src/camera_learn/install/camera_learn/share/ament_index/resource_index/package_run_dependencies/camera_learn
[8.238s] -- Up-to-date: /home/ake/A.Ke/A.Ke_project/camera_calibration/src/camera_learn/install/camera_learn/share/ament_index/resource_index/parent_prefix_path/camera_learn
[8.238s] -- Up-to-date: /home/ake/A.Ke/A.Ke_project/camera_calibration/src/camera_learn/install/camera_learn/share/camera_learn/environment/ament_prefix_path.sh
[8.239s] -- Up-to-date: /home/ake/A.Ke/A.Ke_project/camera_calibration/src/camera_learn/install/camera_learn/share/camera_learn/environment/ament_prefix_path.dsv
[8.239s] -- Up-to-date: /home/ake/A.Ke/A.Ke_project/camera_calibration/src/camera_learn/install/camera_learn/share/camera_learn/environment/path.sh
[8.239s] -- Up-to-date: /home/ake/A.Ke/A.Ke_project/camera_calibration/src/camera_learn/install/camera_learn/share/camera_learn/environment/path.dsv
[8.239s] -- Up-to-date: /home/ake/A.Ke/A.Ke_project/camera_calibration/src/camera_learn/install/camera_learn/share/camera_learn/local_setup.bash
[8.239s] -- Up-to-date: /home/ake/A.Ke/A.Ke_project/camera_calibration/src/camera_learn/install/camera_learn/share/camera_learn/local_setup.sh
[8.239s] -- Up-to-date: /home/ake/A.Ke/A.Ke_project/camera_calibration/src/camera_learn/install/camera_learn/share/camera_learn/local_setup.zsh
[8.239s] -- Up-to-date: /home/ake/A.Ke/A.Ke_project/camera_calibration/src/camera_learn/install/camera_learn/share/camera_learn/local_setup.dsv
[8.239s] -- Installing: /home/ake/A.Ke/A.Ke_project/camera_calibration/src/camera_learn/install/camera_learn/share/camera_learn/package.dsv
[8.239s] -- Up-to-date: /home/ake/A.Ke/A.Ke_project/camera_calibration/src/camera_learn/install/camera_learn/share/ament_index/resource_index/packages/camera_learn
[8.239s] -- Up-to-date: /home/ake/A.Ke/A.Ke_project/camera_calibration/src/camera_learn/install/camera_learn/share/camera_learn/cmake/camera_learnConfig.cmake
[8.240s] -- Up-to-date: /home/ake/A.Ke/A.Ke_project/camera_calibration/src/camera_learn/install/camera_learn/share/camera_learn/cmake/camera_learnConfig-version.cmake
[8.240s] -- Up-to-date: /home/ake/A.Ke/A.Ke_project/camera_calibration/src/camera_learn/install/camera_learn/share/camera_learn/package.xml
[8.246s] Invoked command in '/home/ake/A.Ke/A.Ke_project/camera_calibration/src/camera_learn/build/camera_learn' returned '0': CMAKE_PREFIX_PATH=/opt/ros/humble /usr/bin/cmake --install /home/ake/A.Ke/A.Ke_project/camera_calibration/src/camera_learn/build/camera_learn
