[0.029s] Invoking command in '/home/ake/A.Ke/A.Ke_project/armor_yolov8/src/armor_pnp_learn/build/armor_pnp_learn': CMAKE_PREFIX_PATH=/opt/ros/humble CONDA_PROMPT_MODIFIER=(base) /usr/bin/cmake /home/ake/A.Ke/A.Ke_project/armor_yolov8/src/armor_pnp_learn -DCMAKE_INSTALL_PREFIX=/home/ake/A.Ke/A.Ke_project/armor_yolov8/src/armor_pnp_learn/install/armor_pnp_learn
[0.061s] -- Found ament_cmake: 1.3.10 (/opt/ros/humble/share/ament_cmake/cmake)
[0.263s] -- Found rclcpp: 16.0.10 (/opt/ros/humble/share/rclcpp/cmake)
[0.304s] -- Found rosidl_generator_c: 3.1.5 (/opt/ros/humble/share/rosidl_generator_c/cmake)
[0.305s] -- Found rosidl_adapter: 3.1.5 (/opt/ros/humble/share/rosidl_adapter/cmake)
[0.310s] -- Found rosidl_generator_cpp: 3.1.5 (/opt/ros/humble/share/rosidl_generator_cpp/cmake)
[0.327s] -- Using all available rosidl_typesupport_c: rosidl_typesupport_fastrtps_c;rosidl_typesupport_introspection_c
[0.346s] -- Using all available rosidl_typesupport_cpp: rosidl_typesupport_fastrtps_cpp;rosidl_typesupport_introspection_cpp
[0.390s] -- Found rmw_implementation_cmake: 6.1.2 (/opt/ros/humble/share/rmw_implementation_cmake/cmake)
[0.397s] -- Found rmw_fastrtps_cpp: 6.2.7 (/opt/ros/humble/share/rmw_fastrtps_cpp/cmake)
[0.547s] -- Using RMW implementation 'rmw_fastrtps_cpp' as default
[0.608s] -- Found tf2: 0.25.7 (/opt/ros/humble/share/tf2/cmake)
[0.625s] -- Found tf2_ros: 0.25.7 (/opt/ros/humble/share/tf2_ros/cmake)
[0.723s] -- Found ament_lint_auto: 0.12.11 (/opt/ros/humble/share/ament_lint_auto/cmake)
[0.885s] -- Added test 'cppcheck' to perform static code analysis on C / C++ code
[0.885s] -- Configured cppcheck include dirs: 
[0.885s] -- Configured cppcheck exclude dirs and/or files: 
[0.891s] -- Added test 'flake8' to check Python code syntax and style conventions
[0.895s] -- Added test 'lint_cmake' to check CMake code style
[0.899s] -- Added test 'pep257' to check Python code against some of the docstring style conventions in PEP 257
[0.920s] -- Added test 'uncrustify' to check C / C++ code style
[0.920s] -- Configured uncrustify additional arguments: 
[0.922s] -- Added test 'xmllint' to check XML markup files
[0.927s] -- Configuring done
[1.015s] -- Generating done
[1.016s] -- Build files have been written to: /home/ake/A.Ke/A.Ke_project/armor_yolov8/src/armor_pnp_learn/build/armor_pnp_learn
[1.016s] Invoked command in '/home/ake/A.Ke/A.Ke_project/armor_yolov8/src/armor_pnp_learn/build/armor_pnp_learn' returned '0': CMAKE_PREFIX_PATH=/opt/ros/humble CONDA_PROMPT_MODIFIER=(base) /usr/bin/cmake /home/ake/A.Ke/A.Ke_project/armor_yolov8/src/armor_pnp_learn -DCMAKE_INSTALL_PREFIX=/home/ake/A.Ke/A.Ke_project/armor_yolov8/src/armor_pnp_learn/install/armor_pnp_learn
[1.019s] Invoking command in '/home/ake/A.Ke/A.Ke_project/armor_yolov8/src/armor_pnp_learn/build/armor_pnp_learn': CMAKE_PREFIX_PATH=/opt/ros/humble CONDA_PROMPT_MODIFIER=(base) /usr/bin/cmake --build /home/ake/A.Ke/A.Ke_project/armor_yolov8/src/armor_pnp_learn/build/armor_pnp_learn -- -j2 -l2
[1.153s] [ 33%] [32mBuilding CXX object CMakeFiles/armor_pnp_learn.dir/src/inference.cpp.o[0m
[1.156s] [ 66%] [32mBuilding CXX object CMakeFiles/armor_pnp_learn.dir/src/armor_pnp_learn.cpp.o[0m
[1.903s] [01m[K/home/ake/A.Ke/A.Ke_project/armor_yolov8/src/armor_pnp_learn/src/armor_pnp_learn.cpp:7:10:[m[K [01;31m[Kfatal error: [m[Ktf2/LinearMath/Transform.h: 没有那个文件或目录
[1.903s]     7 | #include [01;31m[K<tf2/LinearMath/Transform.h>[m[K
[1.903s]       |          [01;31m[K^~~~~~~~~~~~~~~~~~~~~~~~~~~~[m[K
[1.905s] compilation terminated.
[1.908s] gmake[2]: *** [CMakeFiles/armor_pnp_learn.dir/build.make:76：CMakeFiles/armor_pnp_learn.dir/src/armor_pnp_learn.cpp.o] 错误 1
[1.908s] gmake[2]: *** 正在等待未完成的任务....
[4.636s] gmake[1]: *** [CMakeFiles/Makefile2:137：CMakeFiles/armor_pnp_learn.dir/all] 错误 2
[4.637s] gmake: *** [Makefile:146：all] 错误 2
[4.638s] Invoked command in '/home/ake/A.Ke/A.Ke_project/armor_yolov8/src/armor_pnp_learn/build/armor_pnp_learn' returned '2': CMAKE_PREFIX_PATH=/opt/ros/humble CONDA_PROMPT_MODIFIER=(base) /usr/bin/cmake --build /home/ake/A.Ke/A.Ke_project/armor_yolov8/src/armor_pnp_learn/build/armor_pnp_learn -- -j2 -l2
